000 (1094747.014.000) 12/26 20:16:18 Job submitted from host: <188.185.71.83:9618?addrs=188.185.71.83-9618+[2001-1458-d00-7--100-34d]-9618&alias=bigbird18.cern.ch&noUDP&sock=schedd_3557371_31ee_11>
...
040 (1094747.014.000) 12/26 20:19:18 Started transferring input files
	Transferring to host: <188.184.210.77:9618?addrs=188.184.210.77-9618+[2001-1458-301-10b--100-f4]-9618&noUDP&sock=650_bbd4_50056>
...
040 (1094747.014.000) 12/26 20:19:18 Finished transferring input files
...
001 (1094747.014.000) 12/26 20:19:19 Job executing on host: <188.184.210.77:9618?addrs=188.184.210.77-9618+[2001-1458-301-10b--100-f4]-9618&noUDP&sock=18371_8e72_7>
...
006 (1094747.014.000) 12/26 20:19:28 Image size of job updated: 2788
	3  -  MemoryUsage of job (MB)
	2612  -  ResidentSetSize of job (KB)
...
006 (1094747.014.000) 12/26 20:24:29 Image size of job updated: 179864
	125  -  MemoryUsage of job (MB)
	127672  -  ResidentSetSize of job (KB)
...
006 (1094747.014.000) 12/26 20:25:40 Image size of job updated: 181708
	125  -  MemoryUsage of job (MB)
	127672  -  ResidentSetSize of job (KB)
...
040 (1094747.014.000) 12/26 20:25:40 Started transferring output files
...
040 (1094747.014.000) 12/26 20:25:40 Finished transferring output files
...
005 (1094747.014.000) 12/26 20:25:40 Job terminated.
	(1) Normal termination (return value 0)
		Usr 0 00:03:22, Sys 0 00:00:50  -  Run Remote Usage
		Usr 0 00:00:00, Sys 0 00:00:00  -  Run Local Usage
		Usr 0 00:03:22, Sys 0 00:00:50  -  Total Remote Usage
		Usr 0 00:00:00, Sys 0 00:00:00  -  Total Local Usage
	168606  -  Run Bytes Sent By Job
	460044  -  Run Bytes Received By Job
	168606  -  Total Bytes Sent By Job
	460044  -  Total Bytes Received By Job
	Partitionable Resources :    Usage  Request Allocated 
	   Cpus                 :     0.01        1         1 
	   Disk (KB)            :   636         450    352207 
	   Memory (MB)          :   125        2000      2000 
...
