000 (1094747.026.000) 12/26 20:16:18 Job submitted from host: <188.185.71.83:9618?addrs=188.185.71.83-9618+[2001-1458-d00-7--100-34d]-9618&alias=bigbird18.cern.ch&noUDP&sock=schedd_3557371_31ee_11>
...
040 (1094747.026.000) 12/26 20:19:23 Started transferring input files
	Transferring to host: <128.142.67.127:9618?addrs=128.142.67.127-9618&noUDP&sock=2518_e89f_67707>
...
040 (1094747.026.000) 12/26 20:19:23 Finished transferring input files
...
001 (1094747.026.000) 12/26 20:19:24 Job executing on host: <128.142.67.127:9618?addrs=128.142.67.127-9618&noUDP&sock=1913_bcc3_3>
...
006 (1094747.026.000) 12/26 20:19:33 Image size of job updated: 15784
	16  -  MemoryUsage of job (MB)
	15608  -  ResidentSetSize of job (KB)
...
006 (1094747.026.000) 12/26 20:24:21 Image size of job updated: 31052
	16  -  MemoryUsage of job (MB)
	15608  -  ResidentSetSize of job (KB)
...
040 (1094747.026.000) 12/26 20:24:21 Started transferring output files
...
040 (1094747.026.000) 12/26 20:24:21 Finished transferring output files
...
005 (1094747.026.000) 12/26 20:24:21 Job terminated.
	(1) Normal termination (return value 0)
		Usr 0 00:01:43, Sys 0 00:00:45  -  Run Remote Usage
		Usr 0 00:00:00, Sys 0 00:00:00  -  Run Local Usage
		Usr 0 00:01:43, Sys 0 00:00:45  -  Total Remote Usage
		Usr 0 00:00:00, Sys 0 00:00:00  -  Total Local Usage
	177578  -  Run Bytes Sent By Job
	459979  -  Run Bytes Received By Job
	177578  -  Total Bytes Sent By Job
	459979  -  Total Bytes Received By Job
	Partitionable Resources :    Usage  Request Allocated 
	   Cpus                 :     0.00        1         1 
	   Disk (KB)            :   644         450    254142 
	   Memory (MB)          :    16        2000      2000 
...
