000 (1094747.084.000) 12/26 20:16:18 Job submitted from host: <188.185.71.83:9618?addrs=188.185.71.83-9618+[2001-1458-d00-7--100-34d]-9618&alias=bigbird18.cern.ch&noUDP&sock=schedd_3557371_31ee_11>
...
040 (1094747.084.000) 12/26 20:24:29 Started transferring input files
	Transferring to host: <128.142.66.75:9618?addrs=128.142.66.75-9618&noUDP&sock=3225_0ddc_67474>
...
040 (1094747.084.000) 12/26 20:24:29 Finished transferring input files
...
001 (1094747.084.000) 12/26 20:24:30 Job executing on host: <128.142.66.75:9618?addrs=128.142.66.75-9618&noUDP&sock=2181_9025_3>
...
006 (1094747.084.000) 12/26 20:24:39 Image size of job updated: 15784
	16  -  MemoryUsage of job (MB)
	15608  -  ResidentSetSize of job (KB)
...
006 (1094747.084.000) 12/26 20:29:40 Image size of job updated: 15784
	16  -  MemoryUsage of job (MB)
	15704  -  ResidentSetSize of job (KB)
...
006 (1094747.084.000) 12/26 20:34:40 Image size of job updated: 15808
	16  -  MemoryUsage of job (MB)
	15808  -  ResidentSetSize of job (KB)
...
006 (1094747.084.000) 12/26 20:39:41 Image size of job updated: 15888
	16  -  MemoryUsage of job (MB)
	15888  -  ResidentSetSize of job (KB)
...
006 (1094747.084.000) 12/26 20:44:42 Image size of job updated: 15960
	16  -  MemoryUsage of job (MB)
	15960  -  ResidentSetSize of job (KB)
...
006 (1094747.084.000) 12/26 20:49:42 Image size of job updated: 16036
	16  -  MemoryUsage of job (MB)
	16036  -  ResidentSetSize of job (KB)
...
006 (1094747.084.000) 12/26 20:54:43 Image size of job updated: 17380
	16  -  MemoryUsage of job (MB)
	16036  -  ResidentSetSize of job (KB)
...
006 (1094747.084.000) 12/26 20:59:44 Image size of job updated: 17596
	16  -  MemoryUsage of job (MB)
	16036  -  ResidentSetSize of job (KB)
...
006 (1094747.084.000) 12/26 21:04:44 Image size of job updated: 17816
	16  -  MemoryUsage of job (MB)
	16036  -  ResidentSetSize of job (KB)
...
040 (1094747.084.000) 12/26 21:07:56 Started transferring output files
...
040 (1094747.084.000) 12/26 21:07:56 Finished transferring output files
...
005 (1094747.084.000) 12/26 21:07:56 Job terminated.
	(1) Normal termination (return value 0)
		Usr 0 00:01:55, Sys 0 00:00:43  -  Run Remote Usage
		Usr 0 00:00:00, Sys 0 00:00:00  -  Run Local Usage
		Usr 0 00:01:55, Sys 0 00:00:43  -  Total Remote Usage
		Usr 0 00:00:00, Sys 0 00:00:00  -  Total Local Usage
	177559  -  Run Bytes Sent By Job
	459969  -  Run Bytes Received By Job
	177559  -  Total Bytes Sent By Job
	459969  -  Total Bytes Received By Job
	Partitionable Resources :    Usage  Request Allocated 
	   Cpus                 :     0.75        1         1 
	   Disk (KB)            :   644         450    169995 
	   Memory (MB)          :    16        2000      2000 
...
