000 (1094747.176.000) 12/26 20:16:18 Job submitted from host: <188.185.71.83:9618?addrs=188.185.71.83-9618+[2001-1458-d00-7--100-34d]-9618&alias=bigbird18.cern.ch&noUDP&sock=schedd_3557371_31ee_11>
...
040 (1094747.176.000) 12/26 20:24:57 Started transferring input files
	Transferring to host: <188.184.192.75:9618?addrs=188.184.192.75-9618+[2001-1458-301-83--100-60]-9618&noUDP&sock=27720_ff60_125882>
...
040 (1094747.176.000) 12/26 20:24:57 Finished transferring input files
...
001 (1094747.176.000) 12/26 20:24:58 Job executing on host: <188.184.192.75:9618?addrs=188.184.192.75-9618+[2001-1458-301-83--100-60]-9618&noUDP&sock=4689_d7ab_3>
...
006 (1094747.176.000) 12/26 20:25:07 Image size of job updated: 15780
	16  -  MemoryUsage of job (MB)
	15604  -  ResidentSetSize of job (KB)
...
006 (1094747.176.000) 12/26 20:30:08 Image size of job updated: 15864
	16  -  MemoryUsage of job (MB)
	15688  -  ResidentSetSize of job (KB)
...
006 (1094747.176.000) 12/26 20:35:08 Image size of job updated: 15952
	16  -  MemoryUsage of job (MB)
	15776  -  ResidentSetSize of job (KB)
...
006 (1094747.176.000) 12/26 20:40:09 Image size of job updated: 16040
	16  -  MemoryUsage of job (MB)
	15864  -  ResidentSetSize of job (KB)
...
006 (1094747.176.000) 12/26 20:45:10 Image size of job updated: 16112
	16  -  MemoryUsage of job (MB)
	15936  -  ResidentSetSize of job (KB)
...
006 (1094747.176.000) 12/26 20:50:10 Image size of job updated: 16212
	16  -  MemoryUsage of job (MB)
	16036  -  ResidentSetSize of job (KB)
...
006 (1094747.176.000) 12/26 20:55:10 Image size of job updated: 16292
	16  -  MemoryUsage of job (MB)
	16116  -  ResidentSetSize of job (KB)
...
006 (1094747.176.000) 12/26 21:00:11 Image size of job updated: 16432
	16  -  MemoryUsage of job (MB)
	16256  -  ResidentSetSize of job (KB)
...
006 (1094747.176.000) 12/26 21:05:12 Image size of job updated: 16584
	17  -  MemoryUsage of job (MB)
	16408  -  ResidentSetSize of job (KB)
...
040 (1094747.176.000) 12/26 21:07:16 Started transferring output files
...
040 (1094747.176.000) 12/26 21:07:16 Finished transferring output files
...
005 (1094747.176.000) 12/26 21:07:16 Job terminated.
	(1) Normal termination (return value 0)
		Usr 0 00:01:22, Sys 0 00:00:46  -  Run Remote Usage
		Usr 0 00:00:00, Sys 0 00:00:00  -  Run Local Usage
		Usr 0 00:01:22, Sys 0 00:00:46  -  Total Remote Usage
		Usr 0 00:00:00, Sys 0 00:00:00  -  Total Local Usage
	166359  -  Run Bytes Sent By Job
	460070  -  Run Bytes Received By Job
	166359  -  Total Bytes Sent By Job
	460070  -  Total Bytes Received By Job
	Partitionable Resources :    Usage  Request Allocated 
	   Cpus                 :     0.11        1         1 
	   Disk (KB)            :   633         450    181976 
	   Memory (MB)          :    17        2000      2000 
...
