000 (1094747.077.000) 12/26 20:16:18 Job submitted from host: <188.185.71.83:9618?addrs=188.185.71.83-9618+[2001-1458-d00-7--100-34d]-9618&alias=bigbird18.cern.ch&noUDP&sock=schedd_3557371_31ee_11>
...
040 (1094747.077.000) 12/26 20:24:26 Started transferring input files
	Transferring to host: <188.184.192.225:9618?addrs=188.184.192.225-9618+[2001-1458-301-83--100-bb]-9618&noUDP&sock=28082_0f2f_133529>
...
040 (1094747.077.000) 12/26 20:24:26 Finished transferring input files
...
001 (1094747.077.000) 12/26 20:24:27 Job executing on host: <188.184.192.225:9618?addrs=188.184.192.225-9618+[2001-1458-301-83--100-bb]-9618&noUDP&sock=26127_86fe_3>
...
006 (1094747.077.000) 12/26 20:24:36 Image size of job updated: 14428
	14  -  MemoryUsage of job (MB)
	14168  -  ResidentSetSize of job (KB)
...
006 (1094747.077.000) 12/26 20:29:36 Image size of job updated: 15868
	16  -  MemoryUsage of job (MB)
	15772  -  ResidentSetSize of job (KB)
...
006 (1094747.077.000) 12/26 20:34:36 Image size of job updated: 15948
	16  -  MemoryUsage of job (MB)
	15852  -  ResidentSetSize of job (KB)
...
006 (1094747.077.000) 12/26 20:39:37 Image size of job updated: 16036
	16  -  MemoryUsage of job (MB)
	15936  -  ResidentSetSize of job (KB)
...
006 (1094747.077.000) 12/26 20:44:38 Image size of job updated: 16104
	16  -  MemoryUsage of job (MB)
	16008  -  ResidentSetSize of job (KB)
...
006 (1094747.077.000) 12/26 20:49:38 Image size of job updated: 16192
	16  -  MemoryUsage of job (MB)
	16092  -  ResidentSetSize of job (KB)
...
006 (1094747.077.000) 12/26 20:54:38 Image size of job updated: 16276
	16  -  MemoryUsage of job (MB)
	16176  -  ResidentSetSize of job (KB)
...
006 (1094747.077.000) 12/26 20:59:39 Image size of job updated: 16424
	16  -  MemoryUsage of job (MB)
	16328  -  ResidentSetSize of job (KB)
...
006 (1094747.077.000) 12/26 21:04:40 Image size of job updated: 16576
	17  -  MemoryUsage of job (MB)
	16476  -  ResidentSetSize of job (KB)
...
040 (1094747.077.000) 12/26 21:06:47 Started transferring output files
...
040 (1094747.077.000) 12/26 21:06:47 Finished transferring output files
...
005 (1094747.077.000) 12/26 21:06:47 Job terminated.
	(1) Normal termination (return value 0)
		Usr 0 00:01:38, Sys 0 00:00:31  -  Run Remote Usage
		Usr 0 00:00:00, Sys 0 00:00:00  -  Run Local Usage
		Usr 0 00:01:38, Sys 0 00:00:31  -  Total Remote Usage
		Usr 0 00:00:00, Sys 0 00:00:00  -  Total Local Usage
	177557  -  Run Bytes Sent By Job
	459969  -  Run Bytes Received By Job
	177557  -  Total Bytes Sent By Job
	459969  -  Total Bytes Received By Job
	Partitionable Resources :    Usage  Request Allocated 
	   Cpus                 :     0.98        1         1 
	   Disk (KB)            :   644         450    185316 
	   Memory (MB)          :    17        2000      2000 
...
