000 (1094747.174.000) 12/26 20:16:18 Job submitted from host: <188.185.71.83:9618?addrs=188.185.71.83-9618+[2001-1458-d00-7--100-34d]-9618&alias=bigbird18.cern.ch&noUDP&sock=schedd_3557371_31ee_11>
...
040 (1094747.174.000) 12/26 20:25:00 Started transferring input files
	Transferring to host: <128.142.127.145:9618?addrs=128.142.127.145-9618+[2001-1458-301-c3--100-68]-9618&noUDP&sock=17723_34ea_69661>
...
040 (1094747.174.000) 12/26 20:25:00 Finished transferring input files
...
001 (1094747.174.000) 12/26 20:25:02 Job executing on host: <128.142.127.145:9618?addrs=128.142.127.145-9618+[2001-1458-301-c3--100-68]-9618&noUDP&sock=17630_4ac5_3>
...
006 (1094747.174.000) 12/26 20:25:10 Image size of job updated: 1184
	2  -  MemoryUsage of job (MB)
	1184  -  ResidentSetSize of job (KB)
...
006 (1094747.174.000) 12/26 20:30:10 Image size of job updated: 15948
	16  -  MemoryUsage of job (MB)
	15684  -  ResidentSetSize of job (KB)
...
006 (1094747.174.000) 12/26 20:35:11 Image size of job updated: 16084
	16  -  MemoryUsage of job (MB)
	15820  -  ResidentSetSize of job (KB)
...
006 (1094747.174.000) 12/26 20:40:12 Image size of job updated: 16232
	16  -  MemoryUsage of job (MB)
	15968  -  ResidentSetSize of job (KB)
...
006 (1094747.174.000) 12/26 20:45:12 Image size of job updated: 16372
	16  -  MemoryUsage of job (MB)
	16108  -  ResidentSetSize of job (KB)
...
006 (1094747.174.000) 12/26 20:50:13 Image size of job updated: 16516
	16  -  MemoryUsage of job (MB)
	16252  -  ResidentSetSize of job (KB)
...
006 (1094747.174.000) 12/26 20:55:14 Image size of job updated: 16668
	17  -  MemoryUsage of job (MB)
	16404  -  ResidentSetSize of job (KB)
...
040 (1094747.174.000) 12/26 21:00:04 Started transferring output files
...
040 (1094747.174.000) 12/26 21:00:04 Finished transferring output files
...
005 (1094747.174.000) 12/26 21:00:04 Job terminated.
	(1) Normal termination (return value 0)
		Usr 0 00:01:30, Sys 0 00:01:09  -  Run Remote Usage
		Usr 0 00:00:00, Sys 0 00:00:00  -  Run Local Usage
		Usr 0 00:01:30, Sys 0 00:01:09  -  Total Remote Usage
		Usr 0 00:00:00, Sys 0 00:00:00  -  Total Local Usage
	166364  -  Run Bytes Sent By Job
	460070  -  Run Bytes Received By Job
	166364  -  Total Bytes Sent By Job
	460070  -  Total Bytes Received By Job
	Partitionable Resources :    Usage  Request Allocated 
	   Cpus                 :     0.06        1         1 
	   Disk (KB)            :   633         450    207223 
	   Memory (MB)          :    17        2000      2000 
...
