000 (1094747.123.000) 12/26 20:16:18 Job submitted from host: <188.185.71.83:9618?addrs=188.185.71.83-9618+[2001-1458-d00-7--100-34d]-9618&alias=bigbird18.cern.ch&noUDP&sock=schedd_3557371_31ee_11>
...
040 (1094747.123.000) 12/26 20:24:57 Started transferring input files
	Transferring to host: <188.184.182.147:9618?addrs=188.184.182.147-9618+[2001-1458-301-2b--100-311]-9618&noUDP&sock=2619_1284_133656>
...
040 (1094747.123.000) 12/26 20:24:57 Finished transferring input files
...
001 (1094747.123.000) 12/26 20:24:58 Job executing on host: <188.184.182.147:9618?addrs=188.184.182.147-9618+[2001-1458-301-2b--100-311]-9618&noUDP&sock=14080_498f_3>
...
006 (1094747.123.000) 12/26 20:25:07 Image size of job updated: 17956
	18  -  MemoryUsage of job (MB)
	17956  -  ResidentSetSize of job (KB)
...
006 (1094747.123.000) 12/26 20:30:08 Image size of job updated: 17956
	19  -  MemoryUsage of job (MB)
	18900  -  ResidentSetSize of job (KB)
...
006 (1094747.123.000) 12/26 21:15:12 Image size of job updated: 113340
	86  -  MemoryUsage of job (MB)
	87820  -  ResidentSetSize of job (KB)
...
006 (1094747.123.000) 12/26 21:15:18 Image size of job updated: 172504
	90  -  MemoryUsage of job (MB)
	91404  -  ResidentSetSize of job (KB)
...
040 (1094747.123.000) 12/26 21:15:18 Started transferring output files
...
040 (1094747.123.000) 12/26 21:15:18 Finished transferring output files
...
005 (1094747.123.000) 12/26 21:15:19 Job terminated.
	(1) Normal termination (return value 0)
		Usr 0 00:01:19, Sys 0 00:00:39  -  Run Remote Usage
		Usr 0 00:00:00, Sys 0 00:00:00  -  Run Local Usage
		Usr 0 00:01:19, Sys 0 00:00:39  -  Total Remote Usage
		Usr 0 00:00:00, Sys 0 00:00:00  -  Total Local Usage
	166308  -  Run Bytes Sent By Job
	460043  -  Run Bytes Received By Job
	166308  -  Total Bytes Sent By Job
	460043  -  Total Bytes Received By Job
	Partitionable Resources :    Usage  Request Allocated 
	   Cpus                 :     0.12        1         1 
	   Disk (KB)            :   634         450    355684 
	   Memory (MB)          :    90        2000      2000 
...
