000 (1094747.102.000) 12/26 20:16:18 Job submitted from host: <188.185.71.83:9618?addrs=188.185.71.83-9618+[2001-1458-d00-7--100-34d]-9618&alias=bigbird18.cern.ch&noUDP&sock=schedd_3557371_31ee_11>
...
040 (1094747.102.000) 12/26 20:24:56 Started transferring input files
	Transferring to host: <188.184.68.34:9618?addrs=188.184.68.34-9618&noUDP&sock=15445_264d_50691>
...
040 (1094747.102.000) 12/26 20:24:56 Finished transferring input files
...
001 (1094747.102.000) 12/26 20:24:57 Job executing on host: <188.184.68.34:9618?addrs=188.184.68.34-9618&noUDP&sock=13551_6ff6_10>
...
006 (1094747.102.000) 12/26 20:25:06 Image size of job updated: 15740
	16  -  MemoryUsage of job (MB)
	15564  -  ResidentSetSize of job (KB)
...
006 (1094747.102.000) 12/26 20:30:08 Image size of job updated: 15764
	16  -  MemoryUsage of job (MB)
	15588  -  ResidentSetSize of job (KB)
...
006 (1094747.102.000) 12/26 20:35:08 Image size of job updated: 15792
	16  -  MemoryUsage of job (MB)
	15616  -  ResidentSetSize of job (KB)
...
006 (1094747.102.000) 12/26 20:40:08 Image size of job updated: 15824
	16  -  MemoryUsage of job (MB)
	15648  -  ResidentSetSize of job (KB)
...
006 (1094747.102.000) 12/26 20:45:09 Image size of job updated: 15840
	16  -  MemoryUsage of job (MB)
	15664  -  ResidentSetSize of job (KB)
...
006 (1094747.102.000) 12/26 20:50:09 Image size of job updated: 15856
	16  -  MemoryUsage of job (MB)
	15680  -  ResidentSetSize of job (KB)
...
006 (1094747.102.000) 12/26 20:55:09 Image size of job updated: 15864
	16  -  MemoryUsage of job (MB)
	15688  -  ResidentSetSize of job (KB)
...
006 (1094747.102.000) 12/26 21:00:10 Image size of job updated: 15880
	16  -  MemoryUsage of job (MB)
	15704  -  ResidentSetSize of job (KB)
...
006 (1094747.102.000) 12/26 21:05:10 Image size of job updated: 15908
	16  -  MemoryUsage of job (MB)
	15732  -  ResidentSetSize of job (KB)
...
006 (1094747.102.000) 12/26 21:10:11 Image size of job updated: 16048
	16  -  MemoryUsage of job (MB)
	15872  -  ResidentSetSize of job (KB)
...
006 (1094747.102.000) 12/26 21:15:12 Image size of job updated: 16344
	16  -  MemoryUsage of job (MB)
	16212  -  ResidentSetSize of job (KB)
...
006 (1094747.102.000) 12/26 21:18:42 Image size of job updated: 107016
	16  -  MemoryUsage of job (MB)
	16212  -  ResidentSetSize of job (KB)
...
040 (1094747.102.000) 12/26 21:18:42 Started transferring output files
...
040 (1094747.102.000) 12/26 21:18:42 Finished transferring output files
...
005 (1094747.102.000) 12/26 21:18:43 Job terminated.
	(1) Normal termination (return value 0)
		Usr 0 00:01:31, Sys 0 00:01:13  -  Run Remote Usage
		Usr 0 00:00:00, Sys 0 00:00:00  -  Run Local Usage
		Usr 0 00:01:31, Sys 0 00:01:13  -  Total Remote Usage
		Usr 0 00:00:00, Sys 0 00:00:00  -  Total Local Usage
	166305  -  Run Bytes Sent By Job
	460043  -  Run Bytes Received By Job
	166305  -  Total Bytes Sent By Job
	460043  -  Total Bytes Received By Job
	Partitionable Resources :    Usage  Request Allocated 
	   Cpus                 :     0.09        1         1 
	   Disk (KB)            :   633         450    281438 
	   Memory (MB)          :    16        2000      2000 
...
