000 (1094747.071.000) 12/26 20:16:18 Job submitted from host: <188.185.71.83:9618?addrs=188.185.71.83-9618+[2001-1458-d00-7--100-34d]-9618&alias=bigbird18.cern.ch&noUDP&sock=schedd_3557371_31ee_11>
...
040 (1094747.071.000) 12/26 20:24:24 Started transferring input files
	Transferring to host: <188.185.105.162:9618?addrs=188.185.105.162-9618+[2001-1458-d00-3e--100-1af]-9618&noUDP&sock=18145_8b3b_36462>
...
040 (1094747.071.000) 12/26 20:24:25 Finished transferring input files
...
001 (1094747.071.000) 12/26 20:24:26 Job executing on host: <188.185.105.162:9618?addrs=188.185.105.162-9618+[2001-1458-d00-3e--100-1af]-9618&noUDP&sock=18009_412a_3>
...
006 (1094747.071.000) 12/26 20:24:34 Image size of job updated: 15212
	15  -  MemoryUsage of job (MB)
	15036  -  ResidentSetSize of job (KB)
...
006 (1094747.071.000) 12/26 20:29:34 Image size of job updated: 15972
	16  -  MemoryUsage of job (MB)
	15796  -  ResidentSetSize of job (KB)
...
006 (1094747.071.000) 12/26 20:34:34 Image size of job updated: 16136
	16  -  MemoryUsage of job (MB)
	15960  -  ResidentSetSize of job (KB)
...
006 (1094747.071.000) 12/26 20:39:36 Image size of job updated: 16252
	16  -  MemoryUsage of job (MB)
	16076  -  ResidentSetSize of job (KB)
...
006 (1094747.071.000) 12/26 20:44:36 Image size of job updated: 16408
	16  -  MemoryUsage of job (MB)
	16232  -  ResidentSetSize of job (KB)
...
006 (1094747.071.000) 12/26 20:49:36 Image size of job updated: 16544
	16  -  MemoryUsage of job (MB)
	16368  -  ResidentSetSize of job (KB)
...
006 (1094747.071.000) 12/26 20:53:10 Image size of job updated: 179304
	16  -  MemoryUsage of job (MB)
	16368  -  ResidentSetSize of job (KB)
...
040 (1094747.071.000) 12/26 20:53:10 Started transferring output files
...
040 (1094747.071.000) 12/26 20:53:10 Finished transferring output files
...
005 (1094747.071.000) 12/26 20:53:10 Job terminated.
	(1) Normal termination (return value 0)
		Usr 0 00:01:08, Sys 0 00:00:30  -  Run Remote Usage
		Usr 0 00:00:00, Sys 0 00:00:00  -  Run Local Usage
		Usr 0 00:01:08, Sys 0 00:00:30  -  Total Remote Usage
		Usr 0 00:00:00, Sys 0 00:00:00  -  Total Local Usage
	177554  -  Run Bytes Sent By Job
	459969  -  Run Bytes Received By Job
	177554  -  Total Bytes Sent By Job
	459969  -  Total Bytes Received By Job
	Partitionable Resources :    Usage  Request Allocated 
	   Cpus                 :     0.42        1         1 
	   Disk (KB)            :   644         450    603356 
	   Memory (MB)          :    16        2000      2000 
...
