000 (1094747.188.000) 12/26 20:16:18 Job submitted from host: <188.185.71.83:9618?addrs=188.185.71.83-9618+[2001-1458-d00-7--100-34d]-9618&alias=bigbird18.cern.ch&noUDP&sock=schedd_3557371_31ee_11>
...
040 (1094747.188.000) 12/26 20:25:03 Started transferring input files
	Transferring to host: <188.184.182.59:9618?addrs=188.184.182.59-9618+[2001-1458-301-2b--100-38c]-9618&noUDP&sock=3803_4eb4_116847>
...
040 (1094747.188.000) 12/26 20:25:03 Finished transferring input files
...
001 (1094747.188.000) 12/26 20:25:04 Job executing on host: <188.184.182.59:9618?addrs=188.184.182.59-9618+[2001-1458-301-2b--100-38c]-9618&noUDP&sock=6668_4598_3>
...
006 (1094747.188.000) 12/26 20:25:14 Image size of job updated: 15732
	16  -  MemoryUsage of job (MB)
	15556  -  ResidentSetSize of job (KB)
...
006 (1094747.188.000) 12/26 20:30:14 Image size of job updated: 15832
	16  -  MemoryUsage of job (MB)
	15656  -  ResidentSetSize of job (KB)
...
006 (1094747.188.000) 12/26 20:35:14 Image size of job updated: 15884
	16  -  MemoryUsage of job (MB)
	15708  -  ResidentSetSize of job (KB)
...
006 (1094747.188.000) 12/26 20:40:15 Image size of job updated: 15980
	16  -  MemoryUsage of job (MB)
	15804  -  ResidentSetSize of job (KB)
...
006 (1094747.188.000) 12/26 20:45:15 Image size of job updated: 16056
	16  -  MemoryUsage of job (MB)
	15880  -  ResidentSetSize of job (KB)
...
006 (1094747.188.000) 12/26 20:50:15 Image size of job updated: 16148
	16  -  MemoryUsage of job (MB)
	15972  -  ResidentSetSize of job (KB)
...
006 (1094747.188.000) 12/26 20:55:16 Image size of job updated: 16232
	16  -  MemoryUsage of job (MB)
	16056  -  ResidentSetSize of job (KB)
...
006 (1094747.188.000) 12/26 21:00:16 Image size of job updated: 16388
	16  -  MemoryUsage of job (MB)
	16212  -  ResidentSetSize of job (KB)
...
006 (1094747.188.000) 12/26 21:05:16 Image size of job updated: 16552
	16  -  MemoryUsage of job (MB)
	16376  -  ResidentSetSize of job (KB)
...
006 (1094747.188.000) 12/26 21:07:32 Image size of job updated: 169932
	16  -  MemoryUsage of job (MB)
	16376  -  ResidentSetSize of job (KB)
...
040 (1094747.188.000) 12/26 21:07:32 Started transferring output files
...
040 (1094747.188.000) 12/26 21:07:32 Finished transferring output files
...
005 (1094747.188.000) 12/26 21:07:32 Job terminated.
	(1) Normal termination (return value 0)
		Usr 0 00:01:26, Sys 0 00:00:46  -  Run Remote Usage
		Usr 0 00:00:00, Sys 0 00:00:00  -  Run Local Usage
		Usr 0 00:01:26, Sys 0 00:00:46  -  Total Remote Usage
		Usr 0 00:00:00, Sys 0 00:00:00  -  Total Local Usage
	166361  -  Run Bytes Sent By Job
	460069  -  Run Bytes Received By Job
	166361  -  Total Bytes Sent By Job
	460069  -  Total Bytes Received By Job
	Partitionable Resources :    Usage  Request Allocated 
	   Cpus                 :     0.42        1         1 
	   Disk (KB)            :   633         450    362213 
	   Memory (MB)          :    16        2000      2000 
...
