000 (1094747.128.000) 12/26 20:16:18 Job submitted from host: <188.185.71.83:9618?addrs=188.185.71.83-9618+[2001-1458-d00-7--100-34d]-9618&alias=bigbird18.cern.ch&noUDP&sock=schedd_3557371_31ee_11>
...
040 (1094747.128.000) 12/26 20:24:43 Started transferring input files
	Transferring to host: <188.185.105.174:9618?addrs=188.185.105.174-9618+[2001-1458-d00-3e--100-154]-9618&noUDP&sock=5455_4a77_28167>
...
040 (1094747.128.000) 12/26 20:24:43 Finished transferring input files
...
001 (1094747.128.000) 12/26 20:24:44 Job executing on host: <188.185.105.174:9618?addrs=188.185.105.174-9618+[2001-1458-d00-3e--100-154]-9618&noUDP&sock=3427_3726_3>
...
006 (1094747.128.000) 12/26 20:24:53 Image size of job updated: 15772
	16  -  MemoryUsage of job (MB)
	15596  -  ResidentSetSize of job (KB)
...
006 (1094747.128.000) 12/26 20:29:54 Image size of job updated: 15772
	16  -  MemoryUsage of job (MB)
	15696  -  ResidentSetSize of job (KB)
...
006 (1094747.128.000) 12/26 20:34:54 Image size of job updated: 15776
	16  -  MemoryUsage of job (MB)
	15776  -  ResidentSetSize of job (KB)
...
006 (1094747.128.000) 12/26 20:39:54 Image size of job updated: 15856
	16  -  MemoryUsage of job (MB)
	15856  -  ResidentSetSize of job (KB)
...
006 (1094747.128.000) 12/26 20:44:55 Image size of job updated: 15932
	16  -  MemoryUsage of job (MB)
	15932  -  ResidentSetSize of job (KB)
...
006 (1094747.128.000) 12/26 20:49:55 Image size of job updated: 16016
	16  -  MemoryUsage of job (MB)
	16016  -  ResidentSetSize of job (KB)
...
006 (1094747.128.000) 12/26 20:54:55 Image size of job updated: 16084
	16  -  MemoryUsage of job (MB)
	16084  -  ResidentSetSize of job (KB)
...
006 (1094747.128.000) 12/26 21:04:56 Image size of job updated: 16384
	16  -  MemoryUsage of job (MB)
	16384  -  ResidentSetSize of job (KB)
...
006 (1094747.128.000) 12/26 21:07:28 Image size of job updated: 155584
	16  -  MemoryUsage of job (MB)
	16384  -  ResidentSetSize of job (KB)
...
040 (1094747.128.000) 12/26 21:07:28 Started transferring output files
...
040 (1094747.128.000) 12/26 21:07:28 Finished transferring output files
...
005 (1094747.128.000) 12/26 21:07:29 Job terminated.
	(1) Normal termination (return value 0)
		Usr 0 00:00:46, Sys 0 00:00:29  -  Run Remote Usage
		Usr 0 00:00:00, Sys 0 00:00:00  -  Run Local Usage
		Usr 0 00:00:46, Sys 0 00:00:29  -  Total Remote Usage
		Usr 0 00:00:00, Sys 0 00:00:00  -  Total Local Usage
	166312  -  Run Bytes Sent By Job
	460044  -  Run Bytes Received By Job
	166312  -  Total Bytes Sent By Job
	460044  -  Total Bytes Received By Job
	Partitionable Resources :    Usage  Request Allocated 
	   Cpus                 :     0.07        1         1 
	   Disk (KB)            :   633         450    577892 
	   Memory (MB)          :    16        2000      2000 
...
