000 (1094747.139.000) 12/26 20:16:18 Job submitted from host: <188.185.71.83:9618?addrs=188.185.71.83-9618+[2001-1458-d00-7--100-34d]-9618&alias=bigbird18.cern.ch&noUDP&sock=schedd_3557371_31ee_11>
...
040 (1094747.139.000) 12/26 20:25:06 Started transferring input files
	Transferring to host: <128.142.79.3:9618?addrs=128.142.79.3-9618+[2001-1458-301-f4--100-179]-9618&noUDP&sock=16776_f5a3_5433>
...
040 (1094747.139.000) 12/26 20:25:06 Finished transferring input files
...
001 (1094747.139.000) 12/26 20:25:07 Job executing on host: <128.142.79.3:9618?addrs=128.142.79.3-9618+[2001-1458-301-f4--100-179]-9618&noUDP&sock=16620_841e_3>
...
006 (1094747.139.000) 12/26 20:25:17 Image size of job updated: 1480
	2  -  MemoryUsage of job (MB)
	1480  -  ResidentSetSize of job (KB)
...
006 (1094747.139.000) 12/26 20:30:16 Image size of job updated: 15696
	16  -  MemoryUsage of job (MB)
	15616  -  ResidentSetSize of job (KB)
...
006 (1094747.139.000) 12/26 20:35:17 Image size of job updated: 15740
	16  -  MemoryUsage of job (MB)
	15660  -  ResidentSetSize of job (KB)
...
006 (1094747.139.000) 12/26 20:40:17 Image size of job updated: 15784
	16  -  MemoryUsage of job (MB)
	15704  -  ResidentSetSize of job (KB)
...
006 (1094747.139.000) 12/26 20:50:18 Image size of job updated: 15880
	16  -  MemoryUsage of job (MB)
	15800  -  ResidentSetSize of job (KB)
...
006 (1094747.139.000) 12/26 20:55:19 Image size of job updated: 15900
	16  -  MemoryUsage of job (MB)
	15820  -  ResidentSetSize of job (KB)
...
006 (1094747.139.000) 12/26 21:00:19 Image size of job updated: 15964
	16  -  MemoryUsage of job (MB)
	15884  -  ResidentSetSize of job (KB)
...
006 (1094747.139.000) 12/26 21:05:19 Image size of job updated: 16016
	16  -  MemoryUsage of job (MB)
	15936  -  ResidentSetSize of job (KB)
...
006 (1094747.139.000) 12/26 21:10:20 Image size of job updated: 16108
	16  -  MemoryUsage of job (MB)
	16028  -  ResidentSetSize of job (KB)
...
006 (1094747.139.000) 12/26 21:15:20 Image size of job updated: 16236
	16  -  MemoryUsage of job (MB)
	16156  -  ResidentSetSize of job (KB)
...
040 (1094747.139.000) 12/26 21:23:57 Started transferring output files
...
040 (1094747.139.000) 12/26 21:23:57 Finished transferring output files
...
005 (1094747.139.000) 12/26 21:23:58 Job terminated.
	(1) Normal termination (return value 0)
		Usr 0 00:01:20, Sys 0 00:00:53  -  Run Remote Usage
		Usr 0 00:00:00, Sys 0 00:00:00  -  Run Local Usage
		Usr 0 00:01:20, Sys 0 00:00:53  -  Total Remote Usage
		Usr 0 00:00:00, Sys 0 00:00:00  -  Total Local Usage
	166303  -  Run Bytes Sent By Job
	460040  -  Run Bytes Received By Job
	166303  -  Total Bytes Sent By Job
	460040  -  Total Bytes Received By Job
	Partitionable Resources :    Usage  Request Allocated 
	   Cpus                 :     0.00        1         1 
	   Disk (KB)            :   633         450    431477 
	   Memory (MB)          :    16        2000      2000 
...
