000 (1094747.151.000) 12/26 20:16:18 Job submitted from host: <188.185.71.83:9618?addrs=188.185.71.83-9618+[2001-1458-d00-7--100-34d]-9618&alias=bigbird18.cern.ch&noUDP&sock=schedd_3557371_31ee_11>
...
040 (1094747.151.000) 12/26 20:24:50 Started transferring input files
	Transferring to host: <188.184.206.164:9618?addrs=188.184.206.164-9618+[2001-1458-301-7d--100-297]-9618&noUDP&sock=2956_84f1_124282>
...
040 (1094747.151.000) 12/26 20:24:50 Finished transferring input files
...
001 (1094747.151.000) 12/26 20:24:51 Job executing on host: <188.184.206.164:9618?addrs=188.184.206.164-9618+[2001-1458-301-7d--100-297]-9618&noUDP&sock=2108_7dbb_3>
...
006 (1094747.151.000) 12/26 20:25:00 Image size of job updated: 15780
	16  -  MemoryUsage of job (MB)
	15604  -  ResidentSetSize of job (KB)
...
006 (1094747.151.000) 12/26 20:30:01 Image size of job updated: 15908
	16  -  MemoryUsage of job (MB)
	15732  -  ResidentSetSize of job (KB)
...
006 (1094747.151.000) 12/26 20:35:01 Image size of job updated: 16044
	16  -  MemoryUsage of job (MB)
	15868  -  ResidentSetSize of job (KB)
...
006 (1094747.151.000) 12/26 20:45:02 Image size of job updated: 16292
	16  -  MemoryUsage of job (MB)
	16116  -  ResidentSetSize of job (KB)
...
006 (1094747.151.000) 12/26 20:50:02 Image size of job updated: 16448
	16  -  MemoryUsage of job (MB)
	16272  -  ResidentSetSize of job (KB)
...
006 (1094747.151.000) 12/26 20:57:08 Image size of job updated: 131132
	16  -  MemoryUsage of job (MB)
	16272  -  ResidentSetSize of job (KB)
...
040 (1094747.151.000) 12/26 20:57:08 Started transferring output files
...
040 (1094747.151.000) 12/26 20:57:08 Finished transferring output files
...
005 (1094747.151.000) 12/26 20:57:08 Job terminated.
	(1) Normal termination (return value 0)
		Usr 0 00:01:24, Sys 0 00:00:43  -  Run Remote Usage
		Usr 0 00:00:00, Sys 0 00:00:00  -  Run Local Usage
		Usr 0 00:01:24, Sys 0 00:00:43  -  Total Remote Usage
		Usr 0 00:00:00, Sys 0 00:00:00  -  Total Local Usage
	166351  -  Run Bytes Sent By Job
	460069  -  Run Bytes Received By Job
	166351  -  Total Bytes Sent By Job
	460069  -  Total Bytes Received By Job
	Partitionable Resources :    Usage  Request Allocated 
	   Cpus                 :     0.22        1         1 
	   Disk (KB)            :   634         450    214204 
	   Memory (MB)          :    16        2000      2000 
...
