000 (1094747.106.000) 12/26 20:16:18 Job submitted from host: <188.185.71.83:9618?addrs=188.185.71.83-9618+[2001-1458-d00-7--100-34d]-9618&alias=bigbird18.cern.ch&noUDP&sock=schedd_3557371_31ee_11>
...
040 (1094747.106.000) 12/26 20:24:37 Started transferring input files
	Transferring to host: <188.184.213.205:9618?addrs=188.184.213.205-9618+[2001-1458-301-10c--100-34a]-9618&noUDP&sock=7970_55fd_124967>
...
040 (1094747.106.000) 12/26 20:24:37 Finished transferring input files
...
001 (1094747.106.000) 12/26 20:24:38 Job executing on host: <188.184.213.205:9618?addrs=188.184.213.205-9618+[2001-1458-301-10c--100-34a]-9618&noUDP&sock=19921_ba3e_3>
...
006 (1094747.106.000) 12/26 20:24:47 Image size of job updated: 15748
	16  -  MemoryUsage of job (MB)
	15572  -  ResidentSetSize of job (KB)
...
006 (1094747.106.000) 12/26 20:29:48 Image size of job updated: 15748
	16  -  MemoryUsage of job (MB)
	15684  -  ResidentSetSize of job (KB)
...
006 (1094747.106.000) 12/26 20:34:48 Image size of job updated: 15776
	16  -  MemoryUsage of job (MB)
	15776  -  ResidentSetSize of job (KB)
...
006 (1094747.106.000) 12/26 20:39:49 Image size of job updated: 15860
	16  -  MemoryUsage of job (MB)
	15860  -  ResidentSetSize of job (KB)
...
006 (1094747.106.000) 12/26 20:44:50 Image size of job updated: 15940
	16  -  MemoryUsage of job (MB)
	15940  -  ResidentSetSize of job (KB)
...
006 (1094747.106.000) 12/26 20:49:50 Image size of job updated: 16004
	16  -  MemoryUsage of job (MB)
	16004  -  ResidentSetSize of job (KB)
...
006 (1094747.106.000) 12/26 20:54:51 Image size of job updated: 16092
	16  -  MemoryUsage of job (MB)
	16092  -  ResidentSetSize of job (KB)
...
006 (1094747.106.000) 12/26 20:59:52 Image size of job updated: 16240
	16  -  MemoryUsage of job (MB)
	16240  -  ResidentSetSize of job (KB)
...
006 (1094747.106.000) 12/26 21:04:52 Image size of job updated: 16408
	17  -  MemoryUsage of job (MB)
	16408  -  ResidentSetSize of job (KB)
...
040 (1094747.106.000) 12/26 21:06:58 Started transferring output files
...
040 (1094747.106.000) 12/26 21:06:58 Finished transferring output files
...
005 (1094747.106.000) 12/26 21:06:58 Job terminated.
	(1) Normal termination (return value 0)
		Usr 0 00:01:20, Sys 0 00:00:43  -  Run Remote Usage
		Usr 0 00:00:00, Sys 0 00:00:00  -  Run Local Usage
		Usr 0 00:01:20, Sys 0 00:00:43  -  Total Remote Usage
		Usr 0 00:00:00, Sys 0 00:00:00  -  Total Local Usage
	166313  -  Run Bytes Sent By Job
	460045  -  Run Bytes Received By Job
	166313  -  Total Bytes Sent By Job
	460045  -  Total Bytes Received By Job
	Partitionable Resources :    Usage  Request Allocated 
	   Cpus                 :     0.18        1         1 
	   Disk (KB)            :   634         450    344581 
	   Memory (MB)          :    17        2000      2000 
...
