000 (1094747.115.000) 12/26 20:16:18 Job submitted from host: <188.185.71.83:9618?addrs=188.185.71.83-9618+[2001-1458-d00-7--100-34d]-9618&alias=bigbird18.cern.ch&noUDP&sock=schedd_3557371_31ee_11>
...
040 (1094747.115.000) 12/26 20:24:56 Started transferring input files
	Transferring to host: <128.142.149.124:9618?addrs=128.142.149.124-9618+[2001-1458-301-b--100-32e]-9618&noUDP&sock=22468_7d0b_133468>
...
040 (1094747.115.000) 12/26 20:24:57 Finished transferring input files
...
001 (1094747.115.000) 12/26 20:24:58 Job executing on host: <128.142.149.124:9618?addrs=128.142.149.124-9618+[2001-1458-301-b--100-32e]-9618&noUDP&sock=5694_3059_3>
...
006 (1094747.115.000) 12/26 20:25:06 Image size of job updated: 15756
	16  -  MemoryUsage of job (MB)
	15580  -  ResidentSetSize of job (KB)
...
006 (1094747.115.000) 12/26 20:30:06 Image size of job updated: 15892
	16  -  MemoryUsage of job (MB)
	15716  -  ResidentSetSize of job (KB)
...
006 (1094747.115.000) 12/26 20:35:06 Image size of job updated: 16012
	16  -  MemoryUsage of job (MB)
	15836  -  ResidentSetSize of job (KB)
...
006 (1094747.115.000) 12/26 20:40:07 Image size of job updated: 16152
	16  -  MemoryUsage of job (MB)
	15976  -  ResidentSetSize of job (KB)
...
006 (1094747.115.000) 12/26 20:45:07 Image size of job updated: 16280
	16  -  MemoryUsage of job (MB)
	16104  -  ResidentSetSize of job (KB)
...
006 (1094747.115.000) 12/26 20:50:07 Image size of job updated: 16416
	16  -  MemoryUsage of job (MB)
	16240  -  ResidentSetSize of job (KB)
...
006 (1094747.115.000) 12/26 20:55:08 Image size of job updated: 16556
	16  -  MemoryUsage of job (MB)
	16380  -  ResidentSetSize of job (KB)
...
006 (1094747.115.000) 12/26 20:57:27 Image size of job updated: 540564
	16  -  MemoryUsage of job (MB)
	16380  -  ResidentSetSize of job (KB)
...
040 (1094747.115.000) 12/26 20:57:27 Started transferring output files
...
040 (1094747.115.000) 12/26 20:57:27 Finished transferring output files
...
005 (1094747.115.000) 12/26 20:57:27 Job terminated.
	(1) Normal termination (return value 0)
		Usr 0 00:01:27, Sys 0 00:00:51  -  Run Remote Usage
		Usr 0 00:00:00, Sys 0 00:00:00  -  Run Local Usage
		Usr 0 00:01:27, Sys 0 00:00:51  -  Total Remote Usage
		Usr 0 00:00:00, Sys 0 00:00:00  -  Total Local Usage
	166305  -  Run Bytes Sent By Job
	460041  -  Run Bytes Received By Job
	166305  -  Total Bytes Sent By Job
	460041  -  Total Bytes Received By Job
	Partitionable Resources :    Usage  Request Allocated 
	   Cpus                 :     0.13        1         1 
	   Disk (KB)            :   634         450    341131 
	   Memory (MB)          :    16        2000      2000 
...
