000 (1094747.019.000) 12/26 20:16:18 Job submitted from host: <188.185.71.83:9618?addrs=188.185.71.83-9618+[2001-1458-d00-7--100-34d]-9618&alias=bigbird18.cern.ch&noUDP&sock=schedd_3557371_31ee_11>
...
040 (1094747.019.000) 12/26 20:19:19 Started transferring input files
	Transferring to host: <188.185.105.143:9618?addrs=188.185.105.143-9618+[2001-1458-d00-3e--100-36e]-9618&noUDP&sock=17507_03e1_36680>
...
040 (1094747.019.000) 12/26 20:19:19 Finished transferring input files
...
001 (1094747.019.000) 12/26 20:19:20 Job executing on host: <188.185.105.143:9618?addrs=188.185.105.143-9618+[2001-1458-d00-3e--100-36e]-9618&noUDP&sock=17371_a3be_3>
...
006 (1094747.019.000) 12/26 20:19:28 Image size of job updated: 6592
	7  -  MemoryUsage of job (MB)
	6416  -  ResidentSetSize of job (KB)
...
006 (1094747.019.000) 12/26 20:24:28 Image size of job updated: 179040
	124  -  MemoryUsage of job (MB)
	126856  -  ResidentSetSize of job (KB)
...
006 (1094747.019.000) 12/26 20:24:47 Image size of job updated: 180136
	124  -  MemoryUsage of job (MB)
	126856  -  ResidentSetSize of job (KB)
...
040 (1094747.019.000) 12/26 20:24:47 Started transferring output files
...
040 (1094747.019.000) 12/26 20:24:47 Finished transferring output files
...
005 (1094747.019.000) 12/26 20:24:47 Job terminated.
	(1) Normal termination (return value 0)
		Usr 0 00:01:47, Sys 0 00:00:28  -  Run Remote Usage
		Usr 0 00:00:00, Sys 0 00:00:00  -  Run Local Usage
		Usr 0 00:01:47, Sys 0 00:00:28  -  Total Remote Usage
		Usr 0 00:00:00, Sys 0 00:00:00  -  Total Local Usage
	168606  -  Run Bytes Sent By Job
	460045  -  Run Bytes Received By Job
	168606  -  Total Bytes Sent By Job
	460045  -  Total Bytes Received By Job
	Partitionable Resources :    Usage  Request Allocated 
	   Cpus                 :     0.73        1         1 
	   Disk (KB)            :   636         450    584576 
	   Memory (MB)          :   124        2000      2000 
...
