000 (1094747.100.000) 12/26 20:16:18 Job submitted from host: <188.185.71.83:9618?addrs=188.185.71.83-9618+[2001-1458-d00-7--100-34d]-9618&alias=bigbird18.cern.ch&noUDP&sock=schedd_3557371_31ee_11>
...
040 (1094747.100.000) 12/26 20:24:33 Started transferring input files
	Transferring to host: <188.184.68.11:9618?addrs=188.184.68.11-9618&noUDP&sock=21097_7eb3_50864>
...
040 (1094747.100.000) 12/26 20:24:33 Finished transferring input files
...
001 (1094747.100.000) 12/26 20:24:34 Job executing on host: <188.184.68.11:9618?addrs=188.184.68.11-9618&noUDP&sock=17591_8a93_18>
...
006 (1094747.100.000) 12/26 20:24:43 Image size of job updated: 14616
	15  -  MemoryUsage of job (MB)
	14440  -  ResidentSetSize of job (KB)
...
006 (1094747.100.000) 12/26 20:29:45 Image size of job updated: 15760
	16  -  MemoryUsage of job (MB)
	15584  -  ResidentSetSize of job (KB)
...
006 (1094747.100.000) 12/26 20:34:45 Image size of job updated: 15788
	16  -  MemoryUsage of job (MB)
	15612  -  ResidentSetSize of job (KB)
...
006 (1094747.100.000) 12/26 20:39:45 Image size of job updated: 15828
	16  -  MemoryUsage of job (MB)
	15652  -  ResidentSetSize of job (KB)
...
006 (1094747.100.000) 12/26 20:44:46 Image size of job updated: 15840
	16  -  MemoryUsage of job (MB)
	15664  -  ResidentSetSize of job (KB)
...
006 (1094747.100.000) 12/26 20:49:46 Image size of job updated: 15856
	16  -  MemoryUsage of job (MB)
	15680  -  ResidentSetSize of job (KB)
...
006 (1094747.100.000) 12/26 20:54:47 Image size of job updated: 15868
	16  -  MemoryUsage of job (MB)
	15692  -  ResidentSetSize of job (KB)
...
006 (1094747.100.000) 12/26 20:59:48 Image size of job updated: 15900
	16  -  MemoryUsage of job (MB)
	15724  -  ResidentSetSize of job (KB)
...
006 (1094747.100.000) 12/26 21:04:48 Image size of job updated: 15916
	16  -  MemoryUsage of job (MB)
	15740  -  ResidentSetSize of job (KB)
...
006 (1094747.100.000) 12/26 21:09:49 Image size of job updated: 16040
	16  -  MemoryUsage of job (MB)
	15864  -  ResidentSetSize of job (KB)
...
006 (1094747.100.000) 12/26 21:14:50 Image size of job updated: 16260
	16  -  MemoryUsage of job (MB)
	16128  -  ResidentSetSize of job (KB)
...
006 (1094747.100.000) 12/26 21:19:45 Image size of job updated: 131128
	16  -  MemoryUsage of job (MB)
	16128  -  ResidentSetSize of job (KB)
...
040 (1094747.100.000) 12/26 21:19:45 Started transferring output files
...
040 (1094747.100.000) 12/26 21:19:45 Finished transferring output files
...
005 (1094747.100.000) 12/26 21:19:45 Job terminated.
	(1) Normal termination (return value 0)
		Usr 0 00:01:32, Sys 0 00:01:01  -  Run Remote Usage
		Usr 0 00:00:00, Sys 0 00:00:00  -  Run Local Usage
		Usr 0 00:01:32, Sys 0 00:01:01  -  Total Remote Usage
		Usr 0 00:00:00, Sys 0 00:00:00  -  Total Local Usage
	166302  -  Run Bytes Sent By Job
	460041  -  Run Bytes Received By Job
	166302  -  Total Bytes Sent By Job
	460041  -  Total Bytes Received By Job
	Partitionable Resources :    Usage  Request Allocated 
	   Cpus                 :     0.10        1         1 
	   Disk (KB)            :   633         450    280894 
	   Memory (MB)          :    16        2000      2000 
...
