000 (1094747.050.000) 12/26 20:16:18 Job submitted from host: <188.185.71.83:9618?addrs=188.185.71.83-9618+[2001-1458-d00-7--100-34d]-9618&alias=bigbird18.cern.ch&noUDP&sock=schedd_3557371_31ee_11>
...
040 (1094747.050.000) 12/26 20:19:26 Started transferring input files
	Transferring to host: <128.142.107.230:9618?addrs=128.142.107.230-9618+[2001-1458-301-8b--100-65d]-9618&noUDP&sock=17748_d24b_48775>
...
040 (1094747.050.000) 12/26 20:19:26 Finished transferring input files
...
001 (1094747.050.000) 12/26 20:19:27 Job executing on host: <128.142.107.230:9618?addrs=128.142.107.230-9618+[2001-1458-301-8b--100-65d]-9618&noUDP&sock=17613_a1a9_3>
...
006 (1094747.050.000) 12/26 20:19:36 Image size of job updated: 15772
	16  -  MemoryUsage of job (MB)
	15596  -  ResidentSetSize of job (KB)
...
006 (1094747.050.000) 12/26 20:24:36 Image size of job updated: 138620
	114  -  MemoryUsage of job (MB)
	116156  -  ResidentSetSize of job (KB)
...
040 (1094747.050.000) 12/26 20:25:16 Started transferring output files
...
040 (1094747.050.000) 12/26 20:25:16 Finished transferring output files
...
005 (1094747.050.000) 12/26 20:25:16 Job terminated.
	(1) Normal termination (return value 0)
		Usr 0 00:02:02, Sys 0 00:00:46  -  Run Remote Usage
		Usr 0 00:00:00, Sys 0 00:00:00  -  Run Local Usage
		Usr 0 00:02:02, Sys 0 00:00:46  -  Total Remote Usage
		Usr 0 00:00:00, Sys 0 00:00:00  -  Total Local Usage
	177562  -  Run Bytes Sent By Job
	459969  -  Run Bytes Received By Job
	177562  -  Total Bytes Sent By Job
	459969  -  Total Bytes Received By Job
	Partitionable Resources :    Usage  Request Allocated 
	   Cpus                 :     0.95        1         1 
	   Disk (KB)            :   644         450    220257 
	   Memory (MB)          :   114        2000      2000 
...
