000 (1094747.179.000) 12/26 20:16:18 Job submitted from host: <188.185.71.83:9618?addrs=188.185.71.83-9618+[2001-1458-d00-7--100-34d]-9618&alias=bigbird18.cern.ch&noUDP&sock=schedd_3557371_31ee_11>
...
040 (1094747.179.000) 12/26 20:25:00 Started transferring input files
	Transferring to host: <128.142.70.210:9618?addrs=128.142.70.210-9618+[2001-1458-301-52--100-eb]-9618&noUDP&sock=2576_c662_25377>
...
040 (1094747.179.000) 12/26 20:25:00 Finished transferring input files
...
001 (1094747.179.000) 12/26 20:25:01 Job executing on host: <128.142.70.210:9618?addrs=128.142.70.210-9618+[2001-1458-301-52--100-eb]-9618&noUDP&sock=2351_2b3e_3>
...
006 (1094747.179.000) 12/26 20:25:10 Image size of job updated: 15756
	16  -  MemoryUsage of job (MB)
	15580  -  ResidentSetSize of job (KB)
...
006 (1094747.179.000) 12/26 20:30:11 Image size of job updated: 15820
	16  -  MemoryUsage of job (MB)
	15644  -  ResidentSetSize of job (KB)
...
006 (1094747.179.000) 12/26 20:35:11 Image size of job updated: 15888
	16  -  MemoryUsage of job (MB)
	15712  -  ResidentSetSize of job (KB)
...
006 (1094747.179.000) 12/26 20:40:12 Image size of job updated: 15960
	16  -  MemoryUsage of job (MB)
	15784  -  ResidentSetSize of job (KB)
...
006 (1094747.179.000) 12/26 20:45:13 Image size of job updated: 16048
	16  -  MemoryUsage of job (MB)
	15872  -  ResidentSetSize of job (KB)
...
006 (1094747.179.000) 12/26 20:50:13 Image size of job updated: 16152
	16  -  MemoryUsage of job (MB)
	15976  -  ResidentSetSize of job (KB)
...
006 (1094747.179.000) 12/26 20:55:14 Image size of job updated: 16228
	16  -  MemoryUsage of job (MB)
	16052  -  ResidentSetSize of job (KB)
...
006 (1094747.179.000) 12/26 21:00:15 Image size of job updated: 16380
	16  -  MemoryUsage of job (MB)
	16204  -  ResidentSetSize of job (KB)
...
006 (1094747.179.000) 12/26 21:05:15 Image size of job updated: 16544
	16  -  MemoryUsage of job (MB)
	16368  -  ResidentSetSize of job (KB)
...
040 (1094747.179.000) 12/26 21:07:50 Started transferring output files
...
040 (1094747.179.000) 12/26 21:07:50 Finished transferring output files
...
005 (1094747.179.000) 12/26 21:07:51 Job terminated.
	(1) Normal termination (return value 0)
		Usr 0 00:01:13, Sys 0 00:00:45  -  Run Remote Usage
		Usr 0 00:00:00, Sys 0 00:00:00  -  Run Local Usage
		Usr 0 00:01:13, Sys 0 00:00:45  -  Total Remote Usage
		Usr 0 00:00:00, Sys 0 00:00:00  -  Total Local Usage
	166361  -  Run Bytes Sent By Job
	460070  -  Run Bytes Received By Job
	166361  -  Total Bytes Sent By Job
	460070  -  Total Bytes Received By Job
	Partitionable Resources :    Usage  Request Allocated 
	   Cpus                 :     0.12        1         1 
	   Disk (KB)            :   633         450    272418 
	   Memory (MB)          :    16        2000      2000 
...
