000 (1094747.201.000) 12/26 20:16:18 Job submitted from host: <188.185.71.83:9618?addrs=188.185.71.83-9618+[2001-1458-d00-7--100-34d]-9618&alias=bigbird18.cern.ch&noUDP&sock=schedd_3557371_31ee_11>
...
040 (1094747.201.000) 12/26 20:25:08 Started transferring input files
	Transferring to host: <188.184.182.253:9618?addrs=188.184.182.253-9618+[2001-1458-301-2b--100-1fb]-9618&noUDP&sock=29625_3e0e_121687>
...
040 (1094747.201.000) 12/26 20:25:08 Finished transferring input files
...
001 (1094747.201.000) 12/26 20:25:09 Job executing on host: <188.184.182.253:9618?addrs=188.184.182.253-9618+[2001-1458-301-2b--100-1fb]-9618&noUDP&sock=7308_4235_3>
...
006 (1094747.201.000) 12/26 20:25:18 Image size of job updated: 15736
	16  -  MemoryUsage of job (MB)
	15560  -  ResidentSetSize of job (KB)
...
006 (1094747.201.000) 12/26 20:30:19 Image size of job updated: 15828
	16  -  MemoryUsage of job (MB)
	15652  -  ResidentSetSize of job (KB)
...
006 (1094747.201.000) 12/26 20:35:19 Image size of job updated: 15920
	16  -  MemoryUsage of job (MB)
	15744  -  ResidentSetSize of job (KB)
...
006 (1094747.201.000) 12/26 20:40:20 Image size of job updated: 16000
	16  -  MemoryUsage of job (MB)
	15824  -  ResidentSetSize of job (KB)
...
006 (1094747.201.000) 12/26 20:45:21 Image size of job updated: 16084
	16  -  MemoryUsage of job (MB)
	15908  -  ResidentSetSize of job (KB)
...
006 (1094747.201.000) 12/26 20:50:21 Image size of job updated: 16176
	16  -  MemoryUsage of job (MB)
	16000  -  ResidentSetSize of job (KB)
...
006 (1094747.201.000) 12/26 20:55:22 Image size of job updated: 16232
	16  -  MemoryUsage of job (MB)
	16056  -  ResidentSetSize of job (KB)
...
006 (1094747.201.000) 12/26 21:00:23 Image size of job updated: 16388
	16  -  MemoryUsage of job (MB)
	16212  -  ResidentSetSize of job (KB)
...
006 (1094747.201.000) 12/26 21:05:23 Image size of job updated: 16540
	16  -  MemoryUsage of job (MB)
	16364  -  ResidentSetSize of job (KB)
...
006 (1094747.201.000) 12/26 21:08:29 Image size of job updated: 138020
	16  -  MemoryUsage of job (MB)
	16364  -  ResidentSetSize of job (KB)
...
040 (1094747.201.000) 12/26 21:08:29 Started transferring output files
...
040 (1094747.201.000) 12/26 21:08:29 Finished transferring output files
...
005 (1094747.201.000) 12/26 21:08:29 Job terminated.
	(1) Normal termination (return value 0)
		Usr 0 00:00:52, Sys 0 00:00:27  -  Run Remote Usage
		Usr 0 00:00:00, Sys 0 00:00:00  -  Run Local Usage
		Usr 0 00:00:52, Sys 0 00:00:27  -  Total Remote Usage
		Usr 0 00:00:00, Sys 0 00:00:00  -  Total Local Usage
	166363  -  Run Bytes Sent By Job
	460070  -  Run Bytes Received By Job
	166363  -  Total Bytes Sent By Job
	460070  -  Total Bytes Received By Job
	Partitionable Resources :    Usage  Request Allocated 
	   Cpus                 :     0.03        1         1 
	   Disk (KB)            :   634         450    354475 
	   Memory (MB)          :    16        2000      2000 
...
