000 (1094747.035.000) 12/26 20:16:18 Job submitted from host: <188.185.71.83:9618?addrs=188.185.71.83-9618+[2001-1458-d00-7--100-34d]-9618&alias=bigbird18.cern.ch&noUDP&sock=schedd_3557371_31ee_11>
...
040 (1094747.035.000) 12/26 20:24:11 Started transferring input files
	Transferring to host: <188.185.105.99:9618?addrs=188.185.105.99-9618+[2001-1458-d00-3e--100-2ae]-9618&noUDP&sock=17868_5f50_36809>
...
040 (1094747.035.000) 12/26 20:24:11 Finished transferring input files
...
001 (1094747.035.000) 12/26 20:24:12 Job executing on host: <188.185.105.99:9618?addrs=188.185.105.99-9618+[2001-1458-d00-3e--100-2ae]-9618&noUDP&sock=17732_416e_3>
...
006 (1094747.035.000) 12/26 20:24:20 Image size of job updated: 15816
	16  -  MemoryUsage of job (MB)
	15640  -  ResidentSetSize of job (KB)
...
006 (1094747.035.000) 12/26 20:29:20 Image size of job updated: 16100
	16  -  MemoryUsage of job (MB)
	15924  -  ResidentSetSize of job (KB)
...
006 (1094747.035.000) 12/26 20:34:21 Image size of job updated: 16236
	16  -  MemoryUsage of job (MB)
	16060  -  ResidentSetSize of job (KB)
...
006 (1094747.035.000) 12/26 20:39:22 Image size of job updated: 16376
	16  -  MemoryUsage of job (MB)
	16200  -  ResidentSetSize of job (KB)
...
006 (1094747.035.000) 12/26 20:44:22 Image size of job updated: 16516
	16  -  MemoryUsage of job (MB)
	16340  -  ResidentSetSize of job (KB)
...
006 (1094747.035.000) 12/26 20:49:23 Image size of job updated: 16648
	17  -  MemoryUsage of job (MB)
	16472  -  ResidentSetSize of job (KB)
...
006 (1094747.035.000) 12/26 20:50:27 Image size of job updated: 186124
	17  -  MemoryUsage of job (MB)
	16472  -  ResidentSetSize of job (KB)
...
040 (1094747.035.000) 12/26 20:50:27 Started transferring output files
...
040 (1094747.035.000) 12/26 20:50:27 Finished transferring output files
...
005 (1094747.035.000) 12/26 20:50:27 Job terminated.
	(1) Normal termination (return value 0)
		Usr 0 00:01:09, Sys 0 00:00:28  -  Run Remote Usage
		Usr 0 00:00:00, Sys 0 00:00:00  -  Run Local Usage
		Usr 0 00:01:09, Sys 0 00:00:28  -  Total Remote Usage
		Usr 0 00:00:00, Sys 0 00:00:00  -  Total Local Usage
	177576  -  Run Bytes Sent By Job
	459980  -  Run Bytes Received By Job
	177576  -  Total Bytes Sent By Job
	459980  -  Total Bytes Received By Job
	Partitionable Resources :    Usage  Request Allocated 
	   Cpus                 :     0.06        1         1 
	   Disk (KB)            :   645         450    497993 
	   Memory (MB)          :    17        2000      2000 
...
