000 (1094747.111.000) 12/26 20:16:18 Job submitted from host: <188.185.71.83:9618?addrs=188.185.71.83-9618+[2001-1458-d00-7--100-34d]-9618&alias=bigbird18.cern.ch&noUDP&sock=schedd_3557371_31ee_11>
...
040 (1094747.111.000) 12/26 20:24:38 Started transferring input files
	Transferring to host: <188.184.211.225:9618?addrs=188.184.211.225-9618+[2001-1458-301-10b--100-300]-9618&noUDP&sock=20564_f2bd_135002>
...
040 (1094747.111.000) 12/26 20:24:38 Finished transferring input files
...
001 (1094747.111.000) 12/26 20:24:39 Job executing on host: <188.184.211.225:9618?addrs=188.184.211.225-9618+[2001-1458-301-10b--100-300]-9618&noUDP&sock=3962_2e51_3>
...
006 (1094747.111.000) 12/26 20:24:48 Image size of job updated: 18884
	19  -  MemoryUsage of job (MB)
	18884  -  ResidentSetSize of job (KB)
...
006 (1094747.111.000) 12/26 20:29:49 Image size of job updated: 18884
	19  -  MemoryUsage of job (MB)
	19140  -  ResidentSetSize of job (KB)
...
006 (1094747.111.000) 12/26 21:09:34 Image size of job updated: 24456
	19  -  MemoryUsage of job (MB)
	19140  -  ResidentSetSize of job (KB)
...
040 (1094747.111.000) 12/26 21:09:34 Started transferring output files
...
040 (1094747.111.000) 12/26 21:09:34 Finished transferring output files
...
005 (1094747.111.000) 12/26 21:09:34 Job terminated.
	(1) Normal termination (return value 0)
		Usr 0 00:01:21, Sys 0 00:00:40  -  Run Remote Usage
		Usr 0 00:00:00, Sys 0 00:00:00  -  Run Local Usage
		Usr 0 00:01:21, Sys 0 00:00:40  -  Total Remote Usage
		Usr 0 00:00:00, Sys 0 00:00:00  -  Total Local Usage
	166311  -  Run Bytes Sent By Job
	460044  -  Run Bytes Received By Job
	166311  -  Total Bytes Sent By Job
	460044  -  Total Bytes Received By Job
	Partitionable Resources :    Usage  Request Allocated 
	   Cpus                 :     0.12        1         1 
	   Disk (KB)            :   634         450    343833 
	   Memory (MB)          :    19        2000      2000 
...
