000 (1094747.015.000) 12/26 20:16:18 Job submitted from host: <188.185.71.83:9618?addrs=188.185.71.83-9618+[2001-1458-d00-7--100-34d]-9618&alias=bigbird18.cern.ch&noUDP&sock=schedd_3557371_31ee_11>
...
040 (1094747.015.000) 12/26 20:19:23 Started transferring input files
	Transferring to host: <128.142.64.203:9618?addrs=128.142.64.203-9618&noUDP&sock=2641_92c4_67554>
...
040 (1094747.015.000) 12/26 20:19:24 Finished transferring input files
...
001 (1094747.015.000) 12/26 20:19:25 Job executing on host: <128.142.64.203:9618?addrs=128.142.64.203-9618&noUDP&sock=2056_d2ce_3>
...
006 (1094747.015.000) 12/26 20:19:33 Image size of job updated: 8624
	9  -  MemoryUsage of job (MB)
	8448  -  ResidentSetSize of job (KB)
...
006 (1094747.015.000) 12/26 20:24:15 Image size of job updated: 11916
	10  -  MemoryUsage of job (MB)
	9640  -  ResidentSetSize of job (KB)
...
040 (1094747.015.000) 12/26 20:24:15 Started transferring output files
...
040 (1094747.015.000) 12/26 20:24:15 Finished transferring output files
...
005 (1094747.015.000) 12/26 20:24:16 Job terminated.
	(1) Normal termination (return value 0)
		Usr 0 00:01:09, Sys 0 00:00:43  -  Run Remote Usage
		Usr 0 00:00:00, Sys 0 00:00:00  -  Run Local Usage
		Usr 0 00:01:09, Sys 0 00:00:43  -  Total Remote Usage
		Usr 0 00:00:00, Sys 0 00:00:00  -  Total Local Usage
	164549  -  Run Bytes Sent By Job
	459250  -  Run Bytes Received By Job
	164549  -  Total Bytes Sent By Job
	459250  -  Total Bytes Received By Job
	Partitionable Resources :    Usage  Request Allocated 
	   Cpus                 :        0        1         1 
	   Disk (KB)            :      630      450    182767 
	   Memory (MB)          :       10     2000      2000 
...
