000 (1094747.095.000) 12/26 20:16:18 Job submitted from host: <188.185.71.83:9618?addrs=188.185.71.83-9618+[2001-1458-d00-7--100-34d]-9618&alias=bigbird18.cern.ch&noUDP&sock=schedd_3557371_31ee_11>
...
040 (1094747.095.000) 12/26 20:24:33 Started transferring input files
	Transferring to host: <188.184.68.12:9618?addrs=188.184.68.12-9618&noUDP&sock=447_b3ab_50486>
...
040 (1094747.095.000) 12/26 20:24:33 Finished transferring input files
...
001 (1094747.095.000) 12/26 20:24:34 Job executing on host: <188.184.68.12:9618?addrs=188.184.68.12-9618&noUDP&sock=29876_078d_17>
...
006 (1094747.095.000) 12/26 20:24:43 Image size of job updated: 15744
	16  -  MemoryUsage of job (MB)
	15568  -  ResidentSetSize of job (KB)
...
006 (1094747.095.000) 12/26 20:29:44 Image size of job updated: 15744
	16  -  MemoryUsage of job (MB)
	15576  -  ResidentSetSize of job (KB)
...
006 (1094747.095.000) 12/26 20:34:45 Image size of job updated: 15744
	16  -  MemoryUsage of job (MB)
	15600  -  ResidentSetSize of job (KB)
...
006 (1094747.095.000) 12/26 20:39:45 Image size of job updated: 15744
	16  -  MemoryUsage of job (MB)
	15616  -  ResidentSetSize of job (KB)
...
006 (1094747.095.000) 12/26 20:44:46 Image size of job updated: 15744
	16  -  MemoryUsage of job (MB)
	15632  -  ResidentSetSize of job (KB)
...
006 (1094747.095.000) 12/26 20:49:46 Image size of job updated: 15744
	16  -  MemoryUsage of job (MB)
	15640  -  ResidentSetSize of job (KB)
...
006 (1094747.095.000) 12/26 20:54:46 Image size of job updated: 15744
	16  -  MemoryUsage of job (MB)
	15652  -  ResidentSetSize of job (KB)
...
006 (1094747.095.000) 12/26 20:59:47 Image size of job updated: 15744
	16  -  MemoryUsage of job (MB)
	15660  -  ResidentSetSize of job (KB)
...
006 (1094747.095.000) 12/26 21:04:47 Image size of job updated: 15744
	16  -  MemoryUsage of job (MB)
	15672  -  ResidentSetSize of job (KB)
...
006 (1094747.095.000) 12/26 21:14:49 Image size of job updated: 16344
	16  -  MemoryUsage of job (MB)
	16212  -  ResidentSetSize of job (KB)
...
006 (1094747.095.000) 12/26 21:17:51 Image size of job updated: 146644
	16  -  MemoryUsage of job (MB)
	16212  -  ResidentSetSize of job (KB)
...
040 (1094747.095.000) 12/26 21:17:51 Started transferring output files
...
040 (1094747.095.000) 12/26 21:17:51 Finished transferring output files
...
005 (1094747.095.000) 12/26 21:17:52 Job terminated.
	(1) Normal termination (return value 0)
		Usr 0 00:01:31, Sys 0 00:01:02  -  Run Remote Usage
		Usr 0 00:00:00, Sys 0 00:00:00  -  Run Local Usage
		Usr 0 00:01:31, Sys 0 00:01:02  -  Total Remote Usage
		Usr 0 00:00:00, Sys 0 00:00:00  -  Total Local Usage
	166310  -  Run Bytes Sent By Job
	460045  -  Run Bytes Received By Job
	166310  -  Total Bytes Sent By Job
	460045  -  Total Bytes Received By Job
	Partitionable Resources :    Usage  Request Allocated 
	   Cpus                 :     0.14        1         1 
	   Disk (KB)            :   633         450    277816 
	   Memory (MB)          :    16        2000      2000 
...
