000 (1094747.096.000) 12/26 20:16:18 Job submitted from host: <188.185.71.83:9618?addrs=188.185.71.83-9618+[2001-1458-d00-7--100-34d]-9618&alias=bigbird18.cern.ch&noUDP&sock=schedd_3557371_31ee_11>
...
040 (1094747.096.000) 12/26 20:24:33 Started transferring input files
	Transferring to host: <188.184.68.16:9618?addrs=188.184.68.16-9618&noUDP&sock=28725_1c69_50984>
...
040 (1094747.096.000) 12/26 20:24:33 Finished transferring input files
...
001 (1094747.096.000) 12/26 20:24:34 Job executing on host: <188.184.68.16:9618?addrs=188.184.68.16-9618&noUDP&sock=14084_07f0_15>
...
006 (1094747.096.000) 12/26 20:24:43 Image size of job updated: 15740
	16  -  MemoryUsage of job (MB)
	15564  -  ResidentSetSize of job (KB)
...
006 (1094747.096.000) 12/26 20:29:44 Image size of job updated: 15772
	16  -  MemoryUsage of job (MB)
	15596  -  ResidentSetSize of job (KB)
...
006 (1094747.096.000) 12/26 20:34:45 Image size of job updated: 15780
	16  -  MemoryUsage of job (MB)
	15604  -  ResidentSetSize of job (KB)
...
006 (1094747.096.000) 12/26 20:39:45 Image size of job updated: 15812
	16  -  MemoryUsage of job (MB)
	15636  -  ResidentSetSize of job (KB)
...
006 (1094747.096.000) 12/26 20:44:46 Image size of job updated: 15824
	16  -  MemoryUsage of job (MB)
	15648  -  ResidentSetSize of job (KB)
...
006 (1094747.096.000) 12/26 20:49:46 Image size of job updated: 15840
	16  -  MemoryUsage of job (MB)
	15664  -  ResidentSetSize of job (KB)
...
006 (1094747.096.000) 12/26 20:54:48 Image size of job updated: 15844
	16  -  MemoryUsage of job (MB)
	15668  -  ResidentSetSize of job (KB)
...
006 (1094747.096.000) 12/26 20:59:48 Image size of job updated: 15848
	16  -  MemoryUsage of job (MB)
	15672  -  ResidentSetSize of job (KB)
...
006 (1094747.096.000) 12/26 21:04:48 Image size of job updated: 15852
	16  -  MemoryUsage of job (MB)
	15676  -  ResidentSetSize of job (KB)
...
006 (1094747.096.000) 12/26 21:21:24 Image size of job updated: 132604
	16  -  MemoryUsage of job (MB)
	15676  -  ResidentSetSize of job (KB)
...
040 (1094747.096.000) 12/26 21:21:24 Started transferring output files
...
040 (1094747.096.000) 12/26 21:21:24 Finished transferring output files
...
005 (1094747.096.000) 12/26 21:21:24 Job terminated.
	(1) Normal termination (return value 0)
		Usr 0 00:01:25, Sys 0 00:00:56  -  Run Remote Usage
		Usr 0 00:00:00, Sys 0 00:00:00  -  Run Local Usage
		Usr 0 00:01:25, Sys 0 00:00:56  -  Total Remote Usage
		Usr 0 00:00:00, Sys 0 00:00:00  -  Total Local Usage
	166310  -  Run Bytes Sent By Job
	460045  -  Run Bytes Received By Job
	166310  -  Total Bytes Sent By Job
	460045  -  Total Bytes Received By Job
	Partitionable Resources :    Usage  Request Allocated 
	   Cpus                 :     0.03        1         1 
	   Disk (KB)            :   633         450    280029 
	   Memory (MB)          :    16        2000      2000 
...
