000 (1094747.079.000) 12/26 20:16:18 Job submitted from host: <188.185.71.83:9618?addrs=188.185.71.83-9618+[2001-1458-d00-7--100-34d]-9618&alias=bigbird18.cern.ch&noUDP&sock=schedd_3557371_31ee_11>
...
040 (1094747.079.000) 12/26 20:24:28 Started transferring input files
	Transferring to host: <188.184.192.170:9618?addrs=188.184.192.170-9618+[2001-1458-301-83--100-98]-9618&noUDP&sock=22823_9e39_135467>
...
040 (1094747.079.000) 12/26 20:24:28 Finished transferring input files
...
001 (1094747.079.000) 12/26 20:24:29 Job executing on host: <188.184.192.170:9618?addrs=188.184.192.170-9618+[2001-1458-301-83--100-98]-9618&noUDP&sock=4671_7ef7_3>
...
006 (1094747.079.000) 12/26 20:24:37 Image size of job updated: 15788
	16  -  MemoryUsage of job (MB)
	15612  -  ResidentSetSize of job (KB)
...
006 (1094747.079.000) 12/26 20:29:37 Image size of job updated: 15788
	16  -  MemoryUsage of job (MB)
	15680  -  ResidentSetSize of job (KB)
...
006 (1094747.079.000) 12/26 20:34:38 Image size of job updated: 15792
	16  -  MemoryUsage of job (MB)
	15792  -  ResidentSetSize of job (KB)
...
006 (1094747.079.000) 12/26 20:39:39 Image size of job updated: 15868
	16  -  MemoryUsage of job (MB)
	15868  -  ResidentSetSize of job (KB)
...
006 (1094747.079.000) 12/26 20:44:39 Image size of job updated: 15944
	16  -  MemoryUsage of job (MB)
	15944  -  ResidentSetSize of job (KB)
...
006 (1094747.079.000) 12/26 20:49:39 Image size of job updated: 16036
	16  -  MemoryUsage of job (MB)
	16036  -  ResidentSetSize of job (KB)
...
006 (1094747.079.000) 12/26 20:54:40 Image size of job updated: 16120
	16  -  MemoryUsage of job (MB)
	16120  -  ResidentSetSize of job (KB)
...
006 (1094747.079.000) 12/26 20:59:40 Image size of job updated: 16244
	16  -  MemoryUsage of job (MB)
	16244  -  ResidentSetSize of job (KB)
...
006 (1094747.079.000) 12/26 21:04:40 Image size of job updated: 16400
	17  -  MemoryUsage of job (MB)
	16400  -  ResidentSetSize of job (KB)
...
040 (1094747.079.000) 12/26 21:08:00 Started transferring output files
...
040 (1094747.079.000) 12/26 21:08:00 Finished transferring output files
...
005 (1094747.079.000) 12/26 21:08:01 Job terminated.
	(1) Normal termination (return value 0)
		Usr 0 00:01:15, Sys 0 00:00:33  -  Run Remote Usage
		Usr 0 00:00:00, Sys 0 00:00:00  -  Run Local Usage
		Usr 0 00:01:15, Sys 0 00:00:33  -  Total Remote Usage
		Usr 0 00:00:00, Sys 0 00:00:00  -  Total Local Usage
	170928  -  Run Bytes Sent By Job
	459537  -  Run Bytes Received By Job
	170928  -  Total Bytes Sent By Job
	459537  -  Total Bytes Received By Job
	Partitionable Resources :    Usage  Request Allocated 
	   Cpus                 :     0.03        1         1 
	   Disk (KB)            :   637         450    181996 
	   Memory (MB)          :    17        2000      2000 
...
