000 (1094747.189.000) 12/26 20:16:18 Job submitted from host: <188.185.71.83:9618?addrs=188.185.71.83-9618+[2001-1458-d00-7--100-34d]-9618&alias=bigbird18.cern.ch&noUDP&sock=schedd_3557371_31ee_11>
...
040 (1094747.189.000) 12/26 20:25:04 Started transferring input files
	Transferring to host: <128.142.240.183:9618?addrs=128.142.240.183-9618+[2001-1458-301-9--100-421]-9618&noUDP&sock=12499_6d15_119338>
...
040 (1094747.189.000) 12/26 20:25:04 Finished transferring input files
...
001 (1094747.189.000) 12/26 20:25:05 Job executing on host: <128.142.240.183:9618?addrs=128.142.240.183-9618+[2001-1458-301-9--100-421]-9618&noUDP&sock=6435_7407_3>
...
006 (1094747.189.000) 12/26 20:25:14 Image size of job updated: 15752
	16  -  MemoryUsage of job (MB)
	15576  -  ResidentSetSize of job (KB)
...
006 (1094747.189.000) 12/26 20:30:15 Image size of job updated: 15840
	16  -  MemoryUsage of job (MB)
	15664  -  ResidentSetSize of job (KB)
...
006 (1094747.189.000) 12/26 20:35:16 Image size of job updated: 15932
	16  -  MemoryUsage of job (MB)
	15756  -  ResidentSetSize of job (KB)
...
006 (1094747.189.000) 12/26 20:40:16 Image size of job updated: 16024
	16  -  MemoryUsage of job (MB)
	15848  -  ResidentSetSize of job (KB)
...
006 (1094747.189.000) 12/26 20:45:17 Image size of job updated: 16112
	16  -  MemoryUsage of job (MB)
	15936  -  ResidentSetSize of job (KB)
...
006 (1094747.189.000) 12/26 20:50:18 Image size of job updated: 16200
	16  -  MemoryUsage of job (MB)
	16024  -  ResidentSetSize of job (KB)
...
006 (1094747.189.000) 12/26 20:55:18 Image size of job updated: 16276
	16  -  MemoryUsage of job (MB)
	16100  -  ResidentSetSize of job (KB)
...
006 (1094747.189.000) 12/26 21:00:19 Image size of job updated: 16420
	16  -  MemoryUsage of job (MB)
	16244  -  ResidentSetSize of job (KB)
...
006 (1094747.189.000) 12/26 21:05:20 Image size of job updated: 16584
	17  -  MemoryUsage of job (MB)
	16408  -  ResidentSetSize of job (KB)
...
040 (1094747.189.000) 12/26 21:07:48 Started transferring output files
...
040 (1094747.189.000) 12/26 21:07:48 Finished transferring output files
...
005 (1094747.189.000) 12/26 21:07:48 Job terminated.
	(1) Normal termination (return value 0)
		Usr 0 00:01:22, Sys 0 00:00:44  -  Run Remote Usage
		Usr 0 00:00:00, Sys 0 00:00:00  -  Run Local Usage
		Usr 0 00:01:22, Sys 0 00:00:44  -  Total Remote Usage
		Usr 0 00:00:00, Sys 0 00:00:00  -  Total Local Usage
	166357  -  Run Bytes Sent By Job
	460067  -  Run Bytes Received By Job
	166357  -  Total Bytes Sent By Job
	460067  -  Total Bytes Received By Job
	Partitionable Resources :    Usage  Request Allocated 
	   Cpus                 :        0        1         1 
	   Disk (KB)            :      633      450    345737 
	   Memory (MB)          :       17     2000      2000 
...
