000 (1094747.103.000) 12/26 20:16:18 Job submitted from host: <188.185.71.83:9618?addrs=188.185.71.83-9618+[2001-1458-d00-7--100-34d]-9618&alias=bigbird18.cern.ch&noUDP&sock=schedd_3557371_31ee_11>
...
040 (1094747.103.000) 12/26 20:24:36 Started transferring input files
	Transferring to host: <188.184.68.48:9618?addrs=188.184.68.48-9618&noUDP&sock=17992_bdd5_50799>
...
040 (1094747.103.000) 12/26 20:24:36 Finished transferring input files
...
001 (1094747.103.000) 12/26 20:24:37 Job executing on host: <188.184.68.48:9618?addrs=188.184.68.48-9618&noUDP&sock=15444_e0be_12>
...
006 (1094747.103.000) 12/26 20:24:45 Image size of job updated: 15780
	16  -  MemoryUsage of job (MB)
	15572  -  ResidentSetSize of job (KB)
...
006 (1094747.103.000) 12/26 20:29:45 Image size of job updated: 15796
	16  -  MemoryUsage of job (MB)
	15588  -  ResidentSetSize of job (KB)
...
006 (1094747.103.000) 12/26 20:34:46 Image size of job updated: 15820
	16  -  MemoryUsage of job (MB)
	15612  -  ResidentSetSize of job (KB)
...
006 (1094747.103.000) 12/26 20:39:46 Image size of job updated: 15852
	16  -  MemoryUsage of job (MB)
	15644  -  ResidentSetSize of job (KB)
...
006 (1094747.103.000) 12/26 20:44:46 Image size of job updated: 15872
	16  -  MemoryUsage of job (MB)
	15664  -  ResidentSetSize of job (KB)
...
006 (1094747.103.000) 12/26 20:49:47 Image size of job updated: 15876
	16  -  MemoryUsage of job (MB)
	15668  -  ResidentSetSize of job (KB)
...
006 (1094747.103.000) 12/26 20:54:47 Image size of job updated: 15892
	16  -  MemoryUsage of job (MB)
	15684  -  ResidentSetSize of job (KB)
...
006 (1094747.103.000) 12/26 20:59:47 Image size of job updated: 15904
	16  -  MemoryUsage of job (MB)
	15696  -  ResidentSetSize of job (KB)
...
006 (1094747.103.000) 12/26 21:04:48 Image size of job updated: 15936
	16  -  MemoryUsage of job (MB)
	15728  -  ResidentSetSize of job (KB)
...
006 (1094747.103.000) 12/26 21:09:48 Image size of job updated: 16100
	16  -  MemoryUsage of job (MB)
	15892  -  ResidentSetSize of job (KB)
...
006 (1094747.103.000) 12/26 21:16:29 Image size of job updated: 148388
	16  -  MemoryUsage of job (MB)
	15892  -  ResidentSetSize of job (KB)
...
040 (1094747.103.000) 12/26 21:16:29 Started transferring output files
...
040 (1094747.103.000) 12/26 21:16:29 Finished transferring output files
...
005 (1094747.103.000) 12/26 21:16:30 Job terminated.
	(1) Normal termination (return value 0)
		Usr 0 00:01:29, Sys 0 00:01:06  -  Run Remote Usage
		Usr 0 00:00:00, Sys 0 00:00:00  -  Run Local Usage
		Usr 0 00:01:29, Sys 0 00:01:06  -  Total Remote Usage
		Usr 0 00:00:00, Sys 0 00:00:00  -  Total Local Usage
	166298  -  Run Bytes Sent By Job
	460039  -  Run Bytes Received By Job
	166298  -  Total Bytes Sent By Job
	460039  -  Total Bytes Received By Job
	Partitionable Resources :    Usage  Request Allocated 
	   Cpus                 :     0.08        1         1 
	   Disk (KB)            :   633         450    269279 
	   Memory (MB)          :    16        2000      2000 
...
