000 (1094747.187.000) 12/26 20:16:18 Job submitted from host: <188.185.71.83:9618?addrs=188.185.71.83-9618+[2001-1458-d00-7--100-34d]-9618&alias=bigbird18.cern.ch&noUDP&sock=schedd_3557371_31ee_11>
...
040 (1094747.187.000) 12/26 20:25:03 Started transferring input files
	Transferring to host: <188.184.213.205:9618?addrs=188.184.213.205-9618+[2001-1458-301-10c--100-34a]-9618&noUDP&sock=7970_55fd_124971>
...
040 (1094747.187.000) 12/26 20:25:03 Finished transferring input files
...
001 (1094747.187.000) 12/26 20:25:04 Job executing on host: <188.184.213.205:9618?addrs=188.184.213.205-9618+[2001-1458-301-10c--100-34a]-9618&noUDP&sock=19921_ba3e_3>
...
006 (1094747.187.000) 12/26 20:25:13 Image size of job updated: 15728
	16  -  MemoryUsage of job (MB)
	15552  -  ResidentSetSize of job (KB)
...
006 (1094747.187.000) 12/26 20:30:14 Image size of job updated: 15828
	16  -  MemoryUsage of job (MB)
	15652  -  ResidentSetSize of job (KB)
...
006 (1094747.187.000) 12/26 20:35:14 Image size of job updated: 15920
	16  -  MemoryUsage of job (MB)
	15744  -  ResidentSetSize of job (KB)
...
006 (1094747.187.000) 12/26 20:40:14 Image size of job updated: 16008
	16  -  MemoryUsage of job (MB)
	15832  -  ResidentSetSize of job (KB)
...
006 (1094747.187.000) 12/26 20:45:15 Image size of job updated: 16076
	16  -  MemoryUsage of job (MB)
	15900  -  ResidentSetSize of job (KB)
...
006 (1094747.187.000) 12/26 20:50:15 Image size of job updated: 16168
	16  -  MemoryUsage of job (MB)
	15992  -  ResidentSetSize of job (KB)
...
006 (1094747.187.000) 12/26 20:55:15 Image size of job updated: 16236
	16  -  MemoryUsage of job (MB)
	16060  -  ResidentSetSize of job (KB)
...
006 (1094747.187.000) 12/26 21:00:16 Image size of job updated: 16388
	16  -  MemoryUsage of job (MB)
	16212  -  ResidentSetSize of job (KB)
...
006 (1094747.187.000) 12/26 21:05:16 Image size of job updated: 16560
	16  -  MemoryUsage of job (MB)
	16384  -  ResidentSetSize of job (KB)
...
006 (1094747.187.000) 12/26 21:07:32 Image size of job updated: 160340
	16  -  MemoryUsage of job (MB)
	16384  -  ResidentSetSize of job (KB)
...
040 (1094747.187.000) 12/26 21:07:32 Started transferring output files
...
040 (1094747.187.000) 12/26 21:07:32 Finished transferring output files
...
005 (1094747.187.000) 12/26 21:07:32 Job terminated.
	(1) Normal termination (return value 0)
		Usr 0 00:01:19, Sys 0 00:00:43  -  Run Remote Usage
		Usr 0 00:00:00, Sys 0 00:00:00  -  Run Local Usage
		Usr 0 00:01:19, Sys 0 00:00:43  -  Total Remote Usage
		Usr 0 00:00:00, Sys 0 00:00:00  -  Total Local Usage
	166357  -  Run Bytes Sent By Job
	460067  -  Run Bytes Received By Job
	166357  -  Total Bytes Sent By Job
	460067  -  Total Bytes Received By Job
	Partitionable Resources :    Usage  Request Allocated 
	   Cpus                 :     0.08        1         1 
	   Disk (KB)            :   633         450    344524 
	   Memory (MB)          :    16        2000      2000 
...
