000 (1094747.061.000) 12/26 20:16:18 Job submitted from host: <188.185.71.83:9618?addrs=188.185.71.83-9618+[2001-1458-d00-7--100-34d]-9618&alias=bigbird18.cern.ch&noUDP&sock=schedd_3557371_31ee_11>
...
040 (1094747.061.000) 12/26 20:24:23 Started transferring input files
	Transferring to host: <137.138.51.117:9618?addrs=137.138.51.117-9618+[2001-1458-d00-25--191]-9618&noUDP&sock=16582_44db_7027>
...
040 (1094747.061.000) 12/26 20:24:23 Finished transferring input files
...
001 (1094747.061.000) 12/26 20:24:24 Job executing on host: <137.138.51.117:9618?addrs=137.138.51.117-9618+[2001-1458-d00-25--191]-9618&noUDP&sock=16425_c326_3>
...
006 (1094747.061.000) 12/26 20:24:33 Image size of job updated: 2888
	3  -  MemoryUsage of job (MB)
	2712  -  ResidentSetSize of job (KB)
...
006 (1094747.061.000) 12/26 20:29:34 Image size of job updated: 15892
	16  -  MemoryUsage of job (MB)
	15716  -  ResidentSetSize of job (KB)
...
006 (1094747.061.000) 12/26 20:34:34 Image size of job updated: 16032
	16  -  MemoryUsage of job (MB)
	15856  -  ResidentSetSize of job (KB)
...
006 (1094747.061.000) 12/26 20:44:35 Image size of job updated: 16316
	16  -  MemoryUsage of job (MB)
	16140  -  ResidentSetSize of job (KB)
...
006 (1094747.061.000) 12/26 20:49:35 Image size of job updated: 16480
	16  -  MemoryUsage of job (MB)
	16304  -  ResidentSetSize of job (KB)
...
006 (1094747.061.000) 12/26 20:54:35 Image size of job updated: 16616
	17  -  MemoryUsage of job (MB)
	16440  -  ResidentSetSize of job (KB)
...
006 (1094747.061.000) 12/26 20:56:18 Image size of job updated: 168800
	17  -  MemoryUsage of job (MB)
	16440  -  ResidentSetSize of job (KB)
...
040 (1094747.061.000) 12/26 20:56:18 Started transferring output files
...
040 (1094747.061.000) 12/26 20:56:19 Finished transferring output files
...
005 (1094747.061.000) 12/26 20:56:19 Job terminated.
	(1) Normal termination (return value 0)
		Usr 0 00:01:28, Sys 0 00:00:50  -  Run Remote Usage
		Usr 0 00:00:00, Sys 0 00:00:00  -  Run Local Usage
		Usr 0 00:01:28, Sys 0 00:00:50  -  Total Remote Usage
		Usr 0 00:00:00, Sys 0 00:00:00  -  Total Local Usage
	177550  -  Run Bytes Sent By Job
	459969  -  Run Bytes Received By Job
	177550  -  Total Bytes Sent By Job
	459969  -  Total Bytes Received By Job
	Partitionable Resources :    Usage  Request Allocated 
	   Cpus                 :     0.08        1         1 
	   Disk (KB)            :   644         450    402117 
	   Memory (MB)          :    17        2000      2000 
...
