000 (1094747.081.000) 12/26 20:16:18 Job submitted from host: <188.185.71.83:9618?addrs=188.185.71.83-9618+[2001-1458-d00-7--100-34d]-9618&alias=bigbird18.cern.ch&noUDP&sock=schedd_3557371_31ee_11>
...
040 (1094747.081.000) 12/26 20:24:28 Started transferring input files
	Transferring to host: <128.142.70.210:9618?addrs=128.142.70.210-9618+[2001-1458-301-52--100-eb]-9618&noUDP&sock=2576_c662_25376>
...
040 (1094747.081.000) 12/26 20:24:28 Finished transferring input files
...
001 (1094747.081.000) 12/26 20:24:29 Job executing on host: <128.142.70.210:9618?addrs=128.142.70.210-9618+[2001-1458-301-52--100-eb]-9618&noUDP&sock=2351_2b3e_3>
...
006 (1094747.081.000) 12/26 20:24:38 Image size of job updated: 15764
	16  -  MemoryUsage of job (MB)
	15588  -  ResidentSetSize of job (KB)
...
006 (1094747.081.000) 12/26 20:29:39 Image size of job updated: 15764
	16  -  MemoryUsage of job (MB)
	15680  -  ResidentSetSize of job (KB)
...
006 (1094747.081.000) 12/26 20:34:40 Image size of job updated: 15764
	16  -  MemoryUsage of job (MB)
	15756  -  ResidentSetSize of job (KB)
...
006 (1094747.081.000) 12/26 20:39:40 Image size of job updated: 15836
	16  -  MemoryUsage of job (MB)
	15836  -  ResidentSetSize of job (KB)
...
006 (1094747.081.000) 12/26 20:44:41 Image size of job updated: 15908
	16  -  MemoryUsage of job (MB)
	15908  -  ResidentSetSize of job (KB)
...
006 (1094747.081.000) 12/26 20:49:42 Image size of job updated: 16020
	16  -  MemoryUsage of job (MB)
	16020  -  ResidentSetSize of job (KB)
...
006 (1094747.081.000) 12/26 20:54:42 Image size of job updated: 16108
	16  -  MemoryUsage of job (MB)
	16108  -  ResidentSetSize of job (KB)
...
006 (1094747.081.000) 12/26 20:59:43 Image size of job updated: 16240
	16  -  MemoryUsage of job (MB)
	16240  -  ResidentSetSize of job (KB)
...
006 (1094747.081.000) 12/26 21:04:44 Image size of job updated: 16388
	17  -  MemoryUsage of job (MB)
	16388  -  ResidentSetSize of job (KB)
...
006 (1094747.081.000) 12/26 21:07:54 Image size of job updated: 128204
	17  -  MemoryUsage of job (MB)
	16388  -  ResidentSetSize of job (KB)
...
040 (1094747.081.000) 12/26 21:07:54 Started transferring output files
...
040 (1094747.081.000) 12/26 21:07:55 Finished transferring output files
...
005 (1094747.081.000) 12/26 21:07:55 Job terminated.
	(1) Normal termination (return value 0)
		Usr 0 00:01:46, Sys 0 00:00:46  -  Run Remote Usage
		Usr 0 00:00:00, Sys 0 00:00:00  -  Run Local Usage
		Usr 0 00:01:46, Sys 0 00:00:46  -  Total Remote Usage
		Usr 0 00:00:00, Sys 0 00:00:00  -  Total Local Usage
	177552  -  Run Bytes Sent By Job
	459969  -  Run Bytes Received By Job
	177552  -  Total Bytes Sent By Job
	459969  -  Total Bytes Received By Job
	Partitionable Resources :    Usage  Request Allocated 
	   Cpus                 :     0.53        1         1 
	   Disk (KB)            :   644         450    272479 
	   Memory (MB)          :    17        2000      2000 
...
