000 (1094747.007.000) 12/26 20:16:18 Job submitted from host: <188.185.71.83:9618?addrs=188.185.71.83-9618+[2001-1458-d00-7--100-34d]-9618&alias=bigbird18.cern.ch&noUDP&sock=schedd_3557371_31ee_11>
...
040 (1094747.007.000) 12/26 20:19:16 Started transferring input files
	Transferring to host: <137.138.119.92:9618?addrs=137.138.119.92-9618+[2001-1458-d00-4--120]-9618&noUDP&sock=17173_ae93_18127>
...
040 (1094747.007.000) 12/26 20:19:17 Finished transferring input files
...
001 (1094747.007.000) 12/26 20:19:18 Job executing on host: <137.138.119.92:9618?addrs=137.138.119.92-9618+[2001-1458-d00-4--120]-9618&noUDP&sock=17020_e200_3>
...
006 (1094747.007.000) 12/26 20:19:26 Image size of job updated: 11384
	12  -  MemoryUsage of job (MB)
	11384  -  ResidentSetSize of job (KB)
...
006 (1094747.007.000) 12/26 20:24:26 Image size of job updated: 15768
	16  -  MemoryUsage of job (MB)
	15592  -  ResidentSetSize of job (KB)
...
006 (1094747.007.000) 12/26 20:29:27 Image size of job updated: 15780
	16  -  MemoryUsage of job (MB)
	15604  -  ResidentSetSize of job (KB)
...
006 (1094747.007.000) 12/26 20:34:27 Image size of job updated: 15796
	16  -  MemoryUsage of job (MB)
	15620  -  ResidentSetSize of job (KB)
...
006 (1094747.007.000) 12/26 20:39:27 Image size of job updated: 15828
	16  -  MemoryUsage of job (MB)
	15652  -  ResidentSetSize of job (KB)
...
006 (1094747.007.000) 12/26 20:44:28 Image size of job updated: 15840
	16  -  MemoryUsage of job (MB)
	15664  -  ResidentSetSize of job (KB)
...
006 (1094747.007.000) 12/26 20:49:28 Image size of job updated: 15856
	16  -  MemoryUsage of job (MB)
	15680  -  ResidentSetSize of job (KB)
...
006 (1094747.007.000) 12/26 20:54:29 Image size of job updated: 15868
	16  -  MemoryUsage of job (MB)
	15692  -  ResidentSetSize of job (KB)
...
006 (1094747.007.000) 12/26 20:59:30 Image size of job updated: 15884
	16  -  MemoryUsage of job (MB)
	15708  -  ResidentSetSize of job (KB)
...
006 (1094747.007.000) 12/26 21:09:32 Image size of job updated: 15936
	16  -  MemoryUsage of job (MB)
	15760  -  ResidentSetSize of job (KB)
...
006 (1094747.007.000) 12/26 21:14:32 Image size of job updated: 15936
	16  -  MemoryUsage of job (MB)
	15796  -  ResidentSetSize of job (KB)
...
040 (1094747.007.000) 12/26 21:19:20 Started transferring output files
...
040 (1094747.007.000) 12/26 21:19:20 Finished transferring output files
...
009 (1094747.007.000) 12/26 21:19:20 Job was aborted by the user.
	Job removed by SYSTEM_PERIODIC_REMOVE due to wall time exceeded allowed max.
...
