000 (1094747.088.000) 12/26 20:16:18 Job submitted from host: <188.185.71.83:9618?addrs=188.185.71.83-9618+[2001-1458-d00-7--100-34d]-9618&alias=bigbird18.cern.ch&noUDP&sock=schedd_3557371_31ee_11>
...
040 (1094747.088.000) 12/26 20:24:55 Started transferring input files
	Transferring to host: <188.184.68.55:9618?addrs=188.184.68.55-9618&noUDP&sock=25616_8a0b_50794>
...
040 (1094747.088.000) 12/26 20:24:55 Finished transferring input files
...
001 (1094747.088.000) 12/26 20:24:56 Job executing on host: <188.184.68.55:9618?addrs=188.184.68.55-9618&noUDP&sock=6478_f299_15>
...
006 (1094747.088.000) 12/26 20:25:05 Image size of job updated: 15728
	16  -  MemoryUsage of job (MB)
	15552  -  ResidentSetSize of job (KB)
...
006 (1094747.088.000) 12/26 20:35:07 Image size of job updated: 15796
	16  -  MemoryUsage of job (MB)
	15620  -  ResidentSetSize of job (KB)
...
006 (1094747.088.000) 12/26 20:40:07 Image size of job updated: 15820
	16  -  MemoryUsage of job (MB)
	15644  -  ResidentSetSize of job (KB)
...
006 (1094747.088.000) 12/26 20:45:08 Image size of job updated: 15828
	16  -  MemoryUsage of job (MB)
	15652  -  ResidentSetSize of job (KB)
...
006 (1094747.088.000) 12/26 20:50:08 Image size of job updated: 15848
	16  -  MemoryUsage of job (MB)
	15672  -  ResidentSetSize of job (KB)
...
006 (1094747.088.000) 12/26 20:55:10 Image size of job updated: 15852
	16  -  MemoryUsage of job (MB)
	15676  -  ResidentSetSize of job (KB)
...
006 (1094747.088.000) 12/26 21:05:10 Image size of job updated: 15880
	16  -  MemoryUsage of job (MB)
	15704  -  ResidentSetSize of job (KB)
...
006 (1094747.088.000) 12/26 21:20:12 Image size of job updated: 167596
	113  -  MemoryUsage of job (MB)
	115412  -  ResidentSetSize of job (KB)
...
006 (1094747.088.000) 12/26 21:25:13 Image size of job updated: 185032
	130  -  MemoryUsage of job (MB)
	132848  -  ResidentSetSize of job (KB)
...
040 (1094747.088.000) 12/26 21:25:13 Started transferring output files
...
040 (1094747.088.000) 12/26 21:25:13 Finished transferring output files
...
009 (1094747.088.000) 12/26 21:25:13 Job was aborted by the user.
	Job removed by SYSTEM_PERIODIC_REMOVE due to wall time exceeded allowed max.
...
