000 (1094747.005.000) 12/26 20:16:18 Job submitted from host: <188.185.71.83:9618?addrs=188.185.71.83-9618+[2001-1458-d00-7--100-34d]-9618&alias=bigbird18.cern.ch&noUDP&sock=schedd_3557371_31ee_11>
...
040 (1094747.005.000) 12/26 20:19:14 Started transferring input files
	Transferring to host: <128.142.68.106:9618?addrs=128.142.68.106-9618&noUDP&sock=3219_d39c_68147>
...
040 (1094747.005.000) 12/26 20:19:14 Finished transferring input files
...
001 (1094747.005.000) 12/26 20:19:15 Job executing on host: <128.142.68.106:9618?addrs=128.142.68.106-9618&noUDP&sock=2074_2b83_3>
...
006 (1094747.005.000) 12/26 20:19:23 Image size of job updated: 15784
	16  -  MemoryUsage of job (MB)
	15608  -  ResidentSetSize of job (KB)
...
006 (1094747.005.000) 12/26 20:24:23 Image size of job updated: 176896
	122  -  MemoryUsage of job (MB)
	124684  -  ResidentSetSize of job (KB)
...
006 (1094747.005.000) 12/26 20:26:41 Image size of job updated: 181608
	122  -  MemoryUsage of job (MB)
	124684  -  ResidentSetSize of job (KB)
...
040 (1094747.005.000) 12/26 20:26:41 Started transferring output files
...
040 (1094747.005.000) 12/26 20:26:41 Finished transferring output files
...
005 (1094747.005.000) 12/26 20:26:41 Job terminated.
	(1) Normal termination (return value 0)
		Usr 0 00:03:19, Sys 0 00:00:44  -  Run Remote Usage
		Usr 0 00:00:00, Sys 0 00:00:00  -  Run Local Usage
		Usr 0 00:03:19, Sys 0 00:00:44  -  Total Remote Usage
		Usr 0 00:00:00, Sys 0 00:00:00  -  Total Local Usage
	168606  -  Run Bytes Sent By Job
	460045  -  Run Bytes Received By Job
	168606  -  Total Bytes Sent By Job
	460045  -  Total Bytes Received By Job
	Partitionable Resources :    Usage  Request Allocated 
	   Cpus                 :     0.02        1         1 
	   Disk (KB)            :   635         450    258422 
	   Memory (MB)          :   122        2000      2000 
...
