000 (1094747.053.000) 12/26 20:16:18 Job submitted from host: <188.185.71.83:9618?addrs=188.185.71.83-9618+[2001-1458-d00-7--100-34d]-9618&alias=bigbird18.cern.ch&noUDP&sock=schedd_3557371_31ee_11>
...
040 (1094747.053.000) 12/26 20:24:20 Started transferring input files
	Transferring to host: <128.142.68.176:9618?addrs=128.142.68.176-9618+[2001-1458-301-52--100-210]-9618&noUDP&sock=2545_eec1_23793>
...
040 (1094747.053.000) 12/26 20:24:20 Finished transferring input files
...
001 (1094747.053.000) 12/26 20:24:21 Job executing on host: <128.142.68.176:9618?addrs=128.142.68.176-9618+[2001-1458-301-52--100-210]-9618&noUDP&sock=2320_e7cf_3>
...
006 (1094747.053.000) 12/26 20:24:29 Image size of job updated: 9092
	9  -  MemoryUsage of job (MB)
	8916  -  ResidentSetSize of job (KB)
...
006 (1094747.053.000) 12/26 20:29:29 Image size of job updated: 15868
	16  -  MemoryUsage of job (MB)
	15692  -  ResidentSetSize of job (KB)
...
006 (1094747.053.000) 12/26 20:34:30 Image size of job updated: 16004
	16  -  MemoryUsage of job (MB)
	15828  -  ResidentSetSize of job (KB)
...
006 (1094747.053.000) 12/26 20:39:30 Image size of job updated: 16108
	16  -  MemoryUsage of job (MB)
	15932  -  ResidentSetSize of job (KB)
...
006 (1094747.053.000) 12/26 20:44:31 Image size of job updated: 16248
	16  -  MemoryUsage of job (MB)
	16072  -  ResidentSetSize of job (KB)
...
006 (1094747.053.000) 12/26 20:49:32 Image size of job updated: 16360
	16  -  MemoryUsage of job (MB)
	16184  -  ResidentSetSize of job (KB)
...
006 (1094747.053.000) 12/26 20:54:32 Image size of job updated: 16488
	16  -  MemoryUsage of job (MB)
	16312  -  ResidentSetSize of job (KB)
...
006 (1094747.053.000) 12/26 21:03:20 Image size of job updated: 184024
	16  -  MemoryUsage of job (MB)
	16312  -  ResidentSetSize of job (KB)
...
040 (1094747.053.000) 12/26 21:03:20 Started transferring output files
...
040 (1094747.053.000) 12/26 21:03:20 Finished transferring output files
...
005 (1094747.053.000) 12/26 21:03:20 Job terminated.
	(1) Normal termination (return value 0)
		Usr 0 00:02:12, Sys 0 00:00:41  -  Run Remote Usage
		Usr 0 00:00:00, Sys 0 00:00:00  -  Run Local Usage
		Usr 0 00:02:12, Sys 0 00:00:41  -  Total Remote Usage
		Usr 0 00:00:00, Sys 0 00:00:00  -  Total Local Usage
	177565  -  Run Bytes Sent By Job
	459970  -  Run Bytes Received By Job
	177565  -  Total Bytes Sent By Job
	459970  -  Total Bytes Received By Job
	Partitionable Resources :    Usage  Request Allocated 
	   Cpus                 :     0.52        1         1 
	   Disk (KB)            :   644         450    270748 
	   Memory (MB)          :    16        2000      2000 
...
