000 (1094747.133.000) 12/26 20:16:18 Job submitted from host: <188.185.71.83:9618?addrs=188.185.71.83-9618+[2001-1458-d00-7--100-34d]-9618&alias=bigbird18.cern.ch&noUDP&sock=schedd_3557371_31ee_11>
...
040 (1094747.133.000) 12/26 20:25:00 Started transferring input files
	Transferring to host: <128.142.109.7:9618?addrs=128.142.109.7-9618&noUDP&sock=2107_526f_127336>
...
040 (1094747.133.000) 12/26 20:25:00 Finished transferring input files
...
001 (1094747.133.000) 12/26 20:25:01 Job executing on host: <128.142.109.7:9618?addrs=128.142.109.7-9618&noUDP&sock=1923_98b6_3>
...
006 (1094747.133.000) 12/26 20:25:15 Image size of job updated: 8744
	9  -  MemoryUsage of job (MB)
	8688  -  ResidentSetSize of job (KB)
...
006 (1094747.133.000) 12/26 20:30:11 Image size of job updated: 15876
	16  -  MemoryUsage of job (MB)
	15688  -  ResidentSetSize of job (KB)
...
006 (1094747.133.000) 12/26 20:35:11 Image size of job updated: 15996
	16  -  MemoryUsage of job (MB)
	15808  -  ResidentSetSize of job (KB)
...
006 (1094747.133.000) 12/26 20:40:12 Image size of job updated: 16068
	16  -  MemoryUsage of job (MB)
	15880  -  ResidentSetSize of job (KB)
...
006 (1094747.133.000) 12/26 20:45:13 Image size of job updated: 16168
	16  -  MemoryUsage of job (MB)
	15980  -  ResidentSetSize of job (KB)
...
006 (1094747.133.000) 12/26 20:50:13 Image size of job updated: 16244
	16  -  MemoryUsage of job (MB)
	16056  -  ResidentSetSize of job (KB)
...
006 (1094747.133.000) 12/26 20:55:14 Image size of job updated: 16340
	16  -  MemoryUsage of job (MB)
	16152  -  ResidentSetSize of job (KB)
...
006 (1094747.133.000) 12/26 21:00:15 Image size of job updated: 16512
	16  -  MemoryUsage of job (MB)
	16324  -  ResidentSetSize of job (KB)
...
006 (1094747.133.000) 12/26 21:05:07 Image size of job updated: 147280
	16  -  MemoryUsage of job (MB)
	16324  -  ResidentSetSize of job (KB)
...
040 (1094747.133.000) 12/26 21:05:07 Started transferring output files
...
040 (1094747.133.000) 12/26 21:05:07 Finished transferring output files
...
005 (1094747.133.000) 12/26 21:05:07 Job terminated.
	(1) Normal termination (return value 0)
		Usr 0 00:01:11, Sys 0 00:00:56  -  Run Remote Usage
		Usr 0 00:00:00, Sys 0 00:00:00  -  Run Local Usage
		Usr 0 00:01:11, Sys 0 00:00:56  -  Total Remote Usage
		Usr 0 00:00:00, Sys 0 00:00:00  -  Total Local Usage
	166309  -  Run Bytes Sent By Job
	460043  -  Run Bytes Received By Job
	166309  -  Total Bytes Sent By Job
	460043  -  Total Bytes Received By Job
	Partitionable Resources :    Usage  Request Allocated 
	   Cpus                 :     0.07        1         1 
	   Disk (KB)            :   633         450    216205 
	   Memory (MB)          :    16        2000      2000 
...
