000 (1094747.137.000) 12/26 20:16:18 Job submitted from host: <188.185.71.83:9618?addrs=188.185.71.83-9618+[2001-1458-d00-7--100-34d]-9618&alias=bigbird18.cern.ch&noUDP&sock=schedd_3557371_31ee_11>
...
040 (1094747.137.000) 12/26 20:25:03 Started transferring input files
	Transferring to host: <128.142.79.133:9618?addrs=128.142.79.133-9618+[2001-1458-301-f4--100-5d3]-9618&noUDP&sock=15193_97c3_5715>
...
040 (1094747.137.000) 12/26 20:25:03 Finished transferring input files
...
001 (1094747.137.000) 12/26 20:25:04 Job executing on host: <128.142.79.133:9618?addrs=128.142.79.133-9618+[2001-1458-301-f4--100-5d3]-9618&noUDP&sock=15036_061a_3>
...
006 (1094747.137.000) 12/26 20:25:16 Image size of job updated: 1288
	2  -  MemoryUsage of job (MB)
	1288  -  ResidentSetSize of job (KB)
...
006 (1094747.137.000) 12/26 20:30:14 Image size of job updated: 15776
	16  -  MemoryUsage of job (MB)
	15600  -  ResidentSetSize of job (KB)
...
006 (1094747.137.000) 12/26 20:35:14 Image size of job updated: 15792
	16  -  MemoryUsage of job (MB)
	15616  -  ResidentSetSize of job (KB)
...
006 (1094747.137.000) 12/26 20:40:15 Image size of job updated: 15832
	16  -  MemoryUsage of job (MB)
	15656  -  ResidentSetSize of job (KB)
...
006 (1094747.137.000) 12/26 20:45:15 Image size of job updated: 15844
	16  -  MemoryUsage of job (MB)
	15668  -  ResidentSetSize of job (KB)
...
006 (1094747.137.000) 12/26 20:50:15 Image size of job updated: 15856
	16  -  MemoryUsage of job (MB)
	15680  -  ResidentSetSize of job (KB)
...
006 (1094747.137.000) 12/26 21:05:17 Image size of job updated: 15872
	16  -  MemoryUsage of job (MB)
	15696  -  ResidentSetSize of job (KB)
...
006 (1094747.137.000) 12/26 21:10:17 Image size of job updated: 15892
	16  -  MemoryUsage of job (MB)
	15760  -  ResidentSetSize of job (KB)
...
006 (1094747.137.000) 12/26 21:20:18 Image size of job updated: 16140
	16  -  MemoryUsage of job (MB)
	16008  -  ResidentSetSize of job (KB)
...
040 (1094747.137.000) 12/26 21:25:19 Started transferring output files
...
040 (1094747.137.000) 12/26 21:25:19 Finished transferring output files
...
009 (1094747.137.000) 12/26 21:25:19 Job was aborted by the user.
	Job removed by SYSTEM_PERIODIC_REMOVE due to wall time exceeded allowed max.
...
