000 (1094747.056.000) 12/26 20:16:18 Job submitted from host: <188.185.71.83:9618?addrs=188.185.71.83-9618+[2001-1458-d00-7--100-34d]-9618&alias=bigbird18.cern.ch&noUDP&sock=schedd_3557371_31ee_11>
...
040 (1094747.056.000) 12/26 20:24:21 Started transferring input files
	Transferring to host: <128.142.65.128:9618?addrs=128.142.65.128-9618&noUDP&sock=2533_7a40_68102>
...
040 (1094747.056.000) 12/26 20:24:21 Finished transferring input files
...
001 (1094747.056.000) 12/26 20:24:22 Job executing on host: <128.142.65.128:9618?addrs=128.142.65.128-9618&noUDP&sock=2099_5161_3>
...
006 (1094747.056.000) 12/26 20:24:31 Image size of job updated: 11428
	11  -  MemoryUsage of job (MB)
	11252  -  ResidentSetSize of job (KB)
...
006 (1094747.056.000) 12/26 20:29:32 Image size of job updated: 15920
	16  -  MemoryUsage of job (MB)
	15744  -  ResidentSetSize of job (KB)
...
006 (1094747.056.000) 12/26 20:34:32 Image size of job updated: 16056
	16  -  MemoryUsage of job (MB)
	15880  -  ResidentSetSize of job (KB)
...
006 (1094747.056.000) 12/26 20:39:33 Image size of job updated: 16164
	16  -  MemoryUsage of job (MB)
	15988  -  ResidentSetSize of job (KB)
...
006 (1094747.056.000) 12/26 20:44:34 Image size of job updated: 16308
	16  -  MemoryUsage of job (MB)
	16132  -  ResidentSetSize of job (KB)
...
006 (1094747.056.000) 12/26 20:56:50 Image size of job updated: 552576
	16  -  MemoryUsage of job (MB)
	16132  -  ResidentSetSize of job (KB)
...
040 (1094747.056.000) 12/26 20:56:50 Started transferring output files
...
040 (1094747.056.000) 12/26 20:56:50 Finished transferring output files
...
005 (1094747.056.000) 12/26 20:56:50 Job terminated.
	(1) Normal termination (return value 0)
		Usr 0 00:01:18, Sys 0 00:00:45  -  Run Remote Usage
		Usr 0 00:00:00, Sys 0 00:00:00  -  Run Local Usage
		Usr 0 00:01:18, Sys 0 00:00:45  -  Total Remote Usage
		Usr 0 00:00:00, Sys 0 00:00:00  -  Total Local Usage
	177548  -  Run Bytes Sent By Job
	459969  -  Run Bytes Received By Job
	177548  -  Total Bytes Sent By Job
	459969  -  Total Bytes Received By Job
	Partitionable Resources :    Usage  Request Allocated 
	   Cpus                 :     0.16        1         1 
	   Disk (KB)            :   644         450    221157 
	   Memory (MB)          :    16        2000      2000 
...
