000 (1094747.048.000) 12/26 20:16:18 Job submitted from host: <188.185.71.83:9618?addrs=188.185.71.83-9618+[2001-1458-d00-7--100-34d]-9618&alias=bigbird18.cern.ch&noUDP&sock=schedd_3557371_31ee_11>
...
040 (1094747.048.000) 12/26 20:24:19 Started transferring input files
	Transferring to host: <128.142.69.173:9618?addrs=128.142.69.173-9618+[2001-1458-301-52--100-7e]-9618&noUDP&sock=2530_5d20_23778>
...
040 (1094747.048.000) 12/26 20:24:19 Finished transferring input files
...
001 (1094747.048.000) 12/26 20:24:20 Job executing on host: <128.142.69.173:9618?addrs=128.142.69.173-9618+[2001-1458-301-52--100-7e]-9618&noUDP&sock=2317_d906_3>
...
006 (1094747.048.000) 12/26 20:24:29 Image size of job updated: 6568
	7  -  MemoryUsage of job (MB)
	6392  -  ResidentSetSize of job (KB)
...
006 (1094747.048.000) 12/26 20:29:30 Image size of job updated: 15928
	16  -  MemoryUsage of job (MB)
	15752  -  ResidentSetSize of job (KB)
...
006 (1094747.048.000) 12/26 20:34:30 Image size of job updated: 16080
	16  -  MemoryUsage of job (MB)
	15904  -  ResidentSetSize of job (KB)
...
006 (1094747.048.000) 12/26 20:39:30 Image size of job updated: 16236
	16  -  MemoryUsage of job (MB)
	16060  -  ResidentSetSize of job (KB)
...
006 (1094747.048.000) 12/26 20:49:31 Image size of job updated: 16520
	16  -  MemoryUsage of job (MB)
	16344  -  ResidentSetSize of job (KB)
...
006 (1094747.048.000) 12/26 20:54:31 Image size of job updated: 43064
	25  -  MemoryUsage of job (MB)
	25012  -  ResidentSetSize of job (KB)
...
006 (1094747.048.000) 12/26 20:54:47 Image size of job updated: 165308
	25  -  MemoryUsage of job (MB)
	25012  -  ResidentSetSize of job (KB)
...
040 (1094747.048.000) 12/26 20:54:47 Started transferring output files
...
040 (1094747.048.000) 12/26 20:54:47 Finished transferring output files
...
005 (1094747.048.000) 12/26 20:54:47 Job terminated.
	(1) Normal termination (return value 0)
		Usr 0 00:01:20, Sys 0 00:00:47  -  Run Remote Usage
		Usr 0 00:00:00, Sys 0 00:00:00  -  Run Local Usage
		Usr 0 00:01:20, Sys 0 00:00:47  -  Total Remote Usage
		Usr 0 00:00:00, Sys 0 00:00:00  -  Total Local Usage
	177541  -  Run Bytes Sent By Job
	459964  -  Run Bytes Received By Job
	177541  -  Total Bytes Sent By Job
	459964  -  Total Bytes Received By Job
	Partitionable Resources :    Usage  Request Allocated 
	   Cpus                 :     0.11        1         1 
	   Disk (KB)            :   645         450    268907 
	   Memory (MB)          :    25        2000      2000 
...
