000 (1094747.192.000) 12/26 20:16:18 Job submitted from host: <188.185.71.83:9618?addrs=188.185.71.83-9618+[2001-1458-d00-7--100-34d]-9618&alias=bigbird18.cern.ch&noUDP&sock=schedd_3557371_31ee_11>
...
040 (1094747.192.000) 12/26 20:25:04 Started transferring input files
	Transferring to host: <188.184.211.142:9618?addrs=188.184.211.142-9618+[2001-1458-301-10b--100-4d0]-9618&noUDP&sock=15973_2c63_42058>
...
040 (1094747.192.000) 12/26 20:25:04 Finished transferring input files
...
001 (1094747.192.000) 12/26 20:25:05 Job executing on host: <188.184.211.142:9618?addrs=188.184.211.142-9618+[2001-1458-301-10b--100-4d0]-9618&noUDP&sock=15838_210e_3>
...
006 (1094747.192.000) 12/26 20:25:14 Image size of job updated: 15736
	16  -  MemoryUsage of job (MB)
	15560  -  ResidentSetSize of job (KB)
...
006 (1094747.192.000) 12/26 20:30:15 Image size of job updated: 15812
	16  -  MemoryUsage of job (MB)
	15636  -  ResidentSetSize of job (KB)
...
006 (1094747.192.000) 12/26 20:35:15 Image size of job updated: 15912
	16  -  MemoryUsage of job (MB)
	15736  -  ResidentSetSize of job (KB)
...
006 (1094747.192.000) 12/26 20:40:15 Image size of job updated: 15988
	16  -  MemoryUsage of job (MB)
	15812  -  ResidentSetSize of job (KB)
...
006 (1094747.192.000) 12/26 20:45:16 Image size of job updated: 16060
	16  -  MemoryUsage of job (MB)
	15884  -  ResidentSetSize of job (KB)
...
006 (1094747.192.000) 12/26 20:50:16 Image size of job updated: 16156
	16  -  MemoryUsage of job (MB)
	15980  -  ResidentSetSize of job (KB)
...
006 (1094747.192.000) 12/26 20:55:16 Image size of job updated: 16252
	16  -  MemoryUsage of job (MB)
	16076  -  ResidentSetSize of job (KB)
...
006 (1094747.192.000) 12/26 21:00:17 Image size of job updated: 16400
	16  -  MemoryUsage of job (MB)
	16224  -  ResidentSetSize of job (KB)
...
006 (1094747.192.000) 12/26 21:05:18 Image size of job updated: 16584
	17  -  MemoryUsage of job (MB)
	16408  -  ResidentSetSize of job (KB)
...
006 (1094747.192.000) 12/26 21:07:00 Image size of job updated: 150228
	17  -  MemoryUsage of job (MB)
	16408  -  ResidentSetSize of job (KB)
...
040 (1094747.192.000) 12/26 21:07:00 Started transferring output files
...
040 (1094747.192.000) 12/26 21:07:00 Finished transferring output files
...
005 (1094747.192.000) 12/26 21:07:00 Job terminated.
	(1) Normal termination (return value 0)
		Usr 0 00:01:01, Sys 0 00:00:37  -  Run Remote Usage
		Usr 0 00:00:00, Sys 0 00:00:00  -  Run Local Usage
		Usr 0 00:01:01, Sys 0 00:00:37  -  Total Remote Usage
		Usr 0 00:00:00, Sys 0 00:00:00  -  Total Local Usage
	166358  -  Run Bytes Sent By Job
	460070  -  Run Bytes Received By Job
	166358  -  Total Bytes Sent By Job
	460070  -  Total Bytes Received By Job
	Partitionable Resources :    Usage  Request Allocated 
	   Cpus                 :     0.51        1         1 
	   Disk (KB)            :   633         450    344489 
	   Memory (MB)          :    17        2000      2000 
...
