000 (1094747.186.000) 12/26 20:16:18 Job submitted from host: <188.185.71.83:9618?addrs=188.185.71.83-9618+[2001-1458-d00-7--100-34d]-9618&alias=bigbird18.cern.ch&noUDP&sock=schedd_3557371_31ee_11>
...
040 (1094747.186.000) 12/26 20:25:03 Started transferring input files
	Transferring to host: <137.138.119.213:9618?addrs=137.138.119.213-9618+[2001-1458-d00-4--35b]-9618&noUDP&sock=16851_cdc6_18219>
...
040 (1094747.186.000) 12/26 20:25:03 Finished transferring input files
...
001 (1094747.186.000) 12/26 20:25:04 Job executing on host: <137.138.119.213:9618?addrs=137.138.119.213-9618+[2001-1458-d00-4--35b]-9618&noUDP&sock=16745_4174_3>
...
006 (1094747.186.000) 12/26 20:25:12 Image size of job updated: 15752
	16  -  MemoryUsage of job (MB)
	15576  -  ResidentSetSize of job (KB)
...
006 (1094747.186.000) 12/26 20:30:12 Image size of job updated: 15832
	16  -  MemoryUsage of job (MB)
	15656  -  ResidentSetSize of job (KB)
...
006 (1094747.186.000) 12/26 20:35:13 Image size of job updated: 15932
	16  -  MemoryUsage of job (MB)
	15756  -  ResidentSetSize of job (KB)
...
006 (1094747.186.000) 12/26 20:40:13 Image size of job updated: 15992
	16  -  MemoryUsage of job (MB)
	15816  -  ResidentSetSize of job (KB)
...
006 (1094747.186.000) 12/26 20:45:13 Image size of job updated: 16064
	16  -  MemoryUsage of job (MB)
	15888  -  ResidentSetSize of job (KB)
...
006 (1094747.186.000) 12/26 20:50:14 Image size of job updated: 16156
	16  -  MemoryUsage of job (MB)
	15980  -  ResidentSetSize of job (KB)
...
006 (1094747.186.000) 12/26 20:55:15 Image size of job updated: 16256
	16  -  MemoryUsage of job (MB)
	16080  -  ResidentSetSize of job (KB)
...
006 (1094747.186.000) 12/26 21:00:15 Image size of job updated: 16400
	16  -  MemoryUsage of job (MB)
	16224  -  ResidentSetSize of job (KB)
...
006 (1094747.186.000) 12/26 21:05:16 Image size of job updated: 16540
	16  -  MemoryUsage of job (MB)
	16364  -  ResidentSetSize of job (KB)
...
006 (1094747.186.000) 12/26 21:07:44 Image size of job updated: 131876
	16  -  MemoryUsage of job (MB)
	16364  -  ResidentSetSize of job (KB)
...
040 (1094747.186.000) 12/26 21:07:44 Started transferring output files
...
040 (1094747.186.000) 12/26 21:07:44 Finished transferring output files
...
005 (1094747.186.000) 12/26 21:07:44 Job terminated.
	(1) Normal termination (return value 0)
		Usr 0 00:01:19, Sys 0 00:00:48  -  Run Remote Usage
		Usr 0 00:00:00, Sys 0 00:00:00  -  Run Local Usage
		Usr 0 00:01:19, Sys 0 00:00:48  -  Total Remote Usage
		Usr 0 00:00:00, Sys 0 00:00:00  -  Total Local Usage
	166358  -  Run Bytes Sent By Job
	460069  -  Run Bytes Received By Job
	166358  -  Total Bytes Sent By Job
	460069  -  Total Bytes Received By Job
	Partitionable Resources :    Usage  Request Allocated 
	   Cpus                 :        0        1         1 
	   Disk (KB)            :      633      450    454688 
	   Memory (MB)          :       16     2000      2000 
...
