000 (1094747.132.000) 12/26 20:16:18 Job submitted from host: <188.185.71.83:9618?addrs=188.185.71.83-9618+[2001-1458-d00-7--100-34d]-9618&alias=bigbird18.cern.ch&noUDP&sock=schedd_3557371_31ee_11>
...
040 (1094747.132.000) 12/26 20:24:44 Started transferring input files
	Transferring to host: <128.142.104.146:9618?addrs=128.142.104.146-9618+[2001-1458-301-8b--100-72]-9618&noUDP&sock=9143_d20d_29793>
...
040 (1094747.132.000) 12/26 20:24:44 Finished transferring input files
...
001 (1094747.132.000) 12/26 20:24:45 Job executing on host: <128.142.104.146:9618?addrs=128.142.104.146-9618+[2001-1458-301-8b--100-72]-9618&noUDP&sock=7922_695b_3>
...
006 (1094747.132.000) 12/26 20:24:54 Image size of job updated: 15832
	16  -  MemoryUsage of job (MB)
	15576  -  ResidentSetSize of job (KB)
...
006 (1094747.132.000) 12/26 20:29:55 Image size of job updated: 15832
	16  -  MemoryUsage of job (MB)
	15652  -  ResidentSetSize of job (KB)
...
006 (1094747.132.000) 12/26 20:34:56 Image size of job updated: 15836
	16  -  MemoryUsage of job (MB)
	15756  -  ResidentSetSize of job (KB)
...
006 (1094747.132.000) 12/26 20:39:56 Image size of job updated: 15924
	16  -  MemoryUsage of job (MB)
	15844  -  ResidentSetSize of job (KB)
...
006 (1094747.132.000) 12/26 20:44:57 Image size of job updated: 15996
	16  -  MemoryUsage of job (MB)
	15916  -  ResidentSetSize of job (KB)
...
006 (1094747.132.000) 12/26 20:49:58 Image size of job updated: 16084
	16  -  MemoryUsage of job (MB)
	16004  -  ResidentSetSize of job (KB)
...
006 (1094747.132.000) 12/26 20:54:58 Image size of job updated: 16152
	16  -  MemoryUsage of job (MB)
	16072  -  ResidentSetSize of job (KB)
...
006 (1094747.132.000) 12/26 21:05:00 Image size of job updated: 16444
	16  -  MemoryUsage of job (MB)
	16364  -  ResidentSetSize of job (KB)
...
040 (1094747.132.000) 12/26 21:07:46 Started transferring output files
...
040 (1094747.132.000) 12/26 21:07:46 Finished transferring output files
...
005 (1094747.132.000) 12/26 21:07:46 Job terminated.
	(1) Normal termination (return value 0)
		Usr 0 00:01:21, Sys 0 00:00:50  -  Run Remote Usage
		Usr 0 00:00:00, Sys 0 00:00:00  -  Run Local Usage
		Usr 0 00:01:21, Sys 0 00:00:50  -  Total Remote Usage
		Usr 0 00:00:00, Sys 0 00:00:00  -  Total Local Usage
	166309  -  Run Bytes Sent By Job
	460044  -  Run Bytes Received By Job
	166309  -  Total Bytes Sent By Job
	460044  -  Total Bytes Received By Job
	Partitionable Resources :    Usage  Request Allocated 
	   Cpus                 :     0.07        1         1 
	   Disk (KB)            :   633         450    210872 
	   Memory (MB)          :    16        2000      2000 
...
