000 (1094747.055.000) 12/26 20:16:18 Job submitted from host: <188.185.71.83:9618?addrs=188.185.71.83-9618+[2001-1458-d00-7--100-34d]-9618&alias=bigbird18.cern.ch&noUDP&sock=schedd_3557371_31ee_11>
...
040 (1094747.055.000) 12/26 20:24:21 Started transferring input files
	Transferring to host: <128.142.68.188:9618?addrs=128.142.68.188-9618+[2001-1458-301-52--100-365]-9618&noUDP&sock=2548_0be1_23313>
...
040 (1094747.055.000) 12/26 20:24:21 Finished transferring input files
...
001 (1094747.055.000) 12/26 20:24:22 Job executing on host: <128.142.68.188:9618?addrs=128.142.68.188-9618+[2001-1458-301-52--100-365]-9618&noUDP&sock=2320_e7cf_3>
...
006 (1094747.055.000) 12/26 20:24:31 Image size of job updated: 15760
	16  -  MemoryUsage of job (MB)
	15584  -  ResidentSetSize of job (KB)
...
006 (1094747.055.000) 12/26 20:29:32 Image size of job updated: 15908
	16  -  MemoryUsage of job (MB)
	15732  -  ResidentSetSize of job (KB)
...
006 (1094747.055.000) 12/26 20:34:32 Image size of job updated: 16060
	16  -  MemoryUsage of job (MB)
	15884  -  ResidentSetSize of job (KB)
...
006 (1094747.055.000) 12/26 20:39:33 Image size of job updated: 16192
	16  -  MemoryUsage of job (MB)
	16016  -  ResidentSetSize of job (KB)
...
006 (1094747.055.000) 12/26 20:44:34 Image size of job updated: 16332
	16  -  MemoryUsage of job (MB)
	16156  -  ResidentSetSize of job (KB)
...
006 (1094747.055.000) 12/26 20:49:34 Image size of job updated: 16476
	16  -  MemoryUsage of job (MB)
	16300  -  ResidentSetSize of job (KB)
...
006 (1094747.055.000) 12/26 20:54:36 Image size of job updated: 16604
	17  -  MemoryUsage of job (MB)
	16428  -  ResidentSetSize of job (KB)
...
006 (1094747.055.000) 12/26 20:57:42 Image size of job updated: 554456
	17  -  MemoryUsage of job (MB)
	16428  -  ResidentSetSize of job (KB)
...
040 (1094747.055.000) 12/26 20:57:42 Started transferring output files
...
040 (1094747.055.000) 12/26 20:57:42 Finished transferring output files
...
005 (1094747.055.000) 12/26 20:57:42 Job terminated.
	(1) Normal termination (return value 0)
		Usr 0 00:02:05, Sys 0 00:00:47  -  Run Remote Usage
		Usr 0 00:00:00, Sys 0 00:00:00  -  Run Local Usage
		Usr 0 00:02:05, Sys 0 00:00:47  -  Total Remote Usage
		Usr 0 00:00:00, Sys 0 00:00:00  -  Total Local Usage
	175337  -  Run Bytes Sent By Job
	459821  -  Run Bytes Received By Job
	175337  -  Total Bytes Sent By Job
	459821  -  Total Bytes Received By Job
	Partitionable Resources :    Usage  Request Allocated 
	   Cpus                 :     0.11        1         1 
	   Disk (KB)            :   642         450    267938 
	   Memory (MB)          :    17        2000      2000 
...
