000 (1094747.134.000) 12/26 20:16:18 Job submitted from host: <188.185.71.83:9618?addrs=188.185.71.83-9618+[2001-1458-d00-7--100-34d]-9618&alias=bigbird18.cern.ch&noUDP&sock=schedd_3557371_31ee_11>
...
040 (1094747.134.000) 12/26 20:24:45 Started transferring input files
	Transferring to host: <128.142.120.125:9618?addrs=128.142.120.125-9618&noUDP&sock=3009_dcd3_53021>
...
040 (1094747.134.000) 12/26 20:24:45 Finished transferring input files
...
001 (1094747.134.000) 12/26 20:24:46 Job executing on host: <128.142.120.125:9618?addrs=128.142.120.125-9618&noUDP&sock=2072_cc52_3>
...
006 (1094747.134.000) 12/26 20:24:55 Image size of job updated: 16800
	16  -  MemoryUsage of job (MB)
	15588  -  ResidentSetSize of job (KB)
...
006 (1094747.134.000) 12/26 20:29:56 Image size of job updated: 16800
	16  -  MemoryUsage of job (MB)
	15672  -  ResidentSetSize of job (KB)
...
006 (1094747.134.000) 12/26 20:34:57 Image size of job updated: 16808
	16  -  MemoryUsage of job (MB)
	15772  -  ResidentSetSize of job (KB)
...
006 (1094747.134.000) 12/26 20:39:57 Image size of job updated: 16904
	16  -  MemoryUsage of job (MB)
	15868  -  ResidentSetSize of job (KB)
...
006 (1094747.134.000) 12/26 20:49:59 Image size of job updated: 17068
	16  -  MemoryUsage of job (MB)
	16032  -  ResidentSetSize of job (KB)
...
006 (1094747.134.000) 12/26 20:54:59 Image size of job updated: 17144
	16  -  MemoryUsage of job (MB)
	16108  -  ResidentSetSize of job (KB)
...
006 (1094747.134.000) 12/26 21:00:00 Image size of job updated: 17284
	16  -  MemoryUsage of job (MB)
	16248  -  ResidentSetSize of job (KB)
...
006 (1094747.134.000) 12/26 21:05:01 Image size of job updated: 17440
	17  -  MemoryUsage of job (MB)
	16404  -  ResidentSetSize of job (KB)
...
040 (1094747.134.000) 12/26 21:06:59 Started transferring output files
...
040 (1094747.134.000) 12/26 21:06:59 Finished transferring output files
...
005 (1094747.134.000) 12/26 21:07:00 Job terminated.
	(1) Normal termination (return value 0)
		Usr 0 00:01:20, Sys 0 00:00:50  -  Run Remote Usage
		Usr 0 00:00:00, Sys 0 00:00:00  -  Run Local Usage
		Usr 0 00:01:20, Sys 0 00:00:50  -  Total Remote Usage
		Usr 0 00:00:00, Sys 0 00:00:00  -  Total Local Usage
	166307  -  Run Bytes Sent By Job
	460041  -  Run Bytes Received By Job
	166307  -  Total Bytes Sent By Job
	460041  -  Total Bytes Received By Job
	Partitionable Resources :    Usage  Request Allocated 
	   Cpus                 :        0        1         1 
	   Disk (KB)            :      633      450    212124 
	   Memory (MB)          :       17     2000      2000 
...
