000 (1094747.089.000) 12/26 20:16:18 Job submitted from host: <188.185.71.83:9618?addrs=188.185.71.83-9618+[2001-1458-d00-7--100-34d]-9618&alias=bigbird18.cern.ch&noUDP&sock=schedd_3557371_31ee_11>
...
040 (1094747.089.000) 12/26 20:24:55 Started transferring input files
	Transferring to host: <188.184.68.39:9618?addrs=188.184.68.39-9618&noUDP&sock=27807_4c04_49550>
...
040 (1094747.089.000) 12/26 20:24:55 Finished transferring input files
...
001 (1094747.089.000) 12/26 20:24:56 Job executing on host: <188.184.68.39:9618?addrs=188.184.68.39-9618&noUDP&sock=12717_61fa_15>
...
006 (1094747.089.000) 12/26 20:25:05 Image size of job updated: 15728
	16  -  MemoryUsage of job (MB)
	15552  -  ResidentSetSize of job (KB)
...
006 (1094747.089.000) 12/26 20:30:06 Image size of job updated: 15756
	16  -  MemoryUsage of job (MB)
	15580  -  ResidentSetSize of job (KB)
...
006 (1094747.089.000) 12/26 20:35:06 Image size of job updated: 15784
	16  -  MemoryUsage of job (MB)
	15608  -  ResidentSetSize of job (KB)
...
006 (1094747.089.000) 12/26 20:40:06 Image size of job updated: 15816
	16  -  MemoryUsage of job (MB)
	15640  -  ResidentSetSize of job (KB)
...
006 (1094747.089.000) 12/26 20:45:07 Image size of job updated: 15832
	16  -  MemoryUsage of job (MB)
	15656  -  ResidentSetSize of job (KB)
...
006 (1094747.089.000) 12/26 20:50:07 Image size of job updated: 15840
	16  -  MemoryUsage of job (MB)
	15664  -  ResidentSetSize of job (KB)
...
006 (1094747.089.000) 12/26 20:55:08 Image size of job updated: 15852
	16  -  MemoryUsage of job (MB)
	15676  -  ResidentSetSize of job (KB)
...
006 (1094747.089.000) 12/26 21:00:08 Image size of job updated: 15860
	16  -  MemoryUsage of job (MB)
	15684  -  ResidentSetSize of job (KB)
...
006 (1094747.089.000) 12/26 21:05:09 Image size of job updated: 15872
	16  -  MemoryUsage of job (MB)
	15696  -  ResidentSetSize of job (KB)
...
006 (1094747.089.000) 12/26 21:15:10 Image size of job updated: 16228
	16  -  MemoryUsage of job (MB)
	16096  -  ResidentSetSize of job (KB)
...
006 (1094747.089.000) 12/26 21:24:58 Image size of job updated: 185544
	16  -  MemoryUsage of job (MB)
	16096  -  ResidentSetSize of job (KB)
...
040 (1094747.089.000) 12/26 21:24:58 Started transferring output files
...
040 (1094747.089.000) 12/26 21:24:58 Finished transferring output files
...
009 (1094747.089.000) 12/26 21:24:59 Job was aborted by the user.
	Job removed by SYSTEM_PERIODIC_REMOVE due to wall time exceeded allowed max.
...
