000 (1094747.218.000) 12/26 20:16:18 Job submitted from host: <188.185.71.83:9618?addrs=188.185.71.83-9618+[2001-1458-d00-7--100-34d]-9618&alias=bigbird18.cern.ch&noUDP&sock=schedd_3557371_31ee_11>
...
040 (1094747.218.000) 12/26 20:25:16 Started transferring input files
	Transferring to host: <188.184.204.119:9618?addrs=188.184.204.119-9618+[2001-1458-301-7d--100-65]-9618&noUDP&sock=2994_4b33_125294>
...
040 (1094747.218.000) 12/26 20:25:16 Finished transferring input files
...
001 (1094747.218.000) 12/26 20:25:17 Job executing on host: <188.184.204.119:9618?addrs=188.184.204.119-9618+[2001-1458-301-7d--100-65]-9618&noUDP&sock=2179_30f4_3>
...
006 (1094747.218.000) 12/26 20:25:26 Image size of job updated: 15776
	16  -  MemoryUsage of job (MB)
	15600  -  ResidentSetSize of job (KB)
...
006 (1094747.218.000) 12/26 20:30:27 Image size of job updated: 15856
	16  -  MemoryUsage of job (MB)
	15680  -  ResidentSetSize of job (KB)
...
006 (1094747.218.000) 12/26 20:35:27 Image size of job updated: 15936
	16  -  MemoryUsage of job (MB)
	15760  -  ResidentSetSize of job (KB)
...
006 (1094747.218.000) 12/26 20:40:28 Image size of job updated: 16000
	16  -  MemoryUsage of job (MB)
	15824  -  ResidentSetSize of job (KB)
...
006 (1094747.218.000) 12/26 20:50:29 Image size of job updated: 16184
	16  -  MemoryUsage of job (MB)
	16008  -  ResidentSetSize of job (KB)
...
006 (1094747.218.000) 12/26 20:55:30 Image size of job updated: 16272
	16  -  MemoryUsage of job (MB)
	16096  -  ResidentSetSize of job (KB)
...
006 (1094747.218.000) 12/26 21:00:31 Image size of job updated: 16424
	16  -  MemoryUsage of job (MB)
	16248  -  ResidentSetSize of job (KB)
...
006 (1094747.218.000) 12/26 21:05:31 Image size of job updated: 16580
	17  -  MemoryUsage of job (MB)
	16404  -  ResidentSetSize of job (KB)
...
040 (1094747.218.000) 12/26 21:07:44 Started transferring output files
...
040 (1094747.218.000) 12/26 21:07:44 Finished transferring output files
...
005 (1094747.218.000) 12/26 21:07:44 Job terminated.
	(1) Normal termination (return value 0)
		Usr 0 00:01:13, Sys 0 00:00:39  -  Run Remote Usage
		Usr 0 00:00:00, Sys 0 00:00:00  -  Run Local Usage
		Usr 0 00:01:13, Sys 0 00:00:39  -  Total Remote Usage
		Usr 0 00:00:00, Sys 0 00:00:00  -  Total Local Usage
	166361  -  Run Bytes Sent By Job
	460069  -  Run Bytes Received By Job
	166361  -  Total Bytes Sent By Job
	460069  -  Total Bytes Received By Job
	Partitionable Resources :    Usage  Request Allocated 
	   Cpus                 :     0.18        1         1 
	   Disk (KB)            :   633         450    215754 
	   Memory (MB)          :    17        2000      2000 
...
