000 (1094747.184.000) 12/26 20:16:18 Job submitted from host: <188.185.71.83:9618?addrs=188.185.71.83-9618+[2001-1458-d00-7--100-34d]-9618&alias=bigbird18.cern.ch&noUDP&sock=schedd_3557371_31ee_11>
...
040 (1094747.184.000) 12/26 20:25:01 Started transferring input files
	Transferring to host: <188.184.198.50:9618?addrs=188.184.198.50-9618+[2001-1458-301-c1--100-99]-9618&noUDP&sock=17669_28a8_33531>
...
040 (1094747.184.000) 12/26 20:25:02 Finished transferring input files
...
001 (1094747.184.000) 12/26 20:25:03 Job executing on host: <188.184.198.50:9618?addrs=188.184.198.50-9618+[2001-1458-301-c1--100-99]-9618&noUDP&sock=17533_c215_3>
...
006 (1094747.184.000) 12/26 20:25:11 Image size of job updated: 15748
	16  -  MemoryUsage of job (MB)
	15572  -  ResidentSetSize of job (KB)
...
006 (1094747.184.000) 12/26 20:30:11 Image size of job updated: 15812
	16  -  MemoryUsage of job (MB)
	15636  -  ResidentSetSize of job (KB)
...
006 (1094747.184.000) 12/26 20:35:12 Image size of job updated: 15876
	16  -  MemoryUsage of job (MB)
	15700  -  ResidentSetSize of job (KB)
...
006 (1094747.184.000) 12/26 20:40:12 Image size of job updated: 15960
	16  -  MemoryUsage of job (MB)
	15784  -  ResidentSetSize of job (KB)
...
006 (1094747.184.000) 12/26 20:50:14 Image size of job updated: 16124
	16  -  MemoryUsage of job (MB)
	16060  -  ResidentSetSize of job (KB)
...
006 (1094747.184.000) 12/26 21:00:15 Image size of job updated: 16324
	16  -  MemoryUsage of job (MB)
	16148  -  ResidentSetSize of job (KB)
...
006 (1094747.184.000) 12/26 21:05:16 Image size of job updated: 16472
	16  -  MemoryUsage of job (MB)
	16296  -  ResidentSetSize of job (KB)
...
006 (1094747.184.000) 12/26 21:09:39 Image size of job updated: 27208
	16  -  MemoryUsage of job (MB)
	16296  -  ResidentSetSize of job (KB)
...
040 (1094747.184.000) 12/26 21:09:39 Started transferring output files
...
040 (1094747.184.000) 12/26 21:09:39 Finished transferring output files
...
005 (1094747.184.000) 12/26 21:09:39 Job terminated.
	(1) Normal termination (return value 0)
		Usr 0 00:01:16, Sys 0 00:00:41  -  Run Remote Usage
		Usr 0 00:00:00, Sys 0 00:00:00  -  Run Local Usage
		Usr 0 00:01:16, Sys 0 00:00:41  -  Total Remote Usage
		Usr 0 00:00:00, Sys 0 00:00:00  -  Total Local Usage
	166362  -  Run Bytes Sent By Job
	460070  -  Run Bytes Received By Job
	166362  -  Total Bytes Sent By Job
	460070  -  Total Bytes Received By Job
	Partitionable Resources :    Usage  Request Allocated 
	   Cpus                 :     0.03        1         1 
	   Disk (KB)            :   633         450    277226 
	   Memory (MB)          :    16        2000      2000 
...
