000 (1094747.216.000) 12/26 20:16:18 Job submitted from host: <188.185.71.83:9618?addrs=188.185.71.83-9618+[2001-1458-d00-7--100-34d]-9618&alias=bigbird18.cern.ch&noUDP&sock=schedd_3557371_31ee_11>
...
040 (1094747.216.000) 12/26 20:25:13 Started transferring input files
	Transferring to host: <128.142.80.236:9618?addrs=128.142.80.236-9618+[2001-1458-301-f5--100-220]-9618&noUDP&sock=15014_789c_6492>
...
040 (1094747.216.000) 12/26 20:25:13 Finished transferring input files
...
001 (1094747.216.000) 12/26 20:25:14 Job executing on host: <128.142.80.236:9618?addrs=128.142.80.236-9618+[2001-1458-301-f5--100-220]-9618&noUDP&sock=14856_8f0d_3>
...
006 (1094747.216.000) 12/26 20:25:23 Image size of job updated: 15748
	16  -  MemoryUsage of job (MB)
	15572  -  ResidentSetSize of job (KB)
...
006 (1094747.216.000) 12/26 20:30:23 Image size of job updated: 15848
	16  -  MemoryUsage of job (MB)
	15672  -  ResidentSetSize of job (KB)
...
006 (1094747.216.000) 12/26 20:35:23 Image size of job updated: 15940
	16  -  MemoryUsage of job (MB)
	15764  -  ResidentSetSize of job (KB)
...
006 (1094747.216.000) 12/26 20:40:24 Image size of job updated: 16016
	16  -  MemoryUsage of job (MB)
	15840  -  ResidentSetSize of job (KB)
...
006 (1094747.216.000) 12/26 20:45:25 Image size of job updated: 16104
	16  -  MemoryUsage of job (MB)
	15928  -  ResidentSetSize of job (KB)
...
006 (1094747.216.000) 12/26 20:50:25 Image size of job updated: 16192
	16  -  MemoryUsage of job (MB)
	16016  -  ResidentSetSize of job (KB)
...
006 (1094747.216.000) 12/26 20:55:26 Image size of job updated: 16284
	16  -  MemoryUsage of job (MB)
	16104  -  ResidentSetSize of job (KB)
...
006 (1094747.216.000) 12/26 21:00:27 Image size of job updated: 16428
	16  -  MemoryUsage of job (MB)
	16248  -  ResidentSetSize of job (KB)
...
006 (1094747.216.000) 12/26 21:05:27 Image size of job updated: 16600
	17  -  MemoryUsage of job (MB)
	16420  -  ResidentSetSize of job (KB)
...
006 (1094747.216.000) 12/26 21:06:49 Image size of job updated: 80404
	17  -  MemoryUsage of job (MB)
	16420  -  ResidentSetSize of job (KB)
...
040 (1094747.216.000) 12/26 21:06:49 Started transferring output files
...
040 (1094747.216.000) 12/26 21:06:49 Finished transferring output files
...
005 (1094747.216.000) 12/26 21:06:49 Job terminated.
	(1) Normal termination (return value 0)
		Usr 0 00:00:51, Sys 0 00:00:32  -  Run Remote Usage
		Usr 0 00:00:00, Sys 0 00:00:00  -  Run Local Usage
		Usr 0 00:00:51, Sys 0 00:00:32  -  Total Remote Usage
		Usr 0 00:00:00, Sys 0 00:00:00  -  Total Local Usage
	166359  -  Run Bytes Sent By Job
	460068  -  Run Bytes Received By Job
	166359  -  Total Bytes Sent By Job
	460068  -  Total Bytes Received By Job
	Partitionable Resources :    Usage  Request Allocated 
	   Cpus                 :        0        1         1 
	   Disk (KB)            :      633      450    434795 
	   Memory (MB)          :       17     2000      2000 
...
