000 (1094747.054.000) 12/26 20:16:18 Job submitted from host: <188.185.71.83:9618?addrs=188.185.71.83-9618+[2001-1458-d00-7--100-34d]-9618&alias=bigbird18.cern.ch&noUDP&sock=schedd_3557371_31ee_11>
...
040 (1094747.054.000) 12/26 20:24:20 Started transferring input files
	Transferring to host: <128.142.68.229:9618?addrs=128.142.68.229-9618&noUDP&sock=3306_2040_67317>
...
040 (1094747.054.000) 12/26 20:24:20 Finished transferring input files
...
001 (1094747.054.000) 12/26 20:24:21 Job executing on host: <128.142.68.229:9618?addrs=128.142.68.229-9618&noUDP&sock=2156_6a47_3>
...
006 (1094747.054.000) 12/26 20:24:30 Image size of job updated: 15768
	16  -  MemoryUsage of job (MB)
	15592  -  ResidentSetSize of job (KB)
...
006 (1094747.054.000) 12/26 20:29:31 Image size of job updated: 15868
	16  -  MemoryUsage of job (MB)
	15692  -  ResidentSetSize of job (KB)
...
006 (1094747.054.000) 12/26 20:39:31 Image size of job updated: 16160
	16  -  MemoryUsage of job (MB)
	15984  -  ResidentSetSize of job (KB)
...
006 (1094747.054.000) 12/26 20:44:32 Image size of job updated: 16292
	16  -  MemoryUsage of job (MB)
	16116  -  ResidentSetSize of job (KB)
...
006 (1094747.054.000) 12/26 20:49:32 Image size of job updated: 16428
	16  -  MemoryUsage of job (MB)
	16252  -  ResidentSetSize of job (KB)
...
006 (1094747.054.000) 12/26 20:54:33 Image size of job updated: 16584
	17  -  MemoryUsage of job (MB)
	16408  -  ResidentSetSize of job (KB)
...
006 (1094747.054.000) 12/26 20:58:04 Image size of job updated: 184492
	17  -  MemoryUsage of job (MB)
	16408  -  ResidentSetSize of job (KB)
...
040 (1094747.054.000) 12/26 20:58:04 Started transferring output files
...
040 (1094747.054.000) 12/26 20:58:04 Finished transferring output files
...
005 (1094747.054.000) 12/26 20:58:04 Job terminated.
	(1) Normal termination (return value 0)
		Usr 0 00:01:58, Sys 0 00:00:46  -  Run Remote Usage
		Usr 0 00:00:00, Sys 0 00:00:00  -  Run Local Usage
		Usr 0 00:01:58, Sys 0 00:00:46  -  Total Remote Usage
		Usr 0 00:00:00, Sys 0 00:00:00  -  Total Local Usage
	177563  -  Run Bytes Sent By Job
	459969  -  Run Bytes Received By Job
	177563  -  Total Bytes Sent By Job
	459969  -  Total Bytes Received By Job
	Partitionable Resources :    Usage  Request Allocated 
	   Cpus                 :     0.05        1         1 
	   Disk (KB)            :   644         450    266822 
	   Memory (MB)          :    17        2000      2000 
...
