000 (1094747.075.000) 12/26 20:16:18 Job submitted from host: <188.185.71.83:9618?addrs=188.185.71.83-9618+[2001-1458-d00-7--100-34d]-9618&alias=bigbird18.cern.ch&noUDP&sock=schedd_3557371_31ee_11>
...
022 (1094747.075.000) 12/26 20:24:57 Job disconnected, attempting to reconnect
    Socket between submit and execute hosts closed unexpectedly
    Trying to reconnect to slot1_1@b7s08n3326.cern.ch <128.142.127.145:9618?addrs=128.142.127.145-9618+[2001-1458-301-c3--100-68]-9618&noUDP&sock=17630_4ac5_3>
...
024 (1094747.075.000) 12/26 20:24:57 Job reconnection failed
    Job not found at execution machine
    Can not reconnect to slot1_1@b7s08n3326.cern.ch, rescheduling job
...
040 (1094747.075.000) 12/26 20:25:20 Started transferring input files
	Transferring to host: <128.142.107.230:9618?addrs=128.142.107.230-9618+[2001-1458-301-8b--100-65d]-9618&noUDP&sock=17748_d24b_48779>
...
040 (1094747.075.000) 12/26 20:25:20 Finished transferring input files
...
001 (1094747.075.000) 12/26 20:25:21 Job executing on host: <128.142.107.230:9618?addrs=128.142.107.230-9618+[2001-1458-301-8b--100-65d]-9618&noUDP&sock=17613_a1a9_3>
...
006 (1094747.075.000) 12/26 20:25:30 Image size of job updated: 15860
	16  -  MemoryUsage of job (MB)
	15584  -  ResidentSetSize of job (KB)
...
006 (1094747.075.000) 12/26 20:30:31 Image size of job updated: 15912
	16  -  MemoryUsage of job (MB)
	15736  -  ResidentSetSize of job (KB)
...
006 (1094747.075.000) 12/26 20:35:31 Image size of job updated: 16052
	16  -  MemoryUsage of job (MB)
	15876  -  ResidentSetSize of job (KB)
...
006 (1094747.075.000) 12/26 20:40:31 Image size of job updated: 16180
	16  -  MemoryUsage of job (MB)
	16004  -  ResidentSetSize of job (KB)
...
006 (1094747.075.000) 12/26 20:45:31 Image size of job updated: 16312
	16  -  MemoryUsage of job (MB)
	16136  -  ResidentSetSize of job (KB)
...
006 (1094747.075.000) 12/26 20:50:32 Image size of job updated: 16484
	16  -  MemoryUsage of job (MB)
	16308  -  ResidentSetSize of job (KB)
...
006 (1094747.075.000) 12/26 20:55:33 Image size of job updated: 16632
	17  -  MemoryUsage of job (MB)
	16456  -  ResidentSetSize of job (KB)
...
006 (1094747.075.000) 12/26 20:56:54 Image size of job updated: 185028
	17  -  MemoryUsage of job (MB)
	16456  -  ResidentSetSize of job (KB)
...
040 (1094747.075.000) 12/26 20:56:54 Started transferring output files
...
040 (1094747.075.000) 12/26 20:56:54 Finished transferring output files
...
005 (1094747.075.000) 12/26 20:56:54 Job terminated.
	(1) Normal termination (return value 0)
		Usr 0 00:01:57, Sys 0 00:00:41  -  Run Remote Usage
		Usr 0 00:00:00, Sys 0 00:00:00  -  Run Local Usage
		Usr 0 00:01:57, Sys 0 00:00:41  -  Total Remote Usage
		Usr 0 00:00:00, Sys 0 00:00:00  -  Total Local Usage
	177561  -  Run Bytes Sent By Job
	459970  -  Run Bytes Received By Job
	177561  -  Total Bytes Sent By Job
	459970  -  Total Bytes Received By Job
	Partitionable Resources :    Usage  Request Allocated 
	   Cpus                 :     0.80        1         1 
	   Disk (KB)            :   645         450    220090 
	   Memory (MB)          :    17        2000      2000 
...
