000 (1094747.161.000) 12/26 20:16:18 Job submitted from host: <188.185.71.83:9618?addrs=188.185.71.83-9618+[2001-1458-d00-7--100-34d]-9618&alias=bigbird18.cern.ch&noUDP&sock=schedd_3557371_31ee_11>
...
040 (1094747.161.000) 12/26 20:24:52 Started transferring input files
	Transferring to host: <128.142.149.29:9618?addrs=128.142.149.29-9618+[2001-1458-301-b--100-22f]-9618&noUDP&sock=21553_c9c6_134506>
...
040 (1094747.161.000) 12/26 20:24:52 Finished transferring input files
...
001 (1094747.161.000) 12/26 20:24:53 Job executing on host: <128.142.149.29:9618?addrs=128.142.149.29-9618+[2001-1458-301-b--100-22f]-9618&noUDP&sock=6432_653e_3>
...
006 (1094747.161.000) 12/26 20:25:02 Image size of job updated: 15748
	16  -  MemoryUsage of job (MB)
	15572  -  ResidentSetSize of job (KB)
...
006 (1094747.161.000) 12/26 20:30:03 Image size of job updated: 15880
	16  -  MemoryUsage of job (MB)
	15704  -  ResidentSetSize of job (KB)
...
006 (1094747.161.000) 12/26 20:35:03 Image size of job updated: 16008
	16  -  MemoryUsage of job (MB)
	15832  -  ResidentSetSize of job (KB)
...
006 (1094747.161.000) 12/26 20:45:05 Image size of job updated: 16288
	16  -  MemoryUsage of job (MB)
	16112  -  ResidentSetSize of job (KB)
...
006 (1094747.161.000) 12/26 20:50:05 Image size of job updated: 16436
	16  -  MemoryUsage of job (MB)
	16260  -  ResidentSetSize of job (KB)
...
006 (1094747.161.000) 12/26 20:55:06 Image size of job updated: 16600
	17  -  MemoryUsage of job (MB)
	16424  -  ResidentSetSize of job (KB)
...
006 (1094747.161.000) 12/26 20:55:53 Image size of job updated: 93540
	17  -  MemoryUsage of job (MB)
	16424  -  ResidentSetSize of job (KB)
...
040 (1094747.161.000) 12/26 20:55:53 Started transferring output files
...
040 (1094747.161.000) 12/26 20:55:53 Finished transferring output files
...
005 (1094747.161.000) 12/26 20:55:53 Job terminated.
	(1) Normal termination (return value 0)
		Usr 0 00:01:19, Sys 0 00:00:45  -  Run Remote Usage
		Usr 0 00:00:00, Sys 0 00:00:00  -  Run Local Usage
		Usr 0 00:01:19, Sys 0 00:00:45  -  Total Remote Usage
		Usr 0 00:00:00, Sys 0 00:00:00  -  Total Local Usage
	166357  -  Run Bytes Sent By Job
	460067  -  Run Bytes Received By Job
	166357  -  Total Bytes Sent By Job
	460067  -  Total Bytes Received By Job
	Partitionable Resources :    Usage  Request Allocated 
	   Cpus                 :     0.14        1         1 
	   Disk (KB)            :   634         450    344142 
	   Memory (MB)          :    17        2000      2000 
...
