000 (1094747.206.000) 12/26 20:16:18 Job submitted from host: <188.185.71.83:9618?addrs=188.185.71.83-9618+[2001-1458-d00-7--100-34d]-9618&alias=bigbird18.cern.ch&noUDP&sock=schedd_3557371_31ee_11>
...
040 (1094747.206.000) 12/26 20:25:17 Started transferring input files
	Transferring to host: <188.185.105.128:9618?addrs=188.185.105.128-9618+[2001-1458-d00-3e--100-386]-9618&noUDP&sock=16268_070f_33897>
...
040 (1094747.206.000) 12/26 20:25:17 Finished transferring input files
...
001 (1094747.206.000) 12/26 20:25:18 Job executing on host: <188.185.105.128:9618?addrs=188.185.105.128-9618+[2001-1458-d00-3e--100-386]-9618&noUDP&sock=16132_c9e6_3>
...
006 (1094747.206.000) 12/26 20:25:26 Image size of job updated: 15724
	16  -  MemoryUsage of job (MB)
	15548  -  ResidentSetSize of job (KB)
...
006 (1094747.206.000) 12/26 20:30:26 Image size of job updated: 15832
	16  -  MemoryUsage of job (MB)
	15656  -  ResidentSetSize of job (KB)
...
006 (1094747.206.000) 12/26 20:35:27 Image size of job updated: 15920
	16  -  MemoryUsage of job (MB)
	15744  -  ResidentSetSize of job (KB)
...
006 (1094747.206.000) 12/26 20:40:28 Image size of job updated: 16012
	16  -  MemoryUsage of job (MB)
	15836  -  ResidentSetSize of job (KB)
...
006 (1094747.206.000) 12/26 20:45:28 Image size of job updated: 16088
	16  -  MemoryUsage of job (MB)
	15912  -  ResidentSetSize of job (KB)
...
006 (1094747.206.000) 12/26 20:50:28 Image size of job updated: 16176
	16  -  MemoryUsage of job (MB)
	16000  -  ResidentSetSize of job (KB)
...
006 (1094747.206.000) 12/26 20:55:30 Image size of job updated: 16264
	16  -  MemoryUsage of job (MB)
	16088  -  ResidentSetSize of job (KB)
...
006 (1094747.206.000) 12/26 21:00:30 Image size of job updated: 16412
	16  -  MemoryUsage of job (MB)
	16236  -  ResidentSetSize of job (KB)
...
006 (1094747.206.000) 12/26 21:05:30 Image size of job updated: 16564
	17  -  MemoryUsage of job (MB)
	16388  -  ResidentSetSize of job (KB)
...
006 (1094747.206.000) 12/26 21:07:14 Image size of job updated: 447064
	17  -  MemoryUsage of job (MB)
	16388  -  ResidentSetSize of job (KB)
...
040 (1094747.206.000) 12/26 21:07:14 Started transferring output files
...
040 (1094747.206.000) 12/26 21:07:14 Finished transferring output files
...
005 (1094747.206.000) 12/26 21:07:15 Job terminated.
	(1) Normal termination (return value 0)
		Usr 0 00:00:47, Sys 0 00:00:29  -  Run Remote Usage
		Usr 0 00:00:00, Sys 0 00:00:00  -  Run Local Usage
		Usr 0 00:00:47, Sys 0 00:00:29  -  Total Remote Usage
		Usr 0 00:00:00, Sys 0 00:00:00  -  Total Local Usage
	166358  -  Run Bytes Sent By Job
	460067  -  Run Bytes Received By Job
	166358  -  Total Bytes Sent By Job
	460067  -  Total Bytes Received By Job
	Partitionable Resources :    Usage  Request Allocated 
	   Cpus                 :     0.07        1         1 
	   Disk (KB)            :   633         450    594359 
	   Memory (MB)          :    17        2000      2000 
...
