000 (1094747.003.000) 12/26 20:16:18 Job submitted from host: <188.185.71.83:9618?addrs=188.185.71.83-9618+[2001-1458-d00-7--100-34d]-9618&alias=bigbird18.cern.ch&noUDP&sock=schedd_3557371_31ee_11>
...
040 (1094747.003.000) 12/26 20:19:14 Started transferring input files
	Transferring to host: <128.142.64.203:9618?addrs=128.142.64.203-9618&noUDP&sock=2641_92c4_67553>
...
040 (1094747.003.000) 12/26 20:19:14 Finished transferring input files
...
001 (1094747.003.000) 12/26 20:19:15 Job executing on host: <128.142.64.203:9618?addrs=128.142.64.203-9618&noUDP&sock=2056_d2ce_3>
...
006 (1094747.003.000) 12/26 20:19:23 Image size of job updated: 2844
	3  -  MemoryUsage of job (MB)
	2668  -  ResidentSetSize of job (KB)
...
006 (1094747.003.000) 12/26 20:24:23 Image size of job updated: 146312
	112  -  MemoryUsage of job (MB)
	114036  -  ResidentSetSize of job (KB)
...
006 (1094747.003.000) 12/26 20:27:29 Image size of job updated: 161736
	112  -  MemoryUsage of job (MB)
	114036  -  ResidentSetSize of job (KB)
...
040 (1094747.003.000) 12/26 20:27:29 Started transferring output files
...
040 (1094747.003.000) 12/26 20:27:29 Finished transferring output files
...
005 (1094747.003.000) 12/26 20:27:30 Job terminated.
	(1) Normal termination (return value 0)
		Usr 0 00:03:15, Sys 0 00:00:45  -  Run Remote Usage
		Usr 0 00:00:00, Sys 0 00:00:00  -  Run Local Usage
		Usr 0 00:03:15, Sys 0 00:00:45  -  Total Remote Usage
		Usr 0 00:00:00, Sys 0 00:00:00  -  Total Local Usage
	168601  -  Run Bytes Sent By Job
	460044  -  Run Bytes Received By Job
	168601  -  Total Bytes Sent By Job
	460044  -  Total Bytes Received By Job
	Partitionable Resources :    Usage  Request Allocated 
	   Cpus                 :     0.80        1         1 
	   Disk (KB)            :   635         450    182832 
	   Memory (MB)          :   112        2000      2000 
...
