[7.002MB/7.002MB][100%][==================================================][7.002MB/s]  [7.002MB/7.002MB][100%][==================================================][7.002MB/s]  
Error in <TChain::SetBranchAddress>: unknown branch -> Electron_vidNestedWPBitmapHEEP
Error in <TChain::SetBranchAddress>: unknown branch -> FatJet_btagDDBvL_noMD
Error in <TChain::SetBranchAddress>: unknown branch -> FatJet_btagDDCvB_noMD
Error in <TChain::SetBranchAddress>: unknown branch -> FatJet_btagDDCvL_noMD
Error in <TChain::SetBranchAddress>: unknown branch -> Muon_fsrPhotonIdx
Error in <TTree::SetBranchStatus>: unknown branch -> Electron_vidNestedWPBitmapHEEP
Error in <TTree::SetBranchStatus>: unknown branch -> FatJet_btagDDBvL_noMD
Error in <TTree::SetBranchStatus>: unknown branch -> FatJet_btagDDCvB_noMD
Error in <TTree::SetBranchStatus>: unknown branch -> FatJet_btagDDCvL_noMD
Error in <TTree::SetBranchStatus>: unknown branch -> Muon_fsrPhotonIdx
Error in <TTree::SetBranchStatus>: unknown branch -> Electron_vidNestedWPBitmapHEEP
Error in <TTree::SetBranchStatus>: unknown branch -> FatJet_btagDDBvL_noMD
Error in <TTree::SetBranchStatus>: unknown branch -> FatJet_btagDDCvB_noMD
Error in <TTree::SetBranchStatus>: unknown branch -> FatJet_btagDDCvL_noMD
Error in <TTree::SetBranchStatus>: unknown branch -> Muon_fsrPhotonIdx
Error in <TTree::SetBranchStatus>: unknown branch -> Electron_vidNestedWPBitmapHEEP
Error in <TTree::SetBranchStatus>: unknown branch -> FatJet_btagDDBvL_noMD
Error in <TTree::SetBranchStatus>: unknown branch -> FatJet_btagDDCvB_noMD
Error in <TTree::SetBranchStatus>: unknown branch -> FatJet_btagDDCvL_noMD
Error in <TTree::SetBranchStatus>: unknown branch -> Muon_fsrPhotonIdx
Error in <TTree::SetBranchStatus>: unknown branch -> Electron_vidNestedWPBitmapHEEP
Error in <TTree::SetBranchStatus>: unknown branch -> FatJet_btagDDBvL_noMD
Error in <TTree::SetBranchStatus>: unknown branch -> FatJet_btagDDCvB_noMD
Error in <TTree::SetBranchStatus>: unknown branch -> FatJet_btagDDCvL_noMD
Error in <TTree::SetBranchStatus>: unknown branch -> Muon_fsrPhotonIdx
Error in <TTree::SetBranchStatus>: unknown branch -> Electron_vidNestedWPBitmapHEEP
Error in <TTree::SetBranchStatus>: unknown branch -> FatJet_btagDDBvL_noMD
Error in <TTree::SetBranchStatus>: unknown branch -> FatJet_btagDDCvB_noMD
Error in <TTree::SetBranchStatus>: unknown branch -> FatJet_btagDDCvL_noMD
Error in <TTree::SetBranchStatus>: unknown branch -> Muon_fsrPhotonIdx
[217.3kB/217.3kB][100%][==================================================][217.3kB/s]  [217.3kB/217.3kB][100%][==================================================][217.3kB/s]  
xrdcp: No such file or directory processing ../Analyzed_Files_Nano_AOD/UL17_Bkg/root_file_list/QCD*.root
xrdcp: No such file or directory processing ../Analyzed_Files_Nano_AOD/UL17_Bkg/root_file_list/WJets_LNu*.root
xrdcp: No such file or directory processing ../Analyzed_Files_Nano_AOD/UL17_Bkg/root_file_list/DYJetsToLL_*.root
