000 (1094747.130.000) 12/26 20:16:18 Job submitted from host: <188.185.71.83:9618?addrs=188.185.71.83-9618+[2001-1458-d00-7--100-34d]-9618&alias=bigbird18.cern.ch&noUDP&sock=schedd_3557371_31ee_11>
...
040 (1094747.130.000) 12/26 20:25:00 Started transferring input files
	Transferring to host: <128.142.76.199:9618?addrs=128.142.76.199-9618+[2001-1458-301-f4--100-1d7]-9618&noUDP&sock=16440_3796_5239>
...
040 (1094747.130.000) 12/26 20:25:00 Finished transferring input files
...
001 (1094747.130.000) 12/26 20:25:01 Job executing on host: <128.142.76.199:9618?addrs=128.142.76.199-9618+[2001-1458-301-f4--100-1d7]-9618&noUDP&sock=16284_0c4b_3>
...
006 (1094747.130.000) 12/26 20:25:11 Image size of job updated: 4976
	5  -  MemoryUsage of job (MB)
	4976  -  ResidentSetSize of job (KB)
...
006 (1094747.130.000) 12/26 20:30:11 Image size of job updated: 15804
	16  -  MemoryUsage of job (MB)
	15624  -  ResidentSetSize of job (KB)
...
006 (1094747.130.000) 12/26 20:40:13 Image size of job updated: 15916
	16  -  MemoryUsage of job (MB)
	15736  -  ResidentSetSize of job (KB)
...
006 (1094747.130.000) 12/26 20:45:13 Image size of job updated: 15964
	16  -  MemoryUsage of job (MB)
	15784  -  ResidentSetSize of job (KB)
...
006 (1094747.130.000) 12/26 20:50:13 Image size of job updated: 16036
	16  -  MemoryUsage of job (MB)
	15856  -  ResidentSetSize of job (KB)
...
006 (1094747.130.000) 12/26 20:55:14 Image size of job updated: 16104
	16  -  MemoryUsage of job (MB)
	15924  -  ResidentSetSize of job (KB)
...
006 (1094747.130.000) 12/26 21:00:14 Image size of job updated: 16180
	16  -  MemoryUsage of job (MB)
	16000  -  ResidentSetSize of job (KB)
...
006 (1094747.130.000) 12/26 21:05:16 Image size of job updated: 16256
	16  -  MemoryUsage of job (MB)
	16076  -  ResidentSetSize of job (KB)
...
006 (1094747.130.000) 12/26 21:10:16 Image size of job updated: 16376
	16  -  MemoryUsage of job (MB)
	16196  -  ResidentSetSize of job (KB)
...
040 (1094747.130.000) 12/26 21:23:59 Started transferring output files
...
040 (1094747.130.000) 12/26 21:23:59 Finished transferring output files
...
005 (1094747.130.000) 12/26 21:23:59 Job terminated.
	(1) Normal termination (return value 0)
		Usr 0 00:01:16, Sys 0 00:00:49  -  Run Remote Usage
		Usr 0 00:00:00, Sys 0 00:00:00  -  Run Local Usage
		Usr 0 00:01:16, Sys 0 00:00:49  -  Total Remote Usage
		Usr 0 00:00:00, Sys 0 00:00:00  -  Total Local Usage
	166306  -  Run Bytes Sent By Job
	460043  -  Run Bytes Received By Job
	166306  -  Total Bytes Sent By Job
	460043  -  Total Bytes Received By Job
	Partitionable Resources :    Usage  Request Allocated 
	   Cpus                 :     0.05        1         1 
	   Disk (KB)            :   633         450    411740 
	   Memory (MB)          :    16        2000      2000 
...
