000 (1094747.213.000) 12/26 20:16:18 Job submitted from host: <188.185.71.83:9618?addrs=188.185.71.83-9618+[2001-1458-d00-7--100-34d]-9618&alias=bigbird18.cern.ch&noUDP&sock=schedd_3557371_31ee_11>
...
040 (1094747.213.000) 12/26 20:25:17 Started transferring input files
	Transferring to host: <128.142.79.3:9618?addrs=128.142.79.3-9618+[2001-1458-301-f4--100-179]-9618&noUDP&sock=16776_f5a3_5434>
...
040 (1094747.213.000) 12/26 20:25:17 Finished transferring input files
...
001 (1094747.213.000) 12/26 20:25:18 Job executing on host: <128.142.79.3:9618?addrs=128.142.79.3-9618+[2001-1458-301-f4--100-179]-9618&noUDP&sock=16620_841e_3>
...
006 (1094747.213.000) 12/26 20:25:27 Image size of job updated: 19340
	19  -  MemoryUsage of job (MB)
	19340  -  ResidentSetSize of job (KB)
...
006 (1094747.213.000) 12/26 20:30:28 Image size of job updated: 19340
	19  -  MemoryUsage of job (MB)
	19360  -  ResidentSetSize of job (KB)
...
006 (1094747.213.000) 12/26 21:23:55 Image size of job updated: 29880
	19  -  MemoryUsage of job (MB)
	19360  -  ResidentSetSize of job (KB)
...
040 (1094747.213.000) 12/26 21:23:55 Started transferring output files
...
040 (1094747.213.000) 12/26 21:23:55 Finished transferring output files
...
005 (1094747.213.000) 12/26 21:23:56 Job terminated.
	(1) Normal termination (return value 0)
		Usr 0 00:01:20, Sys 0 00:00:53  -  Run Remote Usage
		Usr 0 00:00:00, Sys 0 00:00:00  -  Run Local Usage
		Usr 0 00:01:20, Sys 0 00:00:53  -  Total Remote Usage
		Usr 0 00:00:00, Sys 0 00:00:00  -  Total Local Usage
	166361  -  Run Bytes Sent By Job
	460069  -  Run Bytes Received By Job
	166361  -  Total Bytes Sent By Job
	460069  -  Total Bytes Received By Job
	Partitionable Resources :    Usage  Request Allocated 
	   Cpus                 :     0.11        1         1 
	   Disk (KB)            :   633         450    431458 
	   Memory (MB)          :    19        2000      2000 
...
