000 (1094747.041.000) 12/26 20:16:18 Job submitted from host: <188.185.71.83:9618?addrs=188.185.71.83-9618+[2001-1458-d00-7--100-34d]-9618&alias=bigbird18.cern.ch&noUDP&sock=schedd_3557371_31ee_11>
...
040 (1094747.041.000) 12/26 20:24:18 Started transferring input files
	Transferring to host: <128.142.68.219:9618?addrs=128.142.68.219-9618&noUDP&sock=3271_771e_68190>
...
040 (1094747.041.000) 12/26 20:24:18 Finished transferring input files
...
001 (1094747.041.000) 12/26 20:24:19 Job executing on host: <128.142.68.219:9618?addrs=128.142.68.219-9618&noUDP&sock=2216_91f5_3>
...
006 (1094747.041.000) 12/26 20:24:27 Image size of job updated: 15816
	16  -  MemoryUsage of job (MB)
	15608  -  ResidentSetSize of job (KB)
...
006 (1094747.041.000) 12/26 20:29:27 Image size of job updated: 16040
	16  -  MemoryUsage of job (MB)
	15832  -  ResidentSetSize of job (KB)
...
006 (1094747.041.000) 12/26 20:34:28 Image size of job updated: 16152
	16  -  MemoryUsage of job (MB)
	15944  -  ResidentSetSize of job (KB)
...
006 (1094747.041.000) 12/26 20:44:28 Image size of job updated: 16444
	16  -  MemoryUsage of job (MB)
	16236  -  ResidentSetSize of job (KB)
...
006 (1094747.041.000) 12/26 20:49:29 Image size of job updated: 16568
	16  -  MemoryUsage of job (MB)
	16360  -  ResidentSetSize of job (KB)
...
006 (1094747.041.000) 12/26 20:54:29 Image size of job updated: 184056
	129  -  MemoryUsage of job (MB)
	131872  -  ResidentSetSize of job (KB)
...
006 (1094747.041.000) 12/26 20:54:34 Image size of job updated: 184060
	129  -  MemoryUsage of job (MB)
	131872  -  ResidentSetSize of job (KB)
...
040 (1094747.041.000) 12/26 20:54:34 Started transferring output files
...
040 (1094747.041.000) 12/26 20:54:34 Finished transferring output files
...
005 (1094747.041.000) 12/26 20:54:34 Job terminated.
	(1) Normal termination (return value 0)
		Usr 0 00:01:20, Sys 0 00:00:39  -  Run Remote Usage
		Usr 0 00:00:00, Sys 0 00:00:00  -  Run Local Usage
		Usr 0 00:01:20, Sys 0 00:00:39  -  Total Remote Usage
		Usr 0 00:00:00, Sys 0 00:00:00  -  Total Local Usage
	177585  -  Run Bytes Sent By Job
	459984  -  Run Bytes Received By Job
	177585  -  Total Bytes Sent By Job
	459984  -  Total Bytes Received By Job
	Partitionable Resources :    Usage  Request Allocated 
	   Cpus                 :     0.05        1         1 
	   Disk (KB)            :   645         450    252513 
	   Memory (MB)          :   129        2000      2000 
...
