000 (1094747.091.000) 12/26 20:16:18 Job submitted from host: <188.185.71.83:9618?addrs=188.185.71.83-9618+[2001-1458-d00-7--100-34d]-9618&alias=bigbird18.cern.ch&noUDP&sock=schedd_3557371_31ee_11>
...
040 (1094747.091.000) 12/26 20:24:31 Started transferring input files
	Transferring to host: <188.184.68.9:9618?addrs=188.184.68.9-9618&noUDP&sock=22209_ffe0_50899>
...
040 (1094747.091.000) 12/26 20:24:31 Finished transferring input files
...
001 (1094747.091.000) 12/26 20:24:32 Job executing on host: <188.184.68.9:9618?addrs=188.184.68.9-9618&noUDP&sock=20253_73af_10>
...
006 (1094747.091.000) 12/26 20:24:41 Image size of job updated: 15736
	16  -  MemoryUsage of job (MB)
	15560  -  ResidentSetSize of job (KB)
...
006 (1094747.091.000) 12/26 20:29:42 Image size of job updated: 15760
	16  -  MemoryUsage of job (MB)
	15584  -  ResidentSetSize of job (KB)
...
006 (1094747.091.000) 12/26 20:34:42 Image size of job updated: 15796
	16  -  MemoryUsage of job (MB)
	15620  -  ResidentSetSize of job (KB)
...
006 (1094747.091.000) 12/26 20:39:42 Image size of job updated: 15828
	16  -  MemoryUsage of job (MB)
	15652  -  ResidentSetSize of job (KB)
...
006 (1094747.091.000) 12/26 20:44:43 Image size of job updated: 15860
	16  -  MemoryUsage of job (MB)
	15764  -  ResidentSetSize of job (KB)
...
006 (1094747.091.000) 12/26 20:49:43 Image size of job updated: 15876
	16  -  MemoryUsage of job (MB)
	15764  -  ResidentSetSize of job (KB)
...
006 (1094747.091.000) 12/26 20:54:43 Image size of job updated: 15892
	16  -  MemoryUsage of job (MB)
	15764  -  ResidentSetSize of job (KB)
...
006 (1094747.091.000) 12/26 20:59:45 Image size of job updated: 15920
	16  -  MemoryUsage of job (MB)
	15764  -  ResidentSetSize of job (KB)
...
006 (1094747.091.000) 12/26 21:04:45 Image size of job updated: 15948
	16  -  MemoryUsage of job (MB)
	15772  -  ResidentSetSize of job (KB)
...
040 (1094747.091.000) 12/26 21:15:21 Started transferring output files
...
040 (1094747.091.000) 12/26 21:15:21 Finished transferring output files
...
005 (1094747.091.000) 12/26 21:15:22 Job terminated.
	(1) Normal termination (return value 0)
		Usr 0 00:01:17, Sys 0 00:00:56  -  Run Remote Usage
		Usr 0 00:00:00, Sys 0 00:00:00  -  Run Local Usage
		Usr 0 00:01:17, Sys 0 00:00:56  -  Total Remote Usage
		Usr 0 00:00:00, Sys 0 00:00:00  -  Total Local Usage
	170907  -  Run Bytes Sent By Job
	459531  -  Run Bytes Received By Job
	170907  -  Total Bytes Sent By Job
	459531  -  Total Bytes Received By Job
	Partitionable Resources :    Usage  Request Allocated 
	   Cpus                 :     0.09        1         1 
	   Disk (KB)            :   637         450    276425 
	   Memory (MB)          :    16        2000      2000 
...
