000 (1094747.038.000) 12/26 20:16:18 Job submitted from host: <188.185.71.83:9618?addrs=188.185.71.83-9618+[2001-1458-d00-7--100-34d]-9618&alias=bigbird18.cern.ch&noUDP&sock=schedd_3557371_31ee_11>
...
040 (1094747.038.000) 12/26 20:24:18 Started transferring input files
	Transferring to host: <128.142.68.254:9618?addrs=128.142.68.254-9618&noUDP&sock=2562_e921_67584>
...
040 (1094747.038.000) 12/26 20:24:18 Finished transferring input files
...
001 (1094747.038.000) 12/26 20:24:19 Job executing on host: <128.142.68.254:9618?addrs=128.142.68.254-9618&noUDP&sock=2020_2165_3>
...
006 (1094747.038.000) 12/26 20:24:27 Image size of job updated: 15788
	16  -  MemoryUsage of job (MB)
	15612  -  ResidentSetSize of job (KB)
...
006 (1094747.038.000) 12/26 20:29:27 Image size of job updated: 15996
	16  -  MemoryUsage of job (MB)
	15820  -  ResidentSetSize of job (KB)
...
006 (1094747.038.000) 12/26 20:34:28 Image size of job updated: 16144
	16  -  MemoryUsage of job (MB)
	15968  -  ResidentSetSize of job (KB)
...
006 (1094747.038.000) 12/26 20:39:29 Image size of job updated: 16268
	16  -  MemoryUsage of job (MB)
	16092  -  ResidentSetSize of job (KB)
...
006 (1094747.038.000) 12/26 20:44:29 Image size of job updated: 16432
	16  -  MemoryUsage of job (MB)
	16256  -  ResidentSetSize of job (KB)
...
006 (1094747.038.000) 12/26 20:49:30 Image size of job updated: 16560
	16  -  MemoryUsage of job (MB)
	16384  -  ResidentSetSize of job (KB)
...
006 (1094747.038.000) 12/26 20:53:05 Image size of job updated: 179248
	16  -  MemoryUsage of job (MB)
	16384  -  ResidentSetSize of job (KB)
...
040 (1094747.038.000) 12/26 20:53:05 Started transferring output files
...
040 (1094747.038.000) 12/26 20:53:05 Finished transferring output files
...
005 (1094747.038.000) 12/26 20:53:05 Job terminated.
	(1) Normal termination (return value 0)
		Usr 0 00:01:20, Sys 0 00:00:43  -  Run Remote Usage
		Usr 0 00:00:00, Sys 0 00:00:00  -  Run Local Usage
		Usr 0 00:01:20, Sys 0 00:00:43  -  Total Remote Usage
		Usr 0 00:00:00, Sys 0 00:00:00  -  Total Local Usage
	177574  -  Run Bytes Sent By Job
	459979  -  Run Bytes Received By Job
	177574  -  Total Bytes Sent By Job
	459979  -  Total Bytes Received By Job
	Partitionable Resources :    Usage  Request Allocated 
	   Cpus                 :     0.00        1         1 
	   Disk (KB)            :   645         450    151258 
	   Memory (MB)          :    16        2000      2000 
...
