000 (1094747.010.000) 12/26 20:16:18 Job submitted from host: <188.185.71.83:9618?addrs=188.185.71.83-9618+[2001-1458-d00-7--100-34d]-9618&alias=bigbird18.cern.ch&noUDP&sock=schedd_3557371_31ee_11>
...
040 (1094747.010.000) 12/26 20:19:16 Started transferring input files
	Transferring to host: <137.138.43.55:9618?addrs=137.138.43.55-9618+[2001-1458-d00-23--275]-9618&noUDP&sock=15437_834d_16335>
...
040 (1094747.010.000) 12/26 20:19:16 Finished transferring input files
...
001 (1094747.010.000) 12/26 20:19:17 Job executing on host: <137.138.43.55:9618?addrs=137.138.43.55-9618+[2001-1458-d00-23--275]-9618&noUDP&sock=15288_dff7_3>
...
006 (1094747.010.000) 12/26 20:19:26 Image size of job updated: 16380
	15  -  MemoryUsage of job (MB)
	14852  -  ResidentSetSize of job (KB)
...
006 (1094747.010.000) 12/26 20:24:27 Image size of job updated: 168880
	114  -  MemoryUsage of job (MB)
	116656  -  ResidentSetSize of job (KB)
...
040 (1094747.010.000) 12/26 20:28:09 Started transferring output files
...
040 (1094747.010.000) 12/26 20:28:09 Finished transferring output files
...
005 (1094747.010.000) 12/26 20:28:09 Job terminated.
	(1) Normal termination (return value 0)
		Usr 0 00:04:04, Sys 0 00:00:53  -  Run Remote Usage
		Usr 0 00:00:00, Sys 0 00:00:00  -  Run Local Usage
		Usr 0 00:04:04, Sys 0 00:00:53  -  Total Remote Usage
		Usr 0 00:00:00, Sys 0 00:00:00  -  Total Local Usage
	168605  -  Run Bytes Sent By Job
	460045  -  Run Bytes Received By Job
	168605  -  Total Bytes Sent By Job
	460045  -  Total Bytes Received By Job
	Partitionable Resources :    Usage  Request Allocated 
	   Cpus                 :     0.80        1         1 
	   Disk (KB)            :   636         450    410564 
	   Memory (MB)          :   114        2000      2000 
...
