000 (1094747.018.000) 12/26 20:16:18 Job submitted from host: <188.185.71.83:9618?addrs=188.185.71.83-9618+[2001-1458-d00-7--100-34d]-9618&alias=bigbird18.cern.ch&noUDP&sock=schedd_3557371_31ee_11>
...
040 (1094747.018.000) 12/26 20:19:34 Started transferring input files
	Transferring to host: <188.185.105.111:9618?addrs=188.185.105.111-9618+[2001-1458-d00-3e--100-12a]-9618&noUDP&sock=18203_68fd_34060>
...
040 (1094747.018.000) 12/26 20:19:34 Finished transferring input files
...
001 (1094747.018.000) 12/26 20:19:35 Job executing on host: <188.185.105.111:9618?addrs=188.185.105.111-9618+[2001-1458-d00-3e--100-12a]-9618&noUDP&sock=18067_09a8_3>
...
006 (1094747.018.000) 12/26 20:19:46 Image size of job updated: 15764
	16  -  MemoryUsage of job (MB)
	15588  -  ResidentSetSize of job (KB)
...
006 (1094747.018.000) 12/26 20:24:47 Image size of job updated: 175836
	121  -  MemoryUsage of job (MB)
	123652  -  ResidentSetSize of job (KB)
...
006 (1094747.018.000) 12/26 20:26:38 Image size of job updated: 178916
	121  -  MemoryUsage of job (MB)
	123656  -  ResidentSetSize of job (KB)
...
040 (1094747.018.000) 12/26 20:26:38 Started transferring output files
...
040 (1094747.018.000) 12/26 20:26:38 Finished transferring output files
...
005 (1094747.018.000) 12/26 20:26:38 Job terminated.
	(1) Normal termination (return value 0)
		Usr 0 00:01:50, Sys 0 00:00:32  -  Run Remote Usage
		Usr 0 00:00:00, Sys 0 00:00:00  -  Run Local Usage
		Usr 0 00:01:50, Sys 0 00:00:32  -  Total Remote Usage
		Usr 0 00:00:00, Sys 0 00:00:00  -  Total Local Usage
	168593  -  Run Bytes Sent By Job
	460046  -  Run Bytes Received By Job
	168593  -  Total Bytes Sent By Job
	460046  -  Total Bytes Received By Job
	Partitionable Resources :    Usage  Request Allocated 
	   Cpus                 :     0.12        1         1 
	   Disk (KB)            :   635         450    587308 
	   Memory (MB)          :   121        2000      2000 
...
