000 (1094747.110.000) 12/26 20:16:18 Job submitted from host: <188.185.71.83:9618?addrs=188.185.71.83-9618+[2001-1458-d00-7--100-34d]-9618&alias=bigbird18.cern.ch&noUDP&sock=schedd_3557371_31ee_11>
...
040 (1094747.110.000) 12/26 20:25:13 Started transferring input files
	Transferring to host: <188.184.197.93:9618?addrs=188.184.197.93-9618+[2001-1458-301-103--100-241]-9618&noUDP&sock=18710_a332_44043>
...
040 (1094747.110.000) 12/26 20:25:13 Finished transferring input files
...
001 (1094747.110.000) 12/26 20:25:14 Job executing on host: <188.184.197.93:9618?addrs=188.184.197.93-9618+[2001-1458-301-103--100-241]-9618&noUDP&sock=18575_7bc4_3>
...
006 (1094747.110.000) 12/26 20:25:23 Image size of job updated: 15820
	16  -  MemoryUsage of job (MB)
	15564  -  ResidentSetSize of job (KB)
...
006 (1094747.110.000) 12/26 20:30:24 Image size of job updated: 15964
	16  -  MemoryUsage of job (MB)
	15708  -  ResidentSetSize of job (KB)
...
006 (1094747.110.000) 12/26 20:35:24 Image size of job updated: 16092
	16  -  MemoryUsage of job (MB)
	15836  -  ResidentSetSize of job (KB)
...
006 (1094747.110.000) 12/26 20:40:25 Image size of job updated: 16240
	16  -  MemoryUsage of job (MB)
	15984  -  ResidentSetSize of job (KB)
...
006 (1094747.110.000) 12/26 20:45:26 Image size of job updated: 16376
	16  -  MemoryUsage of job (MB)
	16120  -  ResidentSetSize of job (KB)
...
006 (1094747.110.000) 12/26 20:50:26 Image size of job updated: 16520
	16  -  MemoryUsage of job (MB)
	16264  -  ResidentSetSize of job (KB)
...
006 (1094747.110.000) 12/26 20:55:27 Image size of job updated: 16676
	17  -  MemoryUsage of job (MB)
	16420  -  ResidentSetSize of job (KB)
...
006 (1094747.110.000) 12/26 20:57:10 Image size of job updated: 550944
	17  -  MemoryUsage of job (MB)
	16420  -  ResidentSetSize of job (KB)
...
040 (1094747.110.000) 12/26 20:57:10 Started transferring output files
...
040 (1094747.110.000) 12/26 20:57:10 Finished transferring output files
...
005 (1094747.110.000) 12/26 20:57:10 Job terminated.
	(1) Normal termination (return value 0)
		Usr 0 00:01:27, Sys 0 00:00:53  -  Run Remote Usage
		Usr 0 00:00:00, Sys 0 00:00:00  -  Run Local Usage
		Usr 0 00:01:27, Sys 0 00:00:53  -  Total Remote Usage
		Usr 0 00:00:00, Sys 0 00:00:00  -  Total Local Usage
	166314  -  Run Bytes Sent By Job
	460045  -  Run Bytes Received By Job
	166314  -  Total Bytes Sent By Job
	460045  -  Total Bytes Received By Job
	Partitionable Resources :    Usage  Request Allocated 
	   Cpus                 :     0.25        1         1 
	   Disk (KB)            :   634         450    358253 
	   Memory (MB)          :    17        2000      2000 
...
