000 (1094747.178.000) 12/26 20:16:18 Job submitted from host: <188.185.71.83:9618?addrs=188.185.71.83-9618+[2001-1458-d00-7--100-34d]-9618&alias=bigbird18.cern.ch&noUDP&sock=schedd_3557371_31ee_11>
...
040 (1094747.178.000) 12/26 20:24:58 Started transferring input files
	Transferring to host: <188.184.192.213:9618?addrs=188.184.192.213-9618&noUDP&sock=2797_7d4b_120050>
...
040 (1094747.178.000) 12/26 20:24:58 Finished transferring input files
...
001 (1094747.178.000) 12/26 20:24:59 Job executing on host: <188.184.192.213:9618?addrs=188.184.192.213-9618&noUDP&sock=1888_96e5_3>
...
006 (1094747.178.000) 12/26 20:25:08 Image size of job updated: 15784
	16  -  MemoryUsage of job (MB)
	15608  -  ResidentSetSize of job (KB)
...
006 (1094747.178.000) 12/26 20:30:09 Image size of job updated: 15868
	16  -  MemoryUsage of job (MB)
	15692  -  ResidentSetSize of job (KB)
...
006 (1094747.178.000) 12/26 20:35:09 Image size of job updated: 15956
	16  -  MemoryUsage of job (MB)
	15780  -  ResidentSetSize of job (KB)
...
006 (1094747.178.000) 12/26 20:40:10 Image size of job updated: 16036
	16  -  MemoryUsage of job (MB)
	15860  -  ResidentSetSize of job (KB)
...
006 (1094747.178.000) 12/26 20:45:11 Image size of job updated: 16092
	16  -  MemoryUsage of job (MB)
	15916  -  ResidentSetSize of job (KB)
...
006 (1094747.178.000) 12/26 20:50:11 Image size of job updated: 16188
	16  -  MemoryUsage of job (MB)
	16012  -  ResidentSetSize of job (KB)
...
006 (1094747.178.000) 12/26 20:55:11 Image size of job updated: 16272
	16  -  MemoryUsage of job (MB)
	16096  -  ResidentSetSize of job (KB)
...
006 (1094747.178.000) 12/26 21:05:12 Image size of job updated: 16576
	17  -  MemoryUsage of job (MB)
	16400  -  ResidentSetSize of job (KB)
...
040 (1094747.178.000) 12/26 21:07:38 Started transferring output files
...
040 (1094747.178.000) 12/26 21:07:38 Finished transferring output files
...
005 (1094747.178.000) 12/26 21:07:38 Job terminated.
	(1) Normal termination (return value 0)
		Usr 0 00:01:19, Sys 0 00:00:43  -  Run Remote Usage
		Usr 0 00:00:00, Sys 0 00:00:00  -  Run Local Usage
		Usr 0 00:01:19, Sys 0 00:00:43  -  Total Remote Usage
		Usr 0 00:00:00, Sys 0 00:00:00  -  Total Local Usage
	166364  -  Run Bytes Sent By Job
	460070  -  Run Bytes Received By Job
	166364  -  Total Bytes Sent By Job
	460070  -  Total Bytes Received By Job
	Partitionable Resources :    Usage  Request Allocated 
	   Cpus                 :     0.09        1         1 
	   Disk (KB)            :   633         450    190938 
	   Memory (MB)          :    17        2000      2000 
...
