000 (1094747.148.000) 12/26 20:16:18 Job submitted from host: <188.185.71.83:9618?addrs=188.185.71.83-9618+[2001-1458-d00-7--100-34d]-9618&alias=bigbird18.cern.ch&noUDP&sock=schedd_3557371_31ee_11>
...
040 (1094747.148.000) 12/26 20:24:52 Started transferring input files
	Transferring to host: <188.184.192.251:9618?addrs=188.184.192.251-9618+[2001-1458-301-83--100-3f5]-9618&noUDP&sock=2983_8b12_49254>
...
040 (1094747.148.000) 12/26 20:24:52 Finished transferring input files
...
001 (1094747.148.000) 12/26 20:24:53 Job executing on host: <188.184.192.251:9618?addrs=188.184.192.251-9618+[2001-1458-301-83--100-3f5]-9618&noUDP&sock=2056_d2ce_3>
...
006 (1094747.148.000) 12/26 20:25:03 Image size of job updated: 9856
	10  -  MemoryUsage of job (MB)
	9856  -  ResidentSetSize of job (KB)
...
006 (1094747.148.000) 12/26 20:30:03 Image size of job updated: 15580
	16  -  MemoryUsage of job (MB)
	15580  -  ResidentSetSize of job (KB)
...
006 (1094747.148.000) 12/26 20:35:04 Image size of job updated: 15608
	16  -  MemoryUsage of job (MB)
	15608  -  ResidentSetSize of job (KB)
...
006 (1094747.148.000) 12/26 20:40:04 Image size of job updated: 15624
	16  -  MemoryUsage of job (MB)
	15624  -  ResidentSetSize of job (KB)
...
006 (1094747.148.000) 12/26 20:45:05 Image size of job updated: 15652
	16  -  MemoryUsage of job (MB)
	15652  -  ResidentSetSize of job (KB)
...
006 (1094747.148.000) 12/26 20:50:05 Image size of job updated: 15676
	16  -  MemoryUsage of job (MB)
	15676  -  ResidentSetSize of job (KB)
...
006 (1094747.148.000) 12/26 20:55:05 Image size of job updated: 15700
	16  -  MemoryUsage of job (MB)
	15700  -  ResidentSetSize of job (KB)
...
006 (1094747.148.000) 12/26 21:00:06 Image size of job updated: 15800
	16  -  MemoryUsage of job (MB)
	15740  -  ResidentSetSize of job (KB)
...
006 (1094747.148.000) 12/26 21:05:06 Image size of job updated: 15800
	16  -  MemoryUsage of job (MB)
	15768  -  ResidentSetSize of job (KB)
...
006 (1094747.148.000) 12/26 21:10:07 Image size of job updated: 15808
	16  -  MemoryUsage of job (MB)
	15808  -  ResidentSetSize of job (KB)
...
006 (1094747.148.000) 12/26 21:15:08 Image size of job updated: 15964
	16  -  MemoryUsage of job (MB)
	15832  -  ResidentSetSize of job (KB)
...
006 (1094747.148.000) 12/26 21:20:08 Image size of job updated: 16060
	16  -  MemoryUsage of job (MB)
	15928  -  ResidentSetSize of job (KB)
...
040 (1094747.148.000) 12/26 21:24:54 Started transferring output files
...
040 (1094747.148.000) 12/26 21:24:54 Finished transferring output files
...
009 (1094747.148.000) 12/26 21:24:54 Job was aborted by the user.
	Job removed by SYSTEM_PERIODIC_REMOVE due to wall time exceeded allowed max.
...
