000 (1094747.172.000) 12/26 20:16:18 Job submitted from host: <188.185.71.83:9618?addrs=188.185.71.83-9618+[2001-1458-d00-7--100-34d]-9618&alias=bigbird18.cern.ch&noUDP&sock=schedd_3557371_31ee_11>
...
040 (1094747.172.000) 12/26 20:24:56 Started transferring input files
	Transferring to host: <188.184.210.20:9618?addrs=188.184.210.20-9618+[2001-1458-301-10b--100-263]-9618&noUDP&sock=20608_f33f_48530>
...
040 (1094747.172.000) 12/26 20:24:56 Finished transferring input files
...
001 (1094747.172.000) 12/26 20:24:57 Job executing on host: <188.184.210.20:9618?addrs=188.184.210.20-9618+[2001-1458-301-10b--100-263]-9618&noUDP&sock=20269_6d33_3>
...
006 (1094747.172.000) 12/26 20:25:06 Image size of job updated: 15744
	16  -  MemoryUsage of job (MB)
	15568  -  ResidentSetSize of job (KB)
...
006 (1094747.172.000) 12/26 20:30:07 Image size of job updated: 15836
	16  -  MemoryUsage of job (MB)
	15660  -  ResidentSetSize of job (KB)
...
006 (1094747.172.000) 12/26 20:35:08 Image size of job updated: 15920
	16  -  MemoryUsage of job (MB)
	15744  -  ResidentSetSize of job (KB)
...
006 (1094747.172.000) 12/26 20:40:08 Image size of job updated: 16004
	16  -  MemoryUsage of job (MB)
	15828  -  ResidentSetSize of job (KB)
...
006 (1094747.172.000) 12/26 20:45:09 Image size of job updated: 16060
	16  -  MemoryUsage of job (MB)
	15884  -  ResidentSetSize of job (KB)
...
006 (1094747.172.000) 12/26 20:50:10 Image size of job updated: 16148
	16  -  MemoryUsage of job (MB)
	15972  -  ResidentSetSize of job (KB)
...
006 (1094747.172.000) 12/26 20:55:10 Image size of job updated: 16236
	16  -  MemoryUsage of job (MB)
	16060  -  ResidentSetSize of job (KB)
...
006 (1094747.172.000) 12/26 21:00:10 Image size of job updated: 16404
	16  -  MemoryUsage of job (MB)
	16228  -  ResidentSetSize of job (KB)
...
006 (1094747.172.000) 12/26 21:07:00 Image size of job updated: 16404
	17  -  MemoryUsage of job (MB)
	17048  -  ResidentSetSize of job (KB)
...
040 (1094747.172.000) 12/26 21:07:00 Started transferring output files
...
040 (1094747.172.000) 12/26 21:07:00 Finished transferring output files
...
005 (1094747.172.000) 12/26 21:07:00 Job terminated.
	(1) Normal termination (return value 0)
		Usr 0 00:01:18, Sys 0 00:00:47  -  Run Remote Usage
		Usr 0 00:00:00, Sys 0 00:00:00  -  Run Local Usage
		Usr 0 00:01:18, Sys 0 00:00:47  -  Total Remote Usage
		Usr 0 00:00:00, Sys 0 00:00:00  -  Total Local Usage
	166348  -  Run Bytes Sent By Job
	460068  -  Run Bytes Received By Job
	166348  -  Total Bytes Sent By Job
	460068  -  Total Bytes Received By Job
	Partitionable Resources :    Usage  Request Allocated 
	   Cpus                 :        0        1         1 
	   Disk (KB)            :      633      450    356053 
	   Memory (MB)          :       17     2000      2000 
...
