000 (1094747.177.000) 12/26 20:16:18 Job submitted from host: <188.185.71.83:9618?addrs=188.185.71.83-9618+[2001-1458-d00-7--100-34d]-9618&alias=bigbird18.cern.ch&noUDP&sock=schedd_3557371_31ee_11>
...
040 (1094747.177.000) 12/26 20:24:57 Started transferring input files
	Transferring to host: <188.184.192.170:9618?addrs=188.184.192.170-9618+[2001-1458-301-83--100-98]-9618&noUDP&sock=22823_9e39_135469>
...
040 (1094747.177.000) 12/26 20:24:57 Finished transferring input files
...
001 (1094747.177.000) 12/26 20:24:58 Job executing on host: <188.184.192.170:9618?addrs=188.184.192.170-9618+[2001-1458-301-83--100-98]-9618&noUDP&sock=4671_7ef7_3>
...
006 (1094747.177.000) 12/26 20:25:07 Image size of job updated: 15764
	16  -  MemoryUsage of job (MB)
	15588  -  ResidentSetSize of job (KB)
...
006 (1094747.177.000) 12/26 20:30:08 Image size of job updated: 15828
	16  -  MemoryUsage of job (MB)
	15652  -  ResidentSetSize of job (KB)
...
006 (1094747.177.000) 12/26 20:35:08 Image size of job updated: 15900
	16  -  MemoryUsage of job (MB)
	15724  -  ResidentSetSize of job (KB)
...
006 (1094747.177.000) 12/26 20:40:09 Image size of job updated: 16000
	16  -  MemoryUsage of job (MB)
	15824  -  ResidentSetSize of job (KB)
...
006 (1094747.177.000) 12/26 20:45:10 Image size of job updated: 16076
	16  -  MemoryUsage of job (MB)
	15900  -  ResidentSetSize of job (KB)
...
006 (1094747.177.000) 12/26 20:50:10 Image size of job updated: 16136
	16  -  MemoryUsage of job (MB)
	15960  -  ResidentSetSize of job (KB)
...
006 (1094747.177.000) 12/26 20:55:11 Image size of job updated: 16232
	16  -  MemoryUsage of job (MB)
	16056  -  ResidentSetSize of job (KB)
...
006 (1094747.177.000) 12/26 21:00:12 Image size of job updated: 16348
	16  -  MemoryUsage of job (MB)
	16172  -  ResidentSetSize of job (KB)
...
006 (1094747.177.000) 12/26 21:05:12 Image size of job updated: 16508
	16  -  MemoryUsage of job (MB)
	16332  -  ResidentSetSize of job (KB)
...
006 (1094747.177.000) 12/26 21:08:01 Image size of job updated: 549492
	16  -  MemoryUsage of job (MB)
	16332  -  ResidentSetSize of job (KB)
...
040 (1094747.177.000) 12/26 21:08:01 Started transferring output files
...
040 (1094747.177.000) 12/26 21:08:01 Finished transferring output files
...
005 (1094747.177.000) 12/26 21:08:01 Job terminated.
	(1) Normal termination (return value 0)
		Usr 0 00:00:56, Sys 0 00:00:33  -  Run Remote Usage
		Usr 0 00:00:00, Sys 0 00:00:00  -  Run Local Usage
		Usr 0 00:00:56, Sys 0 00:00:33  -  Total Remote Usage
		Usr 0 00:00:00, Sys 0 00:00:00  -  Total Local Usage
	166355  -  Run Bytes Sent By Job
	460069  -  Run Bytes Received By Job
	166355  -  Total Bytes Sent By Job
	460069  -  Total Bytes Received By Job
	Partitionable Resources :    Usage  Request Allocated 
	   Cpus                 :        0        1         1 
	   Disk (KB)            :      633      450    181965 
	   Memory (MB)          :       16     2000      2000 
...
