000 (1094747.193.000) 12/26 20:16:18 Job submitted from host: <188.185.71.83:9618?addrs=188.185.71.83-9618+[2001-1458-d00-7--100-34d]-9618&alias=bigbird18.cern.ch&noUDP&sock=schedd_3557371_31ee_11>
...
040 (1094747.193.000) 12/26 20:25:04 Started transferring input files
	Transferring to host: <188.184.182.220:9618?addrs=188.184.182.220-9618+[2001-1458-301-2b--100-40e]-9618&noUDP&sock=4851_b7de_132917>
...
040 (1094747.193.000) 12/26 20:25:04 Finished transferring input files
...
001 (1094747.193.000) 12/26 20:25:05 Job executing on host: <188.184.182.220:9618?addrs=188.184.182.220-9618+[2001-1458-301-2b--100-40e]-9618&noUDP&sock=17371_a3be_3>
...
006 (1094747.193.000) 12/26 20:25:14 Image size of job updated: 15744
	16  -  MemoryUsage of job (MB)
	15568  -  ResidentSetSize of job (KB)
...
006 (1094747.193.000) 12/26 20:35:14 Image size of job updated: 15936
	16  -  MemoryUsage of job (MB)
	15760  -  ResidentSetSize of job (KB)
...
006 (1094747.193.000) 12/26 20:40:15 Image size of job updated: 16012
	16  -  MemoryUsage of job (MB)
	15836  -  ResidentSetSize of job (KB)
...
006 (1094747.193.000) 12/26 20:45:15 Image size of job updated: 16088
	16  -  MemoryUsage of job (MB)
	15912  -  ResidentSetSize of job (KB)
...
006 (1094747.193.000) 12/26 20:50:15 Image size of job updated: 16180
	16  -  MemoryUsage of job (MB)
	16004  -  ResidentSetSize of job (KB)
...
006 (1094747.193.000) 12/26 21:00:16 Image size of job updated: 16352
	16  -  MemoryUsage of job (MB)
	16176  -  ResidentSetSize of job (KB)
...
040 (1094747.193.000) 12/26 21:08:28 Started transferring output files
...
040 (1094747.193.000) 12/26 21:08:28 Finished transferring output files
...
005 (1094747.193.000) 12/26 21:08:28 Job terminated.
	(1) Normal termination (return value 0)
		Usr 0 00:01:21, Sys 0 00:00:45  -  Run Remote Usage
		Usr 0 00:00:00, Sys 0 00:00:00  -  Run Local Usage
		Usr 0 00:01:21, Sys 0 00:00:45  -  Total Remote Usage
		Usr 0 00:00:00, Sys 0 00:00:00  -  Total Local Usage
	166359  -  Run Bytes Sent By Job
	460070  -  Run Bytes Received By Job
	166359  -  Total Bytes Sent By Job
	460070  -  Total Bytes Received By Job
	Partitionable Resources :    Usage  Request Allocated 
	   Cpus                 :     0.01        1         1 
	   Disk (KB)            :   633         450    333106 
	   Memory (MB)          :    16        2000      2000 
...
