000 (1094747.146.000) 12/26 20:16:18 Job submitted from host: <188.185.71.83:9618?addrs=188.185.71.83-9618+[2001-1458-d00-7--100-34d]-9618&alias=bigbird18.cern.ch&noUDP&sock=schedd_3557371_31ee_11>
...
040 (1094747.146.000) 12/26 20:24:48 Started transferring input files
	Transferring to host: <188.184.204.119:9618?addrs=188.184.204.119-9618+[2001-1458-301-7d--100-65]-9618&noUDP&sock=2994_4b33_125293>
...
040 (1094747.146.000) 12/26 20:24:48 Finished transferring input files
...
001 (1094747.146.000) 12/26 20:24:49 Job executing on host: <188.184.204.119:9618?addrs=188.184.204.119-9618+[2001-1458-301-7d--100-65]-9618&noUDP&sock=2179_30f4_3>
...
006 (1094747.146.000) 12/26 20:24:58 Image size of job updated: 15788
	16  -  MemoryUsage of job (MB)
	15612  -  ResidentSetSize of job (KB)
...
006 (1094747.146.000) 12/26 20:29:59 Image size of job updated: 15788
	16  -  MemoryUsage of job (MB)
	15700  -  ResidentSetSize of job (KB)
...
006 (1094747.146.000) 12/26 20:35:00 Image size of job updated: 15792
	16  -  MemoryUsage of job (MB)
	15788  -  ResidentSetSize of job (KB)
...
006 (1094747.146.000) 12/26 20:40:00 Image size of job updated: 15860
	16  -  MemoryUsage of job (MB)
	15860  -  ResidentSetSize of job (KB)
...
006 (1094747.146.000) 12/26 20:45:00 Image size of job updated: 15956
	16  -  MemoryUsage of job (MB)
	15956  -  ResidentSetSize of job (KB)
...
006 (1094747.146.000) 12/26 20:50:01 Image size of job updated: 16024
	16  -  MemoryUsage of job (MB)
	16024  -  ResidentSetSize of job (KB)
...
006 (1094747.146.000) 12/26 20:55:01 Image size of job updated: 16120
	16  -  MemoryUsage of job (MB)
	16120  -  ResidentSetSize of job (KB)
...
006 (1094747.146.000) 12/26 21:00:01 Image size of job updated: 16272
	16  -  MemoryUsage of job (MB)
	16272  -  ResidentSetSize of job (KB)
...
006 (1094747.146.000) 12/26 21:05:02 Image size of job updated: 16424
	17  -  MemoryUsage of job (MB)
	16424  -  ResidentSetSize of job (KB)
...
040 (1094747.146.000) 12/26 21:07:32 Started transferring output files
...
040 (1094747.146.000) 12/26 21:07:32 Finished transferring output files
...
005 (1094747.146.000) 12/26 21:07:32 Job terminated.
	(1) Normal termination (return value 0)
		Usr 0 00:01:13, Sys 0 00:00:40  -  Run Remote Usage
		Usr 0 00:00:00, Sys 0 00:00:00  -  Run Local Usage
		Usr 0 00:01:13, Sys 0 00:00:40  -  Total Remote Usage
		Usr 0 00:00:00, Sys 0 00:00:00  -  Total Local Usage
	166357  -  Run Bytes Sent By Job
	460068  -  Run Bytes Received By Job
	166357  -  Total Bytes Sent By Job
	460068  -  Total Bytes Received By Job
	Partitionable Resources :    Usage  Request Allocated 
	   Cpus                 :     0.08        1         1 
	   Disk (KB)            :   634         450    215859 
	   Memory (MB)          :    17        2000      2000 
...
