000 (1094747.191.000) 12/26 20:16:18 Job submitted from host: <188.185.71.83:9618?addrs=188.185.71.83-9618+[2001-1458-d00-7--100-34d]-9618&alias=bigbird18.cern.ch&noUDP&sock=schedd_3557371_31ee_11>
...
040 (1094747.191.000) 12/26 20:25:04 Started transferring input files
	Transferring to host: <188.184.211.225:9618?addrs=188.184.211.225-9618+[2001-1458-301-10b--100-300]-9618&noUDP&sock=20564_f2bd_135003>
...
040 (1094747.191.000) 12/26 20:25:04 Finished transferring input files
...
001 (1094747.191.000) 12/26 20:25:05 Job executing on host: <188.184.211.225:9618?addrs=188.184.211.225-9618+[2001-1458-301-10b--100-300]-9618&noUDP&sock=3962_2e51_3>
...
006 (1094747.191.000) 12/26 20:25:14 Image size of job updated: 15728
	16  -  MemoryUsage of job (MB)
	15552  -  ResidentSetSize of job (KB)
...
006 (1094747.191.000) 12/26 20:30:14 Image size of job updated: 15968
	16  -  MemoryUsage of job (MB)
	15792  -  ResidentSetSize of job (KB)
...
006 (1094747.191.000) 12/26 20:40:16 Image size of job updated: 15996
	16  -  MemoryUsage of job (MB)
	15820  -  ResidentSetSize of job (KB)
...
006 (1094747.191.000) 12/26 20:45:16 Image size of job updated: 16072
	16  -  MemoryUsage of job (MB)
	15896  -  ResidentSetSize of job (KB)
...
006 (1094747.191.000) 12/26 20:50:17 Image size of job updated: 16160
	16  -  MemoryUsage of job (MB)
	15984  -  ResidentSetSize of job (KB)
...
006 (1094747.191.000) 12/26 20:55:18 Image size of job updated: 16240
	16  -  MemoryUsage of job (MB)
	16064  -  ResidentSetSize of job (KB)
...
006 (1094747.191.000) 12/26 21:00:18 Image size of job updated: 16380
	16  -  MemoryUsage of job (MB)
	16204  -  ResidentSetSize of job (KB)
...
006 (1094747.191.000) 12/26 21:05:19 Image size of job updated: 16528
	16  -  MemoryUsage of job (MB)
	16352  -  ResidentSetSize of job (KB)
...
006 (1094747.191.000) 12/26 21:09:37 Image size of job updated: 136920
	16  -  MemoryUsage of job (MB)
	16352  -  ResidentSetSize of job (KB)
...
040 (1094747.191.000) 12/26 21:09:37 Started transferring output files
...
040 (1094747.191.000) 12/26 21:09:37 Finished transferring output files
...
005 (1094747.191.000) 12/26 21:09:37 Job terminated.
	(1) Normal termination (return value 0)
		Usr 0 00:01:22, Sys 0 00:00:40  -  Run Remote Usage
		Usr 0 00:00:00, Sys 0 00:00:00  -  Run Local Usage
		Usr 0 00:01:22, Sys 0 00:00:40  -  Total Remote Usage
		Usr 0 00:00:00, Sys 0 00:00:00  -  Total Local Usage
	166361  -  Run Bytes Sent By Job
	460069  -  Run Bytes Received By Job
	166361  -  Total Bytes Sent By Job
	460069  -  Total Bytes Received By Job
	Partitionable Resources :    Usage  Request Allocated 
	   Cpus                 :     0.15        1         1 
	   Disk (KB)            :   633         450    343791 
	   Memory (MB)          :    16        2000      2000 
...
