000 (1094747.167.000) 12/26 20:16:18 Job submitted from host: <188.185.71.83:9618?addrs=188.185.71.83-9618+[2001-1458-d00-7--100-34d]-9618&alias=bigbird18.cern.ch&noUDP&sock=schedd_3557371_31ee_11>
...
040 (1094747.167.000) 12/26 20:24:53 Started transferring input files
	Transferring to host: <128.142.64.240:9618?addrs=128.142.64.240-9618+[2001-1458-301-4c--100-29a]-9618&noUDP&sock=6102_2931_21907>
...
040 (1094747.167.000) 12/26 20:24:53 Finished transferring input files
...
001 (1094747.167.000) 12/26 20:24:54 Job executing on host: <128.142.64.240:9618?addrs=128.142.64.240-9618+[2001-1458-301-4c--100-29a]-9618&noUDP&sock=4315_4f3f_3>
...
006 (1094747.167.000) 12/26 20:25:02 Image size of job updated: 15752
	16  -  MemoryUsage of job (MB)
	15576  -  ResidentSetSize of job (KB)
...
006 (1094747.167.000) 12/26 20:40:04 Image size of job updated: 16228
	16  -  MemoryUsage of job (MB)
	16052  -  ResidentSetSize of job (KB)
...
006 (1094747.167.000) 12/26 20:45:04 Image size of job updated: 16364
	16  -  MemoryUsage of job (MB)
	16188  -  ResidentSetSize of job (KB)
...
006 (1094747.167.000) 12/26 20:50:05 Image size of job updated: 16528
	16  -  MemoryUsage of job (MB)
	16352  -  ResidentSetSize of job (KB)
...
006 (1094747.167.000) 12/26 20:53:39 Image size of job updated: 549576
	16  -  MemoryUsage of job (MB)
	16352  -  ResidentSetSize of job (KB)
...
040 (1094747.167.000) 12/26 20:53:39 Started transferring output files
...
040 (1094747.167.000) 12/26 20:53:39 Finished transferring output files
...
005 (1094747.167.000) 12/26 20:53:39 Job terminated.
	(1) Normal termination (return value 0)
		Usr 0 00:01:01, Sys 0 00:00:41  -  Run Remote Usage
		Usr 0 00:00:00, Sys 0 00:00:00  -  Run Local Usage
		Usr 0 00:01:01, Sys 0 00:00:41  -  Total Remote Usage
		Usr 0 00:00:00, Sys 0 00:00:00  -  Total Local Usage
	166354  -  Run Bytes Sent By Job
	460069  -  Run Bytes Received By Job
	166354  -  Total Bytes Sent By Job
	460069  -  Total Bytes Received By Job
	Partitionable Resources :    Usage  Request Allocated 
	   Cpus                 :     0.00        1         1 
	   Disk (KB)            :   634         450    276306 
	   Memory (MB)          :    16        2000      2000 
...
