000 (1094747.169.000) 12/26 20:16:18 Job submitted from host: <188.185.71.83:9618?addrs=188.185.71.83-9618+[2001-1458-d00-7--100-34d]-9618&alias=bigbird18.cern.ch&noUDP&sock=schedd_3557371_31ee_11>
...
040 (1094747.169.000) 12/26 20:25:10 Started transferring input files
	Transferring to host: <188.185.105.61:9618?addrs=188.185.105.61-9618+[2001-1458-d00-3e--100-2dc]-9618&noUDP&sock=22160_797e_13096>
...
040 (1094747.169.000) 12/26 20:25:10 Finished transferring input files
...
001 (1094747.169.000) 12/26 20:25:11 Job executing on host: <188.185.105.61:9618?addrs=188.185.105.61-9618+[2001-1458-d00-3e--100-2dc]-9618&noUDP&sock=22123_1dca_3>
...
006 (1094747.169.000) 12/26 20:25:19 Image size of job updated: 15748
	16  -  MemoryUsage of job (MB)
	15572  -  ResidentSetSize of job (KB)
...
006 (1094747.169.000) 12/26 20:35:19 Image size of job updated: 16072
	16  -  MemoryUsage of job (MB)
	15896  -  ResidentSetSize of job (KB)
...
006 (1094747.169.000) 12/26 20:40:21 Image size of job updated: 16216
	16  -  MemoryUsage of job (MB)
	16040  -  ResidentSetSize of job (KB)
...
006 (1094747.169.000) 12/26 20:45:21 Image size of job updated: 16356
	16  -  MemoryUsage of job (MB)
	16180  -  ResidentSetSize of job (KB)
...
006 (1094747.169.000) 12/26 20:50:21 Image size of job updated: 16524
	16  -  MemoryUsage of job (MB)
	16348  -  ResidentSetSize of job (KB)
...
006 (1094747.169.000) 12/26 20:53:50 Image size of job updated: 131116
	16  -  MemoryUsage of job (MB)
	16348  -  ResidentSetSize of job (KB)
...
040 (1094747.169.000) 12/26 20:53:50 Started transferring output files
...
040 (1094747.169.000) 12/26 20:53:51 Finished transferring output files
...
005 (1094747.169.000) 12/26 20:53:51 Job terminated.
	(1) Normal termination (return value 0)
		Usr 0 00:00:47, Sys 0 00:00:29  -  Run Remote Usage
		Usr 0 00:00:00, Sys 0 00:00:00  -  Run Local Usage
		Usr 0 00:00:47, Sys 0 00:00:29  -  Total Remote Usage
		Usr 0 00:00:00, Sys 0 00:00:00  -  Total Local Usage
	166359  -  Run Bytes Sent By Job
	460069  -  Run Bytes Received By Job
	166359  -  Total Bytes Sent By Job
	460069  -  Total Bytes Received By Job
	Partitionable Resources :    Usage  Request Allocated 
	   Cpus                 :     0.04        1         1 
	   Disk (KB)            :   633         450    567164 
	   Memory (MB)          :    16        2000      2000 
...
