000 (1094747.058.000) 12/26 20:16:18 Job submitted from host: <188.185.71.83:9618?addrs=188.185.71.83-9618+[2001-1458-d00-7--100-34d]-9618&alias=bigbird18.cern.ch&noUDP&sock=schedd_3557371_31ee_11>
...
040 (1094747.058.000) 12/26 20:24:22 Started transferring input files
	Transferring to host: <128.142.70.108:9618?addrs=128.142.70.108-9618&noUDP&sock=2520_5160_67158>
...
040 (1094747.058.000) 12/26 20:24:22 Finished transferring input files
...
001 (1094747.058.000) 12/26 20:24:23 Job executing on host: <128.142.70.108:9618?addrs=128.142.70.108-9618&noUDP&sock=2000_6980_3>
...
006 (1094747.058.000) 12/26 20:24:32 Image size of job updated: 15036
	15  -  MemoryUsage of job (MB)
	14860  -  ResidentSetSize of job (KB)
...
006 (1094747.058.000) 12/26 20:29:32 Image size of job updated: 15928
	16  -  MemoryUsage of job (MB)
	15752  -  ResidentSetSize of job (KB)
...
006 (1094747.058.000) 12/26 20:39:33 Image size of job updated: 16216
	16  -  MemoryUsage of job (MB)
	16360  -  ResidentSetSize of job (KB)
...
006 (1094747.058.000) 12/26 20:44:33 Image size of job updated: 16360
	16  -  MemoryUsage of job (MB)
	16360  -  ResidentSetSize of job (KB)
...
006 (1094747.058.000) 12/26 20:49:33 Image size of job updated: 16488
	16  -  MemoryUsage of job (MB)
	16360  -  ResidentSetSize of job (KB)
...
006 (1094747.058.000) 12/26 20:55:41 Image size of job updated: 549344
	16  -  MemoryUsage of job (MB)
	16360  -  ResidentSetSize of job (KB)
...
040 (1094747.058.000) 12/26 20:55:41 Started transferring output files
...
040 (1094747.058.000) 12/26 20:55:41 Finished transferring output files
...
005 (1094747.058.000) 12/26 20:55:41 Job terminated.
	(1) Normal termination (return value 0)
		Usr 0 00:01:17, Sys 0 00:00:46  -  Run Remote Usage
		Usr 0 00:00:00, Sys 0 00:00:00  -  Run Local Usage
		Usr 0 00:01:17, Sys 0 00:00:46  -  Total Remote Usage
		Usr 0 00:00:00, Sys 0 00:00:00  -  Total Local Usage
	177550  -  Run Bytes Sent By Job
	459969  -  Run Bytes Received By Job
	177550  -  Total Bytes Sent By Job
	459969  -  Total Bytes Received By Job
	Partitionable Resources :    Usage  Request Allocated 
	   Cpus                 :     0.20        1         1 
	   Disk (KB)            :   644         450    252727 
	   Memory (MB)          :    16        2000      2000 
...
