000 (1094747.012.000) 12/26 20:16:18 Job submitted from host: <188.185.71.83:9618?addrs=188.185.71.83-9618+[2001-1458-d00-7--100-34d]-9618&alias=bigbird18.cern.ch&noUDP&sock=schedd_3557371_31ee_11>
...
040 (1094747.012.000) 12/26 20:19:16 Started transferring input files
	Transferring to host: <137.138.119.181:9618?addrs=137.138.119.181-9618+[2001-1458-d00-4--265]-9618&noUDP&sock=17673_fa28_18031>
...
040 (1094747.012.000) 12/26 20:19:17 Finished transferring input files
...
001 (1094747.012.000) 12/26 20:19:18 Job executing on host: <137.138.119.181:9618?addrs=137.138.119.181-9618+[2001-1458-d00-4--265]-9618&noUDP&sock=17568_c3e6_3>
...
006 (1094747.012.000) 12/26 20:19:26 Image size of job updated: 5924
	6  -  MemoryUsage of job (MB)
	5748  -  ResidentSetSize of job (KB)
...
006 (1094747.012.000) 12/26 20:24:26 Image size of job updated: 175748
	121  -  MemoryUsage of job (MB)
	123564  -  ResidentSetSize of job (KB)
...
006 (1094747.012.000) 12/26 20:27:12 Image size of job updated: 181160
	121  -  MemoryUsage of job (MB)
	123564  -  ResidentSetSize of job (KB)
...
040 (1094747.012.000) 12/26 20:27:12 Started transferring output files
...
040 (1094747.012.000) 12/26 20:27:12 Finished transferring output files
...
005 (1094747.012.000) 12/26 20:27:12 Job terminated.
	(1) Normal termination (return value 0)
		Usr 0 00:04:05, Sys 0 00:00:54  -  Run Remote Usage
		Usr 0 00:00:00, Sys 0 00:00:00  -  Run Local Usage
		Usr 0 00:04:05, Sys 0 00:00:54  -  Total Remote Usage
		Usr 0 00:00:00, Sys 0 00:00:00  -  Total Local Usage
	168603  -  Run Bytes Sent By Job
	460044  -  Run Bytes Received By Job
	168603  -  Total Bytes Sent By Job
	460044  -  Total Bytes Received By Job
	Partitionable Resources :    Usage  Request Allocated 
	   Cpus                 :     0.82        1         1 
	   Disk (KB)            :   636         450    312906 
	   Memory (MB)          :   121        2000      2000 
...
