000 (1094747.022.000) 12/26 20:16:18 Job submitted from host: <188.185.71.83:9618?addrs=188.185.71.83-9618+[2001-1458-d00-7--100-34d]-9618&alias=bigbird18.cern.ch&noUDP&sock=schedd_3557371_31ee_11>
...
040 (1094747.022.000) 12/26 20:19:37 Started transferring input files
	Transferring to host: <188.185.105.97:9618?addrs=188.185.105.97-9618+[2001-1458-d00-3e--100-3b1]-9618&noUDP&sock=18654_2e30_36457>
...
040 (1094747.022.000) 12/26 20:19:37 Finished transferring input files
...
001 (1094747.022.000) 12/26 20:19:38 Job executing on host: <188.185.105.97:9618?addrs=188.185.105.97-9618+[2001-1458-d00-3e--100-3b1]-9618&noUDP&sock=18518_62de_3>
...
006 (1094747.022.000) 12/26 20:19:46 Image size of job updated: 10964
	11  -  MemoryUsage of job (MB)
	10964  -  ResidentSetSize of job (KB)
...
006 (1094747.022.000) 12/26 20:24:46 Image size of job updated: 15812
	16  -  MemoryUsage of job (MB)
	15636  -  ResidentSetSize of job (KB)
...
006 (1094747.022.000) 12/26 20:29:47 Image size of job updated: 15840
	16  -  MemoryUsage of job (MB)
	15664  -  ResidentSetSize of job (KB)
...
006 (1094747.022.000) 12/26 20:34:47 Image size of job updated: 15900
	16  -  MemoryUsage of job (MB)
	15724  -  ResidentSetSize of job (KB)
...
006 (1094747.022.000) 12/26 20:39:47 Image size of job updated: 15956
	16  -  MemoryUsage of job (MB)
	15780  -  ResidentSetSize of job (KB)
...
006 (1094747.022.000) 12/26 20:44:48 Image size of job updated: 16008
	16  -  MemoryUsage of job (MB)
	15832  -  ResidentSetSize of job (KB)
...
006 (1094747.022.000) 12/26 20:49:48 Image size of job updated: 16036
	16  -  MemoryUsage of job (MB)
	15860  -  ResidentSetSize of job (KB)
...
006 (1094747.022.000) 12/26 20:54:49 Image size of job updated: 16096
	16  -  MemoryUsage of job (MB)
	15920  -  ResidentSetSize of job (KB)
...
006 (1094747.022.000) 12/26 20:59:50 Image size of job updated: 16148
	16  -  MemoryUsage of job (MB)
	15972  -  ResidentSetSize of job (KB)
...
006 (1094747.022.000) 12/26 21:04:50 Image size of job updated: 16192
	16  -  MemoryUsage of job (MB)
	16016  -  ResidentSetSize of job (KB)
...
006 (1094747.022.000) 12/26 21:09:51 Image size of job updated: 16192
	16  -  MemoryUsage of job (MB)
	16044  -  ResidentSetSize of job (KB)
...
006 (1094747.022.000) 12/26 21:14:52 Image size of job updated: 16268
	16  -  MemoryUsage of job (MB)
	16136  -  ResidentSetSize of job (KB)
...
006 (1094747.022.000) 12/26 21:19:41 Image size of job updated: 16412
	16  -  MemoryUsage of job (MB)
	16136  -  ResidentSetSize of job (KB)
...
040 (1094747.022.000) 12/26 21:19:41 Started transferring output files
...
040 (1094747.022.000) 12/26 21:19:41 Finished transferring output files
...
009 (1094747.022.000) 12/26 21:19:41 Job was aborted by the user.
	Job removed by SYSTEM_PERIODIC_REMOVE due to wall time exceeded allowed max.
...
