000 (1094747.125.000) 12/26 20:16:18 Job submitted from host: <188.185.71.83:9618?addrs=188.185.71.83-9618+[2001-1458-d00-7--100-34d]-9618&alias=bigbird18.cern.ch&noUDP&sock=schedd_3557371_31ee_11>
...
040 (1094747.125.000) 12/26 20:24:57 Started transferring input files
	Transferring to host: <188.184.211.238:9618?addrs=188.184.211.238-9618+[2001-1458-301-10b--100-184]-9618&noUDP&sock=29311_0041_49322>
...
040 (1094747.125.000) 12/26 20:24:57 Finished transferring input files
...
001 (1094747.125.000) 12/26 20:24:58 Job executing on host: <188.184.211.238:9618?addrs=188.184.211.238-9618+[2001-1458-301-10b--100-184]-9618&noUDP&sock=29272_bc59_3>
...
006 (1094747.125.000) 12/26 20:25:07 Image size of job updated: 15736
	16  -  MemoryUsage of job (MB)
	15560  -  ResidentSetSize of job (KB)
...
006 (1094747.125.000) 12/26 20:30:07 Image size of job updated: 15736
	16  -  MemoryUsage of job (MB)
	15672  -  ResidentSetSize of job (KB)
...
006 (1094747.125.000) 12/26 20:35:07 Image size of job updated: 15744
	16  -  MemoryUsage of job (MB)
	15744  -  ResidentSetSize of job (KB)
...
006 (1094747.125.000) 12/26 20:40:08 Image size of job updated: 15820
	16  -  MemoryUsage of job (MB)
	15820  -  ResidentSetSize of job (KB)
...
006 (1094747.125.000) 12/26 20:45:09 Image size of job updated: 15904
	16  -  MemoryUsage of job (MB)
	15904  -  ResidentSetSize of job (KB)
...
006 (1094747.125.000) 12/26 20:50:09 Image size of job updated: 16004
	16  -  MemoryUsage of job (MB)
	16004  -  ResidentSetSize of job (KB)
...
006 (1094747.125.000) 12/26 20:55:09 Image size of job updated: 16120
	16  -  MemoryUsage of job (MB)
	16120  -  ResidentSetSize of job (KB)
...
006 (1094747.125.000) 12/26 21:00:10 Image size of job updated: 16312
	16  -  MemoryUsage of job (MB)
	16312  -  ResidentSetSize of job (KB)
...
006 (1094747.125.000) 12/26 21:03:26 Image size of job updated: 23392
	16  -  MemoryUsage of job (MB)
	16312  -  ResidentSetSize of job (KB)
...
040 (1094747.125.000) 12/26 21:03:26 Started transferring output files
...
040 (1094747.125.000) 12/26 21:03:26 Finished transferring output files
...
005 (1094747.125.000) 12/26 21:03:26 Job terminated.
	(1) Normal termination (return value 0)
		Usr 0 00:01:15, Sys 0 00:00:46  -  Run Remote Usage
		Usr 0 00:00:00, Sys 0 00:00:00  -  Run Local Usage
		Usr 0 00:01:15, Sys 0 00:00:46  -  Total Remote Usage
		Usr 0 00:00:00, Sys 0 00:00:00  -  Total Local Usage
	166310  -  Run Bytes Sent By Job
	460044  -  Run Bytes Received By Job
	166310  -  Total Bytes Sent By Job
	460044  -  Total Bytes Received By Job
	Partitionable Resources :    Usage  Request Allocated 
	   Cpus                 :     0.03        1         1 
	   Disk (KB)            :   634         450    350411 
	   Memory (MB)          :    16        2000      2000 
...
