000 (1094747.112.000) 12/26 20:16:18 Job submitted from host: <188.185.71.83:9618?addrs=188.185.71.83-9618+[2001-1458-d00-7--100-34d]-9618&alias=bigbird18.cern.ch&noUDP&sock=schedd_3557371_31ee_11>
...
040 (1094747.112.000) 12/26 20:24:53 Started transferring input files
	Transferring to host: <188.184.211.142:9618?addrs=188.184.211.142-9618+[2001-1458-301-10b--100-4d0]-9618&noUDP&sock=15973_2c63_42057>
...
040 (1094747.112.000) 12/26 20:24:54 Finished transferring input files
...
001 (1094747.112.000) 12/26 20:24:55 Job executing on host: <188.184.211.142:9618?addrs=188.184.211.142-9618+[2001-1458-301-10b--100-4d0]-9618&noUDP&sock=15838_210e_3>
...
006 (1094747.112.000) 12/26 20:25:03 Image size of job updated: 15752
	16  -  MemoryUsage of job (MB)
	15576  -  ResidentSetSize of job (KB)
...
006 (1094747.112.000) 12/26 20:30:03 Image size of job updated: 15752
	16  -  MemoryUsage of job (MB)
	15660  -  ResidentSetSize of job (KB)
...
006 (1094747.112.000) 12/26 20:35:03 Image size of job updated: 15752
	16  -  MemoryUsage of job (MB)
	15748  -  ResidentSetSize of job (KB)
...
006 (1094747.112.000) 12/26 20:40:04 Image size of job updated: 15836
	16  -  MemoryUsage of job (MB)
	15836  -  ResidentSetSize of job (KB)
...
006 (1094747.112.000) 12/26 20:45:04 Image size of job updated: 15904
	16  -  MemoryUsage of job (MB)
	15904  -  ResidentSetSize of job (KB)
...
006 (1094747.112.000) 12/26 20:50:04 Image size of job updated: 16004
	16  -  MemoryUsage of job (MB)
	16004  -  ResidentSetSize of job (KB)
...
006 (1094747.112.000) 12/26 20:55:05 Image size of job updated: 16096
	16  -  MemoryUsage of job (MB)
	16096  -  ResidentSetSize of job (KB)
...
006 (1094747.112.000) 12/26 21:00:05 Image size of job updated: 16228
	16  -  MemoryUsage of job (MB)
	16228  -  ResidentSetSize of job (KB)
...
006 (1094747.112.000) 12/26 21:05:05 Image size of job updated: 16404
	17  -  MemoryUsage of job (MB)
	16404  -  ResidentSetSize of job (KB)
...
040 (1094747.112.000) 12/26 21:06:59 Started transferring output files
...
040 (1094747.112.000) 12/26 21:06:59 Finished transferring output files
...
005 (1094747.112.000) 12/26 21:06:59 Job terminated.
	(1) Normal termination (return value 0)
		Usr 0 00:01:01, Sys 0 00:00:37  -  Run Remote Usage
		Usr 0 00:00:00, Sys 0 00:00:00  -  Run Local Usage
		Usr 0 00:01:01, Sys 0 00:00:37  -  Total Remote Usage
		Usr 0 00:00:00, Sys 0 00:00:00  -  Total Local Usage
	166311  -  Run Bytes Sent By Job
	460044  -  Run Bytes Received By Job
	166311  -  Total Bytes Sent By Job
	460044  -  Total Bytes Received By Job
	Partitionable Resources :    Usage  Request Allocated 
	   Cpus                 :     0.02        1         1 
	   Disk (KB)            :   634         450    344516 
	   Memory (MB)          :    17        2000      2000 
...
