000 (1094747.042.000) 12/26 20:16:18 Job submitted from host: <188.185.71.83:9618?addrs=188.185.71.83-9618+[2001-1458-d00-7--100-34d]-9618&alias=bigbird18.cern.ch&noUDP&sock=schedd_3557371_31ee_11>
...
040 (1094747.042.000) 12/26 20:19:25 Started transferring input files
	Transferring to host: <188.184.132.243:9618?addrs=188.184.132.243-9618+[2001-1458-301-a0--100-3ff]-9618&noUDP&sock=17415_315d_44798>
...
040 (1094747.042.000) 12/26 20:19:25 Finished transferring input files
...
001 (1094747.042.000) 12/26 20:19:26 Job executing on host: <188.184.132.243:9618?addrs=188.184.132.243-9618+[2001-1458-301-a0--100-3ff]-9618&noUDP&sock=17280_389f_3>
...
006 (1094747.042.000) 12/26 20:19:35 Image size of job updated: 15784
	16  -  MemoryUsage of job (MB)
	15608  -  ResidentSetSize of job (KB)
...
006 (1094747.042.000) 12/26 20:24:36 Image size of job updated: 150332
	129  -  MemoryUsage of job (MB)
	131380  -  ResidentSetSize of job (KB)
...
040 (1094747.042.000) 12/26 20:24:39 Started transferring output files
...
040 (1094747.042.000) 12/26 20:24:39 Finished transferring output files
...
005 (1094747.042.000) 12/26 20:24:39 Job terminated.
	(1) Normal termination (return value 0)
		Usr 0 00:02:14, Sys 0 00:00:50  -  Run Remote Usage
		Usr 0 00:00:00, Sys 0 00:00:00  -  Run Local Usage
		Usr 0 00:02:14, Sys 0 00:00:50  -  Total Remote Usage
		Usr 0 00:00:00, Sys 0 00:00:00  -  Total Local Usage
	177590  -  Run Bytes Sent By Job
	459985  -  Run Bytes Received By Job
	177590  -  Total Bytes Sent By Job
	459985  -  Total Bytes Received By Job
	Partitionable Resources :    Usage  Request Allocated 
	   Cpus                 :     0.79        1         1 
	   Disk (KB)            :   644         450    211081 
	   Memory (MB)          :   129        2000      2000 
...
