000 (1094747.105.000) 12/26 20:16:18 Job submitted from host: <188.185.71.83:9618?addrs=188.185.71.83-9618+[2001-1458-d00-7--100-34d]-9618&alias=bigbird18.cern.ch&noUDP&sock=schedd_3557371_31ee_11>
...
040 (1094747.105.000) 12/26 20:24:35 Started transferring input files
	Transferring to host: <137.138.119.213:9618?addrs=137.138.119.213-9618+[2001-1458-d00-4--35b]-9618&noUDP&sock=16851_cdc6_18218>
...
040 (1094747.105.000) 12/26 20:24:35 Finished transferring input files
...
001 (1094747.105.000) 12/26 20:24:36 Job executing on host: <137.138.119.213:9618?addrs=137.138.119.213-9618+[2001-1458-d00-4--35b]-9618&noUDP&sock=16745_4174_3>
...
006 (1094747.105.000) 12/26 20:24:44 Image size of job updated: 15764
	16  -  MemoryUsage of job (MB)
	15588  -  ResidentSetSize of job (KB)
...
006 (1094747.105.000) 12/26 20:29:44 Image size of job updated: 15764
	16  -  MemoryUsage of job (MB)
	15688  -  ResidentSetSize of job (KB)
...
006 (1094747.105.000) 12/26 20:34:45 Image size of job updated: 15788
	16  -  MemoryUsage of job (MB)
	15788  -  ResidentSetSize of job (KB)
...
006 (1094747.105.000) 12/26 20:39:45 Image size of job updated: 15852
	16  -  MemoryUsage of job (MB)
	15852  -  ResidentSetSize of job (KB)
...
006 (1094747.105.000) 12/26 20:44:46 Image size of job updated: 15928
	16  -  MemoryUsage of job (MB)
	15928  -  ResidentSetSize of job (KB)
...
006 (1094747.105.000) 12/26 20:49:46 Image size of job updated: 16012
	16  -  MemoryUsage of job (MB)
	16012  -  ResidentSetSize of job (KB)
...
006 (1094747.105.000) 12/26 20:54:46 Image size of job updated: 16116
	16  -  MemoryUsage of job (MB)
	16116  -  ResidentSetSize of job (KB)
...
006 (1094747.105.000) 12/26 20:59:47 Image size of job updated: 16244
	16  -  MemoryUsage of job (MB)
	16244  -  ResidentSetSize of job (KB)
...
006 (1094747.105.000) 12/26 21:04:47 Image size of job updated: 16388
	17  -  MemoryUsage of job (MB)
	16388  -  ResidentSetSize of job (KB)
...
040 (1094747.105.000) 12/26 21:07:31 Started transferring output files
...
040 (1094747.105.000) 12/26 21:07:31 Finished transferring output files
...
005 (1094747.105.000) 12/26 21:07:31 Job terminated.
	(1) Normal termination (return value 0)
		Usr 0 00:01:18, Sys 0 00:00:49  -  Run Remote Usage
		Usr 0 00:00:00, Sys 0 00:00:00  -  Run Local Usage
		Usr 0 00:01:18, Sys 0 00:00:49  -  Total Remote Usage
		Usr 0 00:00:00, Sys 0 00:00:00  -  Total Local Usage
	166308  -  Run Bytes Sent By Job
	460044  -  Run Bytes Received By Job
	166308  -  Total Bytes Sent By Job
	460044  -  Total Bytes Received By Job
	Partitionable Resources :    Usage  Request Allocated 
	   Cpus                 :     0.12        1         1 
	   Disk (KB)            :   633         450    454741 
	   Memory (MB)          :    17        2000      2000 
...
