000 (1094747.119.000) 12/26 20:16:18 Job submitted from host: <188.185.71.83:9618?addrs=188.185.71.83-9618+[2001-1458-d00-7--100-34d]-9618&alias=bigbird18.cern.ch&noUDP&sock=schedd_3557371_31ee_11>
...
040 (1094747.119.000) 12/26 20:24:56 Started transferring input files
	Transferring to host: <188.184.139.249:9618?addrs=188.184.139.249-9618+[2001-1458-301-45--100-2ed]-9618&noUDP&sock=4349_038a_129181>
...
040 (1094747.119.000) 12/26 20:24:56 Finished transferring input files
...
001 (1094747.119.000) 12/26 20:24:57 Job executing on host: <188.184.139.249:9618?addrs=188.184.139.249-9618+[2001-1458-301-45--100-2ed]-9618&noUDP&sock=14318_891a_3>
...
006 (1094747.119.000) 12/26 20:25:06 Image size of job updated: 15732
	16  -  MemoryUsage of job (MB)
	15556  -  ResidentSetSize of job (KB)
...
006 (1094747.119.000) 12/26 20:30:07 Image size of job updated: 15732
	16  -  MemoryUsage of job (MB)
	15656  -  ResidentSetSize of job (KB)
...
006 (1094747.119.000) 12/26 20:35:08 Image size of job updated: 15732
	16  -  MemoryUsage of job (MB)
	15716  -  ResidentSetSize of job (KB)
...
006 (1094747.119.000) 12/26 20:40:08 Image size of job updated: 15784
	16  -  MemoryUsage of job (MB)
	15784  -  ResidentSetSize of job (KB)
...
006 (1094747.119.000) 12/26 20:45:09 Image size of job updated: 15852
	16  -  MemoryUsage of job (MB)
	15852  -  ResidentSetSize of job (KB)
...
006 (1094747.119.000) 12/26 20:50:10 Image size of job updated: 15936
	16  -  MemoryUsage of job (MB)
	15936  -  ResidentSetSize of job (KB)
...
006 (1094747.119.000) 12/26 20:55:10 Image size of job updated: 16044
	16  -  MemoryUsage of job (MB)
	16044  -  ResidentSetSize of job (KB)
...
006 (1094747.119.000) 12/26 21:00:11 Image size of job updated: 16172
	16  -  MemoryUsage of job (MB)
	16172  -  ResidentSetSize of job (KB)
...
006 (1094747.119.000) 12/26 21:05:12 Image size of job updated: 16340
	16  -  MemoryUsage of job (MB)
	16340  -  ResidentSetSize of job (KB)
...
006 (1094747.119.000) 12/26 21:08:15 Image size of job updated: 24996
	16  -  MemoryUsage of job (MB)
	16340  -  ResidentSetSize of job (KB)
...
040 (1094747.119.000) 12/26 21:08:15 Started transferring output files
...
040 (1094747.119.000) 12/26 21:08:15 Finished transferring output files
...
005 (1094747.119.000) 12/26 21:08:16 Job terminated.
	(1) Normal termination (return value 0)
		Usr 0 00:01:27, Sys 0 00:00:51  -  Run Remote Usage
		Usr 0 00:00:00, Sys 0 00:00:00  -  Run Local Usage
		Usr 0 00:01:27, Sys 0 00:00:51  -  Total Remote Usage
		Usr 0 00:00:00, Sys 0 00:00:00  -  Total Local Usage
	166303  -  Run Bytes Sent By Job
	460042  -  Run Bytes Received By Job
	166303  -  Total Bytes Sent By Job
	460042  -  Total Bytes Received By Job
	Partitionable Resources :    Usage  Request Allocated 
	   Cpus                 :     0.14        1         1 
	   Disk (KB)            :   633         450    355363 
	   Memory (MB)          :    16        2000      2000 
...
