000 (1094747.101.000) 12/26 20:16:18 Job submitted from host: <188.185.71.83:9618?addrs=188.185.71.83-9618+[2001-1458-d00-7--100-34d]-9618&alias=bigbird18.cern.ch&noUDP&sock=schedd_3557371_31ee_11>
...
040 (1094747.101.000) 12/26 20:24:33 Started transferring input files
	Transferring to host: <188.184.68.13:9618?addrs=188.184.68.13-9618&noUDP&sock=32127_20b4_49054>
...
040 (1094747.101.000) 12/26 20:24:33 Finished transferring input files
...
001 (1094747.101.000) 12/26 20:24:34 Job executing on host: <188.184.68.13:9618?addrs=188.184.68.13-9618&noUDP&sock=32088_470a_3>
...
006 (1094747.101.000) 12/26 20:24:43 Image size of job updated: 15736
	16  -  MemoryUsage of job (MB)
	15560  -  ResidentSetSize of job (KB)
...
006 (1094747.101.000) 12/26 20:29:45 Image size of job updated: 15772
	16  -  MemoryUsage of job (MB)
	15596  -  ResidentSetSize of job (KB)
...
006 (1094747.101.000) 12/26 20:34:45 Image size of job updated: 15788
	16  -  MemoryUsage of job (MB)
	15612  -  ResidentSetSize of job (KB)
...
006 (1094747.101.000) 12/26 20:39:45 Image size of job updated: 15820
	16  -  MemoryUsage of job (MB)
	15644  -  ResidentSetSize of job (KB)
...
006 (1094747.101.000) 12/26 20:44:46 Image size of job updated: 15832
	16  -  MemoryUsage of job (MB)
	15656  -  ResidentSetSize of job (KB)
...
006 (1094747.101.000) 12/26 20:49:46 Image size of job updated: 15856
	16  -  MemoryUsage of job (MB)
	15680  -  ResidentSetSize of job (KB)
...
006 (1094747.101.000) 12/26 20:54:46 Image size of job updated: 15872
	16  -  MemoryUsage of job (MB)
	15696  -  ResidentSetSize of job (KB)
...
006 (1094747.101.000) 12/26 21:04:47 Image size of job updated: 15900
	16  -  MemoryUsage of job (MB)
	15724  -  ResidentSetSize of job (KB)
...
006 (1094747.101.000) 12/26 21:09:48 Image size of job updated: 16024
	16  -  MemoryUsage of job (MB)
	15848  -  ResidentSetSize of job (KB)
...
006 (1094747.101.000) 12/26 21:19:38 Image size of job updated: 159332
	16  -  MemoryUsage of job (MB)
	15848  -  ResidentSetSize of job (KB)
...
040 (1094747.101.000) 12/26 21:19:38 Started transferring output files
...
040 (1094747.101.000) 12/26 21:19:38 Finished transferring output files
...
005 (1094747.101.000) 12/26 21:19:38 Job terminated.
	(1) Normal termination (return value 0)
		Usr 0 00:01:31, Sys 0 00:01:02  -  Run Remote Usage
		Usr 0 00:00:00, Sys 0 00:00:00  -  Run Local Usage
		Usr 0 00:01:31, Sys 0 00:01:02  -  Total Remote Usage
		Usr 0 00:00:00, Sys 0 00:00:00  -  Total Local Usage
	166299  -  Run Bytes Sent By Job
	460041  -  Run Bytes Received By Job
	166299  -  Total Bytes Sent By Job
	460041  -  Total Bytes Received By Job
	Partitionable Resources :    Usage  Request Allocated 
	   Cpus                 :     0.28        1         1 
	   Disk (KB)            :   633         450    275724 
	   Memory (MB)          :    16        2000      2000 
...
