000 (1094747.065.000) 12/26 20:16:18 Job submitted from host: <188.185.71.83:9618?addrs=188.185.71.83-9618+[2001-1458-d00-7--100-34d]-9618&alias=bigbird18.cern.ch&noUDP&sock=schedd_3557371_31ee_11>
...
040 (1094747.065.000) 12/26 20:24:23 Started transferring input files
	Transferring to host: <188.184.211.37:9618?addrs=188.184.211.37-9618+[2001-1458-301-10b--100-109]-9618&noUDP&sock=12971_fe29_48335>
...
040 (1094747.065.000) 12/26 20:24:23 Finished transferring input files
...
001 (1094747.065.000) 12/26 20:24:24 Job executing on host: <188.184.211.37:9618?addrs=188.184.211.37-9618+[2001-1458-301-10b--100-109]-9618&noUDP&sock=12932_dad6_3>
...
006 (1094747.065.000) 12/26 20:24:33 Image size of job updated: 15784
	16  -  MemoryUsage of job (MB)
	15608  -  ResidentSetSize of job (KB)
...
006 (1094747.065.000) 12/26 20:29:34 Image size of job updated: 15984
	16  -  MemoryUsage of job (MB)
	15808  -  ResidentSetSize of job (KB)
...
006 (1094747.065.000) 12/26 20:34:35 Image size of job updated: 16108
	16  -  MemoryUsage of job (MB)
	15932  -  ResidentSetSize of job (KB)
...
006 (1094747.065.000) 12/26 20:39:35 Image size of job updated: 16260
	16  -  MemoryUsage of job (MB)
	16084  -  ResidentSetSize of job (KB)
...
006 (1094747.065.000) 12/26 20:44:35 Image size of job updated: 16424
	16  -  MemoryUsage of job (MB)
	16248  -  ResidentSetSize of job (KB)
...
006 (1094747.065.000) 12/26 20:49:36 Image size of job updated: 16572
	17  -  MemoryUsage of job (MB)
	16396  -  ResidentSetSize of job (KB)
...
006 (1094747.065.000) 12/26 20:52:56 Image size of job updated: 184332
	17  -  MemoryUsage of job (MB)
	16396  -  ResidentSetSize of job (KB)
...
040 (1094747.065.000) 12/26 20:52:56 Started transferring output files
...
040 (1094747.065.000) 12/26 20:52:56 Finished transferring output files
...
005 (1094747.065.000) 12/26 20:52:57 Job terminated.
	(1) Normal termination (return value 0)
		Usr 0 00:02:17, Sys 0 00:00:48  -  Run Remote Usage
		Usr 0 00:00:00, Sys 0 00:00:00  -  Run Local Usage
		Usr 0 00:02:17, Sys 0 00:00:48  -  Total Remote Usage
		Usr 0 00:00:00, Sys 0 00:00:00  -  Total Local Usage
	177564  -  Run Bytes Sent By Job
	459972  -  Run Bytes Received By Job
	177564  -  Total Bytes Sent By Job
	459972  -  Total Bytes Received By Job
	Partitionable Resources :    Usage  Request Allocated 
	   Cpus                 :     0.30        1         1 
	   Disk (KB)            :   644         450    367801 
	   Memory (MB)          :    17        2000      2000 
...
