000 (1094747.068.000) 12/26 20:16:18 Job submitted from host: <188.185.71.83:9618?addrs=188.185.71.83-9618+[2001-1458-d00-7--100-34d]-9618&alias=bigbird18.cern.ch&noUDP&sock=schedd_3557371_31ee_11>
...
040 (1094747.068.000) 12/26 20:24:40 Started transferring input files
	Transferring to host: <188.185.105.248:9618?addrs=188.185.105.248-9618+[2001-1458-d00-3e--100-19a]-9618&noUDP&sock=32609_bd87_34997>
...
040 (1094747.068.000) 12/26 20:24:40 Finished transferring input files
...
001 (1094747.068.000) 12/26 20:24:41 Job executing on host: <188.185.105.248:9618?addrs=188.185.105.248-9618+[2001-1458-d00-3e--100-19a]-9618&noUDP&sock=32571_9349_3>
...
006 (1094747.068.000) 12/26 20:24:50 Image size of job updated: 15760
	16  -  MemoryUsage of job (MB)
	15584  -  ResidentSetSize of job (KB)
...
006 (1094747.068.000) 12/26 20:29:51 Image size of job updated: 15952
	16  -  MemoryUsage of job (MB)
	15776  -  ResidentSetSize of job (KB)
...
006 (1094747.068.000) 12/26 20:34:52 Image size of job updated: 16092
	16  -  MemoryUsage of job (MB)
	15916  -  ResidentSetSize of job (KB)
...
006 (1094747.068.000) 12/26 20:39:52 Image size of job updated: 16228
	16  -  MemoryUsage of job (MB)
	16052  -  ResidentSetSize of job (KB)
...
006 (1094747.068.000) 12/26 20:44:53 Image size of job updated: 16388
	16  -  MemoryUsage of job (MB)
	16212  -  ResidentSetSize of job (KB)
...
006 (1094747.068.000) 12/26 20:49:54 Image size of job updated: 16532
	16  -  MemoryUsage of job (MB)
	16356  -  ResidentSetSize of job (KB)
...
006 (1094747.068.000) 12/26 20:54:45 Image size of job updated: 184416
	16  -  MemoryUsage of job (MB)
	16356  -  ResidentSetSize of job (KB)
...
040 (1094747.068.000) 12/26 20:54:45 Started transferring output files
...
040 (1094747.068.000) 12/26 20:54:45 Finished transferring output files
...
005 (1094747.068.000) 12/26 20:54:45 Job terminated.
	(1) Normal termination (return value 0)
		Usr 0 00:01:14, Sys 0 00:00:30  -  Run Remote Usage
		Usr 0 00:00:00, Sys 0 00:00:00  -  Run Local Usage
		Usr 0 00:01:14, Sys 0 00:00:30  -  Total Remote Usage
		Usr 0 00:00:00, Sys 0 00:00:00  -  Total Local Usage
	177556  -  Run Bytes Sent By Job
	459970  -  Run Bytes Received By Job
	177556  -  Total Bytes Sent By Job
	459970  -  Total Bytes Received By Job
	Partitionable Resources :    Usage  Request Allocated 
	   Cpus                 :     0.52        1         1 
	   Disk (KB)            :   644         450    595086 
	   Memory (MB)          :    16        2000      2000 
...
