000 (1094747.166.000) 12/26 20:16:18 Job submitted from host: <188.185.71.83:9618?addrs=188.185.71.83-9618+[2001-1458-d00-7--100-34d]-9618&alias=bigbird18.cern.ch&noUDP&sock=schedd_3557371_31ee_11>
...
040 (1094747.166.000) 12/26 20:25:10 Started transferring input files
	Transferring to host: <188.184.198.144:9618?addrs=188.184.198.144-9618+[2001-1458-301-c1--100-353]-9618&noUDP&sock=18665_ee50_33452>
...
040 (1094747.166.000) 12/26 20:25:10 Finished transferring input files
...
001 (1094747.166.000) 12/26 20:25:11 Job executing on host: <188.184.198.144:9618?addrs=188.184.198.144-9618+[2001-1458-301-c1--100-353]-9618&noUDP&sock=18528_3ed1_3>
...
006 (1094747.166.000) 12/26 20:25:19 Image size of job updated: 15764
	16  -  MemoryUsage of job (MB)
	15588  -  ResidentSetSize of job (KB)
...
006 (1094747.166.000) 12/26 20:30:19 Image size of job updated: 15876
	16  -  MemoryUsage of job (MB)
	15700  -  ResidentSetSize of job (KB)
...
006 (1094747.166.000) 12/26 20:35:20 Image size of job updated: 16044
	16  -  MemoryUsage of job (MB)
	15868  -  ResidentSetSize of job (KB)
...
006 (1094747.166.000) 12/26 20:40:21 Image size of job updated: 16200
	16  -  MemoryUsage of job (MB)
	16024  -  ResidentSetSize of job (KB)
...
006 (1094747.166.000) 12/26 20:45:21 Image size of job updated: 16336
	16  -  MemoryUsage of job (MB)
	16160  -  ResidentSetSize of job (KB)
...
006 (1094747.166.000) 12/26 20:50:22 Image size of job updated: 16484
	16  -  MemoryUsage of job (MB)
	16308  -  ResidentSetSize of job (KB)
...
006 (1094747.166.000) 12/26 20:55:23 Image size of job updated: 16636
	17  -  MemoryUsage of job (MB)
	16460  -  ResidentSetSize of job (KB)
...
040 (1094747.166.000) 12/26 20:55:54 Started transferring output files
...
040 (1094747.166.000) 12/26 20:55:54 Finished transferring output files
...
005 (1094747.166.000) 12/26 20:55:54 Job terminated.
	(1) Normal termination (return value 0)
		Usr 0 00:01:09, Sys 0 00:00:41  -  Run Remote Usage
		Usr 0 00:00:00, Sys 0 00:00:00  -  Run Local Usage
		Usr 0 00:01:09, Sys 0 00:00:41  -  Total Remote Usage
		Usr 0 00:00:00, Sys 0 00:00:00  -  Total Local Usage
	166346  -  Run Bytes Sent By Job
	460069  -  Run Bytes Received By Job
	166346  -  Total Bytes Sent By Job
	460069  -  Total Bytes Received By Job
	Partitionable Resources :    Usage  Request Allocated 
	   Cpus                 :     0.06        1         1 
	   Disk (KB)            :   634         450    275292 
	   Memory (MB)          :    17        2000      2000 
...
