000 (1094747.171.000) 12/26 20:16:18 Job submitted from host: <188.185.71.83:9618?addrs=188.185.71.83-9618+[2001-1458-d00-7--100-34d]-9618&alias=bigbird18.cern.ch&noUDP&sock=schedd_3557371_31ee_11>
...
040 (1094747.171.000) 12/26 20:25:13 Started transferring input files
	Transferring to host: <188.184.211.73:9618?addrs=188.184.211.73-9618+[2001-1458-301-10b--100-147]-9618&noUDP&sock=9312_e574_57640>
...
040 (1094747.171.000) 12/26 20:25:13 Finished transferring input files
...
001 (1094747.171.000) 12/26 20:25:14 Job executing on host: <188.184.211.73:9618?addrs=188.184.211.73-9618+[2001-1458-301-10b--100-147]-9618&noUDP&sock=9201_b2fc_3>
...
006 (1094747.171.000) 12/26 20:25:23 Image size of job updated: 15744
	16  -  MemoryUsage of job (MB)
	15568  -  ResidentSetSize of job (KB)
...
006 (1094747.171.000) 12/26 20:30:23 Image size of job updated: 15896
	16  -  MemoryUsage of job (MB)
	15720  -  ResidentSetSize of job (KB)
...
006 (1094747.171.000) 12/26 20:35:23 Image size of job updated: 16028
	16  -  MemoryUsage of job (MB)
	15852  -  ResidentSetSize of job (KB)
...
006 (1094747.171.000) 12/26 20:50:24 Image size of job updated: 16440
	16  -  MemoryUsage of job (MB)
	16264  -  ResidentSetSize of job (KB)
...
006 (1094747.171.000) 12/26 20:55:24 Image size of job updated: 16632
	17  -  MemoryUsage of job (MB)
	16456  -  ResidentSetSize of job (KB)
...
040 (1094747.171.000) 12/26 20:56:15 Started transferring output files
...
040 (1094747.171.000) 12/26 20:56:15 Finished transferring output files
...
005 (1094747.171.000) 12/26 20:56:15 Job terminated.
	(1) Normal termination (return value 0)
		Usr 0 00:01:09, Sys 0 00:00:42  -  Run Remote Usage
		Usr 0 00:00:00, Sys 0 00:00:00  -  Run Local Usage
		Usr 0 00:01:09, Sys 0 00:00:42  -  Total Remote Usage
		Usr 0 00:00:00, Sys 0 00:00:00  -  Total Local Usage
	166360  -  Run Bytes Sent By Job
	460070  -  Run Bytes Received By Job
	166360  -  Total Bytes Sent By Job
	460070  -  Total Bytes Received By Job
	Partitionable Resources :    Usage  Request Allocated 
	   Cpus                 :        0        1         1 
	   Disk (KB)            :      633      450    353080 
	   Memory (MB)          :       17     2000      2000 
...
