000 (1094747.118.000) 12/26 20:16:18 Job submitted from host: <188.185.71.83:9618?addrs=188.185.71.83-9618+[2001-1458-d00-7--100-34d]-9618&alias=bigbird18.cern.ch&noUDP&sock=schedd_3557371_31ee_11>
...
040 (1094747.118.000) 12/26 20:24:40 Started transferring input files
	Transferring to host: <188.184.210.150:9618?addrs=188.184.210.150-9618+[2001-1458-301-10b--100-52c]-9618&noUDP&sock=17744_00cb_42031>
...
040 (1094747.118.000) 12/26 20:24:40 Finished transferring input files
...
001 (1094747.118.000) 12/26 20:24:41 Job executing on host: <188.184.210.150:9618?addrs=188.184.210.150-9618+[2001-1458-301-10b--100-52c]-9618&noUDP&sock=17609_e348_3>
...
006 (1094747.118.000) 12/26 20:24:50 Image size of job updated: 15756
	16  -  MemoryUsage of job (MB)
	15580  -  ResidentSetSize of job (KB)
...
006 (1094747.118.000) 12/26 20:29:51 Image size of job updated: 15756
	16  -  MemoryUsage of job (MB)
	15688  -  ResidentSetSize of job (KB)
...
006 (1094747.118.000) 12/26 20:34:52 Image size of job updated: 15760
	16  -  MemoryUsage of job (MB)
	15760  -  ResidentSetSize of job (KB)
...
006 (1094747.118.000) 12/26 20:39:52 Image size of job updated: 15840
	16  -  MemoryUsage of job (MB)
	15840  -  ResidentSetSize of job (KB)
...
006 (1094747.118.000) 12/26 20:44:53 Image size of job updated: 15928
	16  -  MemoryUsage of job (MB)
	15928  -  ResidentSetSize of job (KB)
...
006 (1094747.118.000) 12/26 20:49:54 Image size of job updated: 16012
	16  -  MemoryUsage of job (MB)
	16012  -  ResidentSetSize of job (KB)
...
006 (1094747.118.000) 12/26 20:54:54 Image size of job updated: 16104
	16  -  MemoryUsage of job (MB)
	16104  -  ResidentSetSize of job (KB)
...
006 (1094747.118.000) 12/26 20:59:55 Image size of job updated: 16244
	16  -  MemoryUsage of job (MB)
	16244  -  ResidentSetSize of job (KB)
...
006 (1094747.118.000) 12/26 21:04:56 Image size of job updated: 16396
	17  -  MemoryUsage of job (MB)
	16396  -  ResidentSetSize of job (KB)
...
006 (1094747.118.000) 12/26 21:07:01 Image size of job updated: 503348
	17  -  MemoryUsage of job (MB)
	16396  -  ResidentSetSize of job (KB)
...
040 (1094747.118.000) 12/26 21:07:01 Started transferring output files
...
040 (1094747.118.000) 12/26 21:07:01 Finished transferring output files
...
005 (1094747.118.000) 12/26 21:07:01 Job terminated.
	(1) Normal termination (return value 0)
		Usr 0 00:00:59, Sys 0 00:00:36  -  Run Remote Usage
		Usr 0 00:00:00, Sys 0 00:00:00  -  Run Local Usage
		Usr 0 00:00:59, Sys 0 00:00:36  -  Total Remote Usage
		Usr 0 00:00:00, Sys 0 00:00:00  -  Total Local Usage
	166303  -  Run Bytes Sent By Job
	460040  -  Run Bytes Received By Job
	166303  -  Total Bytes Sent By Job
	460040  -  Total Bytes Received By Job
	Partitionable Resources :    Usage  Request Allocated 
	   Cpus                 :     0.07        1         1 
	   Disk (KB)            :   634         450    362048 
	   Memory (MB)          :    17        2000      2000 
...
