000 (1094747.082.000) 12/26 20:16:18 Job submitted from host: <188.185.71.83:9618?addrs=188.185.71.83-9618+[2001-1458-d00-7--100-34d]-9618&alias=bigbird18.cern.ch&noUDP&sock=schedd_3557371_31ee_11>
...
040 (1094747.082.000) 12/26 20:24:29 Started transferring input files
	Transferring to host: <128.142.71.144:9618?addrs=128.142.71.144-9618&noUDP&sock=2536_9760_67496>
...
040 (1094747.082.000) 12/26 20:24:29 Finished transferring input files
...
001 (1094747.082.000) 12/26 20:24:30 Job executing on host: <128.142.71.144:9618?addrs=128.142.71.144-9618&noUDP&sock=1921_3985_3>
...
006 (1094747.082.000) 12/26 20:24:38 Image size of job updated: 15788
	16  -  MemoryUsage of job (MB)
	15612  -  ResidentSetSize of job (KB)
...
006 (1094747.082.000) 12/26 20:29:38 Image size of job updated: 15788
	16  -  MemoryUsage of job (MB)
	15708  -  ResidentSetSize of job (KB)
...
006 (1094747.082.000) 12/26 20:34:39 Image size of job updated: 15792
	16  -  MemoryUsage of job (MB)
	15792  -  ResidentSetSize of job (KB)
...
006 (1094747.082.000) 12/26 20:39:39 Image size of job updated: 15876
	16  -  MemoryUsage of job (MB)
	15876  -  ResidentSetSize of job (KB)
...
006 (1094747.082.000) 12/26 20:44:39 Image size of job updated: 15932
	16  -  MemoryUsage of job (MB)
	15932  -  ResidentSetSize of job (KB)
...
006 (1094747.082.000) 12/26 20:54:40 Image size of job updated: 16092
	16  -  MemoryUsage of job (MB)
	16092  -  ResidentSetSize of job (KB)
...
006 (1094747.082.000) 12/26 20:59:40 Image size of job updated: 16208
	16  -  MemoryUsage of job (MB)
	16208  -  ResidentSetSize of job (KB)
...
006 (1094747.082.000) 12/26 21:04:41 Image size of job updated: 16372
	16  -  MemoryUsage of job (MB)
	16372  -  ResidentSetSize of job (KB)
...
040 (1094747.082.000) 12/26 21:08:01 Started transferring output files
...
040 (1094747.082.000) 12/26 21:08:01 Finished transferring output files
...
005 (1094747.082.000) 12/26 21:08:01 Job terminated.
	(1) Normal termination (return value 0)
		Usr 0 00:01:23, Sys 0 00:00:46  -  Run Remote Usage
		Usr 0 00:00:00, Sys 0 00:00:00  -  Run Local Usage
		Usr 0 00:01:23, Sys 0 00:00:46  -  Total Remote Usage
		Usr 0 00:00:00, Sys 0 00:00:00  -  Total Local Usage
	177553  -  Run Bytes Sent By Job
	459970  -  Run Bytes Received By Job
	177553  -  Total Bytes Sent By Job
	459970  -  Total Bytes Received By Job
	Partitionable Resources :    Usage  Request Allocated 
	   Cpus                 :     0.23        1         1 
	   Disk (KB)            :   644         450    157452 
	   Memory (MB)          :    16        2000      2000 
...
