000 (1094747.011.000) 12/26 20:16:18 Job submitted from host: <188.185.71.83:9618?addrs=188.185.71.83-9618+[2001-1458-d00-7--100-34d]-9618&alias=bigbird18.cern.ch&noUDP&sock=schedd_3557371_31ee_11>
...
040 (1094747.011.000) 12/26 20:19:34 Started transferring input files
	Transferring to host: <137.138.51.230:9618?addrs=137.138.51.230-9618+[2001-1458-d00-25--5]-9618&noUDP&sock=16930_776a_7071>
...
040 (1094747.011.000) 12/26 20:19:34 Finished transferring input files
...
001 (1094747.011.000) 12/26 20:19:35 Job executing on host: <137.138.51.230:9618?addrs=137.138.51.230-9618+[2001-1458-d00-25--5]-9618&noUDP&sock=16774_25b3_3>
...
006 (1094747.011.000) 12/26 20:19:44 Image size of job updated: 15944
	16  -  MemoryUsage of job (MB)
	15708  -  ResidentSetSize of job (KB)
...
006 (1094747.011.000) 12/26 20:24:45 Image size of job updated: 16648
	17  -  MemoryUsage of job (MB)
	16472  -  ResidentSetSize of job (KB)
...
006 (1094747.011.000) 12/26 20:27:23 Image size of job updated: 181412
	17  -  MemoryUsage of job (MB)
	16472  -  ResidentSetSize of job (KB)
...
040 (1094747.011.000) 12/26 20:27:23 Started transferring output files
...
040 (1094747.011.000) 12/26 20:27:23 Finished transferring output files
...
005 (1094747.011.000) 12/26 20:27:23 Job terminated.
	(1) Normal termination (return value 0)
		Usr 0 00:02:45, Sys 0 00:00:53  -  Run Remote Usage
		Usr 0 00:00:00, Sys 0 00:00:00  -  Run Local Usage
		Usr 0 00:02:45, Sys 0 00:00:53  -  Total Remote Usage
		Usr 0 00:00:00, Sys 0 00:00:00  -  Total Local Usage
	168602  -  Run Bytes Sent By Job
	460044  -  Run Bytes Received By Job
	168602  -  Total Bytes Sent By Job
	460044  -  Total Bytes Received By Job
	Partitionable Resources :    Usage  Request Allocated 
	   Cpus                 :     0.59        1         1 
	   Disk (KB)            :   636         450    210375 
	   Memory (MB)          :    17        2000      2000 
...
