000 (1094747.039.000) 12/26 20:16:18 Job submitted from host: <188.185.71.83:9618?addrs=188.185.71.83-9618+[2001-1458-d00-7--100-34d]-9618&alias=bigbird18.cern.ch&noUDP&sock=schedd_3557371_31ee_11>
...
040 (1094747.039.000) 12/26 20:19:12 Started transferring input files
	Transferring to host: <128.142.107.230:9618?addrs=128.142.107.230-9618+[2001-1458-301-8b--100-65d]-9618&noUDP&sock=17748_d24b_48769>
...
040 (1094747.039.000) 12/26 20:19:12 Finished transferring input files
...
001 (1094747.039.000) 12/26 20:19:13 Job executing on host: <128.142.107.230:9618?addrs=128.142.107.230-9618+[2001-1458-301-8b--100-65d]-9618&noUDP&sock=17613_a1a9_3>
...
006 (1094747.039.000) 12/26 20:19:22 Image size of job updated: 4132
	4  -  MemoryUsage of job (MB)
	3956  -  ResidentSetSize of job (KB)
...
006 (1094747.039.000) 12/26 20:24:23 Image size of job updated: 131128
	123  -  MemoryUsage of job (MB)
	125388  -  ResidentSetSize of job (KB)
...
040 (1094747.039.000) 12/26 20:24:30 Started transferring output files
...
040 (1094747.039.000) 12/26 20:24:30 Finished transferring output files
...
005 (1094747.039.000) 12/26 20:24:31 Job terminated.
	(1) Normal termination (return value 0)
		Usr 0 00:01:32, Sys 0 00:00:46  -  Run Remote Usage
		Usr 0 00:00:00, Sys 0 00:00:00  -  Run Local Usage
		Usr 0 00:01:32, Sys 0 00:00:46  -  Total Remote Usage
		Usr 0 00:00:00, Sys 0 00:00:00  -  Total Local Usage
	177575  -  Run Bytes Sent By Job
	459980  -  Run Bytes Received By Job
	177575  -  Total Bytes Sent By Job
	459980  -  Total Bytes Received By Job
	Partitionable Resources :    Usage  Request Allocated 
	   Cpus                 :     0.02        1         1 
	   Disk (KB)            :   644         450    220350 
	   Memory (MB)          :   123        2000      2000 
...
