000 (1094747.156.000) 12/26 20:16:18 Job submitted from host: <188.185.71.83:9618?addrs=188.185.71.83-9618+[2001-1458-d00-7--100-34d]-9618&alias=bigbird18.cern.ch&noUDP&sock=schedd_3557371_31ee_11>
...
040 (1094747.156.000) 12/26 20:25:08 Started transferring input files
	Transferring to host: <128.142.69.166:9618?addrs=128.142.69.166-9618&noUDP&sock=2531_1180_63079>
...
040 (1094747.156.000) 12/26 20:25:08 Finished transferring input files
...
001 (1094747.156.000) 12/26 20:25:09 Job executing on host: <128.142.69.166:9618?addrs=128.142.69.166-9618&noUDP&sock=1953_2c8d_3>
...
006 (1094747.156.000) 12/26 20:25:18 Image size of job updated: 15760
	16  -  MemoryUsage of job (MB)
	15584  -  ResidentSetSize of job (KB)
...
006 (1094747.156.000) 12/26 20:30:19 Image size of job updated: 15864
	16  -  MemoryUsage of job (MB)
	15688  -  ResidentSetSize of job (KB)
...
006 (1094747.156.000) 12/26 20:40:20 Image size of job updated: 16176
	16  -  MemoryUsage of job (MB)
	16000  -  ResidentSetSize of job (KB)
...
006 (1094747.156.000) 12/26 20:45:21 Image size of job updated: 16300
	16  -  MemoryUsage of job (MB)
	16124  -  ResidentSetSize of job (KB)
...
006 (1094747.156.000) 12/26 20:50:22 Image size of job updated: 16464
	16  -  MemoryUsage of job (MB)
	16288  -  ResidentSetSize of job (KB)
...
006 (1094747.156.000) 12/26 20:55:22 Image size of job updated: 16608
	17  -  MemoryUsage of job (MB)
	16432  -  ResidentSetSize of job (KB)
...
040 (1094747.156.000) 12/26 20:56:32 Started transferring output files
...
040 (1094747.156.000) 12/26 20:56:32 Finished transferring output files
...
005 (1094747.156.000) 12/26 20:56:32 Job terminated.
	(1) Normal termination (return value 0)
		Usr 0 00:01:17, Sys 0 00:00:46  -  Run Remote Usage
		Usr 0 00:00:00, Sys 0 00:00:00  -  Run Local Usage
		Usr 0 00:01:17, Sys 0 00:00:46  -  Total Remote Usage
		Usr 0 00:00:00, Sys 0 00:00:00  -  Total Local Usage
	166357  -  Run Bytes Sent By Job
	460068  -  Run Bytes Received By Job
	166357  -  Total Bytes Sent By Job
	460068  -  Total Bytes Received By Job
	Partitionable Resources :    Usage  Request Allocated 
	   Cpus                 :        0        1         1 
	   Disk (KB)            :      633      450    204410 
	   Memory (MB)          :       17     2000      2000 
...
