000 (1094747.170.000) 12/26 20:16:18 Job submitted from host: <188.185.71.83:9618?addrs=188.185.71.83-9618+[2001-1458-d00-7--100-34d]-9618&alias=bigbird18.cern.ch&noUDP&sock=schedd_3557371_31ee_11>
...
040 (1094747.170.000) 12/26 20:24:56 Started transferring input files
	Transferring to host: <128.142.77.183:9618?addrs=128.142.77.183-9618+[2001-1458-301-f4--100-5fd]-9618&noUDP&sock=16739_e3c2_5588>
...
040 (1094747.170.000) 12/26 20:24:57 Finished transferring input files
...
001 (1094747.170.000) 12/26 20:24:58 Job executing on host: <128.142.77.183:9618?addrs=128.142.77.183-9618+[2001-1458-301-f4--100-5fd]-9618&noUDP&sock=16583_231d_3>
...
006 (1094747.170.000) 12/26 20:25:07 Image size of job updated: 9944
	10  -  MemoryUsage of job (MB)
	9868  -  ResidentSetSize of job (KB)
...
006 (1094747.170.000) 12/26 20:30:06 Image size of job updated: 15932
	16  -  MemoryUsage of job (MB)
	15676  -  ResidentSetSize of job (KB)
...
006 (1094747.170.000) 12/26 20:35:06 Image size of job updated: 15980
	16  -  MemoryUsage of job (MB)
	15724  -  ResidentSetSize of job (KB)
...
006 (1094747.170.000) 12/26 20:40:07 Image size of job updated: 16028
	16  -  MemoryUsage of job (MB)
	15772  -  ResidentSetSize of job (KB)
...
006 (1094747.170.000) 12/26 20:45:07 Image size of job updated: 16076
	16  -  MemoryUsage of job (MB)
	15820  -  ResidentSetSize of job (KB)
...
006 (1094747.170.000) 12/26 20:50:08 Image size of job updated: 16132
	16  -  MemoryUsage of job (MB)
	15876  -  ResidentSetSize of job (KB)
...
006 (1094747.170.000) 12/26 21:00:10 Image size of job updated: 16180
	16  -  MemoryUsage of job (MB)
	15924  -  ResidentSetSize of job (KB)
...
006 (1094747.170.000) 12/26 21:05:10 Image size of job updated: 16228
	16  -  MemoryUsage of job (MB)
	15972  -  ResidentSetSize of job (KB)
...
006 (1094747.170.000) 12/26 21:10:10 Image size of job updated: 16304
	16  -  MemoryUsage of job (MB)
	16048  -  ResidentSetSize of job (KB)
...
006 (1094747.170.000) 12/26 21:15:11 Image size of job updated: 16352
	16  -  MemoryUsage of job (MB)
	16140  -  ResidentSetSize of job (KB)
...
006 (1094747.170.000) 12/26 21:20:11 Image size of job updated: 16452
	16  -  MemoryUsage of job (MB)
	16240  -  ResidentSetSize of job (KB)
...
006 (1094747.170.000) 12/26 21:24:59 Image size of job updated: 81888
	16  -  MemoryUsage of job (MB)
	16240  -  ResidentSetSize of job (KB)
...
040 (1094747.170.000) 12/26 21:24:59 Started transferring output files
...
040 (1094747.170.000) 12/26 21:24:59 Finished transferring output files
...
009 (1094747.170.000) 12/26 21:24:59 Job was aborted by the user.
	Job removed by SYSTEM_PERIODIC_REMOVE due to wall time exceeded allowed max.
...
