000 (1094747.024.000) 12/26 20:16:18 Job submitted from host: <188.185.71.83:9618?addrs=188.185.71.83-9618+[2001-1458-d00-7--100-34d]-9618&alias=bigbird18.cern.ch&noUDP&sock=schedd_3557371_31ee_11>
...
040 (1094747.024.000) 12/26 20:19:36 Started transferring input files
	Transferring to host: <128.142.116.83:9618?addrs=128.142.116.83-9618+[2001-1458-301-ae--100-324]-9618&noUDP&sock=15336_5969_41150>
...
040 (1094747.024.000) 12/26 20:19:36 Finished transferring input files
...
001 (1094747.024.000) 12/26 20:19:37 Job executing on host: <128.142.116.83:9618?addrs=128.142.116.83-9618+[2001-1458-301-ae--100-324]-9618&noUDP&sock=15201_333a_3>
...
006 (1094747.024.000) 12/26 20:19:46 Image size of job updated: 14656
	15  -  MemoryUsage of job (MB)
	14656  -  ResidentSetSize of job (KB)
...
006 (1094747.024.000) 12/26 20:24:29 Image size of job updated: 22840
	15  -  MemoryUsage of job (MB)
	14824  -  ResidentSetSize of job (KB)
...
040 (1094747.024.000) 12/26 20:24:29 Started transferring output files
...
040 (1094747.024.000) 12/26 20:24:29 Finished transferring output files
...
005 (1094747.024.000) 12/26 20:24:29 Job terminated.
	(1) Normal termination (return value 0)
		Usr 0 00:01:52, Sys 0 00:00:56  -  Run Remote Usage
		Usr 0 00:00:00, Sys 0 00:00:00  -  Run Local Usage
		Usr 0 00:01:52, Sys 0 00:00:56  -  Total Remote Usage
		Usr 0 00:00:00, Sys 0 00:00:00  -  Total Local Usage
	177576  -  Run Bytes Sent By Job
	459979  -  Run Bytes Received By Job
	177576  -  Total Bytes Sent By Job
	459979  -  Total Bytes Received By Job
	Partitionable Resources :    Usage  Request Allocated 
	   Cpus                 :     0.79        1         1 
	   Disk (KB)            :   644         450    216113 
	   Memory (MB)          :    15        2000      2000 
...
