000 (1094747.210.000) 12/26 20:16:18 Job submitted from host: <188.185.71.83:9618?addrs=188.185.71.83-9618+[2001-1458-d00-7--100-34d]-9618&alias=bigbird18.cern.ch&noUDP&sock=schedd_3557371_31ee_11>
...
040 (1094747.210.000) 12/26 20:25:14 Started transferring input files
	Transferring to host: <128.142.120.125:9618?addrs=128.142.120.125-9618&noUDP&sock=3009_dcd3_53022>
...
040 (1094747.210.000) 12/26 20:25:14 Finished transferring input files
...
001 (1094747.210.000) 12/26 20:25:15 Job executing on host: <128.142.120.125:9618?addrs=128.142.120.125-9618&noUDP&sock=2072_cc52_3>
...
006 (1094747.210.000) 12/26 20:25:24 Image size of job updated: 15768
	16  -  MemoryUsage of job (MB)
	15592  -  ResidentSetSize of job (KB)
...
006 (1094747.210.000) 12/26 20:30:25 Image size of job updated: 15840
	16  -  MemoryUsage of job (MB)
	15664  -  ResidentSetSize of job (KB)
...
006 (1094747.210.000) 12/26 20:35:25 Image size of job updated: 15932
	16  -  MemoryUsage of job (MB)
	15756  -  ResidentSetSize of job (KB)
...
006 (1094747.210.000) 12/26 20:40:26 Image size of job updated: 16016
	16  -  MemoryUsage of job (MB)
	15840  -  ResidentSetSize of job (KB)
...
006 (1094747.210.000) 12/26 20:45:27 Image size of job updated: 16104
	16  -  MemoryUsage of job (MB)
	15928  -  ResidentSetSize of job (KB)
...
006 (1094747.210.000) 12/26 20:50:27 Image size of job updated: 16188
	16  -  MemoryUsage of job (MB)
	16012  -  ResidentSetSize of job (KB)
...
006 (1094747.210.000) 12/26 20:55:27 Image size of job updated: 16272
	16  -  MemoryUsage of job (MB)
	16096  -  ResidentSetSize of job (KB)
...
006 (1094747.210.000) 12/26 21:00:28 Image size of job updated: 16408
	16  -  MemoryUsage of job (MB)
	16232  -  ResidentSetSize of job (KB)
...
006 (1094747.210.000) 12/26 21:05:28 Image size of job updated: 16568
	17  -  MemoryUsage of job (MB)
	16392  -  ResidentSetSize of job (KB)
...
006 (1094747.210.000) 12/26 21:07:24 Image size of job updated: 96008
	17  -  MemoryUsage of job (MB)
	16392  -  ResidentSetSize of job (KB)
...
040 (1094747.210.000) 12/26 21:07:24 Started transferring output files
...
040 (1094747.210.000) 12/26 21:07:24 Finished transferring output files
...
005 (1094747.210.000) 12/26 21:07:24 Job terminated.
	(1) Normal termination (return value 0)
		Usr 0 00:01:22, Sys 0 00:00:50  -  Run Remote Usage
		Usr 0 00:00:00, Sys 0 00:00:00  -  Run Local Usage
		Usr 0 00:01:22, Sys 0 00:00:50  -  Total Remote Usage
		Usr 0 00:00:00, Sys 0 00:00:00  -  Total Local Usage
	166362  -  Run Bytes Sent By Job
	460069  -  Run Bytes Received By Job
	166362  -  Total Bytes Sent By Job
	460069  -  Total Bytes Received By Job
	Partitionable Resources :    Usage  Request Allocated 
	   Cpus                 :     0.16        1         1 
	   Disk (KB)            :   633         450    212088 
	   Memory (MB)          :    17        2000      2000 
...
