000 (1094747.135.000) 12/26 20:16:18 Job submitted from host: <188.185.71.83:9618?addrs=188.185.71.83-9618+[2001-1458-d00-7--100-34d]-9618&alias=bigbird18.cern.ch&noUDP&sock=schedd_3557371_31ee_11>
...
040 (1094747.135.000) 12/26 20:24:47 Started transferring input files
	Transferring to host: <128.142.108.151:9618?addrs=128.142.108.151-9618+[2001-1458-301-8f--100-b2]-9618&noUDP&sock=2010_fa0b_43215>
...
040 (1094747.135.000) 12/26 20:24:47 Finished transferring input files
...
001 (1094747.135.000) 12/26 20:24:48 Job executing on host: <128.142.108.151:9618?addrs=128.142.108.151-9618+[2001-1458-301-8f--100-b2]-9618&noUDP&sock=1934_2440_3>
...
006 (1094747.135.000) 12/26 20:24:56 Image size of job updated: 8824
	9  -  MemoryUsage of job (MB)
	8592  -  ResidentSetSize of job (KB)
...
006 (1094747.135.000) 12/26 20:29:56 Image size of job updated: 15736
	16  -  MemoryUsage of job (MB)
	15656  -  ResidentSetSize of job (KB)
...
006 (1094747.135.000) 12/26 20:34:57 Image size of job updated: 15820
	16  -  MemoryUsage of job (MB)
	15740  -  ResidentSetSize of job (KB)
...
006 (1094747.135.000) 12/26 20:39:58 Image size of job updated: 15912
	16  -  MemoryUsage of job (MB)
	15832  -  ResidentSetSize of job (KB)
...
006 (1094747.135.000) 12/26 20:44:58 Image size of job updated: 15992
	16  -  MemoryUsage of job (MB)
	15912  -  ResidentSetSize of job (KB)
...
006 (1094747.135.000) 12/26 20:49:59 Image size of job updated: 16072
	16  -  MemoryUsage of job (MB)
	15992  -  ResidentSetSize of job (KB)
...
006 (1094747.135.000) 12/26 20:55:00 Image size of job updated: 16144
	16  -  MemoryUsage of job (MB)
	16064  -  ResidentSetSize of job (KB)
...
006 (1094747.135.000) 12/26 21:00:00 Image size of job updated: 16304
	16  -  MemoryUsage of job (MB)
	16224  -  ResidentSetSize of job (KB)
...
006 (1094747.135.000) 12/26 21:05:01 Image size of job updated: 16476
	17  -  MemoryUsage of job (MB)
	16396  -  ResidentSetSize of job (KB)
...
040 (1094747.135.000) 12/26 21:07:19 Started transferring output files
...
040 (1094747.135.000) 12/26 21:07:19 Finished transferring output files
...
005 (1094747.135.000) 12/26 21:07:19 Job terminated.
	(1) Normal termination (return value 0)
		Usr 0 00:01:11, Sys 0 00:00:54  -  Run Remote Usage
		Usr 0 00:00:00, Sys 0 00:00:00  -  Run Local Usage
		Usr 0 00:01:11, Sys 0 00:00:54  -  Total Remote Usage
		Usr 0 00:00:00, Sys 0 00:00:00  -  Total Local Usage
	165960  -  Run Bytes Sent By Job
	459883  -  Run Bytes Received By Job
	165960  -  Total Bytes Sent By Job
	459883  -  Total Bytes Received By Job
	Partitionable Resources :    Usage  Request Allocated 
	   Cpus                 :     0.05        1         1 
	   Disk (KB)            :   633         450    214114 
	   Memory (MB)          :    17        2000      2000 
...
