000 (1094747.067.000) 12/26 20:16:18 Job submitted from host: <188.185.71.83:9618?addrs=188.185.71.83-9618+[2001-1458-d00-7--100-34d]-9618&alias=bigbird18.cern.ch&noUDP&sock=schedd_3557371_31ee_11>
...
040 (1094747.067.000) 12/26 20:24:39 Started transferring input files
	Transferring to host: <188.185.105.60:9618?addrs=188.185.105.60-9618+[2001-1458-d00-3e--100-165]-9618&noUDP&sock=17661_85a7_36546>
...
040 (1094747.067.000) 12/26 20:24:39 Finished transferring input files
...
001 (1094747.067.000) 12/26 20:24:40 Job executing on host: <188.185.105.60:9618?addrs=188.185.105.60-9618+[2001-1458-d00-3e--100-165]-9618&noUDP&sock=17524_95bb_3>
...
006 (1094747.067.000) 12/26 20:24:49 Image size of job updated: 7792
	8  -  MemoryUsage of job (MB)
	7616  -  ResidentSetSize of job (KB)
...
006 (1094747.067.000) 12/26 20:29:50 Image size of job updated: 15680
	16  -  MemoryUsage of job (MB)
	15680  -  ResidentSetSize of job (KB)
...
006 (1094747.067.000) 12/26 20:34:50 Image size of job updated: 15772
	16  -  MemoryUsage of job (MB)
	15772  -  ResidentSetSize of job (KB)
...
006 (1094747.067.000) 12/26 20:39:51 Image size of job updated: 15860
	16  -  MemoryUsage of job (MB)
	15860  -  ResidentSetSize of job (KB)
...
006 (1094747.067.000) 12/26 20:49:52 Image size of job updated: 16016
	16  -  MemoryUsage of job (MB)
	16016  -  ResidentSetSize of job (KB)
...
006 (1094747.067.000) 12/26 20:54:53 Image size of job updated: 16088
	16  -  MemoryUsage of job (MB)
	16088  -  ResidentSetSize of job (KB)
...
006 (1094747.067.000) 12/26 20:59:54 Image size of job updated: 16224
	16  -  MemoryUsage of job (MB)
	16224  -  ResidentSetSize of job (KB)
...
006 (1094747.067.000) 12/26 21:04:54 Image size of job updated: 16384
	16  -  MemoryUsage of job (MB)
	16384  -  ResidentSetSize of job (KB)
...
006 (1094747.067.000) 12/26 21:07:46 Image size of job updated: 133160
	16  -  MemoryUsage of job (MB)
	16384  -  ResidentSetSize of job (KB)
...
040 (1094747.067.000) 12/26 21:07:46 Started transferring output files
...
040 (1094747.067.000) 12/26 21:07:46 Finished transferring output files
...
005 (1094747.067.000) 12/26 21:07:46 Job terminated.
	(1) Normal termination (return value 0)
		Usr 0 00:01:11, Sys 0 00:00:29  -  Run Remote Usage
		Usr 0 00:00:00, Sys 0 00:00:00  -  Run Local Usage
		Usr 0 00:01:11, Sys 0 00:00:29  -  Total Remote Usage
		Usr 0 00:00:00, Sys 0 00:00:00  -  Total Local Usage
	177557  -  Run Bytes Sent By Job
	459969  -  Run Bytes Received By Job
	177557  -  Total Bytes Sent By Job
	459969  -  Total Bytes Received By Job
	Partitionable Resources :    Usage  Request Allocated 
	   Cpus                 :     0.41        1         1 
	   Disk (KB)            :   644         450    593915 
	   Memory (MB)          :    16        2000      2000 
...
