000 (1094747.203.000) 12/26 20:16:18 Job submitted from host: <188.185.71.83:9618?addrs=188.185.71.83-9618+[2001-1458-d00-7--100-34d]-9618&alias=bigbird18.cern.ch&noUDP&sock=schedd_3557371_31ee_11>
...
040 (1094747.203.000) 12/26 20:25:10 Started transferring input files
	Transferring to host: <188.185.105.245:9618?addrs=188.185.105.245-9618+[2001-1458-d00-3e--100-2d0]-9618&noUDP&sock=21920_5f74_33942>
...
040 (1094747.203.000) 12/26 20:25:10 Finished transferring input files
...
001 (1094747.203.000) 12/26 20:25:11 Job executing on host: <188.185.105.245:9618?addrs=188.185.105.245-9618+[2001-1458-d00-3e--100-2d0]-9618&noUDP&sock=21788_558f_3>
...
006 (1094747.203.000) 12/26 20:25:19 Image size of job updated: 15732
	16  -  MemoryUsage of job (MB)
	15556  -  ResidentSetSize of job (KB)
...
006 (1094747.203.000) 12/26 20:30:19 Image size of job updated: 15828
	16  -  MemoryUsage of job (MB)
	15652  -  ResidentSetSize of job (KB)
...
006 (1094747.203.000) 12/26 20:35:20 Image size of job updated: 15916
	16  -  MemoryUsage of job (MB)
	15740  -  ResidentSetSize of job (KB)
...
006 (1094747.203.000) 12/26 20:40:21 Image size of job updated: 16004
	16  -  MemoryUsage of job (MB)
	15828  -  ResidentSetSize of job (KB)
...
006 (1094747.203.000) 12/26 20:45:21 Image size of job updated: 16060
	16  -  MemoryUsage of job (MB)
	15884  -  ResidentSetSize of job (KB)
...
006 (1094747.203.000) 12/26 20:50:21 Image size of job updated: 16152
	16  -  MemoryUsage of job (MB)
	15976  -  ResidentSetSize of job (KB)
...
006 (1094747.203.000) 12/26 20:55:22 Image size of job updated: 16216
	16  -  MemoryUsage of job (MB)
	16040  -  ResidentSetSize of job (KB)
...
006 (1094747.203.000) 12/26 21:00:22 Image size of job updated: 16360
	16  -  MemoryUsage of job (MB)
	16184  -  ResidentSetSize of job (KB)
...
006 (1094747.203.000) 12/26 21:05:22 Image size of job updated: 16536
	16  -  MemoryUsage of job (MB)
	16360  -  ResidentSetSize of job (KB)
...
040 (1094747.203.000) 12/26 21:07:51 Started transferring output files
...
040 (1094747.203.000) 12/26 21:07:51 Finished transferring output files
...
005 (1094747.203.000) 12/26 21:07:52 Job terminated.
	(1) Normal termination (return value 0)
		Usr 0 00:00:48, Sys 0 00:00:30  -  Run Remote Usage
		Usr 0 00:00:00, Sys 0 00:00:00  -  Run Local Usage
		Usr 0 00:00:48, Sys 0 00:00:30  -  Total Remote Usage
		Usr 0 00:00:00, Sys 0 00:00:00  -  Total Local Usage
	166362  -  Run Bytes Sent By Job
	460069  -  Run Bytes Received By Job
	166362  -  Total Bytes Sent By Job
	460069  -  Total Bytes Received By Job
	Partitionable Resources :    Usage  Request Allocated 
	   Cpus                 :     0.50        1         1 
	   Disk (KB)            :   633         450    578622 
	   Memory (MB)          :    16        2000      2000 
...
