000 (1094747.143.000) 12/26 20:16:18 Job submitted from host: <188.185.71.83:9618?addrs=188.185.71.83-9618+[2001-1458-d00-7--100-34d]-9618&alias=bigbird18.cern.ch&noUDP&sock=schedd_3557371_31ee_11>
...
040 (1094747.143.000) 12/26 20:24:47 Started transferring input files
	Transferring to host: <188.184.133.127:9618?addrs=188.184.133.127-9618&noUDP&sock=2897_f2cf_107751>
...
040 (1094747.143.000) 12/26 20:24:47 Finished transferring input files
...
001 (1094747.143.000) 12/26 20:24:48 Job executing on host: <188.184.133.127:9618?addrs=188.184.133.127-9618&noUDP&sock=1845_1852_3>
...
006 (1094747.143.000) 12/26 20:24:56 Image size of job updated: 15752
	16  -  MemoryUsage of job (MB)
	15576  -  ResidentSetSize of job (KB)
...
006 (1094747.143.000) 12/26 20:29:56 Image size of job updated: 15752
	16  -  MemoryUsage of job (MB)
	15664  -  ResidentSetSize of job (KB)
...
006 (1094747.143.000) 12/26 20:34:57 Image size of job updated: 15752
	16  -  MemoryUsage of job (MB)
	15744  -  ResidentSetSize of job (KB)
...
006 (1094747.143.000) 12/26 20:39:57 Image size of job updated: 15804
	16  -  MemoryUsage of job (MB)
	15804  -  ResidentSetSize of job (KB)
...
006 (1094747.143.000) 12/26 20:44:57 Image size of job updated: 15888
	16  -  MemoryUsage of job (MB)
	15888  -  ResidentSetSize of job (KB)
...
006 (1094747.143.000) 12/26 20:49:58 Image size of job updated: 15960
	16  -  MemoryUsage of job (MB)
	15960  -  ResidentSetSize of job (KB)
...
006 (1094747.143.000) 12/26 20:59:58 Image size of job updated: 16172
	16  -  MemoryUsage of job (MB)
	16172  -  ResidentSetSize of job (KB)
...
006 (1094747.143.000) 12/26 21:04:59 Image size of job updated: 16308
	16  -  MemoryUsage of job (MB)
	16308  -  ResidentSetSize of job (KB)
...
006 (1094747.143.000) 12/26 21:08:25 Image size of job updated: 168036
	16  -  MemoryUsage of job (MB)
	16308  -  ResidentSetSize of job (KB)
...
040 (1094747.143.000) 12/26 21:08:25 Started transferring output files
...
040 (1094747.143.000) 12/26 21:08:25 Finished transferring output files
...
005 (1094747.143.000) 12/26 21:08:25 Job terminated.
	(1) Normal termination (return value 0)
		Usr 0 00:01:22, Sys 0 00:00:43  -  Run Remote Usage
		Usr 0 00:00:00, Sys 0 00:00:00  -  Run Local Usage
		Usr 0 00:01:22, Sys 0 00:00:43  -  Total Remote Usage
		Usr 0 00:00:00, Sys 0 00:00:00  -  Total Local Usage
	166350  -  Run Bytes Sent By Job
	460069  -  Run Bytes Received By Job
	166350  -  Total Bytes Sent By Job
	460069  -  Total Bytes Received By Job
	Partitionable Resources :    Usage  Request Allocated 
	   Cpus                 :     0.03        1         1 
	   Disk (KB)            :   633         450    205321 
	   Memory (MB)          :    16        2000      2000 
...
