000 (1094747.029.000) 12/26 20:16:18 Job submitted from host: <188.185.71.83:9618?addrs=188.185.71.83-9618+[2001-1458-d00-7--100-34d]-9618&alias=bigbird18.cern.ch&noUDP&sock=schedd_3557371_31ee_11>
...
040 (1094747.029.000) 12/26 20:19:21 Started transferring input files
	Transferring to host: <128.142.67.127:9618?addrs=128.142.67.127-9618&noUDP&sock=2518_e89f_67706>
...
040 (1094747.029.000) 12/26 20:19:21 Finished transferring input files
...
001 (1094747.029.000) 12/26 20:19:22 Job executing on host: <128.142.67.127:9618?addrs=128.142.67.127-9618&noUDP&sock=1913_bcc3_3>
...
006 (1094747.029.000) 12/26 20:19:31 Image size of job updated: 15604
	16  -  MemoryUsage of job (MB)
	15604  -  ResidentSetSize of job (KB)
...
006 (1094747.029.000) 12/26 20:24:32 Image size of job updated: 153044
	130  -  MemoryUsage of job (MB)
	132712  -  ResidentSetSize of job (KB)
...
040 (1094747.029.000) 12/26 20:24:40 Started transferring output files
...
040 (1094747.029.000) 12/26 20:24:40 Finished transferring output files
...
005 (1094747.029.000) 12/26 20:24:40 Job terminated.
	(1) Normal termination (return value 0)
		Usr 0 00:02:05, Sys 0 00:00:46  -  Run Remote Usage
		Usr 0 00:00:00, Sys 0 00:00:00  -  Run Local Usage
		Usr 0 00:02:05, Sys 0 00:00:46  -  Total Remote Usage
		Usr 0 00:00:00, Sys 0 00:00:00  -  Total Local Usage
	177581  -  Run Bytes Sent By Job
	459980  -  Run Bytes Received By Job
	177581  -  Total Bytes Sent By Job
	459980  -  Total Bytes Received By Job
	Partitionable Resources :    Usage  Request Allocated 
	   Cpus                 :     0.00        1         1 
	   Disk (KB)            :   644         450    254155 
	   Memory (MB)          :   130        2000      2000 
...
