000 (1094747.001.000) 12/26 20:16:18 Job submitted from host: <188.185.71.83:9618?addrs=188.185.71.83-9618+[2001-1458-d00-7--100-34d]-9618&alias=bigbird18.cern.ch&noUDP&sock=schedd_3557371_31ee_11>
...
040 (1094747.001.000) 12/26 20:19:22 Started transferring input files
	Transferring to host: <188.184.192.213:9618?addrs=188.184.192.213-9618&noUDP&sock=2797_7d4b_120046>
...
040 (1094747.001.000) 12/26 20:19:22 Finished transferring input files
...
001 (1094747.001.000) 12/26 20:19:23 Job executing on host: <188.184.192.213:9618?addrs=188.184.192.213-9618&noUDP&sock=1888_96e5_3>
...
006 (1094747.001.000) 12/26 20:19:31 Image size of job updated: 15804
	16  -  MemoryUsage of job (MB)
	15628  -  ResidentSetSize of job (KB)
...
006 (1094747.001.000) 12/26 20:24:31 Image size of job updated: 153860
	124  -  MemoryUsage of job (MB)
	126668  -  ResidentSetSize of job (KB)
...
040 (1094747.001.000) 12/26 20:25:55 Started transferring output files
...
040 (1094747.001.000) 12/26 20:25:55 Finished transferring output files
...
005 (1094747.001.000) 12/26 20:25:55 Job terminated.
	(1) Normal termination (return value 0)
		Usr 0 00:03:49, Sys 0 00:00:48  -  Run Remote Usage
		Usr 0 00:00:00, Sys 0 00:00:00  -  Run Local Usage
		Usr 0 00:03:49, Sys 0 00:00:48  -  Total Remote Usage
		Usr 0 00:00:00, Sys 0 00:00:00  -  Total Local Usage
	168608  -  Run Bytes Sent By Job
	460046  -  Run Bytes Received By Job
	168608  -  Total Bytes Sent By Job
	460046  -  Total Bytes Received By Job
	Partitionable Resources :    Usage  Request Allocated 
	   Cpus                 :     0.88        1         1 
	   Disk (KB)            :   635         450    191198 
	   Memory (MB)          :   124        2000      2000 
...
