000 (1094747.080.000) 12/26 20:16:18 Job submitted from host: <188.185.71.83:9618?addrs=188.185.71.83-9618+[2001-1458-d00-7--100-34d]-9618&alias=bigbird18.cern.ch&noUDP&sock=schedd_3557371_31ee_11>
...
040 (1094747.080.000) 12/26 20:24:26 Started transferring input files
	Transferring to host: <188.184.192.213:9618?addrs=188.184.192.213-9618&noUDP&sock=2797_7d4b_120049>
...
040 (1094747.080.000) 12/26 20:24:26 Finished transferring input files
...
001 (1094747.080.000) 12/26 20:24:27 Job executing on host: <188.184.192.213:9618?addrs=188.184.192.213-9618&noUDP&sock=1888_96e5_3>
...
006 (1094747.080.000) 12/26 20:24:36 Image size of job updated: 14556
	15  -  MemoryUsage of job (MB)
	14380  -  ResidentSetSize of job (KB)
...
006 (1094747.080.000) 12/26 20:29:36 Image size of job updated: 15748
	16  -  MemoryUsage of job (MB)
	15748  -  ResidentSetSize of job (KB)
...
006 (1094747.080.000) 12/26 20:34:36 Image size of job updated: 15824
	16  -  MemoryUsage of job (MB)
	15824  -  ResidentSetSize of job (KB)
...
006 (1094747.080.000) 12/26 20:39:37 Image size of job updated: 15892
	16  -  MemoryUsage of job (MB)
	15892  -  ResidentSetSize of job (KB)
...
006 (1094747.080.000) 12/26 20:44:38 Image size of job updated: 15960
	16  -  MemoryUsage of job (MB)
	15960  -  ResidentSetSize of job (KB)
...
006 (1094747.080.000) 12/26 20:49:38 Image size of job updated: 16048
	16  -  MemoryUsage of job (MB)
	16048  -  ResidentSetSize of job (KB)
...
006 (1094747.080.000) 12/26 20:54:39 Image size of job updated: 16128
	16  -  MemoryUsage of job (MB)
	16128  -  ResidentSetSize of job (KB)
...
006 (1094747.080.000) 12/26 20:59:40 Image size of job updated: 16272
	16  -  MemoryUsage of job (MB)
	16272  -  ResidentSetSize of job (KB)
...
006 (1094747.080.000) 12/26 21:04:40 Image size of job updated: 16436
	17  -  MemoryUsage of job (MB)
	16436  -  ResidentSetSize of job (KB)
...
006 (1094747.080.000) 12/26 21:07:17 Image size of job updated: 182452
	17  -  MemoryUsage of job (MB)
	16436  -  ResidentSetSize of job (KB)
...
040 (1094747.080.000) 12/26 21:07:17 Started transferring output files
...
040 (1094747.080.000) 12/26 21:07:17 Finished transferring output files
...
005 (1094747.080.000) 12/26 21:07:17 Job terminated.
	(1) Normal termination (return value 0)
		Usr 0 00:01:44, Sys 0 00:00:44  -  Run Remote Usage
		Usr 0 00:00:00, Sys 0 00:00:00  -  Run Local Usage
		Usr 0 00:01:44, Sys 0 00:00:44  -  Total Remote Usage
		Usr 0 00:00:00, Sys 0 00:00:00  -  Total Local Usage
	177558  -  Run Bytes Sent By Job
	459970  -  Run Bytes Received By Job
	177558  -  Total Bytes Sent By Job
	459970  -  Total Bytes Received By Job
	Partitionable Resources :    Usage  Request Allocated 
	   Cpus                 :     0.06        1         1 
	   Disk (KB)            :   644         450    190956 
	   Memory (MB)          :    17        2000      2000 
...
