000 (1094747.185.000) 12/26 20:16:18 Job submitted from host: <188.185.71.83:9618?addrs=188.185.71.83-9618+[2001-1458-d00-7--100-34d]-9618&alias=bigbird18.cern.ch&noUDP&sock=schedd_3557371_31ee_11>
...
040 (1094747.185.000) 12/26 20:25:03 Started transferring input files
	Transferring to host: <188.184.68.12:9618?addrs=188.184.68.12-9618&noUDP&sock=447_b3ab_50487>
...
040 (1094747.185.000) 12/26 20:25:03 Finished transferring input files
...
001 (1094747.185.000) 12/26 20:25:04 Job executing on host: <188.184.68.12:9618?addrs=188.184.68.12-9618&noUDP&sock=29876_078d_17>
...
006 (1094747.185.000) 12/26 20:25:13 Image size of job updated: 15736
	16  -  MemoryUsage of job (MB)
	15560  -  ResidentSetSize of job (KB)
...
006 (1094747.185.000) 12/26 20:30:14 Image size of job updated: 15748
	16  -  MemoryUsage of job (MB)
	15572  -  ResidentSetSize of job (KB)
...
006 (1094747.185.000) 12/26 20:35:14 Image size of job updated: 15772
	16  -  MemoryUsage of job (MB)
	15596  -  ResidentSetSize of job (KB)
...
006 (1094747.185.000) 12/26 20:40:14 Image size of job updated: 15796
	16  -  MemoryUsage of job (MB)
	15620  -  ResidentSetSize of job (KB)
...
006 (1094747.185.000) 12/26 20:45:15 Image size of job updated: 15812
	16  -  MemoryUsage of job (MB)
	15636  -  ResidentSetSize of job (KB)
...
006 (1094747.185.000) 12/26 20:55:15 Image size of job updated: 15824
	16  -  MemoryUsage of job (MB)
	15648  -  ResidentSetSize of job (KB)
...
006 (1094747.185.000) 12/26 21:00:16 Image size of job updated: 15832
	16  -  MemoryUsage of job (MB)
	15656  -  ResidentSetSize of job (KB)
...
006 (1094747.185.000) 12/26 21:05:16 Image size of job updated: 15844
	16  -  MemoryUsage of job (MB)
	15668  -  ResidentSetSize of job (KB)
...
006 (1094747.185.000) 12/26 21:10:17 Image size of job updated: 16004
	16  -  MemoryUsage of job (MB)
	15828  -  ResidentSetSize of job (KB)
...
006 (1094747.185.000) 12/26 21:15:18 Image size of job updated: 16244
	16  -  MemoryUsage of job (MB)
	16244  -  ResidentSetSize of job (KB)
...
006 (1094747.185.000) 12/26 21:17:51 Image size of job updated: 139692
	16  -  MemoryUsage of job (MB)
	16244  -  ResidentSetSize of job (KB)
...
040 (1094747.185.000) 12/26 21:17:51 Started transferring output files
...
040 (1094747.185.000) 12/26 21:17:51 Finished transferring output files
...
005 (1094747.185.000) 12/26 21:17:52 Job terminated.
	(1) Normal termination (return value 0)
		Usr 0 00:01:30, Sys 0 00:01:02  -  Run Remote Usage
		Usr 0 00:00:00, Sys 0 00:00:00  -  Run Local Usage
		Usr 0 00:01:30, Sys 0 00:01:02  -  Total Remote Usage
		Usr 0 00:00:00, Sys 0 00:00:00  -  Total Local Usage
	166356  -  Run Bytes Sent By Job
	460069  -  Run Bytes Received By Job
	166356  -  Total Bytes Sent By Job
	460069  -  Total Bytes Received By Job
	Partitionable Resources :    Usage  Request Allocated 
	   Cpus                 :     0.13        1         1 
	   Disk (KB)            :   633         450    277770 
	   Memory (MB)          :    16        2000      2000 
...
