000 (1094747.009.000) 12/26 20:16:18 Job submitted from host: <188.185.71.83:9618?addrs=188.185.71.83-9618+[2001-1458-d00-7--100-34d]-9618&alias=bigbird18.cern.ch&noUDP&sock=schedd_3557371_31ee_11>
...
040 (1094747.009.000) 12/26 20:19:16 Started transferring input files
	Transferring to host: <137.138.43.206:9618?addrs=137.138.43.206-9618+[2001-1458-d00-23--2ab]-9618&noUDP&sock=16820_f625_17966>
...
040 (1094747.009.000) 12/26 20:19:16 Finished transferring input files
...
001 (1094747.009.000) 12/26 20:19:17 Job executing on host: <137.138.43.206:9618?addrs=137.138.43.206-9618+[2001-1458-d00-23--2ab]-9618&noUDP&sock=16667_c111_3>
...
006 (1094747.009.000) 12/26 20:19:27 Image size of job updated: 7448
	8  -  MemoryUsage of job (MB)
	7272  -  ResidentSetSize of job (KB)
...
006 (1094747.009.000) 12/26 20:24:27 Image size of job updated: 7448
	8  -  MemoryUsage of job (MB)
	7608  -  ResidentSetSize of job (KB)
...
006 (1094747.009.000) 12/26 20:29:27 Image size of job updated: 180052
	125  -  MemoryUsage of job (MB)
	127868  -  ResidentSetSize of job (KB)
...
040 (1094747.009.000) 12/26 20:29:29 Started transferring output files
...
040 (1094747.009.000) 12/26 20:29:29 Finished transferring output files
...
005 (1094747.009.000) 12/26 20:29:29 Job terminated.
	(1) Normal termination (return value 0)
		Usr 0 00:04:12, Sys 0 00:00:55  -  Run Remote Usage
		Usr 0 00:00:00, Sys 0 00:00:00  -  Run Local Usage
		Usr 0 00:04:12, Sys 0 00:00:55  -  Total Remote Usage
		Usr 0 00:00:00, Sys 0 00:00:00  -  Total Local Usage
	168602  -  Run Bytes Sent By Job
	460045  -  Run Bytes Received By Job
	168602  -  Total Bytes Sent By Job
	460045  -  Total Bytes Received By Job
	Partitionable Resources :    Usage  Request Allocated 
	   Cpus                 :     0.62        1         1 
	   Disk (KB)            :   636         450    181082 
	   Memory (MB)          :   125        2000      2000 
...
