000 (1094747.008.000) 12/26 20:16:18 Job submitted from host: <188.185.71.83:9618?addrs=188.185.71.83-9618+[2001-1458-d00-7--100-34d]-9618&alias=bigbird18.cern.ch&noUDP&sock=schedd_3557371_31ee_11>
...
040 (1094747.008.000) 12/26 20:19:32 Started transferring input files
	Transferring to host: <137.138.119.124:9618?addrs=137.138.119.124-9618+[2001-1458-d00-4--37]-9618&noUDP&sock=18057_8a37_18049>
...
040 (1094747.008.000) 12/26 20:19:32 Finished transferring input files
...
001 (1094747.008.000) 12/26 20:19:33 Job executing on host: <137.138.119.124:9618?addrs=137.138.119.124-9618+[2001-1458-d00-4--37]-9618&noUDP&sock=17952_2844_3>
...
006 (1094747.008.000) 12/26 20:19:41 Image size of job updated: 3100
	3  -  MemoryUsage of job (MB)
	2924  -  ResidentSetSize of job (KB)
...
006 (1094747.008.000) 12/26 20:24:41 Image size of job updated: 166040
	112  -  MemoryUsage of job (MB)
	113856  -  ResidentSetSize of job (KB)
...
040 (1094747.008.000) 12/26 20:28:25 Started transferring output files
...
040 (1094747.008.000) 12/26 20:28:25 Finished transferring output files
...
005 (1094747.008.000) 12/26 20:28:25 Job terminated.
	(1) Normal termination (return value 0)
		Usr 0 00:04:07, Sys 0 00:00:52  -  Run Remote Usage
		Usr 0 00:00:00, Sys 0 00:00:00  -  Run Local Usage
		Usr 0 00:04:07, Sys 0 00:00:52  -  Total Remote Usage
		Usr 0 00:00:00, Sys 0 00:00:00  -  Total Local Usage
	168603  -  Run Bytes Sent By Job
	460044  -  Run Bytes Received By Job
	168603  -  Total Bytes Sent By Job
	460044  -  Total Bytes Received By Job
	Partitionable Resources :    Usage  Request Allocated 
	   Cpus                 :     0.77        1         1 
	   Disk (KB)            :   636         450    334052 
	   Memory (MB)          :   112        2000      2000 
...
