000 (1094747.149.000) 12/26 20:16:18 Job submitted from host: <188.185.71.83:9618?addrs=188.185.71.83-9618+[2001-1458-d00-7--100-34d]-9618&alias=bigbird18.cern.ch&noUDP&sock=schedd_3557371_31ee_11>
...
040 (1094747.149.000) 12/26 20:25:05 Started transferring input files
	Transferring to host: <188.184.133.80:9618?addrs=188.184.133.80-9618+[2001-1458-301-a0--100-158]-9618&noUDP&sock=28865_c0ef_138869>
...
040 (1094747.149.000) 12/26 20:25:05 Finished transferring input files
...
001 (1094747.149.000) 12/26 20:25:06 Job executing on host: <188.184.133.80:9618?addrs=188.184.133.80-9618+[2001-1458-301-a0--100-158]-9618&noUDP&sock=2324_a630_3>
...
006 (1094747.149.000) 12/26 20:25:14 Image size of job updated: 15764
	16  -  MemoryUsage of job (MB)
	15584  -  ResidentSetSize of job (KB)
...
006 (1094747.149.000) 12/26 20:30:14 Image size of job updated: 15932
	16  -  MemoryUsage of job (MB)
	15752  -  ResidentSetSize of job (KB)
...
006 (1094747.149.000) 12/26 20:35:15 Image size of job updated: 16064
	16  -  MemoryUsage of job (MB)
	15884  -  ResidentSetSize of job (KB)
...
006 (1094747.149.000) 12/26 20:40:15 Image size of job updated: 16200
	16  -  MemoryUsage of job (MB)
	16020  -  ResidentSetSize of job (KB)
...
006 (1094747.149.000) 12/26 20:45:15 Image size of job updated: 16352
	16  -  MemoryUsage of job (MB)
	16172  -  ResidentSetSize of job (KB)
...
006 (1094747.149.000) 12/26 20:50:16 Image size of job updated: 16508
	16  -  MemoryUsage of job (MB)
	16328  -  ResidentSetSize of job (KB)
...
006 (1094747.149.000) 12/26 20:55:13 Image size of job updated: 77144
	16  -  MemoryUsage of job (MB)
	16328  -  ResidentSetSize of job (KB)
...
040 (1094747.149.000) 12/26 20:55:13 Started transferring output files
...
040 (1094747.149.000) 12/26 20:55:13 Finished transferring output files
...
005 (1094747.149.000) 12/26 20:55:13 Job terminated.
	(1) Normal termination (return value 0)
		Usr 0 00:01:04, Sys 0 00:00:34  -  Run Remote Usage
		Usr 0 00:00:00, Sys 0 00:00:00  -  Run Local Usage
		Usr 0 00:01:04, Sys 0 00:00:34  -  Total Remote Usage
		Usr 0 00:00:00, Sys 0 00:00:00  -  Total Local Usage
	166356  -  Run Bytes Sent By Job
	460069  -  Run Bytes Received By Job
	166356  -  Total Bytes Sent By Job
	460069  -  Total Bytes Received By Job
	Partitionable Resources :    Usage  Request Allocated 
	   Cpus                 :     0.02        1         1 
	   Disk (KB)            :   634         450    210403 
	   Memory (MB)          :    16        2000      2000 
...
