000 (1094747.214.000) 12/26 20:16:18 Job submitted from host: <188.185.71.83:9618?addrs=188.185.71.83-9618+[2001-1458-d00-7--100-34d]-9618&alias=bigbird18.cern.ch&noUDP&sock=schedd_3557371_31ee_11>
...
040 (1094747.214.000) 12/26 20:25:14 Started transferring input files
	Transferring to host: <128.142.72.231:9618?addrs=128.142.72.231-9618+[2001-1458-301-75--100-518]-9618&noUDP&sock=16354_9f52_5504>
...
040 (1094747.214.000) 12/26 20:25:14 Finished transferring input files
...
001 (1094747.214.000) 12/26 20:25:15 Job executing on host: <128.142.72.231:9618?addrs=128.142.72.231-9618+[2001-1458-301-75--100-518]-9618&noUDP&sock=16198_0f26_3>
...
006 (1094747.214.000) 12/26 20:25:24 Image size of job updated: 15756
	16  -  MemoryUsage of job (MB)
	15580  -  ResidentSetSize of job (KB)
...
006 (1094747.214.000) 12/26 20:30:25 Image size of job updated: 15848
	16  -  MemoryUsage of job (MB)
	15672  -  ResidentSetSize of job (KB)
...
006 (1094747.214.000) 12/26 20:35:25 Image size of job updated: 15928
	16  -  MemoryUsage of job (MB)
	15752  -  ResidentSetSize of job (KB)
...
006 (1094747.214.000) 12/26 20:40:26 Image size of job updated: 16004
	16  -  MemoryUsage of job (MB)
	15828  -  ResidentSetSize of job (KB)
...
006 (1094747.214.000) 12/26 20:45:27 Image size of job updated: 16080
	16  -  MemoryUsage of job (MB)
	15904  -  ResidentSetSize of job (KB)
...
006 (1094747.214.000) 12/26 20:50:27 Image size of job updated: 16172
	16  -  MemoryUsage of job (MB)
	15996  -  ResidentSetSize of job (KB)
...
006 (1094747.214.000) 12/26 20:55:28 Image size of job updated: 16256
	16  -  MemoryUsage of job (MB)
	16080  -  ResidentSetSize of job (KB)
...
006 (1094747.214.000) 12/26 21:00:29 Image size of job updated: 16408
	16  -  MemoryUsage of job (MB)
	16232  -  ResidentSetSize of job (KB)
...
006 (1094747.214.000) 12/26 21:07:18 Image size of job updated: 131128
	16  -  MemoryUsage of job (MB)
	16232  -  ResidentSetSize of job (KB)
...
040 (1094747.214.000) 12/26 21:07:18 Started transferring output files
...
040 (1094747.214.000) 12/26 21:07:18 Finished transferring output files
...
005 (1094747.214.000) 12/26 21:07:18 Job terminated.
	(1) Normal termination (return value 0)
		Usr 0 00:00:54, Sys 0 00:00:33  -  Run Remote Usage
		Usr 0 00:00:00, Sys 0 00:00:00  -  Run Local Usage
		Usr 0 00:00:54, Sys 0 00:00:33  -  Total Remote Usage
		Usr 0 00:00:00, Sys 0 00:00:00  -  Total Local Usage
	166357  -  Run Bytes Sent By Job
	460067  -  Run Bytes Received By Job
	166357  -  Total Bytes Sent By Job
	460067  -  Total Bytes Received By Job
	Partitionable Resources :    Usage  Request Allocated 
	   Cpus                 :     0.03        1         1 
	   Disk (KB)            :   633         450    421096 
	   Memory (MB)          :    16        2000      2000 
...
