000 (1094747.051.000) 12/26 20:16:18 Job submitted from host: <188.185.71.83:9618?addrs=188.185.71.83-9618+[2001-1458-d00-7--100-34d]-9618&alias=bigbird18.cern.ch&noUDP&sock=schedd_3557371_31ee_11>
...
040 (1094747.051.000) 12/26 20:24:44 Started transferring input files
	Transferring to host: <128.142.64.125:9618?addrs=128.142.64.125-9618&noUDP&sock=3417_55e4_67575>
...
040 (1094747.051.000) 12/26 20:24:44 Finished transferring input files
...
001 (1094747.051.000) 12/26 20:24:45 Job executing on host: <128.142.64.125:9618?addrs=128.142.64.125-9618&noUDP&sock=2252_435e_3>
...
006 (1094747.051.000) 12/26 20:24:54 Image size of job updated: 15744
	16  -  MemoryUsage of job (MB)
	15568  -  ResidentSetSize of job (KB)
...
006 (1094747.051.000) 12/26 20:29:55 Image size of job updated: 15856
	16  -  MemoryUsage of job (MB)
	15680  -  ResidentSetSize of job (KB)
...
006 (1094747.051.000) 12/26 20:34:55 Image size of job updated: 16012
	16  -  MemoryUsage of job (MB)
	15836  -  ResidentSetSize of job (KB)
...
006 (1094747.051.000) 12/26 20:39:55 Image size of job updated: 16132
	16  -  MemoryUsage of job (MB)
	15956  -  ResidentSetSize of job (KB)
...
006 (1094747.051.000) 12/26 20:44:56 Image size of job updated: 16260
	16  -  MemoryUsage of job (MB)
	16084  -  ResidentSetSize of job (KB)
...
006 (1094747.051.000) 12/26 20:49:56 Image size of job updated: 16384
	16  -  MemoryUsage of job (MB)
	16208  -  ResidentSetSize of job (KB)
...
006 (1094747.051.000) 12/26 20:54:57 Image size of job updated: 16524
	16  -  MemoryUsage of job (MB)
	16348  -  ResidentSetSize of job (KB)
...
006 (1094747.051.000) 12/26 20:59:58 Image size of job updated: 180480
	126  -  MemoryUsage of job (MB)
	128264  -  ResidentSetSize of job (KB)
...
040 (1094747.051.000) 12/26 21:01:04 Started transferring output files
...
040 (1094747.051.000) 12/26 21:01:04 Finished transferring output files
...
005 (1094747.051.000) 12/26 21:01:04 Job terminated.
	(1) Normal termination (return value 0)
		Usr 0 00:02:16, Sys 0 00:00:42  -  Run Remote Usage
		Usr 0 00:00:00, Sys 0 00:00:00  -  Run Local Usage
		Usr 0 00:02:16, Sys 0 00:00:42  -  Total Remote Usage
		Usr 0 00:00:00, Sys 0 00:00:00  -  Total Local Usage
	177566  -  Run Bytes Sent By Job
	459970  -  Run Bytes Received By Job
	177566  -  Total Bytes Sent By Job
	459970  -  Total Bytes Received By Job
	Partitionable Resources :    Usage  Request Allocated 
	   Cpus                 :     0.67        1         1 
	   Disk (KB)            :   645         450    189431 
	   Memory (MB)          :   126        2000      2000 
...
