000 (1094747.145.000) 12/26 20:16:18 Job submitted from host: <188.185.71.83:9618?addrs=188.185.71.83-9618+[2001-1458-d00-7--100-34d]-9618&alias=bigbird18.cern.ch&noUDP&sock=schedd_3557371_31ee_11>
...
040 (1094747.145.000) 12/26 20:25:04 Started transferring input files
	Transferring to host: <188.184.204.205:9618?addrs=188.184.204.205-9618+[2001-1458-301-7d--100-b6]-9618&noUDP&sock=15484_a0ef_150007>
...
040 (1094747.145.000) 12/26 20:25:04 Finished transferring input files
...
001 (1094747.145.000) 12/26 20:25:05 Job executing on host: <188.184.204.205:9618?addrs=188.184.204.205-9618+[2001-1458-301-7d--100-b6]-9618&noUDP&sock=2323_f698_3>
...
006 (1094747.145.000) 12/26 20:25:14 Image size of job updated: 15776
	16  -  MemoryUsage of job (MB)
	15600  -  ResidentSetSize of job (KB)
...
006 (1094747.145.000) 12/26 20:30:15 Image size of job updated: 15776
	16  -  MemoryUsage of job (MB)
	15684  -  ResidentSetSize of job (KB)
...
006 (1094747.145.000) 12/26 20:40:16 Image size of job updated: 15856
	16  -  MemoryUsage of job (MB)
	15856  -  ResidentSetSize of job (KB)
...
006 (1094747.145.000) 12/26 20:45:16 Image size of job updated: 15936
	16  -  MemoryUsage of job (MB)
	15936  -  ResidentSetSize of job (KB)
...
006 (1094747.145.000) 12/26 20:50:17 Image size of job updated: 16020
	16  -  MemoryUsage of job (MB)
	16020  -  ResidentSetSize of job (KB)
...
006 (1094747.145.000) 12/26 20:55:17 Image size of job updated: 16092
	16  -  MemoryUsage of job (MB)
	16092  -  ResidentSetSize of job (KB)
...
006 (1094747.145.000) 12/26 21:00:17 Image size of job updated: 16260
	16  -  MemoryUsage of job (MB)
	16260  -  ResidentSetSize of job (KB)
...
006 (1094747.145.000) 12/26 21:05:18 Image size of job updated: 16416
	17  -  MemoryUsage of job (MB)
	16416  -  ResidentSetSize of job (KB)
...
006 (1094747.145.000) 12/26 21:07:21 Image size of job updated: 29320
	17  -  MemoryUsage of job (MB)
	16416  -  ResidentSetSize of job (KB)
...
040 (1094747.145.000) 12/26 21:07:21 Started transferring output files
...
040 (1094747.145.000) 12/26 21:07:21 Finished transferring output files
...
005 (1094747.145.000) 12/26 21:07:21 Job terminated.
	(1) Normal termination (return value 0)
		Usr 0 00:01:20, Sys 0 00:00:43  -  Run Remote Usage
		Usr 0 00:00:00, Sys 0 00:00:00  -  Run Local Usage
		Usr 0 00:01:20, Sys 0 00:00:43  -  Total Remote Usage
		Usr 0 00:00:00, Sys 0 00:00:00  -  Total Local Usage
	166352  -  Run Bytes Sent By Job
	460068  -  Run Bytes Received By Job
	166352  -  Total Bytes Sent By Job
	460068  -  Total Bytes Received By Job
	Partitionable Resources :    Usage  Request Allocated 
	   Cpus                 :     0.18        1         1 
	   Disk (KB)            :   634         450    203153 
	   Memory (MB)          :    17        2000      2000 
...
