000 (1094747.212.000) 12/26 20:16:18 Job submitted from host: <188.185.71.83:9618?addrs=188.185.71.83-9618+[2001-1458-d00-7--100-34d]-9618&alias=bigbird18.cern.ch&noUDP&sock=schedd_3557371_31ee_11>
...
040 (1094747.212.000) 12/26 20:25:16 Started transferring input files
	Transferring to host: <128.142.111.76:9618?addrs=128.142.111.76-9618&noUDP&sock=2144_6450_93239>
...
040 (1094747.212.000) 12/26 20:25:16 Finished transferring input files
...
001 (1094747.212.000) 12/26 20:25:17 Job executing on host: <128.142.111.76:9618?addrs=128.142.111.76-9618&noUDP&sock=2047_a674_3>
...
006 (1094747.212.000) 12/26 20:25:26 Image size of job updated: 15764
	16  -  MemoryUsage of job (MB)
	15588  -  ResidentSetSize of job (KB)
...
006 (1094747.212.000) 12/26 20:35:27 Image size of job updated: 15948
	16  -  MemoryUsage of job (MB)
	15772  -  ResidentSetSize of job (KB)
...
006 (1094747.212.000) 12/26 20:40:28 Image size of job updated: 16044
	16  -  MemoryUsage of job (MB)
	15868  -  ResidentSetSize of job (KB)
...
006 (1094747.212.000) 12/26 20:45:29 Image size of job updated: 16120
	16  -  MemoryUsage of job (MB)
	15944  -  ResidentSetSize of job (KB)
...
006 (1094747.212.000) 12/26 20:50:29 Image size of job updated: 16196
	16  -  MemoryUsage of job (MB)
	16020  -  ResidentSetSize of job (KB)
...
006 (1094747.212.000) 12/26 20:55:30 Image size of job updated: 16280
	16  -  MemoryUsage of job (MB)
	16104  -  ResidentSetSize of job (KB)
...
006 (1094747.212.000) 12/26 21:00:31 Image size of job updated: 16428
	16  -  MemoryUsage of job (MB)
	16252  -  ResidentSetSize of job (KB)
...
006 (1094747.212.000) 12/26 21:05:31 Image size of job updated: 16580
	17  -  MemoryUsage of job (MB)
	16404  -  ResidentSetSize of job (KB)
...
040 (1094747.212.000) 12/26 21:08:22 Started transferring output files
...
040 (1094747.212.000) 12/26 21:08:22 Finished transferring output files
...
005 (1094747.212.000) 12/26 21:08:22 Job terminated.
	(1) Normal termination (return value 0)
		Usr 0 00:01:38, Sys 0 00:01:16  -  Run Remote Usage
		Usr 0 00:00:00, Sys 0 00:00:00  -  Run Local Usage
		Usr 0 00:01:38, Sys 0 00:01:16  -  Total Remote Usage
		Usr 0 00:00:00, Sys 0 00:00:00  -  Total Local Usage
	166362  -  Run Bytes Sent By Job
	460069  -  Run Bytes Received By Job
	166362  -  Total Bytes Sent By Job
	460069  -  Total Bytes Received By Job
	Partitionable Resources :    Usage  Request Allocated 
	   Cpus                 :        0        1         1 
	   Disk (KB)            :      633      450    207730 
	   Memory (MB)          :       17     2000      2000 
...
