000 (1094747.063.000) 12/26 20:16:18 Job submitted from host: <188.185.71.83:9618?addrs=188.185.71.83-9618+[2001-1458-d00-7--100-34d]-9618&alias=bigbird18.cern.ch&noUDP&sock=schedd_3557371_31ee_11>
...
040 (1094747.063.000) 12/26 20:24:45 Started transferring input files
	Transferring to host: <137.138.43.55:9618?addrs=137.138.43.55-9618+[2001-1458-d00-23--275]-9618&noUDP&sock=15437_834d_16339>
...
040 (1094747.063.000) 12/26 20:24:45 Finished transferring input files
...
001 (1094747.063.000) 12/26 20:24:46 Job executing on host: <137.138.43.55:9618?addrs=137.138.43.55-9618+[2001-1458-d00-23--275]-9618&noUDP&sock=15288_dff7_3>
...
006 (1094747.063.000) 12/26 20:24:55 Image size of job updated: 10364
	10  -  MemoryUsage of job (MB)
	10088  -  ResidentSetSize of job (KB)
...
006 (1094747.063.000) 12/26 20:29:55 Image size of job updated: 15884
	16  -  MemoryUsage of job (MB)
	15708  -  ResidentSetSize of job (KB)
...
006 (1094747.063.000) 12/26 20:34:55 Image size of job updated: 16040
	16  -  MemoryUsage of job (MB)
	15864  -  ResidentSetSize of job (KB)
...
006 (1094747.063.000) 12/26 20:39:56 Image size of job updated: 16184
	16  -  MemoryUsage of job (MB)
	16008  -  ResidentSetSize of job (KB)
...
006 (1094747.063.000) 12/26 20:44:56 Image size of job updated: 16324
	16  -  MemoryUsage of job (MB)
	16148  -  ResidentSetSize of job (KB)
...
006 (1094747.063.000) 12/26 20:49:56 Image size of job updated: 16460
	16  -  MemoryUsage of job (MB)
	16284  -  ResidentSetSize of job (KB)
...
006 (1094747.063.000) 12/26 20:54:57 Image size of job updated: 16608
	17  -  MemoryUsage of job (MB)
	16432  -  ResidentSetSize of job (KB)
...
006 (1094747.063.000) 12/26 20:56:16 Image size of job updated: 175220
	17  -  MemoryUsage of job (MB)
	16432  -  ResidentSetSize of job (KB)
...
040 (1094747.063.000) 12/26 20:56:16 Started transferring output files
...
040 (1094747.063.000) 12/26 20:56:16 Finished transferring output files
...
005 (1094747.063.000) 12/26 20:56:16 Job terminated.
	(1) Normal termination (return value 0)
		Usr 0 00:01:42, Sys 0 00:00:53  -  Run Remote Usage
		Usr 0 00:00:00, Sys 0 00:00:00  -  Run Local Usage
		Usr 0 00:01:42, Sys 0 00:00:53  -  Total Remote Usage
		Usr 0 00:00:00, Sys 0 00:00:00  -  Total Local Usage
	177540  -  Run Bytes Sent By Job
	459966  -  Run Bytes Received By Job
	177540  -  Total Bytes Sent By Job
	459966  -  Total Bytes Received By Job
	Partitionable Resources :    Usage  Request Allocated 
	   Cpus                 :     0.02        1         1 
	   Disk (KB)            :   644         450    410488 
	   Memory (MB)          :    17        2000      2000 
...
