000 (1094747.064.000) 12/26 20:16:18 Job submitted from host: <188.185.71.83:9618?addrs=188.185.71.83-9618+[2001-1458-d00-7--100-34d]-9618&alias=bigbird18.cern.ch&noUDP&sock=schedd_3557371_31ee_11>
...
040 (1094747.064.000) 12/26 20:25:14 Started transferring input files
	Transferring to host: <128.142.133.168:9618?addrs=128.142.133.168-9618+[2001-1458-301-32--100-ac]-9618&noUDP&sock=18308_6462_135276>
...
040 (1094747.064.000) 12/26 20:25:14 Finished transferring input files
...
001 (1094747.064.000) 12/26 20:25:15 Job executing on host: <128.142.133.168:9618?addrs=128.142.133.168-9618+[2001-1458-301-32--100-ac]-9618&noUDP&sock=2404_85c3_3>
...
006 (1094747.064.000) 12/26 20:25:24 Image size of job updated: 15772
	16  -  MemoryUsage of job (MB)
	15596  -  ResidentSetSize of job (KB)
...
006 (1094747.064.000) 12/26 20:30:25 Image size of job updated: 15872
	16  -  MemoryUsage of job (MB)
	15696  -  ResidentSetSize of job (KB)
...
006 (1094747.064.000) 12/26 20:35:25 Image size of job updated: 16000
	16  -  MemoryUsage of job (MB)
	15824  -  ResidentSetSize of job (KB)
...
006 (1094747.064.000) 12/26 20:40:26 Image size of job updated: 16128
	16  -  MemoryUsage of job (MB)
	15952  -  ResidentSetSize of job (KB)
...
006 (1094747.064.000) 12/26 20:45:27 Image size of job updated: 16240
	16  -  MemoryUsage of job (MB)
	16064  -  ResidentSetSize of job (KB)
...
006 (1094747.064.000) 12/26 20:50:27 Image size of job updated: 16352
	16  -  MemoryUsage of job (MB)
	16176  -  ResidentSetSize of job (KB)
...
006 (1094747.064.000) 12/26 20:55:28 Image size of job updated: 16468
	16  -  MemoryUsage of job (MB)
	16292  -  ResidentSetSize of job (KB)
...
006 (1094747.064.000) 12/26 21:00:29 Image size of job updated: 16636
	17  -  MemoryUsage of job (MB)
	16460  -  ResidentSetSize of job (KB)
...
006 (1094747.064.000) 12/26 21:01:27 Image size of job updated: 139928
	17  -  MemoryUsage of job (MB)
	16460  -  ResidentSetSize of job (KB)
...
040 (1094747.064.000) 12/26 21:01:27 Started transferring output files
...
040 (1094747.064.000) 12/26 21:01:27 Finished transferring output files
...
005 (1094747.064.000) 12/26 21:01:27 Job terminated.
	(1) Normal termination (return value 0)
		Usr 0 00:01:02, Sys 0 00:00:33  -  Run Remote Usage
		Usr 0 00:00:00, Sys 0 00:00:00  -  Run Local Usage
		Usr 0 00:01:02, Sys 0 00:00:33  -  Total Remote Usage
		Usr 0 00:00:00, Sys 0 00:00:00  -  Total Local Usage
	175315  -  Run Bytes Sent By Job
	459821  -  Run Bytes Received By Job
	175315  -  Total Bytes Sent By Job
	459821  -  Total Bytes Received By Job
	Partitionable Resources :    Usage  Request Allocated 
	   Cpus                 :     0.51        1         1 
	   Disk (KB)            :   642         450    195380 
	   Memory (MB)          :    17        2000      2000 
...
