000 (1094747.059.000) 12/26 20:16:18 Job submitted from host: <188.185.71.83:9618?addrs=188.185.71.83-9618+[2001-1458-d00-7--100-34d]-9618&alias=bigbird18.cern.ch&noUDP&sock=schedd_3557371_31ee_11>
...
040 (1094747.059.000) 12/26 20:24:20 Started transferring input files
	Transferring to host: <128.142.64.203:9618?addrs=128.142.64.203-9618&noUDP&sock=2641_92c4_67558>
...
040 (1094747.059.000) 12/26 20:24:20 Finished transferring input files
...
001 (1094747.059.000) 12/26 20:24:21 Job executing on host: <128.142.64.203:9618?addrs=128.142.64.203-9618&noUDP&sock=2056_d2ce_3>
...
006 (1094747.059.000) 12/26 20:24:30 Image size of job updated: 15768
	16  -  MemoryUsage of job (MB)
	15592  -  ResidentSetSize of job (KB)
...
006 (1094747.059.000) 12/26 20:29:30 Image size of job updated: 15928
	16  -  MemoryUsage of job (MB)
	15752  -  ResidentSetSize of job (KB)
...
006 (1094747.059.000) 12/26 20:34:30 Image size of job updated: 16052
	16  -  MemoryUsage of job (MB)
	15876  -  ResidentSetSize of job (KB)
...
006 (1094747.059.000) 12/26 20:39:31 Image size of job updated: 16204
	16  -  MemoryUsage of job (MB)
	16028  -  ResidentSetSize of job (KB)
...
006 (1094747.059.000) 12/26 20:44:31 Image size of job updated: 16336
	16  -  MemoryUsage of job (MB)
	16160  -  ResidentSetSize of job (KB)
...
006 (1094747.059.000) 12/26 20:49:31 Image size of job updated: 16492
	16  -  MemoryUsage of job (MB)
	16316  -  ResidentSetSize of job (KB)
...
006 (1094747.059.000) 12/26 20:55:07 Image size of job updated: 175032
	16  -  MemoryUsage of job (MB)
	16316  -  ResidentSetSize of job (KB)
...
040 (1094747.059.000) 12/26 20:55:07 Started transferring output files
...
040 (1094747.059.000) 12/26 20:55:07 Finished transferring output files
...
005 (1094747.059.000) 12/26 20:55:08 Job terminated.
	(1) Normal termination (return value 0)
		Usr 0 00:01:14, Sys 0 00:00:44  -  Run Remote Usage
		Usr 0 00:00:00, Sys 0 00:00:00  -  Run Local Usage
		Usr 0 00:01:14, Sys 0 00:00:44  -  Total Remote Usage
		Usr 0 00:00:00, Sys 0 00:00:00  -  Total Local Usage
	177544  -  Run Bytes Sent By Job
	459966  -  Run Bytes Received By Job
	177544  -  Total Bytes Sent By Job
	459966  -  Total Bytes Received By Job
	Partitionable Resources :    Usage  Request Allocated 
	   Cpus                 :     0.20        1         1 
	   Disk (KB)            :   644         450    182585 
	   Memory (MB)          :    16        2000      2000 
...
