000 (1094747.086.000) 12/26 20:16:18 Job submitted from host: <188.185.71.83:9618?addrs=188.185.71.83-9618+[2001-1458-d00-7--100-34d]-9618&alias=bigbird18.cern.ch&noUDP&sock=schedd_3557371_31ee_11>
...
040 (1094747.086.000) 12/26 20:24:30 Started transferring input files
	Transferring to host: <188.184.198.50:9618?addrs=188.184.198.50-9618+[2001-1458-301-c1--100-99]-9618&noUDP&sock=17669_28a8_33530>
...
040 (1094747.086.000) 12/26 20:24:31 Finished transferring input files
...
001 (1094747.086.000) 12/26 20:24:32 Job executing on host: <188.184.198.50:9618?addrs=188.184.198.50-9618+[2001-1458-301-c1--100-99]-9618&noUDP&sock=17533_c215_3>
...
006 (1094747.086.000) 12/26 20:24:40 Image size of job updated: 22656
	23  -  MemoryUsage of job (MB)
	22656  -  ResidentSetSize of job (KB)
...
006 (1094747.086.000) 12/26 20:29:40 Image size of job updated: 22656
	23  -  MemoryUsage of job (MB)
	22964  -  ResidentSetSize of job (KB)
...
006 (1094747.086.000) 12/26 21:09:46 Image size of job updated: 116104
	113  -  MemoryUsage of job (MB)
	115488  -  ResidentSetSize of job (KB)
...
006 (1094747.086.000) 12/26 21:10:48 Image size of job updated: 133820
	113  -  MemoryUsage of job (MB)
	115488  -  ResidentSetSize of job (KB)
...
040 (1094747.086.000) 12/26 21:10:48 Started transferring output files
...
040 (1094747.086.000) 12/26 21:10:48 Finished transferring output files
...
005 (1094747.086.000) 12/26 21:10:48 Job terminated.
	(1) Normal termination (return value 0)
		Usr 0 00:01:58, Sys 0 00:00:42  -  Run Remote Usage
		Usr 0 00:00:00, Sys 0 00:00:00  -  Run Local Usage
		Usr 0 00:01:58, Sys 0 00:00:42  -  Total Remote Usage
		Usr 0 00:00:00, Sys 0 00:00:00  -  Total Local Usage
	177559  -  Run Bytes Sent By Job
	459969  -  Run Bytes Received By Job
	177559  -  Total Bytes Sent By Job
	459969  -  Total Bytes Received By Job
	Partitionable Resources :    Usage  Request Allocated 
	   Cpus                 :     0.50        1         1 
	   Disk (KB)            :   644         450    277276 
	   Memory (MB)          :   113        2000      2000 
...
