000 (1094747.182.000) 12/26 20:16:18 Job submitted from host: <188.185.71.83:9618?addrs=188.185.71.83-9618+[2001-1458-d00-7--100-34d]-9618&alias=bigbird18.cern.ch&noUDP&sock=schedd_3557371_31ee_11>
...
040 (1094747.182.000) 12/26 20:25:01 Started transferring input files
	Transferring to host: <128.142.66.75:9618?addrs=128.142.66.75-9618&noUDP&sock=3225_0ddc_67475>
...
040 (1094747.182.000) 12/26 20:25:01 Finished transferring input files
...
001 (1094747.182.000) 12/26 20:25:02 Job executing on host: <128.142.66.75:9618?addrs=128.142.66.75-9618&noUDP&sock=2181_9025_3>
...
006 (1094747.182.000) 12/26 20:25:11 Image size of job updated: 15736
	16  -  MemoryUsage of job (MB)
	15560  -  ResidentSetSize of job (KB)
...
006 (1094747.182.000) 12/26 20:30:12 Image size of job updated: 15828
	16  -  MemoryUsage of job (MB)
	15652  -  ResidentSetSize of job (KB)
...
006 (1094747.182.000) 12/26 20:35:12 Image size of job updated: 15920
	16  -  MemoryUsage of job (MB)
	15744  -  ResidentSetSize of job (KB)
...
006 (1094747.182.000) 12/26 20:40:13 Image size of job updated: 16000
	16  -  MemoryUsage of job (MB)
	15824  -  ResidentSetSize of job (KB)
...
006 (1094747.182.000) 12/26 20:45:14 Image size of job updated: 16084
	16  -  MemoryUsage of job (MB)
	15908  -  ResidentSetSize of job (KB)
...
006 (1094747.182.000) 12/26 20:50:14 Image size of job updated: 16168
	16  -  MemoryUsage of job (MB)
	15992  -  ResidentSetSize of job (KB)
...
006 (1094747.182.000) 12/26 20:55:15 Image size of job updated: 17048
	16  -  MemoryUsage of job (MB)
	15992  -  ResidentSetSize of job (KB)
...
006 (1094747.182.000) 12/26 21:00:15 Image size of job updated: 17188
	16  -  MemoryUsage of job (MB)
	15992  -  ResidentSetSize of job (KB)
...
006 (1094747.182.000) 12/26 21:05:17 Image size of job updated: 17352
	16  -  MemoryUsage of job (MB)
	15992  -  ResidentSetSize of job (KB)
...
040 (1094747.182.000) 12/26 21:07:34 Started transferring output files
...
040 (1094747.182.000) 12/26 21:07:34 Finished transferring output files
...
005 (1094747.182.000) 12/26 21:07:34 Job terminated.
	(1) Normal termination (return value 0)
		Usr 0 00:01:09, Sys 0 00:00:44  -  Run Remote Usage
		Usr 0 00:00:00, Sys 0 00:00:00  -  Run Local Usage
		Usr 0 00:01:09, Sys 0 00:00:44  -  Total Remote Usage
		Usr 0 00:00:00, Sys 0 00:00:00  -  Total Local Usage
	166364  -  Run Bytes Sent By Job
	460070  -  Run Bytes Received By Job
	166364  -  Total Bytes Sent By Job
	460070  -  Total Bytes Received By Job
	Partitionable Resources :    Usage  Request Allocated 
	   Cpus                 :     0.19        1         1 
	   Disk (KB)            :   633         450    169942 
	   Memory (MB)          :    16        2000      2000 
...
