000 (1094747.200.000) 12/26 20:16:18 Job submitted from host: <188.185.71.83:9618?addrs=188.185.71.83-9618+[2001-1458-d00-7--100-34d]-9618&alias=bigbird18.cern.ch&noUDP&sock=schedd_3557371_31ee_11>
...
040 (1094747.200.000) 12/26 20:25:19 Started transferring input files
	Transferring to host: <188.184.182.147:9618?addrs=188.184.182.147-9618+[2001-1458-301-2b--100-311]-9618&noUDP&sock=2619_1284_133657>
...
040 (1094747.200.000) 12/26 20:25:19 Finished transferring input files
...
001 (1094747.200.000) 12/26 20:25:20 Job executing on host: <188.184.182.147:9618?addrs=188.184.182.147-9618+[2001-1458-301-2b--100-311]-9618&noUDP&sock=14080_498f_3>
...
006 (1094747.200.000) 12/26 20:25:28 Image size of job updated: 15724
	16  -  MemoryUsage of job (MB)
	15548  -  ResidentSetSize of job (KB)
...
006 (1094747.200.000) 12/26 20:30:28 Image size of job updated: 15784
	16  -  MemoryUsage of job (MB)
	15608  -  ResidentSetSize of job (KB)
...
006 (1094747.200.000) 12/26 20:35:29 Image size of job updated: 15828
	16  -  MemoryUsage of job (MB)
	15652  -  ResidentSetSize of job (KB)
...
006 (1094747.200.000) 12/26 20:45:30 Image size of job updated: 15964
	16  -  MemoryUsage of job (MB)
	15788  -  ResidentSetSize of job (KB)
...
006 (1094747.200.000) 12/26 20:50:31 Image size of job updated: 16020
	16  -  MemoryUsage of job (MB)
	15844  -  ResidentSetSize of job (KB)
...
006 (1094747.200.000) 12/26 20:55:31 Image size of job updated: 16096
	16  -  MemoryUsage of job (MB)
	15920  -  ResidentSetSize of job (KB)
...
006 (1094747.200.000) 12/26 21:00:33 Image size of job updated: 16172
	16  -  MemoryUsage of job (MB)
	15996  -  ResidentSetSize of job (KB)
...
006 (1094747.200.000) 12/26 21:05:33 Image size of job updated: 16248
	16  -  MemoryUsage of job (MB)
	16072  -  ResidentSetSize of job (KB)
...
006 (1094747.200.000) 12/26 21:15:18 Image size of job updated: 137640
	16  -  MemoryUsage of job (MB)
	16072  -  ResidentSetSize of job (KB)
...
040 (1094747.200.000) 12/26 21:15:18 Started transferring output files
...
040 (1094747.200.000) 12/26 21:15:18 Finished transferring output files
...
005 (1094747.200.000) 12/26 21:15:18 Job terminated.
	(1) Normal termination (return value 0)
		Usr 0 00:01:20, Sys 0 00:00:39  -  Run Remote Usage
		Usr 0 00:00:00, Sys 0 00:00:00  -  Run Local Usage
		Usr 0 00:01:20, Sys 0 00:00:39  -  Total Remote Usage
		Usr 0 00:00:00, Sys 0 00:00:00  -  Total Local Usage
	166352  -  Run Bytes Sent By Job
	460068  -  Run Bytes Received By Job
	166352  -  Total Bytes Sent By Job
	460068  -  Total Bytes Received By Job
	Partitionable Resources :    Usage  Request Allocated 
	   Cpus                 :     0.12        1         1 
	   Disk (KB)            :   633         450    355645 
	   Memory (MB)          :    16        2000      2000 
...
