[7.002MB/7.002MB][100%][==================================================][7.002MB/s]  [7.002MB/7.002MB][100%][==================================================][7.002MB/s]  
Error in <TChain::SetBranchAddress>: unknown branch -> Electron_vidNestedWPBitmapHEEP
Error in <TChain::SetBranchAddress>: unknown branch -> FatJet_btagDDBvL_noMD
Error in <TChain::SetBranchAddress>: unknown branch -> FatJet_btagDDCvB_noMD
Error in <TChain::SetBranchAddress>: unknown branch -> FatJet_btagDDCvL_noMD
Error in <TChain::SetBranchAddress>: unknown branch -> LHEWeight_originalXWGTUP
Error in <TChain::SetBranchAddress>: unknown branch -> nLHEPdfWeight
Error in <TChain::SetBranchAddress>: unknown branch -> LHEPdfWeight
Error in <TChain::SetBranchAddress>: unknown branch -> nLHEReweightingWeight
Error in <TChain::SetBranchAddress>: unknown branch -> LHEReweightingWeight
Error in <TChain::SetBranchAddress>: unknown branch -> nLHEScaleWeight
Error in <TChain::SetBranchAddress>: unknown branch -> LHEScaleWeight
Error in <TChain::SetBranchAddress>: unknown branch -> LHE_HT
Error in <TChain::SetBranchAddress>: unknown branch -> LHE_HTIncoming
Error in <TChain::SetBranchAddress>: unknown branch -> LHE_Vpt
Error in <TChain::SetBranchAddress>: unknown branch -> LHE_Njets
Error in <TChain::SetBranchAddress>: unknown branch -> LHE_Nb
Error in <TChain::SetBranchAddress>: unknown branch -> LHE_Nc
Error in <TChain::SetBranchAddress>: unknown branch -> LHE_Nuds
Error in <TChain::SetBranchAddress>: unknown branch -> LHE_Nglu
Error in <TChain::SetBranchAddress>: unknown branch -> LHE_NpNLO
Error in <TChain::SetBranchAddress>: unknown branch -> LHE_NpLO
Error in <TChain::SetBranchAddress>: unknown branch -> nLHEPart
Error in <TChain::SetBranchAddress>: unknown branch -> LHEPart_pt
Error in <TChain::SetBranchAddress>: unknown branch -> LHEPart_eta
Error in <TChain::SetBranchAddress>: unknown branch -> LHEPart_phi
Error in <TChain::SetBranchAddress>: unknown branch -> LHEPart_mass
Error in <TChain::SetBranchAddress>: unknown branch -> LHEPart_pdgId
Error in <TChain::SetBranchAddress>: unknown branch -> Muon_fsrPhotonIdx
Error in <TTree::SetBranchStatus>: unknown branch -> Electron_vidNestedWPBitmapHEEP
Error in <TTree::SetBranchStatus>: unknown branch -> FatJet_btagDDBvL_noMD
Error in <TTree::SetBranchStatus>: unknown branch -> FatJet_btagDDCvB_noMD
Error in <TTree::SetBranchStatus>: unknown branch -> FatJet_btagDDCvL_noMD
Error in <TTree::SetBranchStatus>: unknown branch -> LHEWeight_originalXWGTUP
Error in <TTree::SetBranchStatus>: unknown branch -> nLHEPdfWeight
Error in <TTree::SetBranchStatus>: unknown branch -> LHEPdfWeight
Error in <TTree::SetBranchStatus>: unknown branch -> nLHEReweightingWeight
Error in <TTree::SetBranchStatus>: unknown branch -> LHEReweightingWeight
Error in <TTree::SetBranchStatus>: unknown branch -> nLHEScaleWeight
Error in <TTree::SetBranchStatus>: unknown branch -> LHEScaleWeight
Error in <TTree::SetBranchStatus>: unknown branch -> LHE_HT
Error in <TTree::SetBranchStatus>: unknown branch -> LHE_HTIncoming
Error in <TTree::SetBranchStatus>: unknown branch -> LHE_Vpt
Error in <TTree::SetBranchStatus>: unknown branch -> LHE_Njets
Error in <TTree::SetBranchStatus>: unknown branch -> LHE_Nb
Error in <TTree::SetBranchStatus>: unknown branch -> LHE_Nc
Error in <TTree::SetBranchStatus>: unknown branch -> LHE_Nuds
Error in <TTree::SetBranchStatus>: unknown branch -> LHE_Nglu
Error in <TTree::SetBranchStatus>: unknown branch -> LHE_NpNLO
Error in <TTree::SetBranchStatus>: unknown branch -> LHE_NpLO
Error in <TTree::SetBranchStatus>: unknown branch -> nLHEPart
Error in <TTree::SetBranchStatus>: unknown branch -> LHEPart_pt
Error in <TTree::SetBranchStatus>: unknown branch -> LHEPart_eta
Error in <TTree::SetBranchStatus>: unknown branch -> LHEPart_phi
Error in <TTree::SetBranchStatus>: unknown branch -> LHEPart_mass
Error in <TTree::SetBranchStatus>: unknown branch -> LHEPart_pdgId
Error in <TTree::SetBranchStatus>: unknown branch -> Muon_fsrPhotonIdx
Error in <TTree::SetBranchStatus>: unknown branch -> Electron_vidNestedWPBitmapHEEP
Error in <TTree::SetBranchStatus>: unknown branch -> FatJet_btagDDBvL_noMD
Error in <TTree::SetBranchStatus>: unknown branch -> FatJet_btagDDCvB_noMD
Error in <TTree::SetBranchStatus>: unknown branch -> FatJet_btagDDCvL_noMD
Error in <TTree::SetBranchStatus>: unknown branch -> LHEWeight_originalXWGTUP
Error in <TTree::SetBranchStatus>: unknown branch -> nLHEPdfWeight
Error in <TTree::SetBranchStatus>: unknown branch -> LHEPdfWeight
Error in <TTree::SetBranchStatus>: unknown branch -> nLHEReweightingWeight
Error in <TTree::SetBranchStatus>: unknown branch -> LHEReweightingWeight
Error in <TTree::SetBranchStatus>: unknown branch -> nLHEScaleWeight
Error in <TTree::SetBranchStatus>: unknown branch -> LHEScaleWeight
Error in <TTree::SetBranchStatus>: unknown branch -> LHE_HT
Error in <TTree::SetBranchStatus>: unknown branch -> LHE_HTIncoming
Error in <TTree::SetBranchStatus>: unknown branch -> LHE_Vpt
Error in <TTree::SetBranchStatus>: unknown branch -> LHE_Njets
Error in <TTree::SetBranchStatus>: unknown branch -> LHE_Nb
Error in <TTree::SetBranchStatus>: unknown branch -> LHE_Nc
Error in <TTree::SetBranchStatus>: unknown branch -> LHE_Nuds
Error in <TTree::SetBranchStatus>: unknown branch -> LHE_Nglu
Error in <TTree::SetBranchStatus>: unknown branch -> LHE_NpNLO
Error in <TTree::SetBranchStatus>: unknown branch -> LHE_NpLO
Error in <TTree::SetBranchStatus>: unknown branch -> nLHEPart
Error in <TTree::SetBranchStatus>: unknown branch -> LHEPart_pt
Error in <TTree::SetBranchStatus>: unknown branch -> LHEPart_eta
Error in <TTree::SetBranchStatus>: unknown branch -> LHEPart_phi
Error in <TTree::SetBranchStatus>: unknown branch -> LHEPart_mass
Error in <TTree::SetBranchStatus>: unknown branch -> LHEPart_pdgId
Error in <TTree::SetBranchStatus>: unknown branch -> Muon_fsrPhotonIdx
Error in <TTree::SetBranchStatus>: unknown branch -> Electron_vidNestedWPBitmapHEEP
Error in <TTree::SetBranchStatus>: unknown branch -> FatJet_btagDDBvL_noMD
Error in <TTree::SetBranchStatus>: unknown branch -> FatJet_btagDDCvB_noMD
Error in <TTree::SetBranchStatus>: unknown branch -> FatJet_btagDDCvL_noMD
Error in <TTree::SetBranchStatus>: unknown branch -> LHEWeight_originalXWGTUP
Error in <TTree::SetBranchStatus>: unknown branch -> nLHEPdfWeight
Error in <TTree::SetBranchStatus>: unknown branch -> LHEPdfWeight
Error in <TTree::SetBranchStatus>: unknown branch -> nLHEReweightingWeight
Error in <TTree::SetBranchStatus>: unknown branch -> LHEReweightingWeight
Error in <TTree::SetBranchStatus>: unknown branch -> nLHEScaleWeight
Error in <TTree::SetBranchStatus>: unknown branch -> LHEScaleWeight
Error in <TTree::SetBranchStatus>: unknown branch -> LHE_HT
Error in <TTree::SetBranchStatus>: unknown branch -> LHE_HTIncoming
Error in <TTree::SetBranchStatus>: unknown branch -> LHE_Vpt
Error in <TTree::SetBranchStatus>: unknown branch -> LHE_Njets
Error in <TTree::SetBranchStatus>: unknown branch -> LHE_Nb
Error in <TTree::SetBranchStatus>: unknown branch -> LHE_Nc
Error in <TTree::SetBranchStatus>: unknown branch -> LHE_Nuds
Error in <TTree::SetBranchStatus>: unknown branch -> LHE_Nglu
Error in <TTree::SetBranchStatus>: unknown branch -> LHE_NpNLO
Error in <TTree::SetBranchStatus>: unknown branch -> LHE_NpLO
Error in <TTree::SetBranchStatus>: unknown branch -> nLHEPart
Error in <TTree::SetBranchStatus>: unknown branch -> LHEPart_pt
Error in <TTree::SetBranchStatus>: unknown branch -> LHEPart_eta
Error in <TTree::SetBranchStatus>: unknown branch -> LHEPart_phi
Error in <TTree::SetBranchStatus>: unknown branch -> LHEPart_mass
Error in <TTree::SetBranchStatus>: unknown branch -> LHEPart_pdgId
Error in <TTree::SetBranchStatus>: unknown branch -> Muon_fsrPhotonIdx
Error in <TTree::SetBranchStatus>: unknown branch -> Electron_vidNestedWPBitmapHEEP
Error in <TTree::SetBranchStatus>: unknown branch -> FatJet_btagDDBvL_noMD
Error in <TTree::SetBranchStatus>: unknown branch -> FatJet_btagDDCvB_noMD
Error in <TTree::SetBranchStatus>: unknown branch -> FatJet_btagDDCvL_noMD
Error in <TTree::SetBranchStatus>: unknown branch -> LHEWeight_originalXWGTUP
Error in <TTree::SetBranchStatus>: unknown branch -> nLHEPdfWeight
Error in <TTree::SetBranchStatus>: unknown branch -> LHEPdfWeight
Error in <TTree::SetBranchStatus>: unknown branch -> nLHEReweightingWeight
Error in <TTree::SetBranchStatus>: unknown branch -> LHEReweightingWeight
Error in <TTree::SetBranchStatus>: unknown branch -> nLHEScaleWeight
Error in <TTree::SetBranchStatus>: unknown branch -> LHEScaleWeight
Error in <TTree::SetBranchStatus>: unknown branch -> LHE_HT
Error in <TTree::SetBranchStatus>: unknown branch -> LHE_HTIncoming
Error in <TTree::SetBranchStatus>: unknown branch -> LHE_Vpt
Error in <TTree::SetBranchStatus>: unknown branch -> LHE_Njets
Error in <TTree::SetBranchStatus>: unknown branch -> LHE_Nb
Error in <TTree::SetBranchStatus>: unknown branch -> LHE_Nc
Error in <TTree::SetBranchStatus>: unknown branch -> LHE_Nuds
Error in <TTree::SetBranchStatus>: unknown branch -> LHE_Nglu
Error in <TTree::SetBranchStatus>: unknown branch -> LHE_NpNLO
Error in <TTree::SetBranchStatus>: unknown branch -> LHE_NpLO
Error in <TTree::SetBranchStatus>: unknown branch -> nLHEPart
Error in <TTree::SetBranchStatus>: unknown branch -> LHEPart_pt
Error in <TTree::SetBranchStatus>: unknown branch -> LHEPart_eta
Error in <TTree::SetBranchStatus>: unknown branch -> LHEPart_phi
Error in <TTree::SetBranchStatus>: unknown branch -> LHEPart_mass
Error in <TTree::SetBranchStatus>: unknown branch -> LHEPart_pdgId
Error in <TTree::SetBranchStatus>: unknown branch -> Muon_fsrPhotonIdx
Error in <TTree::SetBranchStatus>: unknown branch -> Electron_vidNestedWPBitmapHEEP
Error in <TTree::SetBranchStatus>: unknown branch -> FatJet_btagDDBvL_noMD
Error in <TTree::SetBranchStatus>: unknown branch -> FatJet_btagDDCvB_noMD
Error in <TTree::SetBranchStatus>: unknown branch -> FatJet_btagDDCvL_noMD
Error in <TTree::SetBranchStatus>: unknown branch -> LHEWeight_originalXWGTUP
Error in <TTree::SetBranchStatus>: unknown branch -> nLHEPdfWeight
Error in <TTree::SetBranchStatus>: unknown branch -> LHEPdfWeight
Error in <TTree::SetBranchStatus>: unknown branch -> nLHEReweightingWeight
Error in <TTree::SetBranchStatus>: unknown branch -> LHEReweightingWeight
Error in <TTree::SetBranchStatus>: unknown branch -> nLHEScaleWeight
Error in <TTree::SetBranchStatus>: unknown branch -> LHEScaleWeight
Error in <TTree::SetBranchStatus>: unknown branch -> LHE_HT
Error in <TTree::SetBranchStatus>: unknown branch -> LHE_HTIncoming
Error in <TTree::SetBranchStatus>: unknown branch -> LHE_Vpt
Error in <TTree::SetBranchStatus>: unknown branch -> LHE_Njets
Error in <TTree::SetBranchStatus>: unknown branch -> LHE_Nb
Error in <TTree::SetBranchStatus>: unknown branch -> LHE_Nc
Error in <TTree::SetBranchStatus>: unknown branch -> LHE_Nuds
Error in <TTree::SetBranchStatus>: unknown branch -> LHE_Nglu
Error in <TTree::SetBranchStatus>: unknown branch -> LHE_NpNLO
Error in <TTree::SetBranchStatus>: unknown branch -> LHE_NpLO
Error in <TTree::SetBranchStatus>: unknown branch -> nLHEPart
Error in <TTree::SetBranchStatus>: unknown branch -> LHEPart_pt
Error in <TTree::SetBranchStatus>: unknown branch -> LHEPart_eta
Error in <TTree::SetBranchStatus>: unknown branch -> LHEPart_phi
Error in <TTree::SetBranchStatus>: unknown branch -> LHEPart_mass
Error in <TTree::SetBranchStatus>: unknown branch -> LHEPart_pdgId
Error in <TTree::SetBranchStatus>: unknown branch -> Muon_fsrPhotonIdx
xrdcp: No such file or directory processing ../Analyzed_Files_Nano_AOD/UL_TTbar/root_text_files_list/TTbar*.root
[197.2kB/197.2kB][100%][==================================================][197.2kB/s]  [197.2kB/197.2kB][100%][==================================================][197.2kB/s]  
xrdcp: No such file or directory processing ../Analyzed_Files_Nano_AOD/UL17_Bkg/root_file_list/WJets_LNu*.root
xrdcp: No such file or directory processing ../Analyzed_Files_Nano_AOD/UL17_Bkg/root_file_list/DYJetsToLL_*.root
