000 (1094747.023.000) 12/26 20:16:18 Job submitted from host: <188.185.71.83:9618?addrs=188.185.71.83-9618+[2001-1458-d00-7--100-34d]-9618&alias=bigbird18.cern.ch&noUDP&sock=schedd_3557371_31ee_11>
...
040 (1094747.023.000) 12/26 20:19:12 Started transferring input files
	Transferring to host: <188.185.105.132:9618?addrs=188.185.105.132-9618+[2001-1458-d00-3e--100-11]-9618&noUDP&sock=4917_38a1_282>
...
040 (1094747.023.000) 12/26 20:19:12 Finished transferring input files
...
001 (1094747.023.000) 12/26 20:19:13 Job executing on host: <188.185.105.132:9618?addrs=188.185.105.132-9618+[2001-1458-d00-3e--100-11]-9618&noUDP&sock=4879_2aaa_3>
...
006 (1094747.023.000) 12/26 20:19:22 Image size of job updated: 15328
	15  -  MemoryUsage of job (MB)
	15120  -  ResidentSetSize of job (KB)
...
006 (1094747.023.000) 12/26 20:22:31 Image size of job updated: 182472
	16  -  MemoryUsage of job (MB)
	15636  -  ResidentSetSize of job (KB)
...
040 (1094747.023.000) 12/26 20:22:31 Started transferring output files
...
040 (1094747.023.000) 12/26 20:22:31 Finished transferring output files
...
005 (1094747.023.000) 12/26 20:22:32 Job terminated.
	(1) Normal termination (return value 0)
		Usr 0 00:01:06, Sys 0 00:00:27  -  Run Remote Usage
		Usr 0 00:00:00, Sys 0 00:00:00  -  Run Local Usage
		Usr 0 00:01:06, Sys 0 00:00:27  -  Total Remote Usage
		Usr 0 00:00:00, Sys 0 00:00:00  -  Total Local Usage
	177586  -  Run Bytes Sent By Job
	459982  -  Run Bytes Received By Job
	177586  -  Total Bytes Sent By Job
	459982  -  Total Bytes Received By Job
	Partitionable Resources :    Usage  Request Allocated 
	   Cpus                 :     0.06        1         1 
	   Disk (KB)            :   644         450    609202 
	   Memory (MB)          :    16        2000      2000 
...
