000 (1094747.120.000) 12/26 20:16:18 Job submitted from host: <188.185.71.83:9618?addrs=188.185.71.83-9618+[2001-1458-d00-7--100-34d]-9618&alias=bigbird18.cern.ch&noUDP&sock=schedd_3557371_31ee_11>
...
040 (1094747.120.000) 12/26 20:24:40 Started transferring input files
	Transferring to host: <188.184.182.246:9618?addrs=188.184.182.246-9618&noUDP&sock=3368_cf82_63957>
...
040 (1094747.120.000) 12/26 20:24:40 Finished transferring input files
...
001 (1094747.120.000) 12/26 20:24:41 Job executing on host: <188.184.182.246:9618?addrs=188.184.182.246-9618&noUDP&sock=2075_db1b_3>
...
006 (1094747.120.000) 12/26 20:24:50 Image size of job updated: 15756
	16  -  MemoryUsage of job (MB)
	15580  -  ResidentSetSize of job (KB)
...
006 (1094747.120.000) 12/26 20:29:50 Image size of job updated: 15756
	16  -  MemoryUsage of job (MB)
	15664  -  ResidentSetSize of job (KB)
...
006 (1094747.120.000) 12/26 20:34:50 Image size of job updated: 15764
	16  -  MemoryUsage of job (MB)
	15764  -  ResidentSetSize of job (KB)
...
006 (1094747.120.000) 12/26 20:39:51 Image size of job updated: 15836
	16  -  MemoryUsage of job (MB)
	15836  -  ResidentSetSize of job (KB)
...
006 (1094747.120.000) 12/26 20:44:51 Image size of job updated: 15912
	16  -  MemoryUsage of job (MB)
	15912  -  ResidentSetSize of job (KB)
...
006 (1094747.120.000) 12/26 20:49:51 Image size of job updated: 15992
	16  -  MemoryUsage of job (MB)
	15992  -  ResidentSetSize of job (KB)
...
006 (1094747.120.000) 12/26 20:54:52 Image size of job updated: 16072
	16  -  MemoryUsage of job (MB)
	16072  -  ResidentSetSize of job (KB)
...
006 (1094747.120.000) 12/26 20:59:52 Image size of job updated: 16392
	16  -  MemoryUsage of job (MB)
	16332  -  ResidentSetSize of job (KB)
...
006 (1094747.120.000) 12/26 21:04:52 Image size of job updated: 16392
	16  -  MemoryUsage of job (MB)
	16376  -  ResidentSetSize of job (KB)
...
006 (1094747.120.000) 12/26 21:07:59 Image size of job updated: 126384
	16  -  MemoryUsage of job (MB)
	16376  -  ResidentSetSize of job (KB)
...
040 (1094747.120.000) 12/26 21:07:59 Started transferring output files
...
040 (1094747.120.000) 12/26 21:07:59 Finished transferring output files
...
005 (1094747.120.000) 12/26 21:07:59 Job terminated.
	(1) Normal termination (return value 0)
		Usr 0 00:01:23, Sys 0 00:00:43  -  Run Remote Usage
		Usr 0 00:00:00, Sys 0 00:00:00  -  Run Local Usage
		Usr 0 00:01:23, Sys 0 00:00:43  -  Total Remote Usage
		Usr 0 00:00:00, Sys 0 00:00:00  -  Total Local Usage
	166309  -  Run Bytes Sent By Job
	460044  -  Run Bytes Received By Job
	166309  -  Total Bytes Sent By Job
	460044  -  Total Bytes Received By Job
	Partitionable Resources :    Usage  Request Allocated 
	   Cpus                 :     0.07        1         1 
	   Disk (KB)            :   633         450    134289 
	   Memory (MB)          :    16        2000      2000 
...
