000 (1094747.074.000) 12/26 20:16:18 Job submitted from host: <188.185.71.83:9618?addrs=188.185.71.83-9618+[2001-1458-d00-7--100-34d]-9618&alias=bigbird18.cern.ch&noUDP&sock=schedd_3557371_31ee_11>
...
040 (1094747.074.000) 12/26 20:24:42 Started transferring input files
	Transferring to host: <188.185.105.115:9618?addrs=188.185.105.115-9618+[2001-1458-d00-3e--100-405]-9618&noUDP&sock=32230_b358_13528>
...
040 (1094747.074.000) 12/26 20:24:42 Finished transferring input files
...
001 (1094747.074.000) 12/26 20:24:43 Job executing on host: <188.185.105.115:9618?addrs=188.185.105.115-9618+[2001-1458-d00-3e--100-405]-9618&noUDP&sock=32193_4c7c_3>
...
006 (1094747.074.000) 12/26 20:24:52 Image size of job updated: 15756
	16  -  MemoryUsage of job (MB)
	15580  -  ResidentSetSize of job (KB)
...
006 (1094747.074.000) 12/26 20:34:54 Image size of job updated: 16008
	16  -  MemoryUsage of job (MB)
	15832  -  ResidentSetSize of job (KB)
...
006 (1094747.074.000) 12/26 20:39:54 Image size of job updated: 16160
	16  -  MemoryUsage of job (MB)
	15984  -  ResidentSetSize of job (KB)
...
006 (1094747.074.000) 12/26 20:44:55 Image size of job updated: 16280
	16  -  MemoryUsage of job (MB)
	16104  -  ResidentSetSize of job (KB)
...
006 (1094747.074.000) 12/26 20:49:56 Image size of job updated: 16444
	16  -  MemoryUsage of job (MB)
	16268  -  ResidentSetSize of job (KB)
...
006 (1094747.074.000) 12/26 20:54:56 Image size of job updated: 16592
	17  -  MemoryUsage of job (MB)
	16416  -  ResidentSetSize of job (KB)
...
006 (1094747.074.000) 12/26 20:57:03 Image size of job updated: 181368
	17  -  MemoryUsage of job (MB)
	16416  -  ResidentSetSize of job (KB)
...
040 (1094747.074.000) 12/26 20:57:03 Started transferring output files
...
040 (1094747.074.000) 12/26 20:57:03 Finished transferring output files
...
005 (1094747.074.000) 12/26 20:57:03 Job terminated.
	(1) Normal termination (return value 0)
		Usr 0 00:01:09, Sys 0 00:00:30  -  Run Remote Usage
		Usr 0 00:00:00, Sys 0 00:00:00  -  Run Local Usage
		Usr 0 00:01:09, Sys 0 00:00:30  -  Total Remote Usage
		Usr 0 00:00:00, Sys 0 00:00:00  -  Total Local Usage
	177556  -  Run Bytes Sent By Job
	459969  -  Run Bytes Received By Job
	177556  -  Total Bytes Sent By Job
	459969  -  Total Bytes Received By Job
	Partitionable Resources :    Usage  Request Allocated 
	   Cpus                 :     0.03        1         1 
	   Disk (KB)            :   644         450    485841 
	   Memory (MB)          :    17        2000      2000 
...
