000 (1094747.220.000) 12/26 20:16:18 Job submitted from host: <188.185.71.83:9618?addrs=188.185.71.83-9618+[2001-1458-d00-7--100-34d]-9618&alias=bigbird18.cern.ch&noUDP&sock=schedd_3557371_31ee_11>
...
040 (1094747.220.000) 12/26 20:25:17 Started transferring input files
	Transferring to host: <188.184.192.251:9618?addrs=188.184.192.251-9618+[2001-1458-301-83--100-3f5]-9618&noUDP&sock=2983_8b12_49256>
...
040 (1094747.220.000) 12/26 20:25:17 Finished transferring input files
...
001 (1094747.220.000) 12/26 20:25:18 Job executing on host: <188.184.192.251:9618?addrs=188.184.192.251-9618+[2001-1458-301-83--100-3f5]-9618&noUDP&sock=2056_d2ce_3>
...
006 (1094747.220.000) 12/26 20:25:27 Image size of job updated: 15736
	16  -  MemoryUsage of job (MB)
	15560  -  ResidentSetSize of job (KB)
...
006 (1094747.220.000) 12/26 20:30:28 Image size of job updated: 15760
	16  -  MemoryUsage of job (MB)
	15584  -  ResidentSetSize of job (KB)
...
006 (1094747.220.000) 12/26 20:40:29 Image size of job updated: 15816
	16  -  MemoryUsage of job (MB)
	15640  -  ResidentSetSize of job (KB)
...
006 (1094747.220.000) 12/26 20:45:29 Image size of job updated: 15836
	16  -  MemoryUsage of job (MB)
	15660  -  ResidentSetSize of job (KB)
...
006 (1094747.220.000) 12/26 20:50:29 Image size of job updated: 15868
	16  -  MemoryUsage of job (MB)
	15692  -  ResidentSetSize of job (KB)
...
006 (1094747.220.000) 12/26 21:00:30 Image size of job updated: 15924
	16  -  MemoryUsage of job (MB)
	15748  -  ResidentSetSize of job (KB)
...
006 (1094747.220.000) 12/26 21:05:31 Image size of job updated: 15948
	16  -  MemoryUsage of job (MB)
	15772  -  ResidentSetSize of job (KB)
...
006 (1094747.220.000) 12/26 21:10:32 Image size of job updated: 15992
	16  -  MemoryUsage of job (MB)
	15816  -  ResidentSetSize of job (KB)
...
006 (1094747.220.000) 12/26 21:15:32 Image size of job updated: 15992
	16  -  MemoryUsage of job (MB)
	15844  -  ResidentSetSize of job (KB)
...
006 (1094747.220.000) 12/26 21:20:33 Image size of job updated: 15992
	16  -  MemoryUsage of job (MB)
	15948  -  ResidentSetSize of job (KB)
...
040 (1094747.220.000) 12/26 21:25:21 Started transferring output files
...
040 (1094747.220.000) 12/26 21:25:21 Finished transferring output files
...
009 (1094747.220.000) 12/26 21:25:21 Job was aborted by the user.
	Job removed by SYSTEM_PERIODIC_REMOVE due to wall time exceeded allowed max.
...
