000 (1094747.033.000) 12/26 20:16:18 Job submitted from host: <188.185.71.83:9618?addrs=188.185.71.83-9618+[2001-1458-d00-7--100-34d]-9618&alias=bigbird18.cern.ch&noUDP&sock=schedd_3557371_31ee_11>
...
040 (1094747.033.000) 12/26 20:19:21 Started transferring input files
	Transferring to host: <188.184.132.243:9618?addrs=188.184.132.243-9618+[2001-1458-301-a0--100-3ff]-9618&noUDP&sock=17415_315d_44795>
...
040 (1094747.033.000) 12/26 20:19:21 Finished transferring input files
...
001 (1094747.033.000) 12/26 20:19:22 Job executing on host: <188.184.132.243:9618?addrs=188.184.132.243-9618+[2001-1458-301-a0--100-3ff]-9618&noUDP&sock=17280_389f_3>
...
006 (1094747.033.000) 12/26 20:19:30 Image size of job updated: 11244
	11  -  MemoryUsage of job (MB)
	11244  -  ResidentSetSize of job (KB)
...
006 (1094747.033.000) 12/26 20:24:30 Image size of job updated: 142180
	125  -  MemoryUsage of job (MB)
	127436  -  ResidentSetSize of job (KB)
...
040 (1094747.033.000) 12/26 20:24:56 Started transferring output files
...
040 (1094747.033.000) 12/26 20:24:56 Finished transferring output files
...
005 (1094747.033.000) 12/26 20:24:56 Job terminated.
	(1) Normal termination (return value 0)
		Usr 0 00:02:24, Sys 0 00:00:51  -  Run Remote Usage
		Usr 0 00:00:00, Sys 0 00:00:00  -  Run Local Usage
		Usr 0 00:02:24, Sys 0 00:00:51  -  Total Remote Usage
		Usr 0 00:00:00, Sys 0 00:00:00  -  Total Local Usage
	177582  -  Run Bytes Sent By Job
	459980  -  Run Bytes Received By Job
	177582  -  Total Bytes Sent By Job
	459980  -  Total Bytes Received By Job
	Partitionable Resources :    Usage  Request Allocated 
	   Cpus                 :     0.78        1         1 
	   Disk (KB)            :   644         450    211100 
	   Memory (MB)          :   125        2000      2000 
...
