000 (1094747.006.000) 12/26 20:16:18 Job submitted from host: <188.185.71.83:9618?addrs=188.185.71.83-9618+[2001-1458-d00-7--100-34d]-9618&alias=bigbird18.cern.ch&noUDP&sock=schedd_3557371_31ee_11>
...
040 (1094747.006.000) 12/26 20:19:14 Started transferring input files
	Transferring to host: <137.138.119.187:9618?addrs=137.138.119.187-9618+[2001-1458-d00-4--322]-9618&noUDP&sock=17495_8f61_18038>
...
040 (1094747.006.000) 12/26 20:19:14 Finished transferring input files
...
001 (1094747.006.000) 12/26 20:19:15 Job executing on host: <137.138.119.187:9618?addrs=137.138.119.187-9618+[2001-1458-d00-4--322]-9618&noUDP&sock=17390_ac0a_3>
...
006 (1094747.006.000) 12/26 20:19:24 Image size of job updated: 15760
	16  -  MemoryUsage of job (MB)
	15584  -  ResidentSetSize of job (KB)
...
006 (1094747.006.000) 12/26 20:29:01 Image size of job updated: 181236
	16  -  MemoryUsage of job (MB)
	15584  -  ResidentSetSize of job (KB)
...
040 (1094747.006.000) 12/26 20:29:01 Started transferring output files
...
040 (1094747.006.000) 12/26 20:29:01 Finished transferring output files
...
005 (1094747.006.000) 12/26 20:29:02 Job terminated.
	(1) Normal termination (return value 0)
		Usr 0 00:03:58, Sys 0 00:00:55  -  Run Remote Usage
		Usr 0 00:00:00, Sys 0 00:00:00  -  Run Local Usage
		Usr 0 00:03:58, Sys 0 00:00:55  -  Total Remote Usage
		Usr 0 00:00:00, Sys 0 00:00:00  -  Total Local Usage
	168607  -  Run Bytes Sent By Job
	460046  -  Run Bytes Received By Job
	168607  -  Total Bytes Sent By Job
	460046  -  Total Bytes Received By Job
	Partitionable Resources :    Usage  Request Allocated 
	   Cpus                 :     0.45        1         1 
	   Disk (KB)            :   636         450    405738 
	   Memory (MB)          :    16        2000      2000 
...
