000 (1094747.000.000) 12/26 20:16:18 Job submitted from host: <188.185.71.83:9618?addrs=188.185.71.83-9618+[2001-1458-d00-7--100-34d]-9618&alias=bigbird18.cern.ch&noUDP&sock=schedd_3557371_31ee_11>
...
040 (1094747.000.000) 12/26 20:19:21 Started transferring input files
	Transferring to host: <128.142.107.230:9618?addrs=128.142.107.230-9618+[2001-1458-301-8b--100-65d]-9618&noUDP&sock=17748_d24b_48770>
...
040 (1094747.000.000) 12/26 20:19:21 Finished transferring input files
...
001 (1094747.000.000) 12/26 20:19:22 Job executing on host: <128.142.107.230:9618?addrs=128.142.107.230-9618+[2001-1458-301-8b--100-65d]-9618&noUDP&sock=17613_a1a9_3>
...
006 (1094747.000.000) 12/26 20:19:31 Image size of job updated: 8652
	9  -  MemoryUsage of job (MB)
	8652  -  ResidentSetSize of job (KB)
...
006 (1094747.000.000) 12/26 20:24:32 Image size of job updated: 126376
	123  -  MemoryUsage of job (MB)
	125212  -  ResidentSetSize of job (KB)
...
006 (1094747.000.000) 12/26 20:25:35 Image size of job updated: 552020
	123  -  MemoryUsage of job (MB)
	125212  -  ResidentSetSize of job (KB)
...
040 (1094747.000.000) 12/26 20:25:35 Started transferring output files
...
040 (1094747.000.000) 12/26 20:25:35 Finished transferring output files
...
005 (1094747.000.000) 12/26 20:25:35 Job terminated.
	(1) Normal termination (return value 0)
		Usr 0 00:02:26, Sys 0 00:00:47  -  Run Remote Usage
		Usr 0 00:00:00, Sys 0 00:00:00  -  Run Local Usage
		Usr 0 00:02:26, Sys 0 00:00:47  -  Total Remote Usage
		Usr 0 00:00:00, Sys 0 00:00:00  -  Total Local Usage
	168606  -  Run Bytes Sent By Job
	460045  -  Run Bytes Received By Job
	168606  -  Total Bytes Sent By Job
	460045  -  Total Bytes Received By Job
	Partitionable Resources :    Usage  Request Allocated 
	   Cpus                 :     0.49        1         1 
	   Disk (KB)            :   636         450    220301 
	   Memory (MB)          :   123        2000      2000 
...
