000 (1094747.032.000) 12/26 20:16:18 Job submitted from host: <188.185.71.83:9618?addrs=188.185.71.83-9618+[2001-1458-d00-7--100-34d]-9618&alias=bigbird18.cern.ch&noUDP&sock=schedd_3557371_31ee_11>
...
040 (1094747.032.000) 12/26 20:23:49 Started transferring input files
	Transferring to host: <188.184.207.201:9618?addrs=188.184.207.201-9618+[2001-1458-301-7d--100-633]-9618&noUDP&sock=18716_dd72_43312>
...
040 (1094747.032.000) 12/26 20:23:49 Finished transferring input files
...
001 (1094747.032.000) 12/26 20:23:50 Job executing on host: <188.184.207.201:9618?addrs=188.184.207.201-9618+[2001-1458-301-7d--100-633]-9618&noUDP&sock=18580_e9be_3>
...
006 (1094747.032.000) 12/26 20:23:59 Image size of job updated: 11484
	12  -  MemoryUsage of job (MB)
	11308  -  ResidentSetSize of job (KB)
...
006 (1094747.032.000) 12/26 20:29:00 Image size of job updated: 16064
	16  -  MemoryUsage of job (MB)
	15888  -  ResidentSetSize of job (KB)
...
006 (1094747.032.000) 12/26 20:34:00 Image size of job updated: 16736
	17  -  MemoryUsage of job (MB)
	16560  -  ResidentSetSize of job (KB)
...
006 (1094747.032.000) 12/26 20:49:02 Image size of job updated: 181160
	126  -  MemoryUsage of job (MB)
	128976  -  ResidentSetSize of job (KB)
...
006 (1094747.032.000) 12/26 20:49:40 Image size of job updated: 183412
	126  -  MemoryUsage of job (MB)
	128976  -  ResidentSetSize of job (KB)
...
040 (1094747.032.000) 12/26 20:49:40 Started transferring output files
...
040 (1094747.032.000) 12/26 20:49:40 Finished transferring output files
...
005 (1094747.032.000) 12/26 20:49:40 Job terminated.
	(1) Normal termination (return value 0)
		Usr 0 00:02:12, Sys 0 00:00:39  -  Run Remote Usage
		Usr 0 00:00:00, Sys 0 00:00:00  -  Run Local Usage
		Usr 0 00:02:12, Sys 0 00:00:39  -  Total Remote Usage
		Usr 0 00:00:00, Sys 0 00:00:00  -  Total Local Usage
	177568  -  Run Bytes Sent By Job
	459979  -  Run Bytes Received By Job
	177568  -  Total Bytes Sent By Job
	459979  -  Total Bytes Received By Job
	Partitionable Resources :    Usage  Request Allocated 
	   Cpus                 :     0.88        1         1 
	   Disk (KB)            :   645         450    213464 
	   Memory (MB)          :   126        2000      2000 
...
