000 (1094747.073.000) 12/26 20:16:18 Job submitted from host: <188.185.71.83:9618?addrs=188.185.71.83-9618+[2001-1458-d00-7--100-34d]-9618&alias=bigbird18.cern.ch&noUDP&sock=schedd_3557371_31ee_11>
...
040 (1094747.073.000) 12/26 20:24:26 Started transferring input files
	Transferring to host: <188.185.105.133:9618?addrs=188.185.105.133-9618+[2001-1458-d00-3e--100-2e4]-9618&noUDP&sock=16618_a25d_36643>
...
040 (1094747.073.000) 12/26 20:24:26 Finished transferring input files
...
001 (1094747.073.000) 12/26 20:24:27 Job executing on host: <188.185.105.133:9618?addrs=188.185.105.133-9618+[2001-1458-d00-3e--100-2e4]-9618&noUDP&sock=16482_dc0c_3>
...
006 (1094747.073.000) 12/26 20:24:35 Image size of job updated: 8512
	9  -  MemoryUsage of job (MB)
	8336  -  ResidentSetSize of job (KB)
...
006 (1094747.073.000) 12/26 20:29:35 Image size of job updated: 15972
	16  -  MemoryUsage of job (MB)
	15796  -  ResidentSetSize of job (KB)
...
006 (1094747.073.000) 12/26 20:34:36 Image size of job updated: 16112
	16  -  MemoryUsage of job (MB)
	15936  -  ResidentSetSize of job (KB)
...
006 (1094747.073.000) 12/26 20:39:36 Image size of job updated: 16236
	16  -  MemoryUsage of job (MB)
	16060  -  ResidentSetSize of job (KB)
...
006 (1094747.073.000) 12/26 20:44:36 Image size of job updated: 16416
	16  -  MemoryUsage of job (MB)
	16240  -  ResidentSetSize of job (KB)
...
006 (1094747.073.000) 12/26 20:49:37 Image size of job updated: 16532
	16  -  MemoryUsage of job (MB)
	16356  -  ResidentSetSize of job (KB)
...
006 (1094747.073.000) 12/26 20:53:35 Image size of job updated: 184444
	16  -  MemoryUsage of job (MB)
	16356  -  ResidentSetSize of job (KB)
...
040 (1094747.073.000) 12/26 20:53:35 Started transferring output files
...
040 (1094747.073.000) 12/26 20:53:35 Finished transferring output files
...
005 (1094747.073.000) 12/26 20:53:36 Job terminated.
	(1) Normal termination (return value 0)
		Usr 0 00:01:08, Sys 0 00:00:30  -  Run Remote Usage
		Usr 0 00:00:00, Sys 0 00:00:00  -  Run Local Usage
		Usr 0 00:01:08, Sys 0 00:00:30  -  Total Remote Usage
		Usr 0 00:00:00, Sys 0 00:00:00  -  Total Local Usage
	177559  -  Run Bytes Sent By Job
	459970  -  Run Bytes Received By Job
	177559  -  Total Bytes Sent By Job
	459970  -  Total Bytes Received By Job
	Partitionable Resources :    Usage  Request Allocated 
	   Cpus                 :     0.11        1         1 
	   Disk (KB)            :   644         450    562122 
	   Memory (MB)          :    16        2000      2000 
...
