000 (1094747.028.000) 12/26 20:16:18 Job submitted from host: <188.185.71.83:9618?addrs=188.185.71.83-9618+[2001-1458-d00-7--100-34d]-9618&alias=bigbird18.cern.ch&noUDP&sock=schedd_3557371_31ee_11>
...
040 (1094747.028.000) 12/26 20:22:33 Started transferring input files
	Transferring to host: <188.185.105.132:9618?addrs=188.185.105.132-9618+[2001-1458-d00-3e--100-11]-9618&noUDP&sock=4917_38a1_284>
...
040 (1094747.028.000) 12/26 20:22:33 Finished transferring input files
...
001 (1094747.028.000) 12/26 20:22:34 Job executing on host: <188.185.105.132:9618?addrs=188.185.105.132-9618+[2001-1458-d00-3e--100-11]-9618&noUDP&sock=4879_2aaa_3>
...
006 (1094747.028.000) 12/26 20:22:43 Image size of job updated: 7248
	7  -  MemoryUsage of job (MB)
	7060  -  ResidentSetSize of job (KB)
...
006 (1094747.028.000) 12/26 20:25:05 Image size of job updated: 182404
	10  -  MemoryUsage of job (MB)
	9800  -  ResidentSetSize of job (KB)
...
040 (1094747.028.000) 12/26 20:25:05 Started transferring output files
...
040 (1094747.028.000) 12/26 20:25:05 Finished transferring output files
...
005 (1094747.028.000) 12/26 20:25:06 Job terminated.
	(1) Normal termination (return value 0)
		Usr 0 00:01:03, Sys 0 00:00:27  -  Run Remote Usage
		Usr 0 00:00:00, Sys 0 00:00:00  -  Run Local Usage
		Usr 0 00:01:03, Sys 0 00:00:27  -  Total Remote Usage
		Usr 0 00:00:00, Sys 0 00:00:00  -  Total Local Usage
	177576  -  Run Bytes Sent By Job
	459979  -  Run Bytes Received By Job
	177576  -  Total Bytes Sent By Job
	459979  -  Total Bytes Received By Job
	Partitionable Resources :    Usage  Request Allocated 
	   Cpus                 :     0.12        1         1 
	   Disk (KB)            :   645         450    608826 
	   Memory (MB)          :    10        2000      2000 
...
