000 (1094747.090.000) 12/26 20:16:18 Job submitted from host: <188.185.71.83:9618?addrs=188.185.71.83-9618+[2001-1458-d00-7--100-34d]-9618&alias=bigbird18.cern.ch&noUDP&sock=schedd_3557371_31ee_11>
...
040 (1094747.090.000) 12/26 20:24:31 Started transferring input files
	Transferring to host: <188.184.68.46:9618?addrs=188.184.68.46-9618&noUDP&sock=1036_b4a3_49751>
...
040 (1094747.090.000) 12/26 20:24:31 Finished transferring input files
...
001 (1094747.090.000) 12/26 20:24:32 Job executing on host: <188.184.68.46:9618?addrs=188.184.68.46-9618&noUDP&sock=998_1f9b_3>
...
006 (1094747.090.000) 12/26 20:24:41 Image size of job updated: 15744
	16  -  MemoryUsage of job (MB)
	15568  -  ResidentSetSize of job (KB)
...
006 (1094747.090.000) 12/26 20:29:42 Image size of job updated: 15760
	16  -  MemoryUsage of job (MB)
	15584  -  ResidentSetSize of job (KB)
...
006 (1094747.090.000) 12/26 20:34:42 Image size of job updated: 15796
	16  -  MemoryUsage of job (MB)
	15620  -  ResidentSetSize of job (KB)
...
006 (1094747.090.000) 12/26 20:39:42 Image size of job updated: 15824
	16  -  MemoryUsage of job (MB)
	15648  -  ResidentSetSize of job (KB)
...
006 (1094747.090.000) 12/26 20:44:43 Image size of job updated: 15828
	16  -  MemoryUsage of job (MB)
	15652  -  ResidentSetSize of job (KB)
...
006 (1094747.090.000) 12/26 20:49:43 Image size of job updated: 15836
	16  -  MemoryUsage of job (MB)
	15660  -  ResidentSetSize of job (KB)
...
006 (1094747.090.000) 12/26 20:54:45 Image size of job updated: 15844
	16  -  MemoryUsage of job (MB)
	15668  -  ResidentSetSize of job (KB)
...
006 (1094747.090.000) 12/26 20:59:45 Image size of job updated: 15860
	16  -  MemoryUsage of job (MB)
	15684  -  ResidentSetSize of job (KB)
...
006 (1094747.090.000) 12/26 21:04:45 Image size of job updated: 15888
	16  -  MemoryUsage of job (MB)
	15712  -  ResidentSetSize of job (KB)
...
006 (1094747.090.000) 12/26 21:09:46 Image size of job updated: 16008
	16  -  MemoryUsage of job (MB)
	15832  -  ResidentSetSize of job (KB)
...
006 (1094747.090.000) 12/26 21:14:46 Image size of job updated: 16340
	16  -  MemoryUsage of job (MB)
	16208  -  ResidentSetSize of job (KB)
...
006 (1094747.090.000) 12/26 21:19:34 Image size of job updated: 554416
	16  -  MemoryUsage of job (MB)
	16208  -  ResidentSetSize of job (KB)
...
040 (1094747.090.000) 12/26 21:19:34 Started transferring output files
...
040 (1094747.090.000) 12/26 21:19:34 Finished transferring output files
...
005 (1094747.090.000) 12/26 21:19:35 Job terminated.
	(1) Normal termination (return value 0)
		Usr 0 00:02:04, Sys 0 00:01:04  -  Run Remote Usage
		Usr 0 00:00:00, Sys 0 00:00:00  -  Run Local Usage
		Usr 0 00:02:04, Sys 0 00:01:04  -  Total Remote Usage
		Usr 0 00:00:00, Sys 0 00:00:00  -  Total Local Usage
	170930  -  Run Bytes Sent By Job
	459539  -  Run Bytes Received By Job
	170930  -  Total Bytes Sent By Job
	459539  -  Total Bytes Received By Job
	Partitionable Resources :    Usage  Request Allocated 
	   Cpus                 :     0.00        1         1 
	   Disk (KB)            :   637         450    271171 
	   Memory (MB)          :    16        2000      2000 
...
