000 (1094747.078.000) 12/26 20:16:18 Job submitted from host: <188.185.71.83:9618?addrs=188.185.71.83-9618+[2001-1458-d00-7--100-34d]-9618&alias=bigbird18.cern.ch&noUDP&sock=schedd_3557371_31ee_11>
...
040 (1094747.078.000) 12/26 20:24:27 Started transferring input files
	Transferring to host: <188.184.192.75:9618?addrs=188.184.192.75-9618+[2001-1458-301-83--100-60]-9618&noUDP&sock=27720_ff60_125880>
...
040 (1094747.078.000) 12/26 20:24:27 Finished transferring input files
...
001 (1094747.078.000) 12/26 20:24:28 Job executing on host: <188.184.192.75:9618?addrs=188.184.192.75-9618+[2001-1458-301-83--100-60]-9618&noUDP&sock=4689_d7ab_3>
...
006 (1094747.078.000) 12/26 20:24:37 Image size of job updated: 9796
	10  -  MemoryUsage of job (MB)
	9620  -  ResidentSetSize of job (KB)
...
006 (1094747.078.000) 12/26 20:29:38 Image size of job updated: 15740
	16  -  MemoryUsage of job (MB)
	15740  -  ResidentSetSize of job (KB)
...
006 (1094747.078.000) 12/26 20:34:38 Image size of job updated: 15816
	16  -  MemoryUsage of job (MB)
	15816  -  ResidentSetSize of job (KB)
...
006 (1094747.078.000) 12/26 20:39:38 Image size of job updated: 15908
	16  -  MemoryUsage of job (MB)
	15908  -  ResidentSetSize of job (KB)
...
006 (1094747.078.000) 12/26 20:44:39 Image size of job updated: 16004
	16  -  MemoryUsage of job (MB)
	16004  -  ResidentSetSize of job (KB)
...
006 (1094747.078.000) 12/26 20:49:40 Image size of job updated: 16076
	16  -  MemoryUsage of job (MB)
	16076  -  ResidentSetSize of job (KB)
...
006 (1094747.078.000) 12/26 20:54:40 Image size of job updated: 16160
	16  -  MemoryUsage of job (MB)
	16160  -  ResidentSetSize of job (KB)
...
006 (1094747.078.000) 12/26 20:59:40 Image size of job updated: 16292
	16  -  MemoryUsage of job (MB)
	16292  -  ResidentSetSize of job (KB)
...
006 (1094747.078.000) 12/26 21:04:41 Image size of job updated: 16444
	17  -  MemoryUsage of job (MB)
	16444  -  ResidentSetSize of job (KB)
...
006 (1094747.078.000) 12/26 21:07:43 Image size of job updated: 133620
	17  -  MemoryUsage of job (MB)
	16444  -  ResidentSetSize of job (KB)
...
040 (1094747.078.000) 12/26 21:07:43 Started transferring output files
...
040 (1094747.078.000) 12/26 21:07:43 Finished transferring output files
...
005 (1094747.078.000) 12/26 21:07:43 Job terminated.
	(1) Normal termination (return value 0)
		Usr 0 00:02:11, Sys 0 00:00:47  -  Run Remote Usage
		Usr 0 00:00:00, Sys 0 00:00:00  -  Run Local Usage
		Usr 0 00:02:11, Sys 0 00:00:47  -  Total Remote Usage
		Usr 0 00:00:00, Sys 0 00:00:00  -  Total Local Usage
	177557  -  Run Bytes Sent By Job
	459970  -  Run Bytes Received By Job
	177557  -  Total Bytes Sent By Job
	459970  -  Total Bytes Received By Job
	Partitionable Resources :    Usage  Request Allocated 
	   Cpus                 :     0.89        1         1 
	   Disk (KB)            :   644         450    182025 
	   Memory (MB)          :    17        2000      2000 
...
