000 (1094747.160.000) 12/26 20:16:18 Job submitted from host: <188.185.71.83:9618?addrs=188.185.71.83-9618+[2001-1458-d00-7--100-34d]-9618&alias=bigbird18.cern.ch&noUDP&sock=schedd_3557371_31ee_11>
...
040 (1094747.160.000) 12/26 20:24:52 Started transferring input files
	Transferring to host: <128.142.240.167:9618?addrs=128.142.240.167-9618+[2001-1458-301-9--100-c4]-9618&noUDP&sock=1227_484b_133799>
...
040 (1094747.160.000) 12/26 20:24:52 Finished transferring input files
...
001 (1094747.160.000) 12/26 20:24:53 Job executing on host: <128.142.240.167:9618?addrs=128.142.240.167-9618+[2001-1458-301-9--100-c4]-9618&noUDP&sock=6497_fae6_3>
...
006 (1094747.160.000) 12/26 20:25:02 Image size of job updated: 15752
	16  -  MemoryUsage of job (MB)
	15576  -  ResidentSetSize of job (KB)
...
006 (1094747.160.000) 12/26 20:30:03 Image size of job updated: 15880
	16  -  MemoryUsage of job (MB)
	15704  -  ResidentSetSize of job (KB)
...
006 (1094747.160.000) 12/26 20:35:03 Image size of job updated: 16036
	16  -  MemoryUsage of job (MB)
	15860  -  ResidentSetSize of job (KB)
...
006 (1094747.160.000) 12/26 20:40:05 Image size of job updated: 16184
	16  -  MemoryUsage of job (MB)
	16008  -  ResidentSetSize of job (KB)
...
006 (1094747.160.000) 12/26 20:45:05 Image size of job updated: 16304
	16  -  MemoryUsage of job (MB)
	16128  -  ResidentSetSize of job (KB)
...
006 (1094747.160.000) 12/26 20:50:05 Image size of job updated: 16432
	16  -  MemoryUsage of job (MB)
	16256  -  ResidentSetSize of job (KB)
...
006 (1094747.160.000) 12/26 20:55:06 Image size of job updated: 16560
	16  -  MemoryUsage of job (MB)
	16384  -  ResidentSetSize of job (KB)
...
040 (1094747.160.000) 12/26 20:57:33 Started transferring output files
...
040 (1094747.160.000) 12/26 20:57:33 Finished transferring output files
...
005 (1094747.160.000) 12/26 20:57:33 Job terminated.
	(1) Normal termination (return value 0)
		Usr 0 00:01:20, Sys 0 00:00:42  -  Run Remote Usage
		Usr 0 00:00:00, Sys 0 00:00:00  -  Run Local Usage
		Usr 0 00:01:20, Sys 0 00:00:42  -  Total Remote Usage
		Usr 0 00:00:00, Sys 0 00:00:00  -  Total Local Usage
	166358  -  Run Bytes Sent By Job
	460069  -  Run Bytes Received By Job
	166358  -  Total Bytes Sent By Job
	460069  -  Total Bytes Received By Job
	Partitionable Resources :    Usage  Request Allocated 
	   Cpus                 :     0.08        1         1 
	   Disk (KB)            :   634         450    360417 
	   Memory (MB)          :    16        2000      2000 
...
