000 (1094747.066.000) 12/26 20:16:18 Job submitted from host: <188.185.71.83:9618?addrs=188.185.71.83-9618+[2001-1458-d00-7--100-34d]-9618&alias=bigbird18.cern.ch&noUDP&sock=schedd_3557371_31ee_11>
...
040 (1094747.066.000) 12/26 20:24:40 Started transferring input files
	Transferring to host: <188.184.210.20:9618?addrs=188.184.210.20-9618+[2001-1458-301-10b--100-263]-9618&noUDP&sock=20608_f33f_48529>
...
040 (1094747.066.000) 12/26 20:24:40 Finished transferring input files
...
001 (1094747.066.000) 12/26 20:24:41 Job executing on host: <188.184.210.20:9618?addrs=188.184.210.20-9618+[2001-1458-301-10b--100-263]-9618&noUDP&sock=20269_6d33_3>
...
006 (1094747.066.000) 12/26 20:24:49 Image size of job updated: 15752
	16  -  MemoryUsage of job (MB)
	15576  -  ResidentSetSize of job (KB)
...
006 (1094747.066.000) 12/26 20:29:49 Image size of job updated: 15752
	16  -  MemoryUsage of job (MB)
	15660  -  ResidentSetSize of job (KB)
...
006 (1094747.066.000) 12/26 20:44:51 Image size of job updated: 15892
	16  -  MemoryUsage of job (MB)
	15892  -  ResidentSetSize of job (KB)
...
006 (1094747.066.000) 12/26 20:49:51 Image size of job updated: 15976
	16  -  MemoryUsage of job (MB)
	15976  -  ResidentSetSize of job (KB)
...
006 (1094747.066.000) 12/26 20:54:51 Image size of job updated: 16068
	16  -  MemoryUsage of job (MB)
	16068  -  ResidentSetSize of job (KB)
...
006 (1094747.066.000) 12/26 20:59:52 Image size of job updated: 16236
	16  -  MemoryUsage of job (MB)
	16236  -  ResidentSetSize of job (KB)
...
006 (1094747.066.000) 12/26 21:04:52 Image size of job updated: 16380
	16  -  MemoryUsage of job (MB)
	16380  -  ResidentSetSize of job (KB)
...
006 (1094747.066.000) 12/26 21:07:23 Image size of job updated: 555040
	16  -  MemoryUsage of job (MB)
	16380  -  ResidentSetSize of job (KB)
...
040 (1094747.066.000) 12/26 21:07:23 Started transferring output files
...
040 (1094747.066.000) 12/26 21:07:23 Finished transferring output files
...
005 (1094747.066.000) 12/26 21:07:23 Job terminated.
	(1) Normal termination (return value 0)
		Usr 0 00:01:41, Sys 0 00:00:48  -  Run Remote Usage
		Usr 0 00:00:00, Sys 0 00:00:00  -  Run Local Usage
		Usr 0 00:01:41, Sys 0 00:00:48  -  Total Remote Usage
		Usr 0 00:00:00, Sys 0 00:00:00  -  Total Local Usage
	177557  -  Run Bytes Sent By Job
	459970  -  Run Bytes Received By Job
	177557  -  Total Bytes Sent By Job
	459970  -  Total Bytes Received By Job
	Partitionable Resources :    Usage  Request Allocated 
	   Cpus                 :     0.96        1         1 
	   Disk (KB)            :   644         450    356071 
	   Memory (MB)          :    16        2000      2000 
...
