000 (1094747.144.000) 12/26 20:16:18 Job submitted from host: <188.185.71.83:9618?addrs=188.185.71.83-9618+[2001-1458-d00-7--100-34d]-9618&alias=bigbird18.cern.ch&noUDP&sock=schedd_3557371_31ee_11>
...
040 (1094747.144.000) 12/26 20:25:04 Started transferring input files
	Transferring to host: <128.142.133.168:9618?addrs=128.142.133.168-9618+[2001-1458-301-32--100-ac]-9618&noUDP&sock=18308_6462_135275>
...
040 (1094747.144.000) 12/26 20:25:04 Finished transferring input files
...
001 (1094747.144.000) 12/26 20:25:05 Job executing on host: <128.142.133.168:9618?addrs=128.142.133.168-9618+[2001-1458-301-32--100-ac]-9618&noUDP&sock=2404_85c3_3>
...
006 (1094747.144.000) 12/26 20:25:13 Image size of job updated: 15784
	16  -  MemoryUsage of job (MB)
	15608  -  ResidentSetSize of job (KB)
...
006 (1094747.144.000) 12/26 20:30:13 Image size of job updated: 15784
	16  -  MemoryUsage of job (MB)
	15696  -  ResidentSetSize of job (KB)
...
006 (1094747.144.000) 12/26 20:35:14 Image size of job updated: 15840
	16  -  MemoryUsage of job (MB)
	15840  -  ResidentSetSize of job (KB)
...
006 (1094747.144.000) 12/26 20:40:14 Image size of job updated: 15964
	16  -  MemoryUsage of job (MB)
	15964  -  ResidentSetSize of job (KB)
...
006 (1094747.144.000) 12/26 20:45:14 Image size of job updated: 16072
	16  -  MemoryUsage of job (MB)
	16072  -  ResidentSetSize of job (KB)
...
006 (1094747.144.000) 12/26 20:50:16 Image size of job updated: 16180
	16  -  MemoryUsage of job (MB)
	16180  -  ResidentSetSize of job (KB)
...
006 (1094747.144.000) 12/26 20:55:16 Image size of job updated: 16292
	16  -  MemoryUsage of job (MB)
	16292  -  ResidentSetSize of job (KB)
...
006 (1094747.144.000) 12/26 21:00:16 Image size of job updated: 16464
	17  -  MemoryUsage of job (MB)
	16464  -  ResidentSetSize of job (KB)
...
040 (1094747.144.000) 12/26 21:01:25 Started transferring output files
...
040 (1094747.144.000) 12/26 21:01:25 Finished transferring output files
...
005 (1094747.144.000) 12/26 21:01:25 Job terminated.
	(1) Normal termination (return value 0)
		Usr 0 00:01:01, Sys 0 00:00:34  -  Run Remote Usage
		Usr 0 00:00:00, Sys 0 00:00:00  -  Run Local Usage
		Usr 0 00:01:01, Sys 0 00:00:34  -  Total Remote Usage
		Usr 0 00:00:00, Sys 0 00:00:00  -  Total Local Usage
	166354  -  Run Bytes Sent By Job
	460070  -  Run Bytes Received By Job
	166354  -  Total Bytes Sent By Job
	460070  -  Total Bytes Received By Job
	Partitionable Resources :    Usage  Request Allocated 
	   Cpus                 :     0.09        1         1 
	   Disk (KB)            :   634         450    195419 
	   Memory (MB)          :    17        2000      2000 
...
