000 (1094747.204.000) 12/26 20:16:18 Job submitted from host: <188.185.71.83:9618?addrs=188.185.71.83-9618+[2001-1458-d00-7--100-34d]-9618&alias=bigbird18.cern.ch&noUDP&sock=schedd_3557371_31ee_11>
...
040 (1094747.204.000) 12/26 20:25:10 Started transferring input files
	Transferring to host: <188.185.105.172:9618?addrs=188.185.105.172-9618+[2001-1458-d00-3e--100-28e]-9618&noUDP&sock=18241_2f3f_36515>
...
040 (1094747.204.000) 12/26 20:25:10 Finished transferring input files
...
001 (1094747.204.000) 12/26 20:25:11 Job executing on host: <188.185.105.172:9618?addrs=188.185.105.172-9618+[2001-1458-d00-3e--100-28e]-9618&noUDP&sock=18104_6aa9_3>
...
006 (1094747.204.000) 12/26 20:25:19 Image size of job updated: 15716
	16  -  MemoryUsage of job (MB)
	15540  -  ResidentSetSize of job (KB)
...
006 (1094747.204.000) 12/26 20:30:19 Image size of job updated: 15828
	16  -  MemoryUsage of job (MB)
	15652  -  ResidentSetSize of job (KB)
...
006 (1094747.204.000) 12/26 20:35:20 Image size of job updated: 15932
	16  -  MemoryUsage of job (MB)
	15756  -  ResidentSetSize of job (KB)
...
006 (1094747.204.000) 12/26 20:40:21 Image size of job updated: 16016
	16  -  MemoryUsage of job (MB)
	15840  -  ResidentSetSize of job (KB)
...
006 (1094747.204.000) 12/26 20:45:21 Image size of job updated: 16096
	16  -  MemoryUsage of job (MB)
	15920  -  ResidentSetSize of job (KB)
...
006 (1094747.204.000) 12/26 20:50:21 Image size of job updated: 16176
	16  -  MemoryUsage of job (MB)
	16000  -  ResidentSetSize of job (KB)
...
006 (1094747.204.000) 12/26 20:55:22 Image size of job updated: 16256
	16  -  MemoryUsage of job (MB)
	16080  -  ResidentSetSize of job (KB)
...
006 (1094747.204.000) 12/26 21:00:22 Image size of job updated: 16416
	16  -  MemoryUsage of job (MB)
	16240  -  ResidentSetSize of job (KB)
...
006 (1094747.204.000) 12/26 21:05:22 Image size of job updated: 16580
	17  -  MemoryUsage of job (MB)
	16404  -  ResidentSetSize of job (KB)
...
040 (1094747.204.000) 12/26 21:06:26 Started transferring output files
...
040 (1094747.204.000) 12/26 21:06:26 Finished transferring output files
...
005 (1094747.204.000) 12/26 21:06:26 Job terminated.
	(1) Normal termination (return value 0)
		Usr 0 00:00:46, Sys 0 00:00:27  -  Run Remote Usage
		Usr 0 00:00:00, Sys 0 00:00:00  -  Run Local Usage
		Usr 0 00:00:46, Sys 0 00:00:27  -  Total Remote Usage
		Usr 0 00:00:00, Sys 0 00:00:00  -  Total Local Usage
	166340  -  Run Bytes Sent By Job
	460067  -  Run Bytes Received By Job
	166340  -  Total Bytes Sent By Job
	460067  -  Total Bytes Received By Job
	Partitionable Resources :    Usage  Request Allocated 
	   Cpus                 :     0.05        1         1 
	   Disk (KB)            :   633         450    568425 
	   Memory (MB)          :    17        2000      2000 
...
