000 (1094747.141.000) 12/26 20:16:18 Job submitted from host: <188.185.71.83:9618?addrs=188.185.71.83-9618+[2001-1458-d00-7--100-34d]-9618&alias=bigbird18.cern.ch&noUDP&sock=schedd_3557371_31ee_11>
...
040 (1094747.141.000) 12/26 20:24:51 Started transferring input files
	Transferring to host: <128.142.85.211:9618?addrs=128.142.85.211-9618+[2001-1458-301-f6--100-88]-9618&noUDP&sock=16635_9cbe_6097>
...
040 (1094747.141.000) 12/26 20:24:51 Finished transferring input files
...
001 (1094747.141.000) 12/26 20:24:52 Job executing on host: <128.142.85.211:9618?addrs=128.142.85.211-9618+[2001-1458-301-f6--100-88]-9618&noUDP&sock=16479_cd43_3>
...
006 (1094747.141.000) 12/26 20:25:01 Image size of job updated: 3600
	3  -  MemoryUsage of job (MB)
	2196  -  ResidentSetSize of job (KB)
...
006 (1094747.141.000) 12/26 20:30:02 Image size of job updated: 16952
	16  -  MemoryUsage of job (MB)
	15588  -  ResidentSetSize of job (KB)
...
006 (1094747.141.000) 12/26 20:35:02 Image size of job updated: 16988
	16  -  MemoryUsage of job (MB)
	15624  -  ResidentSetSize of job (KB)
...
006 (1094747.141.000) 12/26 20:40:03 Image size of job updated: 17020
	16  -  MemoryUsage of job (MB)
	15656  -  ResidentSetSize of job (KB)
...
006 (1094747.141.000) 12/26 20:45:03 Image size of job updated: 17044
	16  -  MemoryUsage of job (MB)
	15680  -  ResidentSetSize of job (KB)
...
006 (1094747.141.000) 12/26 20:55:04 Image size of job updated: 17108
	16  -  MemoryUsage of job (MB)
	15740  -  ResidentSetSize of job (KB)
...
006 (1094747.141.000) 12/26 21:00:06 Image size of job updated: 17148
	16  -  MemoryUsage of job (MB)
	15780  -  ResidentSetSize of job (KB)
...
006 (1094747.141.000) 12/26 21:05:06 Image size of job updated: 17200
	16  -  MemoryUsage of job (MB)
	15832  -  ResidentSetSize of job (KB)
...
006 (1094747.141.000) 12/26 21:10:06 Image size of job updated: 17316
	16  -  MemoryUsage of job (MB)
	15916  -  ResidentSetSize of job (KB)
...
006 (1094747.141.000) 12/26 21:15:07 Image size of job updated: 17460
	16  -  MemoryUsage of job (MB)
	16056  -  ResidentSetSize of job (KB)
...
006 (1094747.141.000) 12/26 21:20:07 Image size of job updated: 17628
	16  -  MemoryUsage of job (MB)
	16224  -  ResidentSetSize of job (KB)
...
006 (1094747.141.000) 12/26 21:24:53 Image size of job updated: 23136
	16  -  MemoryUsage of job (MB)
	16224  -  ResidentSetSize of job (KB)
...
040 (1094747.141.000) 12/26 21:24:53 Started transferring output files
...
040 (1094747.141.000) 12/26 21:24:53 Finished transferring output files
...
009 (1094747.141.000) 12/26 21:24:54 Job was aborted by the user.
	Job removed by SYSTEM_PERIODIC_REMOVE due to wall time exceeded allowed max.
...
