000 (1094747.060.000) 12/26 20:16:18 Job submitted from host: <188.185.71.83:9618?addrs=188.185.71.83-9618+[2001-1458-d00-7--100-34d]-9618&alias=bigbird18.cern.ch&noUDP&sock=schedd_3557371_31ee_11>
...
040 (1094747.060.000) 12/26 20:24:22 Started transferring input files
	Transferring to host: <137.138.119.49:9618?addrs=137.138.119.49-9618+[2001-1458-d00-4--c5]-9618&noUDP&sock=15544_e771_18163>
...
040 (1094747.060.000) 12/26 20:24:22 Finished transferring input files
...
001 (1094747.060.000) 12/26 20:24:23 Job executing on host: <137.138.119.49:9618?addrs=137.138.119.49-9618+[2001-1458-d00-4--c5]-9618&noUDP&sock=15438_c32c_3>
...
006 (1094747.060.000) 12/26 20:24:32 Image size of job updated: 14772
	15  -  MemoryUsage of job (MB)
	14596  -  ResidentSetSize of job (KB)
...
006 (1094747.060.000) 12/26 20:29:33 Image size of job updated: 15964
	16  -  MemoryUsage of job (MB)
	15788  -  ResidentSetSize of job (KB)
...
006 (1094747.060.000) 12/26 20:34:33 Image size of job updated: 16092
	16  -  MemoryUsage of job (MB)
	15916  -  ResidentSetSize of job (KB)
...
006 (1094747.060.000) 12/26 20:39:34 Image size of job updated: 16240
	16  -  MemoryUsage of job (MB)
	16064  -  ResidentSetSize of job (KB)
...
006 (1094747.060.000) 12/26 20:44:35 Image size of job updated: 16408
	16  -  MemoryUsage of job (MB)
	16232  -  ResidentSetSize of job (KB)
...
006 (1094747.060.000) 12/26 20:49:35 Image size of job updated: 16536
	16  -  MemoryUsage of job (MB)
	16360  -  ResidentSetSize of job (KB)
...
006 (1094747.060.000) 12/26 20:55:09 Image size of job updated: 172400
	16  -  MemoryUsage of job (MB)
	16360  -  ResidentSetSize of job (KB)
...
040 (1094747.060.000) 12/26 20:55:09 Started transferring output files
...
040 (1094747.060.000) 12/26 20:55:09 Finished transferring output files
...
005 (1094747.060.000) 12/26 20:55:09 Job terminated.
	(1) Normal termination (return value 0)
		Usr 0 00:01:30, Sys 0 00:00:52  -  Run Remote Usage
		Usr 0 00:00:00, Sys 0 00:00:00  -  Run Local Usage
		Usr 0 00:01:30, Sys 0 00:00:52  -  Total Remote Usage
		Usr 0 00:00:00, Sys 0 00:00:00  -  Total Local Usage
	173110  -  Run Bytes Sent By Job
	459678  -  Run Bytes Received By Job
	173110  -  Total Bytes Sent By Job
	459678  -  Total Bytes Received By Job
	Partitionable Resources :    Usage  Request Allocated 
	   Cpus                 :     0.02        1         1 
	   Disk (KB)            :   640         450    333923 
	   Memory (MB)          :    16        2000      2000 
...
