000 (1094747.087.000) 12/26 20:16:18 Job submitted from host: <188.185.71.83:9618?addrs=188.185.71.83-9618+[2001-1458-d00-7--100-34d]-9618&alias=bigbird18.cern.ch&noUDP&sock=schedd_3557371_31ee_11>
...
040 (1094747.087.000) 12/26 20:24:30 Started transferring input files
	Transferring to host: <188.184.68.125:9618?addrs=188.184.68.125-9618&noUDP&sock=16596_221c_47823>
...
040 (1094747.087.000) 12/26 20:24:31 Finished transferring input files
...
001 (1094747.087.000) 12/26 20:24:32 Job executing on host: <188.184.68.125:9618?addrs=188.184.68.125-9618&noUDP&sock=16464_8357_3>
...
006 (1094747.087.000) 12/26 20:24:40 Image size of job updated: 15748
	16  -  MemoryUsage of job (MB)
	15572  -  ResidentSetSize of job (KB)
...
006 (1094747.087.000) 12/26 20:29:40 Image size of job updated: 15768
	16  -  MemoryUsage of job (MB)
	15592  -  ResidentSetSize of job (KB)
...
006 (1094747.087.000) 12/26 20:34:41 Image size of job updated: 15788
	16  -  MemoryUsage of job (MB)
	15612  -  ResidentSetSize of job (KB)
...
006 (1094747.087.000) 12/26 20:39:42 Image size of job updated: 15820
	16  -  MemoryUsage of job (MB)
	15644  -  ResidentSetSize of job (KB)
...
006 (1094747.087.000) 12/26 20:44:42 Image size of job updated: 15836
	16  -  MemoryUsage of job (MB)
	15660  -  ResidentSetSize of job (KB)
...
006 (1094747.087.000) 12/26 20:49:43 Image size of job updated: 15848
	16  -  MemoryUsage of job (MB)
	15672  -  ResidentSetSize of job (KB)
...
006 (1094747.087.000) 12/26 20:54:43 Image size of job updated: 15864
	16  -  MemoryUsage of job (MB)
	15688  -  ResidentSetSize of job (KB)
...
006 (1094747.087.000) 12/26 20:59:43 Image size of job updated: 15876
	16  -  MemoryUsage of job (MB)
	15700  -  ResidentSetSize of job (KB)
...
006 (1094747.087.000) 12/26 21:04:44 Image size of job updated: 15904
	16  -  MemoryUsage of job (MB)
	15728  -  ResidentSetSize of job (KB)
...
006 (1094747.087.000) 12/26 21:09:44 Image size of job updated: 16044
	16  -  MemoryUsage of job (MB)
	15868  -  ResidentSetSize of job (KB)
...
006 (1094747.087.000) 12/26 21:14:44 Image size of job updated: 16368
	16  -  MemoryUsage of job (MB)
	16236  -  ResidentSetSize of job (KB)
...
006 (1094747.087.000) 12/26 21:19:45 Image size of job updated: 171136
	117  -  MemoryUsage of job (MB)
	118948  -  ResidentSetSize of job (KB)
...
006 (1094747.087.000) 12/26 21:24:45 Image size of job updated: 184484
	130  -  MemoryUsage of job (MB)
	132296  -  ResidentSetSize of job (KB)
...
040 (1094747.087.000) 12/26 21:24:45 Started transferring output files
...
040 (1094747.087.000) 12/26 21:24:45 Finished transferring output files
...
009 (1094747.087.000) 12/26 21:24:46 Job was aborted by the user.
	Job removed by SYSTEM_PERIODIC_REMOVE due to wall time exceeded allowed max.
...
