000 (1094747.085.000) 12/26 20:16:18 Job submitted from host: <188.185.71.83:9618?addrs=188.185.71.83-9618+[2001-1458-d00-7--100-34d]-9618&alias=bigbird18.cern.ch&noUDP&sock=schedd_3557371_31ee_11>
...
040 (1094747.085.000) 12/26 20:24:30 Started transferring input files
	Transferring to host: <188.184.198.171:9618?addrs=188.184.198.171-9618+[2001-1458-301-c1--100-18b]-9618&noUDP&sock=18639_9c8f_33933>
...
040 (1094747.085.000) 12/26 20:24:30 Finished transferring input files
...
001 (1094747.085.000) 12/26 20:24:31 Job executing on host: <188.184.198.171:9618?addrs=188.184.198.171-9618+[2001-1458-301-c1--100-18b]-9618&noUDP&sock=18502_695b_3>
...
006 (1094747.085.000) 12/26 20:24:40 Image size of job updated: 3792
	4  -  MemoryUsage of job (MB)
	3616  -  ResidentSetSize of job (KB)
...
006 (1094747.085.000) 12/26 20:29:40 Image size of job updated: 15700
	16  -  MemoryUsage of job (MB)
	15668  -  ResidentSetSize of job (KB)
...
006 (1094747.085.000) 12/26 20:34:40 Image size of job updated: 15776
	16  -  MemoryUsage of job (MB)
	15744  -  ResidentSetSize of job (KB)
...
006 (1094747.085.000) 12/26 20:39:41 Image size of job updated: 15844
	16  -  MemoryUsage of job (MB)
	15812  -  ResidentSetSize of job (KB)
...
006 (1094747.085.000) 12/26 20:44:41 Image size of job updated: 15928
	16  -  MemoryUsage of job (MB)
	15896  -  ResidentSetSize of job (KB)
...
006 (1094747.085.000) 12/26 20:49:41 Image size of job updated: 16016
	16  -  MemoryUsage of job (MB)
	15984  -  ResidentSetSize of job (KB)
...
006 (1094747.085.000) 12/26 20:54:42 Image size of job updated: 16072
	16  -  MemoryUsage of job (MB)
	16040  -  ResidentSetSize of job (KB)
...
006 (1094747.085.000) 12/26 20:59:42 Image size of job updated: 16192
	16  -  MemoryUsage of job (MB)
	16160  -  ResidentSetSize of job (KB)
...
006 (1094747.085.000) 12/26 21:04:43 Image size of job updated: 16332
	16  -  MemoryUsage of job (MB)
	16300  -  ResidentSetSize of job (KB)
...
006 (1094747.085.000) 12/26 21:09:18 Image size of job updated: 156380
	16  -  MemoryUsage of job (MB)
	16300  -  ResidentSetSize of job (KB)
...
040 (1094747.085.000) 12/26 21:09:18 Started transferring output files
...
040 (1094747.085.000) 12/26 21:09:18 Finished transferring output files
...
005 (1094747.085.000) 12/26 21:09:19 Job terminated.
	(1) Normal termination (return value 0)
		Usr 0 00:01:44, Sys 0 00:00:42  -  Run Remote Usage
		Usr 0 00:00:00, Sys 0 00:00:00  -  Run Local Usage
		Usr 0 00:01:44, Sys 0 00:00:42  -  Total Remote Usage
		Usr 0 00:00:00, Sys 0 00:00:00  -  Total Local Usage
	177546  -  Run Bytes Sent By Job
	459970  -  Run Bytes Received By Job
	177546  -  Total Bytes Sent By Job
	459970  -  Total Bytes Received By Job
	Partitionable Resources :    Usage  Request Allocated 
	   Cpus                 :     0.20        1         1 
	   Disk (KB)            :   644         450    255483 
	   Memory (MB)          :    16        2000      2000 
...
