000 (1094747.173.000) 12/26 20:16:18 Job submitted from host: <188.185.71.83:9618?addrs=188.185.71.83-9618+[2001-1458-d00-7--100-34d]-9618&alias=bigbird18.cern.ch&noUDP&sock=schedd_3557371_31ee_11>
...
040 (1094747.173.000) 12/26 20:24:56 Started transferring input files
	Transferring to host: <188.185.105.60:9618?addrs=188.185.105.60-9618+[2001-1458-d00-3e--100-165]-9618&noUDP&sock=17661_85a7_36547>
...
040 (1094747.173.000) 12/26 20:24:56 Finished transferring input files
...
001 (1094747.173.000) 12/26 20:24:57 Job executing on host: <188.185.105.60:9618?addrs=188.185.105.60-9618+[2001-1458-d00-3e--100-165]-9618&noUDP&sock=17524_95bb_3>
...
006 (1094747.173.000) 12/26 20:25:06 Image size of job updated: 15736
	16  -  MemoryUsage of job (MB)
	15560  -  ResidentSetSize of job (KB)
...
006 (1094747.173.000) 12/26 20:30:07 Image size of job updated: 15836
	16  -  MemoryUsage of job (MB)
	15660  -  ResidentSetSize of job (KB)
...
006 (1094747.173.000) 12/26 20:35:07 Image size of job updated: 15932
	16  -  MemoryUsage of job (MB)
	15756  -  ResidentSetSize of job (KB)
...
006 (1094747.173.000) 12/26 20:40:07 Image size of job updated: 16024
	16  -  MemoryUsage of job (MB)
	15848  -  ResidentSetSize of job (KB)
...
006 (1094747.173.000) 12/26 20:45:08 Image size of job updated: 16100
	16  -  MemoryUsage of job (MB)
	15924  -  ResidentSetSize of job (KB)
...
006 (1094747.173.000) 12/26 20:50:08 Image size of job updated: 16188
	16  -  MemoryUsage of job (MB)
	16012  -  ResidentSetSize of job (KB)
...
006 (1094747.173.000) 12/26 20:55:08 Image size of job updated: 16260
	16  -  MemoryUsage of job (MB)
	16084  -  ResidentSetSize of job (KB)
...
006 (1094747.173.000) 12/26 21:00:09 Image size of job updated: 16404
	16  -  MemoryUsage of job (MB)
	16228  -  ResidentSetSize of job (KB)
...
006 (1094747.173.000) 12/26 21:05:09 Image size of job updated: 16560
	16  -  MemoryUsage of job (MB)
	16384  -  ResidentSetSize of job (KB)
...
006 (1094747.173.000) 12/26 21:07:19 Image size of job updated: 151504
	16  -  MemoryUsage of job (MB)
	16384  -  ResidentSetSize of job (KB)
...
040 (1094747.173.000) 12/26 21:07:19 Started transferring output files
...
040 (1094747.173.000) 12/26 21:07:20 Finished transferring output files
...
005 (1094747.173.000) 12/26 21:07:20 Job terminated.
	(1) Normal termination (return value 0)
		Usr 0 00:00:47, Sys 0 00:00:29  -  Run Remote Usage
		Usr 0 00:00:00, Sys 0 00:00:00  -  Run Local Usage
		Usr 0 00:00:47, Sys 0 00:00:29  -  Total Remote Usage
		Usr 0 00:00:00, Sys 0 00:00:00  -  Total Local Usage
	166360  -  Run Bytes Sent By Job
	460069  -  Run Bytes Received By Job
	166360  -  Total Bytes Sent By Job
	460069  -  Total Bytes Received By Job
	Partitionable Resources :    Usage  Request Allocated 
	   Cpus                 :     0.04        1         1 
	   Disk (KB)            :   633         450    593772 
	   Memory (MB)          :    16        2000      2000 
...
