000 (1094747.181.000) 12/26 20:16:18 Job submitted from host: <188.185.71.83:9618?addrs=188.185.71.83-9618+[2001-1458-d00-7--100-34d]-9618&alias=bigbird18.cern.ch&noUDP&sock=schedd_3557371_31ee_11>
...
040 (1094747.181.000) 12/26 20:25:00 Started transferring input files
	Transferring to host: <128.142.69.177:9618?addrs=128.142.69.177-9618+[2001-1458-301-52--100-466]-9618&noUDP&sock=2664_c765_23782>
...
040 (1094747.181.000) 12/26 20:25:00 Finished transferring input files
...
001 (1094747.181.000) 12/26 20:25:01 Job executing on host: <128.142.69.177:9618?addrs=128.142.69.177-9618+[2001-1458-301-52--100-466]-9618&noUDP&sock=2453_21e7_3>
...
006 (1094747.181.000) 12/26 20:25:10 Image size of job updated: 15776
	16  -  MemoryUsage of job (MB)
	15600  -  ResidentSetSize of job (KB)
...
006 (1094747.181.000) 12/26 20:30:10 Image size of job updated: 15860
	16  -  MemoryUsage of job (MB)
	15684  -  ResidentSetSize of job (KB)
...
006 (1094747.181.000) 12/26 20:35:10 Image size of job updated: 15956
	16  -  MemoryUsage of job (MB)
	15780  -  ResidentSetSize of job (KB)
...
006 (1094747.181.000) 12/26 20:40:11 Image size of job updated: 16032
	16  -  MemoryUsage of job (MB)
	15856  -  ResidentSetSize of job (KB)
...
006 (1094747.181.000) 12/26 20:45:11 Image size of job updated: 16096
	16  -  MemoryUsage of job (MB)
	15920  -  ResidentSetSize of job (KB)
...
006 (1094747.181.000) 12/26 20:50:11 Image size of job updated: 16188
	16  -  MemoryUsage of job (MB)
	16012  -  ResidentSetSize of job (KB)
...
006 (1094747.181.000) 12/26 20:55:12 Image size of job updated: 16272
	16  -  MemoryUsage of job (MB)
	16096  -  ResidentSetSize of job (KB)
...
006 (1094747.181.000) 12/26 21:00:12 Image size of job updated: 16408
	16  -  MemoryUsage of job (MB)
	16232  -  ResidentSetSize of job (KB)
...
006 (1094747.181.000) 12/26 21:05:12 Image size of job updated: 16548
	16  -  MemoryUsage of job (MB)
	16372  -  ResidentSetSize of job (KB)
...
040 (1094747.181.000) 12/26 21:07:56 Started transferring output files
...
040 (1094747.181.000) 12/26 21:07:56 Finished transferring output files
...
005 (1094747.181.000) 12/26 21:07:56 Job terminated.
	(1) Normal termination (return value 0)
		Usr 0 00:01:11, Sys 0 00:00:43  -  Run Remote Usage
		Usr 0 00:00:00, Sys 0 00:00:00  -  Run Local Usage
		Usr 0 00:01:11, Sys 0 00:00:43  -  Total Remote Usage
		Usr 0 00:00:00, Sys 0 00:00:00  -  Total Local Usage
	166360  -  Run Bytes Sent By Job
	460068  -  Run Bytes Received By Job
	166360  -  Total Bytes Sent By Job
	460068  -  Total Bytes Received By Job
	Partitionable Resources :    Usage  Request Allocated 
	   Cpus                 :     0.07        1         1 
	   Disk (KB)            :   633         450    255122 
	   Memory (MB)          :    16        2000      2000 
...
