000 (1094747.062.000) 12/26 20:16:18 Job submitted from host: <188.185.71.83:9618?addrs=188.185.71.83-9618+[2001-1458-d00-7--100-34d]-9618&alias=bigbird18.cern.ch&noUDP&sock=schedd_3557371_31ee_11>
...
040 (1094747.062.000) 12/26 20:24:23 Started transferring input files
	Transferring to host: <137.138.119.157:9618?addrs=137.138.119.157-9618+[2001-1458-d00-4--2f1]-9618&noUDP&sock=17554_2183_18351>
...
040 (1094747.062.000) 12/26 20:24:23 Finished transferring input files
...
001 (1094747.062.000) 12/26 20:24:24 Job executing on host: <137.138.119.157:9618?addrs=137.138.119.157-9618+[2001-1458-d00-4--2f1]-9618&noUDP&sock=17406_a58e_3>
...
006 (1094747.062.000) 12/26 20:24:33 Image size of job updated: 15768
	16  -  MemoryUsage of job (MB)
	15592  -  ResidentSetSize of job (KB)
...
006 (1094747.062.000) 12/26 20:29:34 Image size of job updated: 15908
	16  -  MemoryUsage of job (MB)
	15732  -  ResidentSetSize of job (KB)
...
006 (1094747.062.000) 12/26 20:34:34 Image size of job updated: 16024
	16  -  MemoryUsage of job (MB)
	15848  -  ResidentSetSize of job (KB)
...
006 (1094747.062.000) 12/26 20:39:35 Image size of job updated: 16152
	16  -  MemoryUsage of job (MB)
	15976  -  ResidentSetSize of job (KB)
...
006 (1094747.062.000) 12/26 20:44:36 Image size of job updated: 16288
	16  -  MemoryUsage of job (MB)
	16112  -  ResidentSetSize of job (KB)
...
006 (1094747.062.000) 12/26 20:49:36 Image size of job updated: 16440
	16  -  MemoryUsage of job (MB)
	16264  -  ResidentSetSize of job (KB)
...
006 (1094747.062.000) 12/26 20:54:37 Image size of job updated: 16576
	17  -  MemoryUsage of job (MB)
	16400  -  ResidentSetSize of job (KB)
...
006 (1094747.062.000) 12/26 20:56:38 Image size of job updated: 171744
	17  -  MemoryUsage of job (MB)
	16400  -  ResidentSetSize of job (KB)
...
040 (1094747.062.000) 12/26 20:56:38 Started transferring output files
...
040 (1094747.062.000) 12/26 20:56:38 Finished transferring output files
...
005 (1094747.062.000) 12/26 20:56:38 Job terminated.
	(1) Normal termination (return value 0)
		Usr 0 00:01:32, Sys 0 00:00:53  -  Run Remote Usage
		Usr 0 00:00:00, Sys 0 00:00:00  -  Run Local Usage
		Usr 0 00:01:32, Sys 0 00:00:53  -  Total Remote Usage
		Usr 0 00:00:00, Sys 0 00:00:00  -  Total Local Usage
	177547  -  Run Bytes Sent By Job
	459970  -  Run Bytes Received By Job
	177547  -  Total Bytes Sent By Job
	459970  -  Total Bytes Received By Job
	Partitionable Resources :    Usage  Request Allocated 
	   Cpus                 :     0.09        1         1 
	   Disk (KB)            :   644         450    188210 
	   Memory (MB)          :    17        2000      2000 
...
