000 (1094747.113.000) 12/26 20:16:18 Job submitted from host: <188.185.71.83:9618?addrs=188.185.71.83-9618+[2001-1458-d00-7--100-34d]-9618&alias=bigbird18.cern.ch&noUDP&sock=schedd_3557371_31ee_11>
...
040 (1094747.113.000) 12/26 20:24:58 Started transferring input files
	Transferring to host: <188.184.182.158:9618?addrs=188.184.182.158-9618+[2001-1458-301-2b--100-25c]-9618&noUDP&sock=32240_bf18_118548>
...
040 (1094747.113.000) 12/26 20:24:58 Finished transferring input files
...
001 (1094747.113.000) 12/26 20:24:59 Job executing on host: <188.184.182.158:9618?addrs=188.184.182.158-9618+[2001-1458-301-2b--100-25c]-9618&noUDP&sock=14012_a51f_3>
...
006 (1094747.113.000) 12/26 20:25:08 Image size of job updated: 1392
	2  -  MemoryUsage of job (MB)
	1392  -  ResidentSetSize of job (KB)
...
006 (1094747.113.000) 12/26 20:30:09 Image size of job updated: 17916
	16  -  MemoryUsage of job (MB)
	15504  -  ResidentSetSize of job (KB)
...
006 (1094747.113.000) 12/26 20:35:09 Image size of job updated: 18284
	16  -  MemoryUsage of job (MB)
	15632  -  ResidentSetSize of job (KB)
...
006 (1094747.113.000) 12/26 20:40:10 Image size of job updated: 18412
	16  -  MemoryUsage of job (MB)
	15764  -  ResidentSetSize of job (KB)
...
006 (1094747.113.000) 12/26 20:45:10 Image size of job updated: 18488
	16  -  MemoryUsage of job (MB)
	15896  -  ResidentSetSize of job (KB)
...
006 (1094747.113.000) 12/26 20:50:10 Image size of job updated: 18704
	16  -  MemoryUsage of job (MB)
	16040  -  ResidentSetSize of job (KB)
...
040 (1094747.113.000) 12/26 20:58:27 Started transferring output files
...
040 (1094747.113.000) 12/26 20:58:27 Finished transferring output files
...
005 (1094747.113.000) 12/26 20:58:27 Job terminated.
	(1) Normal termination (return value 0)
		Usr 0 00:01:26, Sys 0 00:00:52  -  Run Remote Usage
		Usr 0 00:00:00, Sys 0 00:00:00  -  Run Local Usage
		Usr 0 00:01:26, Sys 0 00:00:52  -  Total Remote Usage
		Usr 0 00:00:00, Sys 0 00:00:00  -  Total Local Usage
	166309  -  Run Bytes Sent By Job
	460045  -  Run Bytes Received By Job
	166309  -  Total Bytes Sent By Job
	460045  -  Total Bytes Received By Job
	Partitionable Resources :    Usage  Request Allocated 
	   Cpus                 :     0.11        1         1 
	   Disk (KB)            :   633         450    245078 
	   Memory (MB)          :    16        2000      2000 
...
