000 (1094747.150.000) 12/26 20:16:18 Job submitted from host: <188.185.71.83:9618?addrs=188.185.71.83-9618+[2001-1458-d00-7--100-34d]-9618&alias=bigbird18.cern.ch&noUDP&sock=schedd_3557371_31ee_11>
...
040 (1094747.150.000) 12/26 20:25:06 Started transferring input files
	Transferring to host: <188.184.186.194:9618?addrs=188.184.186.194-9618+[2001-1458-301-f8--100-d4]-9618&noUDP&sock=29355_00c3_119450>
...
040 (1094747.150.000) 12/26 20:25:06 Finished transferring input files
...
001 (1094747.150.000) 12/26 20:25:07 Job executing on host: <188.184.186.194:9618?addrs=188.184.186.194-9618+[2001-1458-301-f8--100-d4]-9618&noUDP&sock=2342_fee4_3>
...
006 (1094747.150.000) 12/26 20:25:15 Image size of job updated: 15748
	16  -  MemoryUsage of job (MB)
	15572  -  ResidentSetSize of job (KB)
...
006 (1094747.150.000) 12/26 20:30:15 Image size of job updated: 15884
	16  -  MemoryUsage of job (MB)
	15708  -  ResidentSetSize of job (KB)
...
006 (1094747.150.000) 12/26 20:40:16 Image size of job updated: 16204
	16  -  MemoryUsage of job (MB)
	16028  -  ResidentSetSize of job (KB)
...
006 (1094747.150.000) 12/26 20:45:16 Image size of job updated: 16348
	16  -  MemoryUsage of job (MB)
	16172  -  ResidentSetSize of job (KB)
...
006 (1094747.150.000) 12/26 20:50:18 Image size of job updated: 16504
	16  -  MemoryUsage of job (MB)
	16328  -  ResidentSetSize of job (KB)
...
006 (1094747.150.000) 12/26 20:54:40 Image size of job updated: 112496
	16  -  MemoryUsage of job (MB)
	16328  -  ResidentSetSize of job (KB)
...
040 (1094747.150.000) 12/26 20:54:40 Started transferring output files
...
040 (1094747.150.000) 12/26 20:54:40 Finished transferring output files
...
005 (1094747.150.000) 12/26 20:54:40 Job terminated.
	(1) Normal termination (return value 0)
		Usr 0 00:01:14, Sys 0 00:00:41  -  Run Remote Usage
		Usr 0 00:00:00, Sys 0 00:00:00  -  Run Local Usage
		Usr 0 00:01:14, Sys 0 00:00:41  -  Total Remote Usage
		Usr 0 00:00:00, Sys 0 00:00:00  -  Total Local Usage
	166352  -  Run Bytes Sent By Job
	460068  -  Run Bytes Received By Job
	166352  -  Total Bytes Sent By Job
	460068  -  Total Bytes Received By Job
	Partitionable Resources :    Usage  Request Allocated 
	   Cpus                 :     0.06        1         1 
	   Disk (KB)            :   634         450    209981 
	   Memory (MB)          :    16        2000      2000 
...
