000 (1094747.217.000) 12/26 20:16:18 Job submitted from host: <188.185.71.83:9618?addrs=188.185.71.83-9618+[2001-1458-d00-7--100-34d]-9618&alias=bigbird18.cern.ch&noUDP&sock=schedd_3557371_31ee_11>
...
040 (1094747.217.000) 12/26 20:25:17 Started transferring input files
	Transferring to host: <188.184.133.127:9618?addrs=188.184.133.127-9618&noUDP&sock=2897_f2cf_107752>
...
040 (1094747.217.000) 12/26 20:25:17 Finished transferring input files
...
001 (1094747.217.000) 12/26 20:25:18 Job executing on host: <188.184.133.127:9618?addrs=188.184.133.127-9618&noUDP&sock=1845_1852_3>
...
006 (1094747.217.000) 12/26 20:25:27 Image size of job updated: 15764
	16  -  MemoryUsage of job (MB)
	15588  -  ResidentSetSize of job (KB)
...
006 (1094747.217.000) 12/26 20:30:28 Image size of job updated: 15824
	16  -  MemoryUsage of job (MB)
	15648  -  ResidentSetSize of job (KB)
...
006 (1094747.217.000) 12/26 20:35:28 Image size of job updated: 15900
	16  -  MemoryUsage of job (MB)
	15724  -  ResidentSetSize of job (KB)
...
006 (1094747.217.000) 12/26 20:40:28 Image size of job updated: 15980
	16  -  MemoryUsage of job (MB)
	15804  -  ResidentSetSize of job (KB)
...
006 (1094747.217.000) 12/26 20:45:29 Image size of job updated: 16048
	16  -  MemoryUsage of job (MB)
	15872  -  ResidentSetSize of job (KB)
...
006 (1094747.217.000) 12/26 20:50:29 Image size of job updated: 16124
	16  -  MemoryUsage of job (MB)
	15948  -  ResidentSetSize of job (KB)
...
006 (1094747.217.000) 12/26 20:55:29 Image size of job updated: 16220
	16  -  MemoryUsage of job (MB)
	16044  -  ResidentSetSize of job (KB)
...
006 (1094747.217.000) 12/26 21:00:30 Image size of job updated: 16328
	16  -  MemoryUsage of job (MB)
	16152  -  ResidentSetSize of job (KB)
...
006 (1094747.217.000) 12/26 21:05:30 Image size of job updated: 16488
	16  -  MemoryUsage of job (MB)
	16312  -  ResidentSetSize of job (KB)
...
040 (1094747.217.000) 12/26 21:08:25 Started transferring output files
...
040 (1094747.217.000) 12/26 21:08:25 Finished transferring output files
...
005 (1094747.217.000) 12/26 21:08:25 Job terminated.
	(1) Normal termination (return value 0)
		Usr 0 00:01:22, Sys 0 00:00:43  -  Run Remote Usage
		Usr 0 00:00:00, Sys 0 00:00:00  -  Run Local Usage
		Usr 0 00:01:22, Sys 0 00:00:43  -  Total Remote Usage
		Usr 0 00:00:00, Sys 0 00:00:00  -  Total Local Usage
	166354  -  Run Bytes Sent By Job
	460065  -  Run Bytes Received By Job
	166354  -  Total Bytes Sent By Job
	460065  -  Total Bytes Received By Job
	Partitionable Resources :    Usage  Request Allocated 
	   Cpus                 :     0.00        1         1 
	   Disk (KB)            :   633         450    205281 
	   Memory (MB)          :    16        2000      2000 
...
