000 (1094747.126.000) 12/26 20:16:18 Job submitted from host: <188.185.71.83:9618?addrs=188.185.71.83-9618+[2001-1458-d00-7--100-34d]-9618&alias=bigbird18.cern.ch&noUDP&sock=schedd_3557371_31ee_11>
...
040 (1094747.126.000) 12/26 20:24:58 Started transferring input files
	Transferring to host: <188.185.105.245:9618?addrs=188.185.105.245-9618+[2001-1458-d00-3e--100-2d0]-9618&noUDP&sock=21920_5f74_33940>
...
040 (1094747.126.000) 12/26 20:24:58 Finished transferring input files
...
001 (1094747.126.000) 12/26 20:24:59 Job executing on host: <188.185.105.245:9618?addrs=188.185.105.245-9618+[2001-1458-d00-3e--100-2d0]-9618&noUDP&sock=21788_558f_3>
...
006 (1094747.126.000) 12/26 20:25:07 Image size of job updated: 15764
	16  -  MemoryUsage of job (MB)
	15588  -  ResidentSetSize of job (KB)
...
006 (1094747.126.000) 12/26 20:30:07 Image size of job updated: 15764
	16  -  MemoryUsage of job (MB)
	15684  -  ResidentSetSize of job (KB)
...
006 (1094747.126.000) 12/26 20:35:08 Image size of job updated: 15764
	16  -  MemoryUsage of job (MB)
	15760  -  ResidentSetSize of job (KB)
...
006 (1094747.126.000) 12/26 20:40:08 Image size of job updated: 15832
	16  -  MemoryUsage of job (MB)
	15832  -  ResidentSetSize of job (KB)
...
006 (1094747.126.000) 12/26 20:45:08 Image size of job updated: 15908
	16  -  MemoryUsage of job (MB)
	15908  -  ResidentSetSize of job (KB)
...
006 (1094747.126.000) 12/26 20:50:09 Image size of job updated: 15988
	16  -  MemoryUsage of job (MB)
	15988  -  ResidentSetSize of job (KB)
...
006 (1094747.126.000) 12/26 20:55:10 Image size of job updated: 16068
	16  -  MemoryUsage of job (MB)
	16068  -  ResidentSetSize of job (KB)
...
006 (1094747.126.000) 12/26 21:00:10 Image size of job updated: 16196
	16  -  MemoryUsage of job (MB)
	16196  -  ResidentSetSize of job (KB)
...
006 (1094747.126.000) 12/26 21:05:11 Image size of job updated: 16376
	16  -  MemoryUsage of job (MB)
	16376  -  ResidentSetSize of job (KB)
...
006 (1094747.126.000) 12/26 21:07:49 Image size of job updated: 17500
	16  -  MemoryUsage of job (MB)
	16376  -  ResidentSetSize of job (KB)
...
040 (1094747.126.000) 12/26 21:07:50 Started transferring output files
...
040 (1094747.126.000) 12/26 21:07:50 Finished transferring output files
...
005 (1094747.126.000) 12/26 21:07:50 Job terminated.
	(1) Normal termination (return value 0)
		Usr 0 00:00:48, Sys 0 00:00:30  -  Run Remote Usage
		Usr 0 00:00:00, Sys 0 00:00:00  -  Run Local Usage
		Usr 0 00:00:48, Sys 0 00:00:30  -  Total Remote Usage
		Usr 0 00:00:00, Sys 0 00:00:00  -  Total Local Usage
	166309  -  Run Bytes Sent By Job
	460043  -  Run Bytes Received By Job
	166309  -  Total Bytes Sent By Job
	460043  -  Total Bytes Received By Job
	Partitionable Resources :    Usage  Request Allocated 
	   Cpus                 :     0.03        1         1 
	   Disk (KB)            :   634         450    578646 
	   Memory (MB)          :    16        2000      2000 
...
