000 (1094747.127.000) 12/26 20:16:18 Job submitted from host: <188.185.71.83:9618?addrs=188.185.71.83-9618+[2001-1458-d00-7--100-34d]-9618&alias=bigbird18.cern.ch&noUDP&sock=schedd_3557371_31ee_11>
...
040 (1094747.127.000) 12/26 20:24:42 Started transferring input files
	Transferring to host: <188.185.105.172:9618?addrs=188.185.105.172-9618+[2001-1458-d00-3e--100-28e]-9618&noUDP&sock=18241_2f3f_36514>
...
040 (1094747.127.000) 12/26 20:24:42 Finished transferring input files
...
001 (1094747.127.000) 12/26 20:24:43 Job executing on host: <188.185.105.172:9618?addrs=188.185.105.172-9618+[2001-1458-d00-3e--100-28e]-9618&noUDP&sock=18104_6aa9_3>
...
006 (1094747.127.000) 12/26 20:24:51 Image size of job updated: 15756
	16  -  MemoryUsage of job (MB)
	15580  -  ResidentSetSize of job (KB)
...
006 (1094747.127.000) 12/26 20:29:51 Image size of job updated: 15756
	16  -  MemoryUsage of job (MB)
	15700  -  ResidentSetSize of job (KB)
...
006 (1094747.127.000) 12/26 20:34:52 Image size of job updated: 15792
	16  -  MemoryUsage of job (MB)
	15792  -  ResidentSetSize of job (KB)
...
006 (1094747.127.000) 12/26 20:44:53 Image size of job updated: 15948
	16  -  MemoryUsage of job (MB)
	15948  -  ResidentSetSize of job (KB)
...
006 (1094747.127.000) 12/26 20:49:54 Image size of job updated: 16012
	16  -  MemoryUsage of job (MB)
	16012  -  ResidentSetSize of job (KB)
...
006 (1094747.127.000) 12/26 20:54:55 Image size of job updated: 16104
	16  -  MemoryUsage of job (MB)
	16104  -  ResidentSetSize of job (KB)
...
006 (1094747.127.000) 12/26 20:59:55 Image size of job updated: 16264
	16  -  MemoryUsage of job (MB)
	16264  -  ResidentSetSize of job (KB)
...
006 (1094747.127.000) 12/26 21:04:56 Image size of job updated: 16416
	17  -  MemoryUsage of job (MB)
	16416  -  ResidentSetSize of job (KB)
...
040 (1094747.127.000) 12/26 21:05:59 Started transferring output files
...
040 (1094747.127.000) 12/26 21:05:59 Finished transferring output files
...
005 (1094747.127.000) 12/26 21:05:59 Job terminated.
	(1) Normal termination (return value 0)
		Usr 0 00:00:45, Sys 0 00:00:27  -  Run Remote Usage
		Usr 0 00:00:00, Sys 0 00:00:00  -  Run Local Usage
		Usr 0 00:00:45, Sys 0 00:00:27  -  Total Remote Usage
		Usr 0 00:00:00, Sys 0 00:00:00  -  Total Local Usage
	166312  -  Run Bytes Sent By Job
	460044  -  Run Bytes Received By Job
	166312  -  Total Bytes Sent By Job
	460044  -  Total Bytes Received By Job
	Partitionable Resources :    Usage  Request Allocated 
	   Cpus                 :     0.06        1         1 
	   Disk (KB)            :   633         450    568479 
	   Memory (MB)          :    17        2000      2000 
...
