000 (1094747.207.000) 12/26 20:16:18 Job submitted from host: <188.185.71.83:9618?addrs=188.185.71.83-9618+[2001-1458-d00-7--100-34d]-9618&alias=bigbird18.cern.ch&noUDP&sock=schedd_3557371_31ee_11>
...
040 (1094747.207.000) 12/26 20:25:14 Started transferring input files
	Transferring to host: <128.142.120.192:9618?addrs=128.142.120.192-9618+[2001-1458-301-b5--100-22a]-9618&noUDP&sock=3020_9cf4_67578>
...
040 (1094747.207.000) 12/26 20:25:14 Finished transferring input files
...
001 (1094747.207.000) 12/26 20:25:15 Job executing on host: <128.142.120.192:9618?addrs=128.142.120.192-9618+[2001-1458-301-b5--100-22a]-9618&noUDP&sock=1992_ecbe_3>
...
006 (1094747.207.000) 12/26 20:25:24 Image size of job updated: 15756
	16  -  MemoryUsage of job (MB)
	15580  -  ResidentSetSize of job (KB)
...
006 (1094747.207.000) 12/26 20:30:25 Image size of job updated: 15816
	16  -  MemoryUsage of job (MB)
	15640  -  ResidentSetSize of job (KB)
...
006 (1094747.207.000) 12/26 20:35:26 Image size of job updated: 15896
	16  -  MemoryUsage of job (MB)
	15720  -  ResidentSetSize of job (KB)
...
006 (1094747.207.000) 12/26 20:40:26 Image size of job updated: 15960
	16  -  MemoryUsage of job (MB)
	15784  -  ResidentSetSize of job (KB)
...
006 (1094747.207.000) 12/26 20:45:27 Image size of job updated: 16032
	16  -  MemoryUsage of job (MB)
	15856  -  ResidentSetSize of job (KB)
...
006 (1094747.207.000) 12/26 20:50:28 Image size of job updated: 16128
	16  -  MemoryUsage of job (MB)
	15952  -  ResidentSetSize of job (KB)
...
006 (1094747.207.000) 12/26 20:55:28 Image size of job updated: 16220
	16  -  MemoryUsage of job (MB)
	16044  -  ResidentSetSize of job (KB)
...
006 (1094747.207.000) 12/26 21:00:29 Image size of job updated: 16368
	16  -  MemoryUsage of job (MB)
	16192  -  ResidentSetSize of job (KB)
...
006 (1094747.207.000) 12/26 21:05:30 Image size of job updated: 16532
	16  -  MemoryUsage of job (MB)
	16356  -  ResidentSetSize of job (KB)
...
040 (1094747.207.000) 12/26 21:07:45 Started transferring output files
...
040 (1094747.207.000) 12/26 21:07:45 Finished transferring output files
...
005 (1094747.207.000) 12/26 21:07:45 Job terminated.
	(1) Normal termination (return value 0)
		Usr 0 00:01:26, Sys 0 00:00:51  -  Run Remote Usage
		Usr 0 00:00:00, Sys 0 00:00:00  -  Run Local Usage
		Usr 0 00:01:26, Sys 0 00:00:51  -  Total Remote Usage
		Usr 0 00:00:00, Sys 0 00:00:00  -  Total Local Usage
	166362  -  Run Bytes Sent By Job
	460069  -  Run Bytes Received By Job
	166362  -  Total Bytes Sent By Job
	460069  -  Total Bytes Received By Job
	Partitionable Resources :    Usage  Request Allocated 
	   Cpus                 :     0.12        1         1 
	   Disk (KB)            :   633         450    214899 
	   Memory (MB)          :    16        2000      2000 
...
