000 (1094747.138.000) 12/26 20:16:18 Job submitted from host: <188.185.71.83:9618?addrs=188.185.71.83-9618+[2001-1458-d00-7--100-34d]-9618&alias=bigbird18.cern.ch&noUDP&sock=schedd_3557371_31ee_11>
...
040 (1094747.138.000) 12/26 20:25:01 Started transferring input files
	Transferring to host: <128.142.85.201:9618?addrs=128.142.85.201-9618+[2001-1458-301-f6--100-277]-9618&noUDP&sock=16718_17e1_6306>
...
040 (1094747.138.000) 12/26 20:25:01 Finished transferring input files
...
001 (1094747.138.000) 12/26 20:25:02 Job executing on host: <128.142.85.201:9618?addrs=128.142.85.201-9618+[2001-1458-301-f6--100-277]-9618&noUDP&sock=16560_5c6f_3>
...
006 (1094747.138.000) 12/26 20:25:12 Image size of job updated: 1380
	2  -  MemoryUsage of job (MB)
	1380  -  ResidentSetSize of job (KB)
...
006 (1094747.138.000) 12/26 20:30:11 Image size of job updated: 15788
	16  -  MemoryUsage of job (MB)
	15604  -  ResidentSetSize of job (KB)
...
006 (1094747.138.000) 12/26 20:35:11 Image size of job updated: 15812
	16  -  MemoryUsage of job (MB)
	15628  -  ResidentSetSize of job (KB)
...
006 (1094747.138.000) 12/26 20:40:12 Image size of job updated: 15852
	16  -  MemoryUsage of job (MB)
	15668  -  ResidentSetSize of job (KB)
...
006 (1094747.138.000) 12/26 20:45:12 Image size of job updated: 15900
	16  -  MemoryUsage of job (MB)
	15716  -  ResidentSetSize of job (KB)
...
006 (1094747.138.000) 12/26 20:50:14 Image size of job updated: 15936
	16  -  MemoryUsage of job (MB)
	15752  -  ResidentSetSize of job (KB)
...
006 (1094747.138.000) 12/26 20:55:14 Image size of job updated: 15956
	16  -  MemoryUsage of job (MB)
	15772  -  ResidentSetSize of job (KB)
...
006 (1094747.138.000) 12/26 21:00:14 Image size of job updated: 15992
	16  -  MemoryUsage of job (MB)
	15808  -  ResidentSetSize of job (KB)
...
006 (1094747.138.000) 12/26 21:05:15 Image size of job updated: 16020
	16  -  MemoryUsage of job (MB)
	15836  -  ResidentSetSize of job (KB)
...
006 (1094747.138.000) 12/26 21:10:15 Image size of job updated: 16072
	16  -  MemoryUsage of job (MB)
	15888  -  ResidentSetSize of job (KB)
...
006 (1094747.138.000) 12/26 21:15:16 Image size of job updated: 16076
	16  -  MemoryUsage of job (MB)
	15936  -  ResidentSetSize of job (KB)
...
006 (1094747.138.000) 12/26 21:20:16 Image size of job updated: 16164
	16  -  MemoryUsage of job (MB)
	16024  -  ResidentSetSize of job (KB)
...
040 (1094747.138.000) 12/26 21:25:18 Started transferring output files
...
040 (1094747.138.000) 12/26 21:25:18 Finished transferring output files
...
009 (1094747.138.000) 12/26 21:25:18 Job was aborted by the user.
	Job removed by SYSTEM_PERIODIC_REMOVE due to wall time exceeded allowed max.
...
