000 (1094747.107.000) 12/26 20:16:18 Job submitted from host: <188.185.71.83:9618?addrs=188.185.71.83-9618+[2001-1458-d00-7--100-34d]-9618&alias=bigbird18.cern.ch&noUDP&sock=schedd_3557371_31ee_11>
...
040 (1094747.107.000) 12/26 20:24:37 Started transferring input files
	Transferring to host: <188.184.182.59:9618?addrs=188.184.182.59-9618+[2001-1458-301-2b--100-38c]-9618&noUDP&sock=3803_4eb4_116846>
...
040 (1094747.107.000) 12/26 20:24:37 Finished transferring input files
...
001 (1094747.107.000) 12/26 20:24:38 Job executing on host: <188.184.182.59:9618?addrs=188.184.182.59-9618+[2001-1458-301-2b--100-38c]-9618&noUDP&sock=6668_4598_3>
...
006 (1094747.107.000) 12/26 20:24:47 Image size of job updated: 15748
	16  -  MemoryUsage of job (MB)
	15572  -  ResidentSetSize of job (KB)
...
006 (1094747.107.000) 12/26 20:29:48 Image size of job updated: 15748
	16  -  MemoryUsage of job (MB)
	15680  -  ResidentSetSize of job (KB)
...
006 (1094747.107.000) 12/26 20:34:48 Image size of job updated: 15748
	16  -  MemoryUsage of job (MB)
	15748  -  ResidentSetSize of job (KB)
...
006 (1094747.107.000) 12/26 20:39:49 Image size of job updated: 15832
	16  -  MemoryUsage of job (MB)
	15832  -  ResidentSetSize of job (KB)
...
006 (1094747.107.000) 12/26 20:44:50 Image size of job updated: 15900
	16  -  MemoryUsage of job (MB)
	15900  -  ResidentSetSize of job (KB)
...
006 (1094747.107.000) 12/26 20:54:51 Image size of job updated: 16088
	16  -  MemoryUsage of job (MB)
	16088  -  ResidentSetSize of job (KB)
...
006 (1094747.107.000) 12/26 20:59:52 Image size of job updated: 16228
	16  -  MemoryUsage of job (MB)
	16228  -  ResidentSetSize of job (KB)
...
006 (1094747.107.000) 12/26 21:04:52 Image size of job updated: 16396
	17  -  MemoryUsage of job (MB)
	16396  -  ResidentSetSize of job (KB)
...
040 (1094747.107.000) 12/26 21:07:18 Started transferring output files
...
040 (1094747.107.000) 12/26 21:07:18 Finished transferring output files
...
005 (1094747.107.000) 12/26 21:07:18 Job terminated.
	(1) Normal termination (return value 0)
		Usr 0 00:01:25, Sys 0 00:00:46  -  Run Remote Usage
		Usr 0 00:00:00, Sys 0 00:00:00  -  Run Local Usage
		Usr 0 00:01:25, Sys 0 00:00:46  -  Total Remote Usage
		Usr 0 00:00:00, Sys 0 00:00:00  -  Total Local Usage
	166313  -  Run Bytes Sent By Job
	460045  -  Run Bytes Received By Job
	166313  -  Total Bytes Sent By Job
	460045  -  Total Bytes Received By Job
	Partitionable Resources :    Usage  Request Allocated 
	   Cpus                 :     0.24        1         1 
	   Disk (KB)            :   634         450    362254 
	   Memory (MB)          :    17        2000      2000 
...
