000 (1094747.153.000) 12/26 20:16:18 Job submitted from host: <188.185.71.83:9618?addrs=188.185.71.83-9618+[2001-1458-d00-7--100-34d]-9618&alias=bigbird18.cern.ch&noUDP&sock=schedd_3557371_31ee_11>
...
040 (1094747.153.000) 12/26 20:25:08 Started transferring input files
	Transferring to host: <128.142.67.128:9618?addrs=128.142.67.128-9618&noUDP&sock=3234_653d_63596>
...
040 (1094747.153.000) 12/26 20:25:09 Finished transferring input files
...
001 (1094747.153.000) 12/26 20:25:10 Job executing on host: <128.142.67.128:9618?addrs=128.142.67.128-9618&noUDP&sock=2158_c977_3>
...
006 (1094747.153.000) 12/26 20:25:18 Image size of job updated: 19252
	19  -  MemoryUsage of job (MB)
	19252  -  ResidentSetSize of job (KB)
...
006 (1094747.153.000) 12/26 20:30:18 Image size of job updated: 19252
	19  -  MemoryUsage of job (MB)
	19332  -  ResidentSetSize of job (KB)
...
006 (1094747.153.000) 12/26 21:03:54 Image size of job updated: 159900
	19  -  MemoryUsage of job (MB)
	19332  -  ResidentSetSize of job (KB)
...
040 (1094747.153.000) 12/26 21:03:54 Started transferring output files
...
040 (1094747.153.000) 12/26 21:03:54 Finished transferring output files
...
005 (1094747.153.000) 12/26 21:03:55 Job terminated.
	(1) Normal termination (return value 0)
		Usr 0 00:01:12, Sys 0 00:00:40  -  Run Remote Usage
		Usr 0 00:00:00, Sys 0 00:00:00  -  Run Local Usage
		Usr 0 00:01:12, Sys 0 00:00:40  -  Total Remote Usage
		Usr 0 00:00:00, Sys 0 00:00:00  -  Total Local Usage
	166359  -  Run Bytes Sent By Job
	460068  -  Run Bytes Received By Job
	166359  -  Total Bytes Sent By Job
	460068  -  Total Bytes Received By Job
	Partitionable Resources :    Usage  Request Allocated 
	   Cpus                 :     0.04        1         1 
	   Disk (KB)            :   633         450    278733 
	   Memory (MB)          :    19        2000      2000 
...
