000 (1094747.069.000) 12/26 20:16:18 Job submitted from host: <188.185.71.83:9618?addrs=188.185.71.83-9618+[2001-1458-d00-7--100-34d]-9618&alias=bigbird18.cern.ch&noUDP&sock=schedd_3557371_31ee_11>
...
040 (1094747.069.000) 12/26 20:24:25 Started transferring input files
	Transferring to host: <188.185.105.134:9618?addrs=188.185.105.134-9618+[2001-1458-d00-3e--100-3a2]-9618&noUDP&sock=18574_d02c_36489>
...
040 (1094747.069.000) 12/26 20:24:25 Finished transferring input files
...
001 (1094747.069.000) 12/26 20:24:26 Job executing on host: <188.185.105.134:9618?addrs=188.185.105.134-9618+[2001-1458-d00-3e--100-3a2]-9618&noUDP&sock=18438_834b_3>
...
006 (1094747.069.000) 12/26 20:24:34 Image size of job updated: 15792
	16  -  MemoryUsage of job (MB)
	15616  -  ResidentSetSize of job (KB)
...
006 (1094747.069.000) 12/26 20:29:34 Image size of job updated: 15972
	16  -  MemoryUsage of job (MB)
	15796  -  ResidentSetSize of job (KB)
...
006 (1094747.069.000) 12/26 20:34:35 Image size of job updated: 16104
	16  -  MemoryUsage of job (MB)
	15928  -  ResidentSetSize of job (KB)
...
006 (1094747.069.000) 12/26 20:39:35 Image size of job updated: 16232
	16  -  MemoryUsage of job (MB)
	16056  -  ResidentSetSize of job (KB)
...
006 (1094747.069.000) 12/26 20:44:35 Image size of job updated: 16400
	16  -  MemoryUsage of job (MB)
	16224  -  ResidentSetSize of job (KB)
...
006 (1094747.069.000) 12/26 20:49:36 Image size of job updated: 16524
	16  -  MemoryUsage of job (MB)
	16348  -  ResidentSetSize of job (KB)
...
006 (1094747.069.000) 12/26 20:54:25 Image size of job updated: 495636
	16  -  MemoryUsage of job (MB)
	16348  -  ResidentSetSize of job (KB)
...
040 (1094747.069.000) 12/26 20:54:25 Started transferring output files
...
040 (1094747.069.000) 12/26 20:54:25 Finished transferring output files
...
005 (1094747.069.000) 12/26 20:54:25 Job terminated.
	(1) Normal termination (return value 0)
		Usr 0 00:01:02, Sys 0 00:00:30  -  Run Remote Usage
		Usr 0 00:00:00, Sys 0 00:00:00  -  Run Local Usage
		Usr 0 00:01:02, Sys 0 00:00:30  -  Total Remote Usage
		Usr 0 00:00:00, Sys 0 00:00:00  -  Total Local Usage
	177553  -  Run Bytes Sent By Job
	459969  -  Run Bytes Received By Job
	177553  -  Total Bytes Sent By Job
	459969  -  Total Bytes Received By Job
	Partitionable Resources :    Usage  Request Allocated 
	   Cpus                 :     0.03        1         1 
	   Disk (KB)            :   644         450    578077 
	   Memory (MB)          :    16        2000      2000 
...
