000 (1094747.142.000) 12/26 20:16:18 Job submitted from host: <188.185.71.83:9618?addrs=188.185.71.83-9618+[2001-1458-d00-7--100-34d]-9618&alias=bigbird18.cern.ch&noUDP&sock=schedd_3557371_31ee_11>
...
040 (1094747.142.000) 12/26 20:24:46 Started transferring input files
	Transferring to host: <128.142.80.236:9618?addrs=128.142.80.236-9618+[2001-1458-301-f5--100-220]-9618&noUDP&sock=15014_789c_6491>
...
040 (1094747.142.000) 12/26 20:24:46 Finished transferring input files
...
001 (1094747.142.000) 12/26 20:24:47 Job executing on host: <128.142.80.236:9618?addrs=128.142.80.236-9618+[2001-1458-301-f5--100-220]-9618&noUDP&sock=14856_8f0d_3>
...
006 (1094747.142.000) 12/26 20:24:56 Image size of job updated: 10672
	11  -  MemoryUsage of job (MB)
	10496  -  ResidentSetSize of job (KB)
...
006 (1094747.142.000) 12/26 20:29:56 Image size of job updated: 15688
	16  -  MemoryUsage of job (MB)
	15688  -  ResidentSetSize of job (KB)
...
006 (1094747.142.000) 12/26 20:34:56 Image size of job updated: 15772
	16  -  MemoryUsage of job (MB)
	15772  -  ResidentSetSize of job (KB)
...
006 (1094747.142.000) 12/26 20:39:57 Image size of job updated: 15860
	16  -  MemoryUsage of job (MB)
	15860  -  ResidentSetSize of job (KB)
...
006 (1094747.142.000) 12/26 20:44:58 Image size of job updated: 15944
	16  -  MemoryUsage of job (MB)
	15944  -  ResidentSetSize of job (KB)
...
006 (1094747.142.000) 12/26 20:49:58 Image size of job updated: 16008
	16  -  MemoryUsage of job (MB)
	16008  -  ResidentSetSize of job (KB)
...
006 (1094747.142.000) 12/26 20:54:58 Image size of job updated: 16100
	16  -  MemoryUsage of job (MB)
	16100  -  ResidentSetSize of job (KB)
...
006 (1094747.142.000) 12/26 20:59:59 Image size of job updated: 16240
	16  -  MemoryUsage of job (MB)
	16240  -  ResidentSetSize of job (KB)
...
006 (1094747.142.000) 12/26 21:04:59 Image size of job updated: 16412
	17  -  MemoryUsage of job (MB)
	16412  -  ResidentSetSize of job (KB)
...
006 (1094747.142.000) 12/26 21:06:39 Image size of job updated: 534140
	17  -  MemoryUsage of job (MB)
	16412  -  ResidentSetSize of job (KB)
...
040 (1094747.142.000) 12/26 21:06:39 Started transferring output files
...
040 (1094747.142.000) 12/26 21:06:39 Finished transferring output files
...
005 (1094747.142.000) 12/26 21:06:39 Job terminated.
	(1) Normal termination (return value 0)
		Usr 0 00:00:51, Sys 0 00:00:32  -  Run Remote Usage
		Usr 0 00:00:00, Sys 0 00:00:00  -  Run Local Usage
		Usr 0 00:00:51, Sys 0 00:00:32  -  Total Remote Usage
		Usr 0 00:00:00, Sys 0 00:00:00  -  Total Local Usage
	166354  -  Run Bytes Sent By Job
	460067  -  Run Bytes Received By Job
	166354  -  Total Bytes Sent By Job
	460067  -  Total Bytes Received By Job
	Partitionable Resources :    Usage  Request Allocated 
	   Cpus                 :     0.14        1         1 
	   Disk (KB)            :   634         450    434818 
	   Memory (MB)          :    17        2000      2000 
...
