000 (1094747.034.000) 12/26 20:16:18 Job submitted from host: <188.185.71.83:9618?addrs=188.185.71.83-9618+[2001-1458-d00-7--100-34d]-9618&alias=bigbird18.cern.ch&noUDP&sock=schedd_3557371_31ee_11>
...
040 (1094747.034.000) 12/26 20:23:54 Started transferring input files
	Transferring to host: <188.185.105.222:9618?addrs=188.185.105.222-9618+[2001-1458-d00-3e--100-2ef]-9618&noUDP&sock=17392_fcbc_36684>
...
040 (1094747.034.000) 12/26 20:23:54 Finished transferring input files
...
001 (1094747.034.000) 12/26 20:23:55 Job executing on host: <188.185.105.222:9618?addrs=188.185.105.222-9618+[2001-1458-d00-3e--100-2ef]-9618&noUDP&sock=17257_71f2_3>
...
006 (1094747.034.000) 12/26 20:24:03 Image size of job updated: 15816
	16  -  MemoryUsage of job (MB)
	15640  -  ResidentSetSize of job (KB)
...
006 (1094747.034.000) 12/26 20:29:03 Image size of job updated: 16196
	16  -  MemoryUsage of job (MB)
	16020  -  ResidentSetSize of job (KB)
...
006 (1094747.034.000) 12/26 20:34:04 Image size of job updated: 16328
	16  -  MemoryUsage of job (MB)
	16152  -  ResidentSetSize of job (KB)
...
006 (1094747.034.000) 12/26 20:39:05 Image size of job updated: 16468
	16  -  MemoryUsage of job (MB)
	16292  -  ResidentSetSize of job (KB)
...
006 (1094747.034.000) 12/26 20:44:05 Image size of job updated: 16604
	17  -  MemoryUsage of job (MB)
	16428  -  ResidentSetSize of job (KB)
...
006 (1094747.034.000) 12/26 20:45:52 Image size of job updated: 183908
	17  -  MemoryUsage of job (MB)
	16428  -  ResidentSetSize of job (KB)
...
040 (1094747.034.000) 12/26 20:45:52 Started transferring output files
...
040 (1094747.034.000) 12/26 20:45:52 Finished transferring output files
...
005 (1094747.034.000) 12/26 20:45:52 Job terminated.
	(1) Normal termination (return value 0)
		Usr 0 00:01:09, Sys 0 00:00:28  -  Run Remote Usage
		Usr 0 00:00:00, Sys 0 00:00:00  -  Run Local Usage
		Usr 0 00:01:09, Sys 0 00:00:28  -  Total Remote Usage
		Usr 0 00:00:00, Sys 0 00:00:00  -  Total Local Usage
	177590  -  Run Bytes Sent By Job
	459985  -  Run Bytes Received By Job
	177590  -  Total Bytes Sent By Job
	459985  -  Total Bytes Received By Job
	Partitionable Resources :    Usage  Request Allocated 
	   Cpus                 :     0.07        1         1 
	   Disk (KB)            :   645         450    560078 
	   Memory (MB)          :    17        2000      2000 
...
