000 (1094747.140.000) 12/26 20:16:18 Job submitted from host: <188.185.71.83:9618?addrs=188.185.71.83-9618+[2001-1458-d00-7--100-34d]-9618&alias=bigbird18.cern.ch&noUDP&sock=schedd_3557371_31ee_11>
...
040 (1094747.140.000) 12/26 20:24:46 Started transferring input files
	Transferring to host: <128.142.72.231:9618?addrs=128.142.72.231-9618+[2001-1458-301-75--100-518]-9618&noUDP&sock=16354_9f52_5502>
...
040 (1094747.140.000) 12/26 20:24:46 Finished transferring input files
...
001 (1094747.140.000) 12/26 20:24:47 Job executing on host: <128.142.72.231:9618?addrs=128.142.72.231-9618+[2001-1458-301-75--100-518]-9618&noUDP&sock=16198_0f26_3>
...
006 (1094747.140.000) 12/26 20:24:56 Image size of job updated: 15756
	16  -  MemoryUsage of job (MB)
	15580  -  ResidentSetSize of job (KB)
...
006 (1094747.140.000) 12/26 20:29:57 Image size of job updated: 15756
	16  -  MemoryUsage of job (MB)
	15676  -  ResidentSetSize of job (KB)
...
006 (1094747.140.000) 12/26 20:34:58 Image size of job updated: 15780
	16  -  MemoryUsage of job (MB)
	15780  -  ResidentSetSize of job (KB)
...
006 (1094747.140.000) 12/26 20:39:58 Image size of job updated: 15856
	16  -  MemoryUsage of job (MB)
	15856  -  ResidentSetSize of job (KB)
...
006 (1094747.140.000) 12/26 20:44:58 Image size of job updated: 15932
	16  -  MemoryUsage of job (MB)
	15932  -  ResidentSetSize of job (KB)
...
006 (1094747.140.000) 12/26 20:49:59 Image size of job updated: 16020
	16  -  MemoryUsage of job (MB)
	16020  -  ResidentSetSize of job (KB)
...
006 (1094747.140.000) 12/26 20:55:00 Image size of job updated: 16112
	16  -  MemoryUsage of job (MB)
	16112  -  ResidentSetSize of job (KB)
...
006 (1094747.140.000) 12/26 21:00:00 Image size of job updated: 16240
	16  -  MemoryUsage of job (MB)
	16240  -  ResidentSetSize of job (KB)
...
006 (1094747.140.000) 12/26 21:05:01 Image size of job updated: 16400
	17  -  MemoryUsage of job (MB)
	16400  -  ResidentSetSize of job (KB)
...
040 (1094747.140.000) 12/26 21:06:55 Started transferring output files
...
040 (1094747.140.000) 12/26 21:06:55 Finished transferring output files
...
005 (1094747.140.000) 12/26 21:06:55 Job terminated.
	(1) Normal termination (return value 0)
		Usr 0 00:00:54, Sys 0 00:00:33  -  Run Remote Usage
		Usr 0 00:00:00, Sys 0 00:00:00  -  Run Local Usage
		Usr 0 00:00:54, Sys 0 00:00:33  -  Total Remote Usage
		Usr 0 00:00:00, Sys 0 00:00:00  -  Total Local Usage
	166309  -  Run Bytes Sent By Job
	460043  -  Run Bytes Received By Job
	166309  -  Total Bytes Sent By Job
	460043  -  Total Bytes Received By Job
	Partitionable Resources :    Usage  Request Allocated 
	   Cpus                 :     0.06        1         1 
	   Disk (KB)            :   633         450    421142 
	   Memory (MB)          :    17        2000      2000 
...
