000 (1094747.147.000) 12/26 20:16:18 Job submitted from host: <188.185.71.83:9618?addrs=188.185.71.83-9618+[2001-1458-d00-7--100-34d]-9618&alias=bigbird18.cern.ch&noUDP&sock=schedd_3557371_31ee_11>
...
040 (1094747.147.000) 12/26 20:25:05 Started transferring input files
	Transferring to host: <188.184.142.204:9618?addrs=188.184.142.204-9618+[2001-1458-301-46--100-d6]-9618&noUDP&sock=4765_1f9b_126085>
...
040 (1094747.147.000) 12/26 20:25:05 Finished transferring input files
...
001 (1094747.147.000) 12/26 20:25:06 Job executing on host: <188.184.142.204:9618?addrs=188.184.142.204-9618+[2001-1458-301-46--100-d6]-9618&noUDP&sock=2394_a9d1_3>
...
006 (1094747.147.000) 12/26 20:25:14 Image size of job updated: 15760
	16  -  MemoryUsage of job (MB)
	15584  -  ResidentSetSize of job (KB)
...
006 (1094747.147.000) 12/26 20:30:14 Image size of job updated: 15760
	16  -  MemoryUsage of job (MB)
	15688  -  ResidentSetSize of job (KB)
...
006 (1094747.147.000) 12/26 20:35:15 Image size of job updated: 15780
	16  -  MemoryUsage of job (MB)
	15780  -  ResidentSetSize of job (KB)
...
006 (1094747.147.000) 12/26 20:40:15 Image size of job updated: 15856
	16  -  MemoryUsage of job (MB)
	15856  -  ResidentSetSize of job (KB)
...
006 (1094747.147.000) 12/26 20:45:15 Image size of job updated: 15932
	16  -  MemoryUsage of job (MB)
	15932  -  ResidentSetSize of job (KB)
...
006 (1094747.147.000) 12/26 20:50:16 Image size of job updated: 16020
	16  -  MemoryUsage of job (MB)
	16020  -  ResidentSetSize of job (KB)
...
006 (1094747.147.000) 12/26 20:55:16 Image size of job updated: 16112
	16  -  MemoryUsage of job (MB)
	16112  -  ResidentSetSize of job (KB)
...
006 (1094747.147.000) 12/26 21:00:16 Image size of job updated: 16300
	16  -  MemoryUsage of job (MB)
	16300  -  ResidentSetSize of job (KB)
...
006 (1094747.147.000) 12/26 21:04:31 Image size of job updated: 63036
	16  -  MemoryUsage of job (MB)
	16300  -  ResidentSetSize of job (KB)
...
040 (1094747.147.000) 12/26 21:04:31 Started transferring output files
...
040 (1094747.147.000) 12/26 21:04:31 Finished transferring output files
...
005 (1094747.147.000) 12/26 21:04:32 Job terminated.
	(1) Normal termination (return value 0)
		Usr 0 00:01:01, Sys 0 00:00:34  -  Run Remote Usage
		Usr 0 00:00:00, Sys 0 00:00:00  -  Run Local Usage
		Usr 0 00:01:01, Sys 0 00:00:34  -  Total Remote Usage
		Usr 0 00:00:00, Sys 0 00:00:00  -  Total Local Usage
	166355  -  Run Bytes Sent By Job
	460068  -  Run Bytes Received By Job
	166355  -  Total Bytes Sent By Job
	460068  -  Total Bytes Received By Job
	Partitionable Resources :    Usage  Request Allocated 
	   Cpus                 :     0.08        1         1 
	   Disk (KB)            :   634         450    196477 
	   Memory (MB)          :    16        2000      2000 
...
