000 (1094747.093.000) 12/26 20:16:18 Job submitted from host: <188.185.71.83:9618?addrs=188.185.71.83-9618+[2001-1458-d00-7--100-34d]-9618&alias=bigbird18.cern.ch&noUDP&sock=schedd_3557371_31ee_11>
...
040 (1094747.093.000) 12/26 20:24:55 Started transferring input files
	Transferring to host: <188.184.68.130:9618?addrs=188.184.68.130-9618&noUDP&sock=15884_76ff_48378>
...
040 (1094747.093.000) 12/26 20:24:55 Finished transferring input files
...
001 (1094747.093.000) 12/26 20:24:56 Job executing on host: <188.184.68.130:9618?addrs=188.184.68.130-9618&noUDP&sock=15714_1350_3>
...
006 (1094747.093.000) 12/26 20:25:05 Image size of job updated: 15724
	16  -  MemoryUsage of job (MB)
	15548  -  ResidentSetSize of job (KB)
...
006 (1094747.093.000) 12/26 20:30:06 Image size of job updated: 15764
	16  -  MemoryUsage of job (MB)
	15588  -  ResidentSetSize of job (KB)
...
006 (1094747.093.000) 12/26 20:35:06 Image size of job updated: 15788
	16  -  MemoryUsage of job (MB)
	15612  -  ResidentSetSize of job (KB)
...
006 (1094747.093.000) 12/26 20:40:06 Image size of job updated: 15832
	16  -  MemoryUsage of job (MB)
	15656  -  ResidentSetSize of job (KB)
...
006 (1094747.093.000) 12/26 20:45:07 Image size of job updated: 15836
	16  -  MemoryUsage of job (MB)
	15660  -  ResidentSetSize of job (KB)
...
006 (1094747.093.000) 12/26 20:50:07 Image size of job updated: 15848
	16  -  MemoryUsage of job (MB)
	15672  -  ResidentSetSize of job (KB)
...
006 (1094747.093.000) 12/26 20:55:08 Image size of job updated: 15864
	16  -  MemoryUsage of job (MB)
	15688  -  ResidentSetSize of job (KB)
...
006 (1094747.093.000) 12/26 21:00:09 Image size of job updated: 15888
	16  -  MemoryUsage of job (MB)
	15712  -  ResidentSetSize of job (KB)
...
006 (1094747.093.000) 12/26 21:05:09 Image size of job updated: 15912
	16  -  MemoryUsage of job (MB)
	15736  -  ResidentSetSize of job (KB)
...
006 (1094747.093.000) 12/26 21:10:10 Image size of job updated: 16080
	16  -  MemoryUsage of job (MB)
	15904  -  ResidentSetSize of job (KB)
...
006 (1094747.093.000) 12/26 21:15:11 Image size of job updated: 16428
	16  -  MemoryUsage of job (MB)
	16296  -  ResidentSetSize of job (KB)
...
006 (1094747.093.000) 12/26 21:17:30 Image size of job updated: 131060
	16  -  MemoryUsage of job (MB)
	16296  -  ResidentSetSize of job (KB)
...
040 (1094747.093.000) 12/26 21:17:30 Started transferring output files
...
040 (1094747.093.000) 12/26 21:17:30 Finished transferring output files
...
005 (1094747.093.000) 12/26 21:17:31 Job terminated.
	(1) Normal termination (return value 0)
		Usr 0 00:01:31, Sys 0 00:01:05  -  Run Remote Usage
		Usr 0 00:00:00, Sys 0 00:00:00  -  Run Local Usage
		Usr 0 00:01:31, Sys 0 00:01:05  -  Total Remote Usage
		Usr 0 00:00:00, Sys 0 00:00:00  -  Total Local Usage
	166305  -  Run Bytes Sent By Job
	460043  -  Run Bytes Received By Job
	166305  -  Total Bytes Sent By Job
	460043  -  Total Bytes Received By Job
	Partitionable Resources :    Usage  Request Allocated 
	   Cpus                 :     0.14        1         1 
	   Disk (KB)            :   633         450    263924 
	   Memory (MB)          :    16        2000      2000 
...
