000 (1094747.108.000) 12/26 20:16:18 Job submitted from host: <188.185.71.83:9618?addrs=188.185.71.83-9618+[2001-1458-d00-7--100-34d]-9618&alias=bigbird18.cern.ch&noUDP&sock=schedd_3557371_31ee_11>
...
040 (1094747.108.000) 12/26 20:24:53 Started transferring input files
	Transferring to host: <128.142.240.183:9618?addrs=128.142.240.183-9618+[2001-1458-301-9--100-421]-9618&noUDP&sock=12499_6d15_119336>
...
040 (1094747.108.000) 12/26 20:24:53 Finished transferring input files
...
001 (1094747.108.000) 12/26 20:24:54 Job executing on host: <128.142.240.183:9618?addrs=128.142.240.183-9618+[2001-1458-301-9--100-421]-9618&noUDP&sock=6435_7407_3>
...
006 (1094747.108.000) 12/26 20:25:02 Image size of job updated: 15736
	16  -  MemoryUsage of job (MB)
	15560  -  ResidentSetSize of job (KB)
...
006 (1094747.108.000) 12/26 20:30:02 Image size of job updated: 15736
	16  -  MemoryUsage of job (MB)
	15664  -  ResidentSetSize of job (KB)
...
006 (1094747.108.000) 12/26 20:35:03 Image size of job updated: 15752
	16  -  MemoryUsage of job (MB)
	15752  -  ResidentSetSize of job (KB)
...
006 (1094747.108.000) 12/26 20:40:03 Image size of job updated: 15836
	16  -  MemoryUsage of job (MB)
	15836  -  ResidentSetSize of job (KB)
...
006 (1094747.108.000) 12/26 20:45:03 Image size of job updated: 15920
	16  -  MemoryUsage of job (MB)
	15920  -  ResidentSetSize of job (KB)
...
006 (1094747.108.000) 12/26 20:50:04 Image size of job updated: 16020
	16  -  MemoryUsage of job (MB)
	16020  -  ResidentSetSize of job (KB)
...
006 (1094747.108.000) 12/26 20:55:04 Image size of job updated: 16096
	16  -  MemoryUsage of job (MB)
	16096  -  ResidentSetSize of job (KB)
...
006 (1094747.108.000) 12/26 21:00:04 Image size of job updated: 16236
	16  -  MemoryUsage of job (MB)
	16236  -  ResidentSetSize of job (KB)
...
006 (1094747.108.000) 12/26 21:05:05 Image size of job updated: 16384
	16  -  MemoryUsage of job (MB)
	16384  -  ResidentSetSize of job (KB)
...
006 (1094747.108.000) 12/26 21:07:48 Image size of job updated: 20340
	16  -  MemoryUsage of job (MB)
	16384  -  ResidentSetSize of job (KB)
...
040 (1094747.108.000) 12/26 21:07:48 Started transferring output files
...
040 (1094747.108.000) 12/26 21:07:48 Finished transferring output files
...
005 (1094747.108.000) 12/26 21:07:48 Job terminated.
	(1) Normal termination (return value 0)
		Usr 0 00:01:21, Sys 0 00:00:44  -  Run Remote Usage
		Usr 0 00:00:00, Sys 0 00:00:00  -  Run Local Usage
		Usr 0 00:01:21, Sys 0 00:00:44  -  Total Remote Usage
		Usr 0 00:00:00, Sys 0 00:00:00  -  Total Local Usage
	166309  -  Run Bytes Sent By Job
	460045  -  Run Bytes Received By Job
	166309  -  Total Bytes Sent By Job
	460045  -  Total Bytes Received By Job
	Partitionable Resources :    Usage  Request Allocated 
	   Cpus                 :     0.12        1         1 
	   Disk (KB)            :   634         450    345774 
	   Memory (MB)          :    16        2000      2000 
...
