000 (1094747.180.000) 12/26 20:16:18 Job submitted from host: <188.185.71.83:9618?addrs=188.185.71.83-9618+[2001-1458-d00-7--100-34d]-9618&alias=bigbird18.cern.ch&noUDP&sock=schedd_3557371_31ee_11>
...
040 (1094747.180.000) 12/26 20:25:00 Started transferring input files
	Transferring to host: <128.142.71.144:9618?addrs=128.142.71.144-9618&noUDP&sock=2536_9760_67497>
...
040 (1094747.180.000) 12/26 20:25:00 Finished transferring input files
...
001 (1094747.180.000) 12/26 20:25:02 Job executing on host: <128.142.71.144:9618?addrs=128.142.71.144-9618&noUDP&sock=1921_3985_3>
...
006 (1094747.180.000) 12/26 20:25:10 Image size of job updated: 15752
	16  -  MemoryUsage of job (MB)
	15576  -  ResidentSetSize of job (KB)
...
006 (1094747.180.000) 12/26 20:30:10 Image size of job updated: 15828
	16  -  MemoryUsage of job (MB)
	15652  -  ResidentSetSize of job (KB)
...
006 (1094747.180.000) 12/26 20:35:11 Image size of job updated: 15916
	16  -  MemoryUsage of job (MB)
	15740  -  ResidentSetSize of job (KB)
...
006 (1094747.180.000) 12/26 20:40:12 Image size of job updated: 15996
	16  -  MemoryUsage of job (MB)
	15820  -  ResidentSetSize of job (KB)
...
006 (1094747.180.000) 12/26 20:45:12 Image size of job updated: 16060
	16  -  MemoryUsage of job (MB)
	15884  -  ResidentSetSize of job (KB)
...
006 (1094747.180.000) 12/26 20:50:13 Image size of job updated: 16140
	16  -  MemoryUsage of job (MB)
	15964  -  ResidentSetSize of job (KB)
...
006 (1094747.180.000) 12/26 20:55:14 Image size of job updated: 16216
	16  -  MemoryUsage of job (MB)
	16040  -  ResidentSetSize of job (KB)
...
006 (1094747.180.000) 12/26 21:00:14 Image size of job updated: 16352
	16  -  MemoryUsage of job (MB)
	16176  -  ResidentSetSize of job (KB)
...
006 (1094747.180.000) 12/26 21:05:15 Image size of job updated: 16508
	16  -  MemoryUsage of job (MB)
	16332  -  ResidentSetSize of job (KB)
...
040 (1094747.180.000) 12/26 21:08:01 Started transferring output files
...
040 (1094747.180.000) 12/26 21:08:01 Finished transferring output files
...
005 (1094747.180.000) 12/26 21:08:01 Job terminated.
	(1) Normal termination (return value 0)
		Usr 0 00:01:16, Sys 0 00:00:46  -  Run Remote Usage
		Usr 0 00:00:00, Sys 0 00:00:00  -  Run Local Usage
		Usr 0 00:01:16, Sys 0 00:00:46  -  Total Remote Usage
		Usr 0 00:00:00, Sys 0 00:00:00  -  Total Local Usage
	166362  -  Run Bytes Sent By Job
	460069  -  Run Bytes Received By Job
	166362  -  Total Bytes Sent By Job
	460069  -  Total Bytes Received By Job
	Partitionable Resources :    Usage  Request Allocated 
	   Cpus                 :     0.00        1         1 
	   Disk (KB)            :   632         450    157385 
	   Memory (MB)          :    16        2000      2000 
...
