000 (1094747.072.000) 12/26 20:16:18 Job submitted from host: <188.185.71.83:9618?addrs=188.185.71.83-9618+[2001-1458-d00-7--100-34d]-9618&alias=bigbird18.cern.ch&noUDP&sock=schedd_3557371_31ee_11>
...
040 (1094747.072.000) 12/26 20:24:26 Started transferring input files
	Transferring to host: <188.185.105.239:9618?addrs=188.185.105.239-9618+[2001-1458-d00-3e--100-19c]-9618&noUDP&sock=17789_b5ac_36841>
...
040 (1094747.072.000) 12/26 20:24:26 Finished transferring input files
...
001 (1094747.072.000) 12/26 20:24:27 Job executing on host: <188.185.105.239:9618?addrs=188.185.105.239-9618+[2001-1458-d00-3e--100-19c]-9618&noUDP&sock=17651_b242_3>
...
006 (1094747.072.000) 12/26 20:24:35 Image size of job updated: 5408
	6  -  MemoryUsage of job (MB)
	5232  -  ResidentSetSize of job (KB)
...
006 (1094747.072.000) 12/26 20:29:35 Image size of job updated: 16016
	16  -  MemoryUsage of job (MB)
	15840  -  ResidentSetSize of job (KB)
...
006 (1094747.072.000) 12/26 20:34:36 Image size of job updated: 16172
	16  -  MemoryUsage of job (MB)
	15996  -  ResidentSetSize of job (KB)
...
006 (1094747.072.000) 12/26 20:39:36 Image size of job updated: 16268
	16  -  MemoryUsage of job (MB)
	16092  -  ResidentSetSize of job (KB)
...
006 (1094747.072.000) 12/26 20:44:36 Image size of job updated: 16416
	16  -  MemoryUsage of job (MB)
	16240  -  ResidentSetSize of job (KB)
...
006 (1094747.072.000) 12/26 20:49:37 Image size of job updated: 16560
	16  -  MemoryUsage of job (MB)
	16384  -  ResidentSetSize of job (KB)
...
006 (1094747.072.000) 12/26 20:52:45 Image size of job updated: 185232
	16  -  MemoryUsage of job (MB)
	16384  -  ResidentSetSize of job (KB)
...
040 (1094747.072.000) 12/26 20:52:45 Started transferring output files
...
040 (1094747.072.000) 12/26 20:52:45 Finished transferring output files
...
005 (1094747.072.000) 12/26 20:52:45 Job terminated.
	(1) Normal termination (return value 0)
		Usr 0 00:01:15, Sys 0 00:00:29  -  Run Remote Usage
		Usr 0 00:00:00, Sys 0 00:00:00  -  Run Local Usage
		Usr 0 00:01:15, Sys 0 00:00:29  -  Total Remote Usage
		Usr 0 00:00:00, Sys 0 00:00:00  -  Total Local Usage
	177560  -  Run Bytes Sent By Job
	459970  -  Run Bytes Received By Job
	177560  -  Total Bytes Sent By Job
	459970  -  Total Bytes Received By Job
	Partitionable Resources :    Usage  Request Allocated 
	   Cpus                 :     0.03        1         1 
	   Disk (KB)            :   644         450    578267 
	   Memory (MB)          :    16        2000      2000 
...
