000 (1094747.131.000) 12/26 20:16:18 Job submitted from host: <188.185.71.83:9618?addrs=188.185.71.83-9618+[2001-1458-d00-7--100-34d]-9618&alias=bigbird18.cern.ch&noUDP&sock=schedd_3557371_31ee_11>
...
040 (1094747.131.000) 12/26 20:24:43 Started transferring input files
	Transferring to host: <128.142.120.192:9618?addrs=128.142.120.192-9618+[2001-1458-301-b5--100-22a]-9618&noUDP&sock=3020_9cf4_67577>
...
040 (1094747.131.000) 12/26 20:24:43 Finished transferring input files
...
001 (1094747.131.000) 12/26 20:24:44 Job executing on host: <128.142.120.192:9618?addrs=128.142.120.192-9618+[2001-1458-301-b5--100-22a]-9618&noUDP&sock=1992_ecbe_3>
...
006 (1094747.131.000) 12/26 20:24:53 Image size of job updated: 15776
	16  -  MemoryUsage of job (MB)
	15588  -  ResidentSetSize of job (KB)
...
006 (1094747.131.000) 12/26 20:29:54 Image size of job updated: 15776
	16  -  MemoryUsage of job (MB)
	15676  -  ResidentSetSize of job (KB)
...
006 (1094747.131.000) 12/26 20:34:54 Image size of job updated: 15776
	16  -  MemoryUsage of job (MB)
	15744  -  ResidentSetSize of job (KB)
...
006 (1094747.131.000) 12/26 20:44:56 Image size of job updated: 15916
	16  -  MemoryUsage of job (MB)
	15904  -  ResidentSetSize of job (KB)
...
006 (1094747.131.000) 12/26 20:49:56 Image size of job updated: 16012
	16  -  MemoryUsage of job (MB)
	16000  -  ResidentSetSize of job (KB)
...
006 (1094747.131.000) 12/26 20:59:58 Image size of job updated: 16244
	16  -  MemoryUsage of job (MB)
	16232  -  ResidentSetSize of job (KB)
...
006 (1094747.131.000) 12/26 21:04:58 Image size of job updated: 16400
	17  -  MemoryUsage of job (MB)
	16388  -  ResidentSetSize of job (KB)
...
040 (1094747.131.000) 12/26 21:07:33 Started transferring output files
...
040 (1094747.131.000) 12/26 21:07:33 Finished transferring output files
...
005 (1094747.131.000) 12/26 21:07:33 Job terminated.
	(1) Normal termination (return value 0)
		Usr 0 00:01:25, Sys 0 00:00:52  -  Run Remote Usage
		Usr 0 00:00:00, Sys 0 00:00:00  -  Run Local Usage
		Usr 0 00:01:25, Sys 0 00:00:52  -  Total Remote Usage
		Usr 0 00:00:00, Sys 0 00:00:00  -  Total Local Usage
	166308  -  Run Bytes Sent By Job
	460042  -  Run Bytes Received By Job
	166308  -  Total Bytes Sent By Job
	460042  -  Total Bytes Received By Job
	Partitionable Resources :    Usage  Request Allocated 
	   Cpus                 :     0.11        1         1 
	   Disk (KB)            :   634         450    215096 
	   Memory (MB)          :    17        2000      2000 
...
