000 (1094747.117.000) 12/26 20:16:18 Job submitted from host: <188.185.71.83:9618?addrs=188.185.71.83-9618+[2001-1458-d00-7--100-34d]-9618&alias=bigbird18.cern.ch&noUDP&sock=schedd_3557371_31ee_11>
...
040 (1094747.117.000) 12/26 20:24:55 Started transferring input files
	Transferring to host: <128.142.149.155:9618?addrs=128.142.149.155-9618+[2001-1458-301-b--100-300]-9618&noUDP&sock=3950_e1da_115316>
...
040 (1094747.117.000) 12/26 20:24:55 Finished transferring input files
...
001 (1094747.117.000) 12/26 20:24:56 Job executing on host: <128.142.149.155:9618?addrs=128.142.149.155-9618+[2001-1458-301-b--100-300]-9618&noUDP&sock=14169_557d_3>
...
006 (1094747.117.000) 12/26 20:25:05 Image size of job updated: 15760
	16  -  MemoryUsage of job (MB)
	15584  -  ResidentSetSize of job (KB)
...
006 (1094747.117.000) 12/26 20:30:06 Image size of job updated: 15760
	16  -  MemoryUsage of job (MB)
	15668  -  ResidentSetSize of job (KB)
...
006 (1094747.117.000) 12/26 20:35:07 Image size of job updated: 15760
	16  -  MemoryUsage of job (MB)
	15748  -  ResidentSetSize of job (KB)
...
006 (1094747.117.000) 12/26 20:40:07 Image size of job updated: 15844
	16  -  MemoryUsage of job (MB)
	15844  -  ResidentSetSize of job (KB)
...
006 (1094747.117.000) 12/26 20:45:08 Image size of job updated: 15896
	16  -  MemoryUsage of job (MB)
	15896  -  ResidentSetSize of job (KB)
...
006 (1094747.117.000) 12/26 20:50:09 Image size of job updated: 16008
	16  -  MemoryUsage of job (MB)
	16008  -  ResidentSetSize of job (KB)
...
006 (1094747.117.000) 12/26 20:55:09 Image size of job updated: 16104
	16  -  MemoryUsage of job (MB)
	16104  -  ResidentSetSize of job (KB)
...
006 (1094747.117.000) 12/26 21:00:10 Image size of job updated: 16252
	16  -  MemoryUsage of job (MB)
	16252  -  ResidentSetSize of job (KB)
...
006 (1094747.117.000) 12/26 21:07:53 Image size of job updated: 28848
	16  -  MemoryUsage of job (MB)
	16252  -  ResidentSetSize of job (KB)
...
040 (1094747.117.000) 12/26 21:07:53 Started transferring output files
...
040 (1094747.117.000) 12/26 21:07:53 Finished transferring output files
...
005 (1094747.117.000) 12/26 21:07:53 Job terminated.
	(1) Normal termination (return value 0)
		Usr 0 00:01:13, Sys 0 00:00:41  -  Run Remote Usage
		Usr 0 00:00:00, Sys 0 00:00:00  -  Run Local Usage
		Usr 0 00:01:13, Sys 0 00:00:41  -  Total Remote Usage
		Usr 0 00:00:00, Sys 0 00:00:00  -  Total Local Usage
	166297  -  Run Bytes Sent By Job
	460039  -  Run Bytes Received By Job
	166297  -  Total Bytes Sent By Job
	460039  -  Total Bytes Received By Job
	Partitionable Resources :    Usage  Request Allocated 
	   Cpus                 :     0.06        1         1 
	   Disk (KB)            :   634         450    337762 
	   Memory (MB)          :    16        2000      2000 
...
