000 (1094747.152.000) 12/26 20:16:18 Job submitted from host: <188.185.71.83:9618?addrs=188.185.71.83-9618+[2001-1458-d00-7--100-34d]-9618&alias=bigbird18.cern.ch&noUDP&sock=schedd_3557371_31ee_11>
...
040 (1094747.152.000) 12/26 20:24:50 Started transferring input files
	Transferring to host: <188.184.204.169:9618?addrs=188.184.204.169-9618+[2001-1458-301-7d--100-a7]-9618&noUDP&sock=2746_8e29_77419>
...
040 (1094747.152.000) 12/26 20:24:50 Finished transferring input files
...
001 (1094747.152.000) 12/26 20:24:51 Job executing on host: <188.184.204.169:9618?addrs=188.184.204.169-9618+[2001-1458-301-7d--100-a7]-9618&noUDP&sock=1886_37b4_3>
...
006 (1094747.152.000) 12/26 20:25:00 Image size of job updated: 15784
	16  -  MemoryUsage of job (MB)
	15608  -  ResidentSetSize of job (KB)
...
006 (1094747.152.000) 12/26 20:30:01 Image size of job updated: 15892
	16  -  MemoryUsage of job (MB)
	15716  -  ResidentSetSize of job (KB)
...
006 (1094747.152.000) 12/26 20:35:01 Image size of job updated: 16044
	16  -  MemoryUsage of job (MB)
	15868  -  ResidentSetSize of job (KB)
...
006 (1094747.152.000) 12/26 20:40:02 Image size of job updated: 16196
	16  -  MemoryUsage of job (MB)
	16020  -  ResidentSetSize of job (KB)
...
006 (1094747.152.000) 12/26 20:45:03 Image size of job updated: 16332
	16  -  MemoryUsage of job (MB)
	16156  -  ResidentSetSize of job (KB)
...
006 (1094747.152.000) 12/26 20:50:03 Image size of job updated: 16464
	16  -  MemoryUsage of job (MB)
	16288  -  ResidentSetSize of job (KB)
...
006 (1094747.152.000) 12/26 20:55:05 Image size of job updated: 16604
	17  -  MemoryUsage of job (MB)
	16428  -  ResidentSetSize of job (KB)
...
006 (1094747.152.000) 12/26 20:56:44 Image size of job updated: 131056
	17  -  MemoryUsage of job (MB)
	16428  -  ResidentSetSize of job (KB)
...
040 (1094747.152.000) 12/26 20:56:44 Started transferring output files
...
040 (1094747.152.000) 12/26 20:56:44 Finished transferring output files
...
005 (1094747.152.000) 12/26 20:56:44 Job terminated.
	(1) Normal termination (return value 0)
		Usr 0 00:01:21, Sys 0 00:00:42  -  Run Remote Usage
		Usr 0 00:00:00, Sys 0 00:00:00  -  Run Local Usage
		Usr 0 00:01:21, Sys 0 00:00:42  -  Total Remote Usage
		Usr 0 00:00:00, Sys 0 00:00:00  -  Total Local Usage
	166355  -  Run Bytes Sent By Job
	460068  -  Run Bytes Received By Job
	166355  -  Total Bytes Sent By Job
	460068  -  Total Bytes Received By Job
	Partitionable Resources :    Usage  Request Allocated 
	   Cpus                 :     0.23        1         1 
	   Disk (KB)            :   633         450    110508 
	   Memory (MB)          :    17        2000      2000 
...
