000 (1094747.195.000) 12/26 20:16:18 Job submitted from host: <188.185.71.83:9618?addrs=188.185.71.83-9618+[2001-1458-d00-7--100-34d]-9618&alias=bigbird18.cern.ch&noUDP&sock=schedd_3557371_31ee_11>
...
040 (1094747.195.000) 12/26 20:25:06 Started transferring input files
	Transferring to host: <128.142.149.155:9618?addrs=128.142.149.155-9618+[2001-1458-301-b--100-300]-9618&noUDP&sock=3950_e1da_115317>
...
040 (1094747.195.000) 12/26 20:25:06 Finished transferring input files
...
001 (1094747.195.000) 12/26 20:25:07 Job executing on host: <128.142.149.155:9618?addrs=128.142.149.155-9618+[2001-1458-301-b--100-300]-9618&noUDP&sock=14169_557d_3>
...
006 (1094747.195.000) 12/26 20:25:16 Image size of job updated: 15756
	16  -  MemoryUsage of job (MB)
	15580  -  ResidentSetSize of job (KB)
...
006 (1094747.195.000) 12/26 20:30:17 Image size of job updated: 15828
	16  -  MemoryUsage of job (MB)
	15652  -  ResidentSetSize of job (KB)
...
006 (1094747.195.000) 12/26 20:35:17 Image size of job updated: 15908
	16  -  MemoryUsage of job (MB)
	15732  -  ResidentSetSize of job (KB)
...
006 (1094747.195.000) 12/26 20:40:17 Image size of job updated: 15988
	16  -  MemoryUsage of job (MB)
	15812  -  ResidentSetSize of job (KB)
...
006 (1094747.195.000) 12/26 20:45:18 Image size of job updated: 16068
	16  -  MemoryUsage of job (MB)
	15892  -  ResidentSetSize of job (KB)
...
006 (1094747.195.000) 12/26 20:50:18 Image size of job updated: 16164
	16  -  MemoryUsage of job (MB)
	15988  -  ResidentSetSize of job (KB)
...
006 (1094747.195.000) 12/26 20:55:18 Image size of job updated: 16260
	16  -  MemoryUsage of job (MB)
	16084  -  ResidentSetSize of job (KB)
...
006 (1094747.195.000) 12/26 21:05:19 Image size of job updated: 16436
	16  -  MemoryUsage of job (MB)
	16260  -  ResidentSetSize of job (KB)
...
006 (1094747.195.000) 12/26 21:07:54 Image size of job updated: 16436
	17  -  MemoryUsage of job (MB)
	16392  -  ResidentSetSize of job (KB)
...
040 (1094747.195.000) 12/26 21:07:54 Started transferring output files
...
040 (1094747.195.000) 12/26 21:07:54 Finished transferring output files
...
005 (1094747.195.000) 12/26 21:07:54 Job terminated.
	(1) Normal termination (return value 0)
		Usr 0 00:01:14, Sys 0 00:00:41  -  Run Remote Usage
		Usr 0 00:00:00, Sys 0 00:00:00  -  Run Local Usage
		Usr 0 00:01:14, Sys 0 00:00:41  -  Total Remote Usage
		Usr 0 00:00:00, Sys 0 00:00:00  -  Total Local Usage
	166359  -  Run Bytes Sent By Job
	460070  -  Run Bytes Received By Job
	166359  -  Total Bytes Sent By Job
	460070  -  Total Bytes Received By Job
	Partitionable Resources :    Usage  Request Allocated 
	   Cpus                 :     0.30        1         1 
	   Disk (KB)            :   633         450    337725 
	   Memory (MB)          :    17        2000      2000 
...
