000 (1094747.158.000) 12/26 20:16:18 Job submitted from host: <188.185.71.83:9618?addrs=188.185.71.83-9618+[2001-1458-d00-7--100-34d]-9618&alias=bigbird18.cern.ch&noUDP&sock=schedd_3557371_31ee_11>
...
040 (1094747.158.000) 12/26 20:24:51 Started transferring input files
	Transferring to host: <188.184.182.232:9618?addrs=188.184.182.232-9618+[2001-1458-301-2b--100-4d8]-9618&noUDP&sock=2423_f8fc_123940>
...
040 (1094747.158.000) 12/26 20:24:51 Finished transferring input files
...
001 (1094747.158.000) 12/26 20:24:52 Job executing on host: <188.184.182.232:9618?addrs=188.184.182.232-9618+[2001-1458-301-2b--100-4d8]-9618&noUDP&sock=14054_7419_3>
...
006 (1094747.158.000) 12/26 20:25:01 Image size of job updated: 15732
	16  -  MemoryUsage of job (MB)
	15556  -  ResidentSetSize of job (KB)
...
006 (1094747.158.000) 12/26 20:30:02 Image size of job updated: 15876
	16  -  MemoryUsage of job (MB)
	15700  -  ResidentSetSize of job (KB)
...
006 (1094747.158.000) 12/26 20:35:03 Image size of job updated: 16020
	16  -  MemoryUsage of job (MB)
	15844  -  ResidentSetSize of job (KB)
...
006 (1094747.158.000) 12/26 20:40:03 Image size of job updated: 16160
	16  -  MemoryUsage of job (MB)
	15984  -  ResidentSetSize of job (KB)
...
006 (1094747.158.000) 12/26 20:45:04 Image size of job updated: 16296
	16  -  MemoryUsage of job (MB)
	16120  -  ResidentSetSize of job (KB)
...
006 (1094747.158.000) 12/26 20:50:05 Image size of job updated: 16452
	16  -  MemoryUsage of job (MB)
	16276  -  ResidentSetSize of job (KB)
...
006 (1094747.158.000) 12/26 20:55:05 Image size of job updated: 16612
	17  -  MemoryUsage of job (MB)
	16436  -  ResidentSetSize of job (KB)
...
006 (1094747.158.000) 12/26 20:56:39 Image size of job updated: 131200
	17  -  MemoryUsage of job (MB)
	16436  -  ResidentSetSize of job (KB)
...
040 (1094747.158.000) 12/26 20:56:39 Started transferring output files
...
040 (1094747.158.000) 12/26 20:56:39 Finished transferring output files
...
005 (1094747.158.000) 12/26 20:56:39 Job terminated.
	(1) Normal termination (return value 0)
		Usr 0 00:01:15, Sys 0 00:00:39  -  Run Remote Usage
		Usr 0 00:00:00, Sys 0 00:00:00  -  Run Local Usage
		Usr 0 00:01:15, Sys 0 00:00:39  -  Total Remote Usage
		Usr 0 00:00:00, Sys 0 00:00:00  -  Total Local Usage
	166356  -  Run Bytes Sent By Job
	460069  -  Run Bytes Received By Job
	166356  -  Total Bytes Sent By Job
	460069  -  Total Bytes Received By Job
	Partitionable Resources :    Usage  Request Allocated 
	   Cpus                 :     0.03        1         1 
	   Disk (KB)            :   633         450    361995 
	   Memory (MB)          :    17        2000      2000 
...
