000 (1094747.165.000) 12/26 20:16:18 Job submitted from host: <188.185.71.83:9618?addrs=188.185.71.83-9618+[2001-1458-d00-7--100-34d]-9618&alias=bigbird18.cern.ch&noUDP&sock=schedd_3557371_31ee_11>
...
040 (1094747.165.000) 12/26 20:24:53 Started transferring input files
	Transferring to host: <188.184.198.39:9618?addrs=188.184.198.39-9618+[2001-1458-301-c1--100-115]-9618&noUDP&sock=18629_90cf_34043>
...
040 (1094747.165.000) 12/26 20:24:53 Finished transferring input files
...
001 (1094747.165.000) 12/26 20:24:54 Job executing on host: <188.184.198.39:9618?addrs=188.184.198.39-9618+[2001-1458-301-c1--100-115]-9618&noUDP&sock=18494_ec99_3>
...
006 (1094747.165.000) 12/26 20:25:02 Image size of job updated: 15772
	16  -  MemoryUsage of job (MB)
	15596  -  ResidentSetSize of job (KB)
...
006 (1094747.165.000) 12/26 20:30:02 Image size of job updated: 15904
	16  -  MemoryUsage of job (MB)
	15728  -  ResidentSetSize of job (KB)
...
006 (1094747.165.000) 12/26 20:35:03 Image size of job updated: 16084
	16  -  MemoryUsage of job (MB)
	15908  -  ResidentSetSize of job (KB)
...
006 (1094747.165.000) 12/26 20:40:03 Image size of job updated: 16232
	16  -  MemoryUsage of job (MB)
	16056  -  ResidentSetSize of job (KB)
...
006 (1094747.165.000) 12/26 20:45:03 Image size of job updated: 16380
	16  -  MemoryUsage of job (MB)
	16204  -  ResidentSetSize of job (KB)
...
006 (1094747.165.000) 12/26 20:50:04 Image size of job updated: 16548
	16  -  MemoryUsage of job (MB)
	16372  -  ResidentSetSize of job (KB)
...
006 (1094747.165.000) 12/26 20:53:59 Image size of job updated: 549712
	16  -  MemoryUsage of job (MB)
	16372  -  ResidentSetSize of job (KB)
...
040 (1094747.165.000) 12/26 20:53:59 Started transferring output files
...
040 (1094747.165.000) 12/26 20:53:59 Finished transferring output files
...
005 (1094747.165.000) 12/26 20:54:00 Job terminated.
	(1) Normal termination (return value 0)
		Usr 0 00:01:01, Sys 0 00:00:37  -  Run Remote Usage
		Usr 0 00:00:00, Sys 0 00:00:00  -  Run Local Usage
		Usr 0 00:01:01, Sys 0 00:00:37  -  Total Remote Usage
		Usr 0 00:00:00, Sys 0 00:00:00  -  Total Local Usage
	166361  -  Run Bytes Sent By Job
	460070  -  Run Bytes Received By Job
	166361  -  Total Bytes Sent By Job
	460070  -  Total Bytes Received By Job
	Partitionable Resources :    Usage  Request Allocated 
	   Cpus                 :     0.14        1         1 
	   Disk (KB)            :   633         450    269435 
	   Memory (MB)          :    16        2000      2000 
...
