000 (1094747.159.000) 12/26 20:16:18 Job submitted from host: <188.185.71.83:9618?addrs=188.185.71.83-9618+[2001-1458-d00-7--100-34d]-9618&alias=bigbird18.cern.ch&noUDP&sock=schedd_3557371_31ee_11>
...
040 (1094747.159.000) 12/26 20:25:08 Started transferring input files
	Transferring to host: <188.184.196.163:9618?addrs=188.184.196.163-9618+[2001-1458-301-102--100-30d]-9618&noUDP&sock=14383_dfe2_120060>
...
040 (1094747.159.000) 12/26 20:25:08 Finished transferring input files
...
001 (1094747.159.000) 12/26 20:25:09 Job executing on host: <188.184.196.163:9618?addrs=188.184.196.163-9618+[2001-1458-301-102--100-30d]-9618&noUDP&sock=14248_8579_3>
...
006 (1094747.159.000) 12/26 20:25:18 Image size of job updated: 15764
	16  -  MemoryUsage of job (MB)
	15588  -  ResidentSetSize of job (KB)
...
006 (1094747.159.000) 12/26 20:30:19 Image size of job updated: 15900
	16  -  MemoryUsage of job (MB)
	15724  -  ResidentSetSize of job (KB)
...
006 (1094747.159.000) 12/26 20:35:19 Image size of job updated: 16036
	16  -  MemoryUsage of job (MB)
	15860  -  ResidentSetSize of job (KB)
...
006 (1094747.159.000) 12/26 20:40:20 Image size of job updated: 16184
	16  -  MemoryUsage of job (MB)
	16008  -  ResidentSetSize of job (KB)
...
006 (1094747.159.000) 12/26 20:45:21 Image size of job updated: 16312
	16  -  MemoryUsage of job (MB)
	16136  -  ResidentSetSize of job (KB)
...
006 (1094747.159.000) 12/26 20:50:21 Image size of job updated: 16484
	16  -  MemoryUsage of job (MB)
	16308  -  ResidentSetSize of job (KB)
...
006 (1094747.159.000) 12/26 20:55:22 Image size of job updated: 16616
	17  -  MemoryUsage of job (MB)
	16440  -  ResidentSetSize of job (KB)
...
006 (1094747.159.000) 12/26 20:56:39 Image size of job updated: 132156
	17  -  MemoryUsage of job (MB)
	16440  -  ResidentSetSize of job (KB)
...
040 (1094747.159.000) 12/26 20:56:39 Started transferring output files
...
040 (1094747.159.000) 12/26 20:56:39 Finished transferring output files
...
005 (1094747.159.000) 12/26 20:56:39 Job terminated.
	(1) Normal termination (return value 0)
		Usr 0 00:01:26, Sys 0 00:00:44  -  Run Remote Usage
		Usr 0 00:00:00, Sys 0 00:00:00  -  Run Local Usage
		Usr 0 00:01:26, Sys 0 00:00:44  -  Total Remote Usage
		Usr 0 00:00:00, Sys 0 00:00:00  -  Total Local Usage
	166356  -  Run Bytes Sent By Job
	460067  -  Run Bytes Received By Job
	166356  -  Total Bytes Sent By Job
	460067  -  Total Bytes Received By Job
	Partitionable Resources :    Usage  Request Allocated 
	   Cpus                 :     0.09        1         1 
	   Disk (KB)            :   634         450    355734 
	   Memory (MB)          :    17        2000      2000 
...
