000 (1094747.045.000) 12/26 20:16:18 Job submitted from host: <188.185.71.83:9618?addrs=188.185.71.83-9618+[2001-1458-d00-7--100-34d]-9618&alias=bigbird18.cern.ch&noUDP&sock=schedd_3557371_31ee_11>
...
040 (1094747.045.000) 12/26 20:24:19 Started transferring input files
	Transferring to host: <128.142.71.176:9618?addrs=128.142.71.176-9618&noUDP&sock=3168_e47a_68492>
...
040 (1094747.045.000) 12/26 20:24:19 Finished transferring input files
...
001 (1094747.045.000) 12/26 20:24:20 Job executing on host: <128.142.71.176:9618?addrs=128.142.71.176-9618&noUDP&sock=2139_c12a_3>
...
006 (1094747.045.000) 12/26 20:24:29 Image size of job updated: 15816
	16  -  MemoryUsage of job (MB)
	15608  -  ResidentSetSize of job (KB)
...
006 (1094747.045.000) 12/26 20:29:30 Image size of job updated: 15984
	16  -  MemoryUsage of job (MB)
	15776  -  ResidentSetSize of job (KB)
...
006 (1094747.045.000) 12/26 20:34:30 Image size of job updated: 16148
	16  -  MemoryUsage of job (MB)
	15940  -  ResidentSetSize of job (KB)
...
006 (1094747.045.000) 12/26 20:39:30 Image size of job updated: 16296
	16  -  MemoryUsage of job (MB)
	16088  -  ResidentSetSize of job (KB)
...
006 (1094747.045.000) 12/26 20:44:31 Image size of job updated: 16452
	16  -  MemoryUsage of job (MB)
	16244  -  ResidentSetSize of job (KB)
...
006 (1094747.045.000) 12/26 20:49:31 Image size of job updated: 16580
	16  -  MemoryUsage of job (MB)
	16372  -  ResidentSetSize of job (KB)
...
006 (1094747.045.000) 12/26 20:54:07 Image size of job updated: 183016
	16  -  MemoryUsage of job (MB)
	16372  -  ResidentSetSize of job (KB)
...
040 (1094747.045.000) 12/26 20:54:07 Started transferring output files
...
040 (1094747.045.000) 12/26 20:54:07 Finished transferring output files
...
005 (1094747.045.000) 12/26 20:54:07 Job terminated.
	(1) Normal termination (return value 0)
		Usr 0 00:01:48, Sys 0 00:00:44  -  Run Remote Usage
		Usr 0 00:00:00, Sys 0 00:00:00  -  Run Local Usage
		Usr 0 00:01:48, Sys 0 00:00:44  -  Total Remote Usage
		Usr 0 00:00:00, Sys 0 00:00:00  -  Total Local Usage
	177579  -  Run Bytes Sent By Job
	459979  -  Run Bytes Received By Job
	177579  -  Total Bytes Sent By Job
	459979  -  Total Bytes Received By Job
	Partitionable Resources :    Usage  Request Allocated 
	   Cpus                 :     0.21        1         1 
	   Disk (KB)            :   645         450    259591 
	   Memory (MB)          :    16        2000      2000 
...
