000 (1094747.202.000) 12/26 20:16:18 Job submitted from host: <188.185.71.83:9618?addrs=188.185.71.83-9618+[2001-1458-d00-7--100-34d]-9618&alias=bigbird18.cern.ch&noUDP&sock=schedd_3557371_31ee_11>
...
040 (1094747.202.000) 12/26 20:25:08 Started transferring input files
	Transferring to host: <188.184.211.238:9618?addrs=188.184.211.238-9618+[2001-1458-301-10b--100-184]-9618&noUDP&sock=29311_0041_49323>
...
040 (1094747.202.000) 12/26 20:25:08 Finished transferring input files
...
001 (1094747.202.000) 12/26 20:25:09 Job executing on host: <188.184.211.238:9618?addrs=188.184.211.238-9618+[2001-1458-301-10b--100-184]-9618&noUDP&sock=29272_bc59_3>
...
006 (1094747.202.000) 12/26 20:25:18 Image size of job updated: 15740
	16  -  MemoryUsage of job (MB)
	15564  -  ResidentSetSize of job (KB)
...
006 (1094747.202.000) 12/26 20:30:18 Image size of job updated: 15844
	16  -  MemoryUsage of job (MB)
	15668  -  ResidentSetSize of job (KB)
...
006 (1094747.202.000) 12/26 20:35:18 Image size of job updated: 15920
	16  -  MemoryUsage of job (MB)
	15744  -  ResidentSetSize of job (KB)
...
006 (1094747.202.000) 12/26 20:40:19 Image size of job updated: 16000
	16  -  MemoryUsage of job (MB)
	15824  -  ResidentSetSize of job (KB)
...
006 (1094747.202.000) 12/26 20:45:20 Image size of job updated: 16088
	16  -  MemoryUsage of job (MB)
	15912  -  ResidentSetSize of job (KB)
...
006 (1094747.202.000) 12/26 20:50:20 Image size of job updated: 16192
	16  -  MemoryUsage of job (MB)
	16016  -  ResidentSetSize of job (KB)
...
006 (1094747.202.000) 12/26 20:55:20 Image size of job updated: 16308
	16  -  MemoryUsage of job (MB)
	16132  -  ResidentSetSize of job (KB)
...
006 (1094747.202.000) 12/26 21:00:21 Image size of job updated: 16404
	16  -  MemoryUsage of job (MB)
	16228  -  ResidentSetSize of job (KB)
...
006 (1094747.202.000) 12/26 21:03:26 Image size of job updated: 145984
	16  -  MemoryUsage of job (MB)
	16320  -  ResidentSetSize of job (KB)
...
040 (1094747.202.000) 12/26 21:03:26 Started transferring output files
...
040 (1094747.202.000) 12/26 21:03:26 Finished transferring output files
...
005 (1094747.202.000) 12/26 21:03:26 Job terminated.
	(1) Normal termination (return value 0)
		Usr 0 00:01:15, Sys 0 00:00:46  -  Run Remote Usage
		Usr 0 00:00:00, Sys 0 00:00:00  -  Run Local Usage
		Usr 0 00:01:15, Sys 0 00:00:46  -  Total Remote Usage
		Usr 0 00:00:00, Sys 0 00:00:00  -  Total Local Usage
	166360  -  Run Bytes Sent By Job
	460068  -  Run Bytes Received By Job
	166360  -  Total Bytes Sent By Job
	460068  -  Total Bytes Received By Job
	Partitionable Resources :    Usage  Request Allocated 
	   Cpus                 :     0.36        1         1 
	   Disk (KB)            :   633         450    350393 
	   Memory (MB)          :    16        2000      2000 
...
