000 (1094747.057.000) 12/26 20:16:18 Job submitted from host: <188.185.71.83:9618?addrs=188.185.71.83-9618+[2001-1458-d00-7--100-34d]-9618&alias=bigbird18.cern.ch&noUDP&sock=schedd_3557371_31ee_11>
...
040 (1094747.057.000) 12/26 20:24:21 Started transferring input files
	Transferring to host: <128.142.68.190:9618?addrs=128.142.68.190-9618&noUDP&sock=2867_cf8e_68818>
...
040 (1094747.057.000) 12/26 20:24:21 Finished transferring input files
...
001 (1094747.057.000) 12/26 20:24:22 Job executing on host: <128.142.68.190:9618?addrs=128.142.68.190-9618&noUDP&sock=2181_9025_3>
...
006 (1094747.057.000) 12/26 20:24:31 Image size of job updated: 2856
	3  -  MemoryUsage of job (MB)
	2680  -  ResidentSetSize of job (KB)
...
006 (1094747.057.000) 12/26 20:29:32 Image size of job updated: 15968
	16  -  MemoryUsage of job (MB)
	15792  -  ResidentSetSize of job (KB)
...
006 (1094747.057.000) 12/26 20:34:32 Image size of job updated: 16108
	16  -  MemoryUsage of job (MB)
	15932  -  ResidentSetSize of job (KB)
...
006 (1094747.057.000) 12/26 20:39:32 Image size of job updated: 16260
	16  -  MemoryUsage of job (MB)
	16084  -  ResidentSetSize of job (KB)
...
006 (1094747.057.000) 12/26 20:44:33 Image size of job updated: 16428
	16  -  MemoryUsage of job (MB)
	16252  -  ResidentSetSize of job (KB)
...
006 (1094747.057.000) 12/26 20:49:33 Image size of job updated: 16564
	17  -  MemoryUsage of job (MB)
	16388  -  ResidentSetSize of job (KB)
...
006 (1094747.057.000) 12/26 20:52:27 Image size of job updated: 149256
	17  -  MemoryUsage of job (MB)
	16388  -  ResidentSetSize of job (KB)
...
040 (1094747.057.000) 12/26 20:52:27 Started transferring output files
...
040 (1094747.057.000) 12/26 20:52:27 Finished transferring output files
...
005 (1094747.057.000) 12/26 20:52:27 Job terminated.
	(1) Normal termination (return value 0)
		Usr 0 00:01:06, Sys 0 00:00:40  -  Run Remote Usage
		Usr 0 00:00:00, Sys 0 00:00:00  -  Run Local Usage
		Usr 0 00:01:06, Sys 0 00:00:40  -  Total Remote Usage
		Usr 0 00:00:00, Sys 0 00:00:00  -  Total Local Usage
	177546  -  Run Bytes Sent By Job
	459970  -  Run Bytes Received By Job
	177546  -  Total Bytes Sent By Job
	459970  -  Total Bytes Received By Job
	Partitionable Resources :    Usage  Request Allocated 
	   Cpus                 :     0.16        1         1 
	   Disk (KB)            :   644         450    278113 
	   Memory (MB)          :    17        2000      2000 
...
