000 (1094747.175.000) 12/26 20:16:18 Job submitted from host: <188.185.71.83:9618?addrs=188.185.71.83-9618+[2001-1458-d00-7--100-34d]-9618&alias=bigbird18.cern.ch&noUDP&sock=schedd_3557371_31ee_11>
...
040 (1094747.175.000) 12/26 20:24:57 Started transferring input files
	Transferring to host: <188.184.192.225:9618?addrs=188.184.192.225-9618+[2001-1458-301-83--100-bb]-9618&noUDP&sock=28082_0f2f_133530>
...
040 (1094747.175.000) 12/26 20:24:57 Finished transferring input files
...
001 (1094747.175.000) 12/26 20:24:58 Job executing on host: <188.184.192.225:9618?addrs=188.184.192.225-9618+[2001-1458-301-83--100-bb]-9618&noUDP&sock=26127_86fe_3>
...
006 (1094747.175.000) 12/26 20:25:07 Image size of job updated: 15772
	16  -  MemoryUsage of job (MB)
	15596  -  ResidentSetSize of job (KB)
...
006 (1094747.175.000) 12/26 20:30:08 Image size of job updated: 15860
	16  -  MemoryUsage of job (MB)
	15684  -  ResidentSetSize of job (KB)
...
006 (1094747.175.000) 12/26 20:35:08 Image size of job updated: 15944
	16  -  MemoryUsage of job (MB)
	15768  -  ResidentSetSize of job (KB)
...
006 (1094747.175.000) 12/26 20:40:08 Image size of job updated: 16028
	16  -  MemoryUsage of job (MB)
	15852  -  ResidentSetSize of job (KB)
...
006 (1094747.175.000) 12/26 20:45:09 Image size of job updated: 16100
	16  -  MemoryUsage of job (MB)
	15924  -  ResidentSetSize of job (KB)
...
006 (1094747.175.000) 12/26 20:50:10 Image size of job updated: 16196
	16  -  MemoryUsage of job (MB)
	16020  -  ResidentSetSize of job (KB)
...
006 (1094747.175.000) 12/26 20:55:10 Image size of job updated: 16292
	16  -  MemoryUsage of job (MB)
	16116  -  ResidentSetSize of job (KB)
...
006 (1094747.175.000) 12/26 21:00:10 Image size of job updated: 16444
	16  -  MemoryUsage of job (MB)
	16268  -  ResidentSetSize of job (KB)
...
006 (1094747.175.000) 12/26 21:05:11 Image size of job updated: 16600
	17  -  MemoryUsage of job (MB)
	16424  -  ResidentSetSize of job (KB)
...
006 (1094747.175.000) 12/26 21:06:49 Image size of job updated: 552948
	17  -  MemoryUsage of job (MB)
	16424  -  ResidentSetSize of job (KB)
...
040 (1094747.175.000) 12/26 21:06:49 Started transferring output files
...
040 (1094747.175.000) 12/26 21:06:49 Finished transferring output files
...
005 (1094747.175.000) 12/26 21:06:49 Job terminated.
	(1) Normal termination (return value 0)
		Usr 0 00:00:52, Sys 0 00:00:31  -  Run Remote Usage
		Usr 0 00:00:00, Sys 0 00:00:00  -  Run Local Usage
		Usr 0 00:00:52, Sys 0 00:00:31  -  Total Remote Usage
		Usr 0 00:00:00, Sys 0 00:00:00  -  Total Local Usage
	166358  -  Run Bytes Sent By Job
	460068  -  Run Bytes Received By Job
	166358  -  Total Bytes Sent By Job
	460068  -  Total Bytes Received By Job
	Partitionable Resources :    Usage  Request Allocated 
	   Cpus                 :     0.35        1         1 
	   Disk (KB)            :   633         450    185293 
	   Memory (MB)          :    17        2000      2000 
...
