000 (1094747.036.000) 12/26 20:16:18 Job submitted from host: <188.185.71.83:9618?addrs=188.185.71.83-9618+[2001-1458-d00-7--100-34d]-9618&alias=bigbird18.cern.ch&noUDP&sock=schedd_3557371_31ee_11>
...
040 (1094747.036.000) 12/26 20:24:14 Started transferring input files
	Transferring to host: <188.185.105.8:9618?addrs=188.185.105.8-9618+[2001-1458-d00-3e--100-254]-9618&noUDP&sock=18663_8590_36392>
...
040 (1094747.036.000) 12/26 20:24:14 Finished transferring input files
...
001 (1094747.036.000) 12/26 20:24:15 Job executing on host: <188.185.105.8:9618?addrs=188.185.105.8-9618+[2001-1458-d00-3e--100-254]-9618&noUDP&sock=18551_057f_3>
...
006 (1094747.036.000) 12/26 20:24:23 Image size of job updated: 11540
	12  -  MemoryUsage of job (MB)
	11364  -  ResidentSetSize of job (KB)
...
006 (1094747.036.000) 12/26 20:29:23 Image size of job updated: 15796
	16  -  MemoryUsage of job (MB)
	15796  -  ResidentSetSize of job (KB)
...
006 (1094747.036.000) 12/26 20:34:24 Image size of job updated: 15860
	16  -  MemoryUsage of job (MB)
	15860  -  ResidentSetSize of job (KB)
...
006 (1094747.036.000) 12/26 20:39:24 Image size of job updated: 15960
	16  -  MemoryUsage of job (MB)
	15960  -  ResidentSetSize of job (KB)
...
006 (1094747.036.000) 12/26 20:44:24 Image size of job updated: 16016
	16  -  MemoryUsage of job (MB)
	16016  -  ResidentSetSize of job (KB)
...
006 (1094747.036.000) 12/26 20:49:25 Image size of job updated: 16100
	16  -  MemoryUsage of job (MB)
	16100  -  ResidentSetSize of job (KB)
...
006 (1094747.036.000) 12/26 20:54:26 Image size of job updated: 16192
	16  -  MemoryUsage of job (MB)
	16192  -  ResidentSetSize of job (KB)
...
006 (1094747.036.000) 12/26 20:59:26 Image size of job updated: 16308
	16  -  MemoryUsage of job (MB)
	16308  -  ResidentSetSize of job (KB)
...
006 (1094747.036.000) 12/26 21:04:27 Image size of job updated: 180944
	126  -  MemoryUsage of job (MB)
	128620  -  ResidentSetSize of job (KB)
...
006 (1094747.036.000) 12/26 21:04:45 Image size of job updated: 183500
	126  -  MemoryUsage of job (MB)
	128668  -  ResidentSetSize of job (KB)
...
040 (1094747.036.000) 12/26 21:04:45 Started transferring output files
...
040 (1094747.036.000) 12/26 21:04:45 Finished transferring output files
...
005 (1094747.036.000) 12/26 21:04:45 Job terminated.
	(1) Normal termination (return value 0)
		Usr 0 00:01:13, Sys 0 00:00:29  -  Run Remote Usage
		Usr 0 00:00:00, Sys 0 00:00:00  -  Run Local Usage
		Usr 0 00:01:13, Sys 0 00:00:29  -  Total Remote Usage
		Usr 0 00:00:00, Sys 0 00:00:00  -  Total Local Usage
	177577  -  Run Bytes Sent By Job
	459979  -  Run Bytes Received By Job
	177577  -  Total Bytes Sent By Job
	459979  -  Total Bytes Received By Job
	Partitionable Resources :    Usage  Request Allocated 
	   Cpus                 :     0.04        1         1 
	   Disk (KB)            :   645         450    584162 
	   Memory (MB)          :   126        2000      2000 
...
