000 (1094747.121.000) 12/26 20:16:18 Job submitted from host: <188.185.71.83:9618?addrs=188.185.71.83-9618+[2001-1458-d00-7--100-34d]-9618&alias=bigbird18.cern.ch&noUDP&sock=schedd_3557371_31ee_11>
...
040 (1094747.121.000) 12/26 20:24:40 Started transferring input files
	Transferring to host: <188.184.182.243:9618?addrs=188.184.182.243-9618+[2001-1458-301-2b--100-35b]-9618&noUDP&sock=21789_124f_31992>
...
040 (1094747.121.000) 12/26 20:24:40 Finished transferring input files
...
001 (1094747.121.000) 12/26 20:24:41 Job executing on host: <188.184.182.243:9618?addrs=188.184.182.243-9618+[2001-1458-301-2b--100-35b]-9618&noUDP&sock=21736_aaa3_3>
...
006 (1094747.121.000) 12/26 20:24:50 Image size of job updated: 15768
	16  -  MemoryUsage of job (MB)
	15592  -  ResidentSetSize of job (KB)
...
006 (1094747.121.000) 12/26 20:29:50 Image size of job updated: 15768
	16  -  MemoryUsage of job (MB)
	15692  -  ResidentSetSize of job (KB)
...
006 (1094747.121.000) 12/26 20:34:50 Image size of job updated: 15776
	16  -  MemoryUsage of job (MB)
	15776  -  ResidentSetSize of job (KB)
...
006 (1094747.121.000) 12/26 20:39:51 Image size of job updated: 15856
	16  -  MemoryUsage of job (MB)
	15856  -  ResidentSetSize of job (KB)
...
006 (1094747.121.000) 12/26 20:44:51 Image size of job updated: 15928
	16  -  MemoryUsage of job (MB)
	15928  -  ResidentSetSize of job (KB)
...
006 (1094747.121.000) 12/26 20:49:51 Image size of job updated: 16032
	16  -  MemoryUsage of job (MB)
	16032  -  ResidentSetSize of job (KB)
...
006 (1094747.121.000) 12/26 20:54:52 Image size of job updated: 16120
	16  -  MemoryUsage of job (MB)
	16120  -  ResidentSetSize of job (KB)
...
006 (1094747.121.000) 12/26 20:59:53 Image size of job updated: 16264
	16  -  MemoryUsage of job (MB)
	16264  -  ResidentSetSize of job (KB)
...
006 (1094747.121.000) 12/26 21:04:53 Image size of job updated: 16428
	17  -  MemoryUsage of job (MB)
	16428  -  ResidentSetSize of job (KB)
...
040 (1094747.121.000) 12/26 21:06:48 Started transferring output files
...
040 (1094747.121.000) 12/26 21:06:48 Finished transferring output files
...
005 (1094747.121.000) 12/26 21:06:48 Job terminated.
	(1) Normal termination (return value 0)
		Usr 0 00:01:11, Sys 0 00:00:40  -  Run Remote Usage
		Usr 0 00:00:00, Sys 0 00:00:00  -  Run Local Usage
		Usr 0 00:01:11, Sys 0 00:00:40  -  Total Remote Usage
		Usr 0 00:00:00, Sys 0 00:00:00  -  Total Local Usage
	166303  -  Run Bytes Sent By Job
	460044  -  Run Bytes Received By Job
	166303  -  Total Bytes Sent By Job
	460044  -  Total Bytes Received By Job
	Partitionable Resources :    Usage  Request Allocated 
	   Cpus                 :     0.34        1         1 
	   Disk (KB)            :   633         450    343342 
	   Memory (MB)          :    17        2000      2000 
...
