000 (1094747.013.000) 12/26 20:16:18 Job submitted from host: <188.185.71.83:9618?addrs=188.185.71.83-9618+[2001-1458-d00-7--100-34d]-9618&alias=bigbird18.cern.ch&noUDP&sock=schedd_3557371_31ee_11>
...
040 (1094747.013.000) 12/26 20:19:32 Started transferring input files
	Transferring to host: <188.184.210.171:9618?addrs=188.184.210.171-9618+[2001-1458-301-10b--100-2e0]-9618&noUDP&sock=17453_f79f_45229>
...
040 (1094747.013.000) 12/26 20:19:33 Finished transferring input files
...
001 (1094747.013.000) 12/26 20:19:34 Job executing on host: <188.184.210.171:9618?addrs=188.184.210.171-9618+[2001-1458-301-10b--100-2e0]-9618&noUDP&sock=17318_4939_3>
...
006 (1094747.013.000) 12/26 20:19:42 Image size of job updated: 14624
	15  -  MemoryUsage of job (MB)
	14448  -  ResidentSetSize of job (KB)
...
006 (1094747.013.000) 12/26 20:24:42 Image size of job updated: 179272
	125  -  MemoryUsage of job (MB)
	127088  -  ResidentSetSize of job (KB)
...
006 (1094747.013.000) 12/26 20:26:08 Image size of job updated: 181260
	125  -  MemoryUsage of job (MB)
	127088  -  ResidentSetSize of job (KB)
...
040 (1094747.013.000) 12/26 20:26:08 Started transferring output files
...
040 (1094747.013.000) 12/26 20:26:08 Finished transferring output files
...
005 (1094747.013.000) 12/26 20:26:08 Job terminated.
	(1) Normal termination (return value 0)
		Usr 0 00:03:20, Sys 0 00:00:48  -  Run Remote Usage
		Usr 0 00:00:00, Sys 0 00:00:00  -  Run Local Usage
		Usr 0 00:03:20, Sys 0 00:00:48  -  Total Remote Usage
		Usr 0 00:00:00, Sys 0 00:00:00  -  Total Local Usage
	168601  -  Run Bytes Sent By Job
	460044  -  Run Bytes Received By Job
	168601  -  Total Bytes Sent By Job
	460044  -  Total Bytes Received By Job
	Partitionable Resources :    Usage  Request Allocated 
	   Cpus                 :     0.12        1         1 
	   Disk (KB)            :   635         450    350963 
	   Memory (MB)          :   125        2000      2000 
...
