000 (1094747.196.000) 12/26 20:16:18 Job submitted from host: <188.185.71.83:9618?addrs=188.185.71.83-9618+[2001-1458-d00-7--100-34d]-9618&alias=bigbird18.cern.ch&noUDP&sock=schedd_3557371_31ee_11>
...
040 (1094747.196.000) 12/26 20:25:06 Started transferring input files
	Transferring to host: <188.184.210.150:9618?addrs=188.184.210.150-9618+[2001-1458-301-10b--100-52c]-9618&noUDP&sock=17744_00cb_42032>
...
040 (1094747.196.000) 12/26 20:25:06 Finished transferring input files
...
001 (1094747.196.000) 12/26 20:25:07 Job executing on host: <188.184.210.150:9618?addrs=188.184.210.150-9618+[2001-1458-301-10b--100-52c]-9618&noUDP&sock=17609_e348_3>
...
006 (1094747.196.000) 12/26 20:25:16 Image size of job updated: 15768
	16  -  MemoryUsage of job (MB)
	15592  -  ResidentSetSize of job (KB)
...
006 (1094747.196.000) 12/26 20:30:17 Image size of job updated: 15848
	16  -  MemoryUsage of job (MB)
	15672  -  ResidentSetSize of job (KB)
...
006 (1094747.196.000) 12/26 20:35:17 Image size of job updated: 15924
	16  -  MemoryUsage of job (MB)
	15748  -  ResidentSetSize of job (KB)
...
006 (1094747.196.000) 12/26 20:40:17 Image size of job updated: 16008
	16  -  MemoryUsage of job (MB)
	15832  -  ResidentSetSize of job (KB)
...
006 (1094747.196.000) 12/26 20:45:18 Image size of job updated: 16096
	16  -  MemoryUsage of job (MB)
	15920  -  ResidentSetSize of job (KB)
...
006 (1094747.196.000) 12/26 20:50:19 Image size of job updated: 16184
	16  -  MemoryUsage of job (MB)
	16008  -  ResidentSetSize of job (KB)
...
006 (1094747.196.000) 12/26 21:00:19 Image size of job updated: 16404
	16  -  MemoryUsage of job (MB)
	16228  -  ResidentSetSize of job (KB)
...
006 (1094747.196.000) 12/26 21:05:20 Image size of job updated: 16576
	17  -  MemoryUsage of job (MB)
	16400  -  ResidentSetSize of job (KB)
...
006 (1094747.196.000) 12/26 21:07:17 Image size of job updated: 459136
	17  -  MemoryUsage of job (MB)
	16400  -  ResidentSetSize of job (KB)
...
040 (1094747.196.000) 12/26 21:07:17 Started transferring output files
...
040 (1094747.196.000) 12/26 21:07:17 Finished transferring output files
...
005 (1094747.196.000) 12/26 21:07:17 Job terminated.
	(1) Normal termination (return value 0)
		Usr 0 00:00:59, Sys 0 00:00:36  -  Run Remote Usage
		Usr 0 00:00:00, Sys 0 00:00:00  -  Run Local Usage
		Usr 0 00:00:59, Sys 0 00:00:36  -  Total Remote Usage
		Usr 0 00:00:00, Sys 0 00:00:00  -  Total Local Usage
	166356  -  Run Bytes Sent By Job
	460066  -  Run Bytes Received By Job
	166356  -  Total Bytes Sent By Job
	460066  -  Total Bytes Received By Job
	Partitionable Resources :    Usage  Request Allocated 
	   Cpus                 :     0.10        1         1 
	   Disk (KB)            :   633         450    361996 
	   Memory (MB)          :    17        2000      2000 
...
