000 (1094747.049.000) 12/26 20:16:18 Job submitted from host: <188.185.71.83:9618?addrs=188.185.71.83-9618+[2001-1458-d00-7--100-34d]-9618&alias=bigbird18.cern.ch&noUDP&sock=schedd_3557371_31ee_11>
...
040 (1094747.049.000) 12/26 20:19:27 Started transferring input files
	Transferring to host: <188.184.192.248:9618?addrs=188.184.192.248-9618+[2001-1458-301-83--100-e7]-9618&noUDP&sock=28189_7353_116721>
...
040 (1094747.049.000) 12/26 20:19:27 Finished transferring input files
...
001 (1094747.049.000) 12/26 20:19:28 Job executing on host: <188.184.192.248:9618?addrs=188.184.192.248-9618+[2001-1458-301-83--100-e7]-9618&noUDP&sock=2264_7e81_3>
...
006 (1094747.049.000) 12/26 20:19:36 Image size of job updated: 10560
	11  -  MemoryUsage of job (MB)
	10560  -  ResidentSetSize of job (KB)
...
006 (1094747.049.000) 12/26 20:24:36 Image size of job updated: 150236
	112  -  MemoryUsage of job (MB)
	114420  -  ResidentSetSize of job (KB)
...
006 (1094747.049.000) 12/26 20:26:05 Image size of job updated: 555392
	112  -  MemoryUsage of job (MB)
	114420  -  ResidentSetSize of job (KB)
...
040 (1094747.049.000) 12/26 20:26:05 Started transferring output files
...
040 (1094747.049.000) 12/26 20:26:05 Finished transferring output files
...
005 (1094747.049.000) 12/26 20:26:05 Job terminated.
	(1) Normal termination (return value 0)
		Usr 0 00:02:42, Sys 0 00:00:46  -  Run Remote Usage
		Usr 0 00:00:00, Sys 0 00:00:00  -  Run Local Usage
		Usr 0 00:02:42, Sys 0 00:00:46  -  Total Remote Usage
		Usr 0 00:00:00, Sys 0 00:00:00  -  Total Local Usage
	177563  -  Run Bytes Sent By Job
	459969  -  Run Bytes Received By Job
	177563  -  Total Bytes Sent By Job
	459969  -  Total Bytes Received By Job
	Partitionable Resources :    Usage  Request Allocated 
	   Cpus                 :     0.61        1         1 
	   Disk (KB)            :   644         450    191122 
	   Memory (MB)          :   112        2000      2000 
...
