000 (1094747.094.000) 12/26 20:16:18 Job submitted from host: <188.185.71.83:9618?addrs=188.185.71.83-9618+[2001-1458-d00-7--100-34d]-9618&alias=bigbird18.cern.ch&noUDP&sock=schedd_3557371_31ee_11>
...
040 (1094747.094.000) 12/26 20:24:55 Started transferring input files
	Transferring to host: <188.184.68.22:9618?addrs=188.184.68.22-9618&noUDP&sock=28768_688b_51235>
...
040 (1094747.094.000) 12/26 20:24:55 Finished transferring input files
...
001 (1094747.094.000) 12/26 20:24:56 Job executing on host: <188.184.68.22:9618?addrs=188.184.68.22-9618&noUDP&sock=22256_57e2_11>
...
006 (1094747.094.000) 12/26 20:25:05 Image size of job updated: 15736
	16  -  MemoryUsage of job (MB)
	15560  -  ResidentSetSize of job (KB)
...
006 (1094747.094.000) 12/26 20:30:06 Image size of job updated: 15760
	16  -  MemoryUsage of job (MB)
	15584  -  ResidentSetSize of job (KB)
...
006 (1094747.094.000) 12/26 20:35:06 Image size of job updated: 15792
	16  -  MemoryUsage of job (MB)
	15616  -  ResidentSetSize of job (KB)
...
006 (1094747.094.000) 12/26 20:40:06 Image size of job updated: 15844
	16  -  MemoryUsage of job (MB)
	15668  -  ResidentSetSize of job (KB)
...
006 (1094747.094.000) 12/26 20:45:07 Image size of job updated: 15848
	16  -  MemoryUsage of job (MB)
	15672  -  ResidentSetSize of job (KB)
...
006 (1094747.094.000) 12/26 20:50:07 Image size of job updated: 15864
	16  -  MemoryUsage of job (MB)
	15688  -  ResidentSetSize of job (KB)
...
006 (1094747.094.000) 12/26 20:55:07 Image size of job updated: 15888
	16  -  MemoryUsage of job (MB)
	15712  -  ResidentSetSize of job (KB)
...
006 (1094747.094.000) 12/26 21:00:08 Image size of job updated: 15900
	16  -  MemoryUsage of job (MB)
	15724  -  ResidentSetSize of job (KB)
...
006 (1094747.094.000) 12/26 21:05:08 Image size of job updated: 15924
	16  -  MemoryUsage of job (MB)
	15748  -  ResidentSetSize of job (KB)
...
006 (1094747.094.000) 12/26 21:15:09 Image size of job updated: 18448
	16  -  MemoryUsage of job (MB)
	16348  -  ResidentSetSize of job (KB)
...
040 (1094747.094.000) 12/26 21:16:38 Started transferring output files
...
040 (1094747.094.000) 12/26 21:16:38 Finished transferring output files
...
005 (1094747.094.000) 12/26 21:16:39 Job terminated.
	(1) Normal termination (return value 0)
		Usr 0 00:01:26, Sys 0 00:01:02  -  Run Remote Usage
		Usr 0 00:00:00, Sys 0 00:00:00  -  Run Local Usage
		Usr 0 00:01:26, Sys 0 00:01:02  -  Total Remote Usage
		Usr 0 00:00:00, Sys 0 00:00:00  -  Total Local Usage
	166305  -  Run Bytes Sent By Job
	460044  -  Run Bytes Received By Job
	166305  -  Total Bytes Sent By Job
	460044  -  Total Bytes Received By Job
	Partitionable Resources :    Usage  Request Allocated 
	   Cpus                 :     0.00        1         1 
	   Disk (KB)            :   633         450    188150 
	   Memory (MB)          :    16        2000      2000 
...
