000 (1094747.194.000) 12/26 20:16:18 Job submitted from host: <188.185.71.83:9618?addrs=188.185.71.83-9618+[2001-1458-d00-7--100-34d]-9618&alias=bigbird18.cern.ch&noUDP&sock=schedd_3557371_31ee_11>
...
040 (1094747.194.000) 12/26 20:25:05 Started transferring input files
	Transferring to host: <188.184.183.175:9618?addrs=188.184.183.175-9618+[2001-1458-301-2b--100-1db]-9618&noUDP&sock=23886_9904_116116>
...
040 (1094747.194.000) 12/26 20:25:05 Finished transferring input files
...
001 (1094747.194.000) 12/26 20:25:06 Job executing on host: <188.184.183.175:9618?addrs=188.184.183.175-9618+[2001-1458-301-2b--100-1db]-9618&noUDP&sock=6465_07de_3>
...
006 (1094747.194.000) 12/26 20:25:15 Image size of job updated: 15740
	16  -  MemoryUsage of job (MB)
	15564  -  ResidentSetSize of job (KB)
...
006 (1094747.194.000) 12/26 20:30:15 Image size of job updated: 15832
	16  -  MemoryUsage of job (MB)
	15656  -  ResidentSetSize of job (KB)
...
006 (1094747.194.000) 12/26 20:35:15 Image size of job updated: 15928
	16  -  MemoryUsage of job (MB)
	15752  -  ResidentSetSize of job (KB)
...
006 (1094747.194.000) 12/26 20:40:16 Image size of job updated: 16004
	16  -  MemoryUsage of job (MB)
	15828  -  ResidentSetSize of job (KB)
...
006 (1094747.194.000) 12/26 20:45:16 Image size of job updated: 16088
	16  -  MemoryUsage of job (MB)
	15912  -  ResidentSetSize of job (KB)
...
006 (1094747.194.000) 12/26 20:50:16 Image size of job updated: 16188
	16  -  MemoryUsage of job (MB)
	16012  -  ResidentSetSize of job (KB)
...
006 (1094747.194.000) 12/26 20:55:17 Image size of job updated: 16272
	16  -  MemoryUsage of job (MB)
	16096  -  ResidentSetSize of job (KB)
...
006 (1094747.194.000) 12/26 21:00:17 Image size of job updated: 16416
	16  -  MemoryUsage of job (MB)
	16240  -  ResidentSetSize of job (KB)
...
006 (1094747.194.000) 12/26 21:05:17 Image size of job updated: 16552
	16  -  MemoryUsage of job (MB)
	16376  -  ResidentSetSize of job (KB)
...
006 (1094747.194.000) 12/26 21:07:36 Image size of job updated: 117544
	16  -  MemoryUsage of job (MB)
	16376  -  ResidentSetSize of job (KB)
...
040 (1094747.194.000) 12/26 21:07:36 Started transferring output files
...
040 (1094747.194.000) 12/26 21:07:36 Finished transferring output files
...
005 (1094747.194.000) 12/26 21:07:36 Job terminated.
	(1) Normal termination (return value 0)
		Usr 0 00:01:27, Sys 0 00:00:48  -  Run Remote Usage
		Usr 0 00:00:00, Sys 0 00:00:00  -  Run Local Usage
		Usr 0 00:01:27, Sys 0 00:00:48  -  Total Remote Usage
		Usr 0 00:00:00, Sys 0 00:00:00  -  Total Local Usage
	166361  -  Run Bytes Sent By Job
	460069  -  Run Bytes Received By Job
	166361  -  Total Bytes Sent By Job
	460069  -  Total Bytes Received By Job
	Partitionable Resources :    Usage  Request Allocated 
	   Cpus                 :     0.13        1         1 
	   Disk (KB)            :   633         450    350399 
	   Memory (MB)          :    16        2000      2000 
...
