000 (1094747.109.000) 12/26 20:16:18 Job submitted from host: <188.185.71.83:9618?addrs=188.185.71.83-9618+[2001-1458-d00-7--100-34d]-9618&alias=bigbird18.cern.ch&noUDP&sock=schedd_3557371_31ee_11>
...
040 (1094747.109.000) 12/26 20:24:38 Started transferring input files
	Transferring to host: <188.184.211.222:9618?addrs=188.184.211.222-9618+[2001-1458-301-10b--100-1d3]-9618&noUDP&sock=18253_a3bf_44054>
...
040 (1094747.109.000) 12/26 20:24:38 Finished transferring input files
...
001 (1094747.109.000) 12/26 20:24:39 Job executing on host: <188.184.211.222:9618?addrs=188.184.211.222-9618+[2001-1458-301-10b--100-1d3]-9618&noUDP&sock=18118_04fd_3>
...
006 (1094747.109.000) 12/26 20:24:48 Image size of job updated: 15768
	16  -  MemoryUsage of job (MB)
	15592  -  ResidentSetSize of job (KB)
...
006 (1094747.109.000) 12/26 20:34:49 Image size of job updated: 15768
	16  -  MemoryUsage of job (MB)
	15756  -  ResidentSetSize of job (KB)
...
006 (1094747.109.000) 12/26 20:39:50 Image size of job updated: 15836
	16  -  MemoryUsage of job (MB)
	15836  -  ResidentSetSize of job (KB)
...
006 (1094747.109.000) 12/26 20:44:51 Image size of job updated: 15908
	16  -  MemoryUsage of job (MB)
	15908  -  ResidentSetSize of job (KB)
...
006 (1094747.109.000) 12/26 20:49:51 Image size of job updated: 16000
	16  -  MemoryUsage of job (MB)
	16000  -  ResidentSetSize of job (KB)
...
006 (1094747.109.000) 12/26 20:54:52 Image size of job updated: 16084
	16  -  MemoryUsage of job (MB)
	16084  -  ResidentSetSize of job (KB)
...
006 (1094747.109.000) 12/26 20:59:53 Image size of job updated: 16236
	16  -  MemoryUsage of job (MB)
	16236  -  ResidentSetSize of job (KB)
...
040 (1094747.109.000) 12/26 21:07:29 Started transferring output files
...
040 (1094747.109.000) 12/26 21:07:29 Finished transferring output files
...
005 (1094747.109.000) 12/26 21:07:29 Job terminated.
	(1) Normal termination (return value 0)
		Usr 0 00:01:25, Sys 0 00:00:51  -  Run Remote Usage
		Usr 0 00:00:00, Sys 0 00:00:00  -  Run Local Usage
		Usr 0 00:01:25, Sys 0 00:00:51  -  Total Remote Usage
		Usr 0 00:00:00, Sys 0 00:00:00  -  Total Local Usage
	166314  -  Run Bytes Sent By Job
	460045  -  Run Bytes Received By Job
	166314  -  Total Bytes Sent By Job
	460045  -  Total Bytes Received By Job
	Partitionable Resources :    Usage  Request Allocated 
	   Cpus                 :     0.08        1         1 
	   Disk (KB)            :   634         450    351888 
	   Memory (MB)          :    16        2000      2000 
...
