000 (1094747.017.000) 12/26 20:16:18 Job submitted from host: <188.185.71.83:9618?addrs=188.185.71.83-9618+[2001-1458-d00-7--100-34d]-9618&alias=bigbird18.cern.ch&noUDP&sock=schedd_3557371_31ee_11>
...
040 (1094747.017.000) 12/26 20:19:18 Started transferring input files
	Transferring to host: <188.185.105.99:9618?addrs=188.185.105.99-9618+[2001-1458-d00-3e--100-2ae]-9618&noUDP&sock=17868_5f50_36805>
...
040 (1094747.017.000) 12/26 20:19:18 Finished transferring input files
...
001 (1094747.017.000) 12/26 20:19:19 Job executing on host: <188.185.105.99:9618?addrs=188.185.105.99-9618+[2001-1458-d00-3e--100-2ae]-9618&noUDP&sock=17732_416e_3>
...
006 (1094747.017.000) 12/26 20:19:28 Image size of job updated: 15792
	16  -  MemoryUsage of job (MB)
	15616  -  ResidentSetSize of job (KB)
...
006 (1094747.017.000) 12/26 20:24:10 Image size of job updated: 181212
	16  -  MemoryUsage of job (MB)
	15616  -  ResidentSetSize of job (KB)
...
040 (1094747.017.000) 12/26 20:24:10 Started transferring output files
...
040 (1094747.017.000) 12/26 20:24:10 Finished transferring output files
...
005 (1094747.017.000) 12/26 20:24:10 Job terminated.
	(1) Normal termination (return value 0)
		Usr 0 00:01:42, Sys 0 00:00:29  -  Run Remote Usage
		Usr 0 00:00:00, Sys 0 00:00:00  -  Run Local Usage
		Usr 0 00:01:42, Sys 0 00:00:29  -  Total Remote Usage
		Usr 0 00:00:00, Sys 0 00:00:00  -  Total Local Usage
	168605  -  Run Bytes Sent By Job
	460046  -  Run Bytes Received By Job
	168605  -  Total Bytes Sent By Job
	460046  -  Total Bytes Received By Job
	Partitionable Resources :    Usage  Request Allocated 
	   Cpus                 :     0.81        1         1 
	   Disk (KB)            :   636         450    498474 
	   Memory (MB)          :    16        2000      2000 
...
