000 (1094747.021.000) 12/26 20:16:18 Job submitted from host: <188.185.71.83:9618?addrs=188.185.71.83-9618+[2001-1458-d00-7--100-34d]-9618&alias=bigbird18.cern.ch&noUDP&sock=schedd_3557371_31ee_11>
...
040 (1094747.021.000) 12/26 20:19:35 Started transferring input files
	Transferring to host: <188.185.105.8:9618?addrs=188.185.105.8-9618+[2001-1458-d00-3e--100-254]-9618&noUDP&sock=18663_8590_36388>
...
040 (1094747.021.000) 12/26 20:19:35 Finished transferring input files
...
001 (1094747.021.000) 12/26 20:19:36 Job executing on host: <188.185.105.8:9618?addrs=188.185.105.8-9618+[2001-1458-d00-3e--100-254]-9618&noUDP&sock=18551_057f_3>
...
006 (1094747.021.000) 12/26 20:19:44 Image size of job updated: 15800
	16  -  MemoryUsage of job (MB)
	15624  -  ResidentSetSize of job (KB)
...
006 (1094747.021.000) 12/26 20:24:13 Image size of job updated: 180584
	16  -  MemoryUsage of job (MB)
	15624  -  ResidentSetSize of job (KB)
...
040 (1094747.021.000) 12/26 20:24:13 Started transferring output files
...
040 (1094747.021.000) 12/26 20:24:13 Finished transferring output files
...
005 (1094747.021.000) 12/26 20:24:13 Job terminated.
	(1) Normal termination (return value 0)
		Usr 0 00:01:55, Sys 0 00:00:30  -  Run Remote Usage
		Usr 0 00:00:00, Sys 0 00:00:00  -  Run Local Usage
		Usr 0 00:01:55, Sys 0 00:00:30  -  Total Remote Usage
		Usr 0 00:00:00, Sys 0 00:00:00  -  Total Local Usage
	168610  -  Run Bytes Sent By Job
	460047  -  Run Bytes Received By Job
	168610  -  Total Bytes Sent By Job
	460047  -  Total Bytes Received By Job
	Partitionable Resources :    Usage  Request Allocated 
	   Cpus                 :     0.78        1         1 
	   Disk (KB)            :   636         450    584361 
	   Memory (MB)          :    16        2000      2000 
...
