000 (1094747.162.000) 12/26 20:16:18 Job submitted from host: <188.185.71.83:9618?addrs=188.185.71.83-9618+[2001-1458-d00-7--100-34d]-9618&alias=bigbird18.cern.ch&noUDP&sock=schedd_3557371_31ee_11>
...
040 (1094747.162.000) 12/26 20:25:19 Started transferring input files
	Transferring to host: <128.142.67.127:9618?addrs=128.142.67.127-9618&noUDP&sock=2518_e89f_67711>
...
040 (1094747.162.000) 12/26 20:25:19 Finished transferring input files
...
001 (1094747.162.000) 12/26 20:25:20 Job executing on host: <128.142.67.127:9618?addrs=128.142.67.127-9618&noUDP&sock=1913_bcc3_3>
...
006 (1094747.162.000) 12/26 20:25:29 Image size of job updated: 15760
	16  -  MemoryUsage of job (MB)
	15584  -  ResidentSetSize of job (KB)
...
006 (1094747.162.000) 12/26 20:30:30 Image size of job updated: 15900
	16  -  MemoryUsage of job (MB)
	15724  -  ResidentSetSize of job (KB)
...
006 (1094747.162.000) 12/26 20:35:30 Image size of job updated: 16036
	16  -  MemoryUsage of job (MB)
	15860  -  ResidentSetSize of job (KB)
...
006 (1094747.162.000) 12/26 20:40:30 Image size of job updated: 16184
	16  -  MemoryUsage of job (MB)
	16008  -  ResidentSetSize of job (KB)
...
006 (1094747.162.000) 12/26 20:45:31 Image size of job updated: 16324
	16  -  MemoryUsage of job (MB)
	16148  -  ResidentSetSize of job (KB)
...
006 (1094747.162.000) 12/26 20:50:31 Image size of job updated: 16500
	16  -  MemoryUsage of job (MB)
	16324  -  ResidentSetSize of job (KB)
...
006 (1094747.162.000) 12/26 20:55:31 Image size of job updated: 24536
	16  -  MemoryUsage of job (MB)
	16324  -  ResidentSetSize of job (KB)
...
006 (1094747.162.000) 12/26 20:55:39 Image size of job updated: 100384
	16  -  MemoryUsage of job (MB)
	16324  -  ResidentSetSize of job (KB)
...
040 (1094747.162.000) 12/26 20:55:39 Started transferring output files
...
040 (1094747.162.000) 12/26 20:55:39 Finished transferring output files
...
005 (1094747.162.000) 12/26 20:55:39 Job terminated.
	(1) Normal termination (return value 0)
		Usr 0 00:01:13, Sys 0 00:00:44  -  Run Remote Usage
		Usr 0 00:00:00, Sys 0 00:00:00  -  Run Local Usage
		Usr 0 00:01:13, Sys 0 00:00:44  -  Total Remote Usage
		Usr 0 00:00:00, Sys 0 00:00:00  -  Total Local Usage
	166361  -  Run Bytes Sent By Job
	460069  -  Run Bytes Received By Job
	166361  -  Total Bytes Sent By Job
	460069  -  Total Bytes Received By Job
	Partitionable Resources :    Usage  Request Allocated 
	   Cpus                 :     0.10        1         1 
	   Disk (KB)            :   633         450    253526 
	   Memory (MB)          :    16        2000      2000 
...
