000 (1094747.209.000) 12/26 20:16:18 Job submitted from host: <188.185.71.83:9618?addrs=188.185.71.83-9618+[2001-1458-d00-7--100-34d]-9618&alias=bigbird18.cern.ch&noUDP&sock=schedd_3557371_31ee_11>
...
040 (1094747.209.000) 12/26 20:25:13 Started transferring input files
	Transferring to host: <128.142.109.7:9618?addrs=128.142.109.7-9618&noUDP&sock=2107_526f_127337>
...
040 (1094747.209.000) 12/26 20:25:13 Finished transferring input files
...
001 (1094747.209.000) 12/26 20:25:14 Job executing on host: <128.142.109.7:9618?addrs=128.142.109.7-9618&noUDP&sock=1923_98b6_3>
...
006 (1094747.209.000) 12/26 20:25:23 Image size of job updated: 15620
	16  -  MemoryUsage of job (MB)
	15572  -  ResidentSetSize of job (KB)
...
006 (1094747.209.000) 12/26 20:30:24 Image size of job updated: 15732
	16  -  MemoryUsage of job (MB)
	15684  -  ResidentSetSize of job (KB)
...
006 (1094747.209.000) 12/26 20:35:24 Image size of job updated: 15856
	16  -  MemoryUsage of job (MB)
	15808  -  ResidentSetSize of job (KB)
...
006 (1094747.209.000) 12/26 20:40:24 Image size of job updated: 15936
	16  -  MemoryUsage of job (MB)
	15888  -  ResidentSetSize of job (KB)
...
006 (1094747.209.000) 12/26 20:45:25 Image size of job updated: 16020
	16  -  MemoryUsage of job (MB)
	15972  -  ResidentSetSize of job (KB)
...
006 (1094747.209.000) 12/26 20:50:25 Image size of job updated: 16100
	16  -  MemoryUsage of job (MB)
	16052  -  ResidentSetSize of job (KB)
...
006 (1094747.209.000) 12/26 20:55:25 Image size of job updated: 16196
	16  -  MemoryUsage of job (MB)
	16148  -  ResidentSetSize of job (KB)
...
006 (1094747.209.000) 12/26 21:00:26 Image size of job updated: 16376
	16  -  MemoryUsage of job (MB)
	16328  -  ResidentSetSize of job (KB)
...
006 (1094747.209.000) 12/26 21:05:07 Image size of job updated: 147240
	16  -  MemoryUsage of job (MB)
	16328  -  ResidentSetSize of job (KB)
...
040 (1094747.209.000) 12/26 21:05:07 Started transferring output files
...
040 (1094747.209.000) 12/26 21:05:07 Finished transferring output files
...
005 (1094747.209.000) 12/26 21:05:07 Job terminated.
	(1) Normal termination (return value 0)
		Usr 0 00:01:11, Sys 0 00:00:56  -  Run Remote Usage
		Usr 0 00:00:00, Sys 0 00:00:00  -  Run Local Usage
		Usr 0 00:01:11, Sys 0 00:00:56  -  Total Remote Usage
		Usr 0 00:00:00, Sys 0 00:00:00  -  Total Local Usage
	166363  -  Run Bytes Sent By Job
	460070  -  Run Bytes Received By Job
	166363  -  Total Bytes Sent By Job
	460070  -  Total Bytes Received By Job
	Partitionable Resources :    Usage  Request Allocated 
	   Cpus                 :     0.05        1         1 
	   Disk (KB)            :   633         450    216187 
	   Memory (MB)          :    16        2000      2000 
...
