000 (1616327.175.000) 07/08 09:29:26 Job submitted from host: <188.185.71.83:9618?addrs=188.185.71.83-9618+[2001-1458-d00-7--100-34d]-9618&alias=bigbird18.cern.ch&noUDP&sock=schedd_1990_8d8e>
...
040 (1616327.175.000) 07/08 09:33:08 Started transferring input files
	Transferring to host: <128.142.56.68:9618?addrs=128.142.56.68-9618+[2001-1458-301-6--100-43]-9618&alias=b7s01p2709.cern.ch&noUDP&sock=slot1_10_50481_2e5e_2706>
...
040 (1616327.175.000) 07/08 09:33:09 Finished transferring input files
...
001 (1616327.175.000) 07/08 09:33:09 Job executing on host: <128.142.56.68:9618?addrs=128.142.56.68-9618+[2001-1458-301-6--100-43]-9618&alias=b7s01p2709.cern.ch&noUDP&sock=startd_47390_2d3f>
...
006 (1616327.175.000) 07/08 09:33:18 Image size of job updated: 511272
	124  -  MemoryUsage of job (MB)
	126612  -  ResidentSetSize of job (KB)
...
006 (1616327.175.000) 07/08 09:38:19 Image size of job updated: 560172
	141  -  MemoryUsage of job (MB)
	144100  -  ResidentSetSize of job (KB)
...
006 (1616327.175.000) 07/08 09:42:35 Image size of job updated: 561032
	141  -  MemoryUsage of job (MB)
	144100  -  ResidentSetSize of job (KB)
...
040 (1616327.175.000) 07/08 09:42:38 Started transferring output files
...
040 (1616327.175.000) 07/08 09:42:39 Finished transferring output files
...
005 (1616327.175.000) 07/08 09:42:42 Job terminated.
	(1) Normal termination (return value 0)
		Usr 0 00:08:29, Sys 0 00:00:05  -  Run Remote Usage
		Usr 0 00:00:00, Sys 0 00:00:00  -  Run Local Usage
		Usr 0 00:08:29, Sys 0 00:00:05  -  Total Remote Usage
		Usr 0 00:00:00, Sys 0 00:00:00  -  Total Local Usage
	10062  -  Run Bytes Sent By Job
	601138  -  Run Bytes Received By Job
	10062  -  Total Bytes Sent By Job
	601138  -  Total Bytes Received By Job
	Partitionable Resources :    Usage  Request Allocated 
	   Cpus                 :     1.00        1         1 
	   Disk (KB)            : 43907         750   1287901 
	   Memory (MB)          :   141        2000      2000 

	Job terminated of its own accord at 2021-07-08T07:42:35Z.
...
