000 (1616327.195.000) 07/08 09:29:26 Job submitted from host: <188.185.71.83:9618?addrs=188.185.71.83-9618+[2001-1458-d00-7--100-34d]-9618&alias=bigbird18.cern.ch&noUDP&sock=schedd_1990_8d8e>
...
040 (1616327.195.000) 07/08 09:33:34 Started transferring input files
	Transferring to host: <128.142.57.110:9618?addrs=128.142.57.110-9618+[2001-1458-301-7--100-6d]-9618&alias=b7s02p4788.cern.ch&noUDP&sock=slot1_31_4110_9de0_2234>
...
040 (1616327.195.000) 07/08 09:33:35 Finished transferring input files
...
001 (1616327.195.000) 07/08 09:33:36 Job executing on host: <128.142.57.110:9618?addrs=128.142.57.110-9618+[2001-1458-301-7--100-6d]-9618&alias=b7s02p4788.cern.ch&noUDP&sock=startd_3655_9abe>
...
006 (1616327.195.000) 07/08 09:33:44 Image size of job updated: 445448
	139  -  MemoryUsage of job (MB)
	141320  -  ResidentSetSize of job (KB)
...
006 (1616327.195.000) 07/08 09:34:33 Image size of job updated: 559412
	139  -  MemoryUsage of job (MB)
	141320  -  ResidentSetSize of job (KB)
...
040 (1616327.195.000) 07/08 09:34:33 Started transferring output files
...
040 (1616327.195.000) 07/08 09:34:34 Finished transferring output files
...
005 (1616327.195.000) 07/08 09:34:34 Job terminated.
	(1) Normal termination (return value 0)
		Usr 0 00:00:48, Sys 0 00:00:01  -  Run Remote Usage
		Usr 0 00:00:00, Sys 0 00:00:00  -  Run Local Usage
		Usr 0 00:00:48, Sys 0 00:00:01  -  Total Remote Usage
		Usr 0 00:00:00, Sys 0 00:00:00  -  Total Local Usage
	11491  -  Run Bytes Sent By Job
	602075  -  Run Bytes Received By Job
	11491  -  Total Bytes Sent By Job
	602075  -  Total Bytes Received By Job
	Partitionable Resources :    Usage  Request Allocated 
	   Cpus                 :                 1         1 
	   Disk (KB)            :    43560      750   1308290 
	   Memory (MB)          :      139     2000      2000 

	Job terminated of its own accord at 2021-07-08T07:34:33Z.
...
