Starting job on  Thu Jul 8 09:33:20 CEST 2021
Running on: Linux b7s02p4192.cern.ch 3.10.0-1160.31.1.el7.x86_64 #1 SMP Thu Jun 10 13:32:12 UTC 2021 x86_64 x86_64 x86_64 GNU/Linux
System software: CentOS Linux release 7.9.2009 (Core) 
PWD: /pool/condor/dir_40641
Resetting caches
Done: ProjectRename
Arjun_skim.py
Condor_Job_Submit_UL_NANO_BkG.jdl
Condor_Job_UL_NANO_BkG.sh
DataUL17_Analyzer_NANO_AOD_with_LepJetClean.C
DataUL17_Analyzer_NANO_AOD_with_LepJetClean.h
Data_Condor_Job_Submit_UL_NANO_BkG.jdl
Data_Condor_Job_UL_NANO_BkG.sh
Data_jobsubmit_script
Generate_PileUp_File_Using_TTbar.C
MC_Analyzer_NANO_AOD.C
MC_Analyzer_NANO_AOD.h
MC_Condor_Job_Submit_UL_NANO_BkG.jdl
MC_Condor_Job_UL_NANO_BkG.sh
MC_jobsubmit_script
NANOV2_GenPart_UL17_Analyzer.C
NANO_AOD_Ntuple_Analyzer.h
NewPT.txt
PUPPI.exe
PileUp_ScalefactorsUL2017_16Mar21.root
PileUp_ScalefactorsUL2017_24Mar21.root
PileUp_ScalefactorsUL2017_24Mar21_66.root
PileUp_ScalefactorsUL2017_24Mar21_724.root
Sample_Header.h
TTbar_UL16_test.txt
TTbar_test.txt
UL17_Analyzer_NANO_AOD.C
UL17_Analyzer_NANO_AOD.h
UL17_Analyzer_NANO_AOD_with_LepJetClean.h
UL17_Analyzer_NANO_AOD_with_LepJetClean_v1.h
achhetri.cc
crab.log
jobsubmit_script
out
output_log
run_cmnd
============================================
 FileName =/eos/user/a/achhetri/Tprime_v5_NANo_AOD_106X/ST_t-channel_antitop_4f_InclusiveDecays_TuneCP5_13TeV-powheg-madspin-pythia8/ST_t-channel_antitop_4f_inclusiveDecays/210414_094828/0000/tree_20.root , Events= 550  file= /eos/user/a/achhetri/Tprime_v5_NANo_AOD_106X/ST_t-channel_antitop_4f_InclusiveDecays_TuneCP5_13TeV-powheg-madspin-pythia8/ST_t-channel_antitop_4f_inclusiveDecays/210414_094828/0000/tree_20.root
 FileName =/eos/user/a/achhetri/Tprime_v5_NANo_AOD_106X/ST_t-channel_antitop_4f_InclusiveDecays_TuneCP5_13TeV-powheg-madspin-pythia8/ST_t-channel_antitop_4f_inclusiveDecays/210414_094828/0000/tree_3.root , Events= 12258  file= /eos/user/a/achhetri/Tprime_v5_NANo_AOD_106X/ST_t-channel_antitop_4f_InclusiveDecays_TuneCP5_13TeV-powheg-madspin-pythia8/ST_t-channel_antitop_4f_inclusiveDecays/210414_094828/0000/tree_3.root
 FileName =/eos/user/a/achhetri/Tprime_v5_NANo_AOD_106X/ST_t-channel_antitop_4f_InclusiveDecays_TuneCP5_13TeV-powheg-madspin-pythia8/ST_t-channel_antitop_4f_inclusiveDecays/210414_094828/0000/tree_4.root , Events= 13559  file= /eos/user/a/achhetri/Tprime_v5_NANo_AOD_106X/ST_t-channel_antitop_4f_InclusiveDecays_TuneCP5_13TeV-powheg-madspin-pythia8/ST_t-channel_antitop_4f_inclusiveDecays/210414_094828/0000/tree_4.root
 FileName =/eos/user/a/achhetri/Tprime_v5_NANo_AOD_106X/ST_t-channel_antitop_4f_InclusiveDecays_TuneCP5_13TeV-powheg-madspin-pythia8/ST_t-channel_antitop_4f_inclusiveDecays/210414_094828/0000/tree_5.root , Events= 23580  file= /eos/user/a/achhetri/Tprime_v5_NANo_AOD_106X/ST_t-channel_antitop_4f_InclusiveDecays_TuneCP5_13TeV-powheg-madspin-pythia8/ST_t-channel_antitop_4f_inclusiveDecays/210414_094828/0000/tree_5.root
 FileName =/eos/user/a/achhetri/Tprime_v5_NANo_AOD_106X/ST_t-channel_antitop_4f_InclusiveDecays_TuneCP5_13TeV-powheg-madspin-pythia8/ST_t-channel_antitop_4f_inclusiveDecays/210414_094828/0000/tree_6.root , Events= 33960  file= /eos/user/a/achhetri/Tprime_v5_NANo_AOD_106X/ST_t-channel_antitop_4f_InclusiveDecays_TuneCP5_13TeV-powheg-madspin-pythia8/ST_t-channel_antitop_4f_inclusiveDecays/210414_094828/0000/tree_6.root
 FileName =/eos/user/a/achhetri/Tprime_v5_NANo_AOD_106X/ST_t-channel_antitop_4f_InclusiveDecays_TuneCP5_13TeV-powheg-madspin-pythia8/ST_t-channel_antitop_4f_inclusiveDecays/210414_094828/0000/tree_7.root , Events= 46888  file= /eos/user/a/achhetri/Tprime_v5_NANo_AOD_106X/ST_t-channel_antitop_4f_InclusiveDecays_TuneCP5_13TeV-powheg-madspin-pythia8/ST_t-channel_antitop_4f_inclusiveDecays/210414_094828/0000/tree_7.root

 For Sample = ST_t-channel_antitop_4f_inclusiveDecays   Xsections = 69090 && Events = 2.42656e+07

 Factor for ../Analyzed_Files_Nano_AOD/UL17_Bkg/root_file_list/ST_t-channel_antitop_4f_inclusiveDecays_UL17_v2_3 is = 0.118246
 Yo man It works
 For Sample = ST_t-channel_antitop_4f_inclusiveDecays   Xsections = 69090 && Events = 2.42656e+07

 Factor for ../Analyzed_Files_Nano_AOD/UL17_Bkg/root_file_list/ST_t-channel_antitop_4f_inclusiveDecays_UL17_v2_3 is = 0.118246
 Yo man It worksPWD: /pool/condor/dir_40641/CMSSW_10_6_8/src/Phase_III_Analysis_with_NanoAOD/NANO_AOD_Analyzer
====> List output files : 
Thu Jul  8 09:34:14 CEST 2021
