000 (1616327.059.000) 07/08 09:29:25 Job submitted from host: <188.185.71.83:9618?addrs=188.185.71.83-9618+[2001-1458-d00-7--100-34d]-9618&alias=bigbird18.cern.ch&noUDP&sock=schedd_1990_8d8e>
...
040 (1616327.059.000) 07/08 09:32:03 Started transferring input files
	Transferring to host: <128.142.57.110:9618?addrs=128.142.57.110-9618+[2001-1458-301-7--100-6d]-9618&alias=b7s02p4788.cern.ch&noUDP&sock=slot1_32_4110_9de0_2232>
...
040 (1616327.059.000) 07/08 09:32:03 Finished transferring input files
...
001 (1616327.059.000) 07/08 09:32:04 Job executing on host: <128.142.57.110:9618?addrs=128.142.57.110-9618+[2001-1458-301-7--100-6d]-9618&alias=b7s02p4788.cern.ch&noUDP&sock=startd_3655_9abe>
...
006 (1616327.059.000) 07/08 09:32:13 Image size of job updated: 483976
	137  -  MemoryUsage of job (MB)
	139540  -  ResidentSetSize of job (KB)
...
006 (1616327.059.000) 07/08 09:36:21 Image size of job updated: 557128
	137  -  MemoryUsage of job (MB)
	139540  -  ResidentSetSize of job (KB)
...
040 (1616327.059.000) 07/08 09:36:22 Started transferring output files
...
040 (1616327.059.000) 07/08 09:36:22 Finished transferring output files
...
005 (1616327.059.000) 07/08 09:36:22 Job terminated.
	(1) Normal termination (return value 0)
		Usr 0 00:03:52, Sys 0 00:00:02  -  Run Remote Usage
		Usr 0 00:00:00, Sys 0 00:00:00  -  Run Local Usage
		Usr 0 00:03:52, Sys 0 00:00:02  -  Total Remote Usage
		Usr 0 00:00:00, Sys 0 00:00:00  -  Total Local Usage
	10572  -  Run Bytes Sent By Job
	601670  -  Run Bytes Received By Job
	10572  -  Total Bytes Sent By Job
	601670  -  Total Bytes Received By Job
	Partitionable Resources :    Usage  Request Allocated 
	   Cpus                 :                 1         1 
	   Disk (KB)            :    43558      750   1309005 
	   Memory (MB)          :      137     2000      2000 

	Job terminated of its own accord at 2021-07-08T07:36:21Z.
...
