000 (1616327.088.000) 07/08 09:29:26 Job submitted from host: <188.185.71.83:9618?addrs=188.185.71.83-9618+[2001-1458-d00-7--100-34d]-9618&alias=bigbird18.cern.ch&noUDP&sock=schedd_1990_8d8e>
...
040 (1616327.088.000) 07/08 09:32:16 Started transferring input files
	Transferring to host: <188.184.138.177:9618?addrs=188.184.138.177-9618+[2001-1458-301-45--100-a3]-9618&alias=b7g42n0317.cern.ch&noUDP&sock=slot1_10_4874_ec7f_61551>
...
040 (1616327.088.000) 07/08 09:32:16 Finished transferring input files
...
001 (1616327.088.000) 07/08 09:32:17 Job executing on host: <188.184.138.177:9618?addrs=188.184.138.177-9618+[2001-1458-301-45--100-a3]-9618&alias=b7g42n0317.cern.ch&noUDP&sock=startd_3700_7881>
...
006 (1616327.088.000) 07/08 09:32:25 Image size of job updated: 414532
	50  -  MemoryUsage of job (MB)
	50396  -  ResidentSetSize of job (KB)
...
006 (1616327.088.000) 07/08 09:37:25 Image size of job updated: 563836
	160  -  MemoryUsage of job (MB)
	163184  -  ResidentSetSize of job (KB)
...
006 (1616327.088.000) 07/08 09:42:26 Image size of job updated: 566080
	161  -  MemoryUsage of job (MB)
	164036  -  ResidentSetSize of job (KB)
...
006 (1616327.088.000) 07/08 09:47:26 Image size of job updated: 566080
	161  -  MemoryUsage of job (MB)
	164668  -  ResidentSetSize of job (KB)
...
040 (1616327.088.000) 07/08 09:49:57 Started transferring output files
...
040 (1616327.088.000) 07/08 09:49:57 Finished transferring output files
...
005 (1616327.088.000) 07/08 09:49:58 Job terminated.
	(1) Normal termination (return value 0)
		Usr 0 00:14:42, Sys 0 00:00:08  -  Run Remote Usage
		Usr 0 00:00:00, Sys 0 00:00:00  -  Run Local Usage
		Usr 0 00:14:42, Sys 0 00:00:08  -  Total Remote Usage
		Usr 0 00:00:00, Sys 0 00:00:00  -  Total Local Usage
	34060  -  Run Bytes Sent By Job
	601852  -  Run Bytes Received By Job
	34060  -  Total Bytes Sent By Job
	601852  -  Total Bytes Received By Job
	Partitionable Resources :    Usage  Request Allocated 
	   Cpus                 :     1.00        1         1 
	   Disk (KB)            : 43812         750    282434 
	   Memory (MB)          :   161        2000      2000 

	Job terminated of its own accord at 2021-07-08T07:49:57Z.
...
