000 (1616327.054.000) 07/08 09:29:25 Job submitted from host: <188.185.71.83:9618?addrs=188.185.71.83-9618+[2001-1458-d00-7--100-34d]-9618&alias=bigbird18.cern.ch&noUDP&sock=schedd_1990_8d8e>
...
040 (1616327.054.000) 07/08 09:32:02 Started transferring input files
	Transferring to host: <188.184.138.177:9618?addrs=188.184.138.177-9618+[2001-1458-301-45--100-a3]-9618&alias=b7g42n0317.cern.ch&noUDP&sock=slot1_7_4874_ec7f_61550>
...
040 (1616327.054.000) 07/08 09:32:03 Finished transferring input files
...
001 (1616327.054.000) 07/08 09:32:04 Job executing on host: <188.184.138.177:9618?addrs=188.184.138.177-9618+[2001-1458-301-45--100-a3]-9618&alias=b7g42n0317.cern.ch&noUDP&sock=startd_3700_7881>
...
006 (1616327.054.000) 07/08 09:32:12 Image size of job updated: 380900
	65  -  MemoryUsage of job (MB)
	66548  -  ResidentSetSize of job (KB)
...
006 (1616327.054.000) 07/08 09:37:12 Image size of job updated: 561096
	156  -  MemoryUsage of job (MB)
	159716  -  ResidentSetSize of job (KB)
...
040 (1616327.054.000) 07/08 09:39:37 Started transferring output files
...
040 (1616327.054.000) 07/08 09:39:37 Finished transferring output files
...
005 (1616327.054.000) 07/08 09:39:38 Job terminated.
	(1) Normal termination (return value 0)
		Usr 0 00:06:04, Sys 0 00:00:04  -  Run Remote Usage
		Usr 0 00:00:00, Sys 0 00:00:00  -  Run Local Usage
		Usr 0 00:06:04, Sys 0 00:00:04  -  Total Remote Usage
		Usr 0 00:00:00, Sys 0 00:00:00  -  Total Local Usage
	10573  -  Run Bytes Sent By Job
	601671  -  Run Bytes Received By Job
	10573  -  Total Bytes Sent By Job
	601671  -  Total Bytes Received By Job
	Partitionable Resources :    Usage  Request Allocated 
	   Cpus                 :     0.62        1         1 
	   Disk (KB)            : 43918         750    282490 
	   Memory (MB)          :   156        2000      2000 

	Job terminated of its own accord at 2021-07-08T07:39:37Z.
...
