000 (1616327.188.000) 07/08 09:29:26 Job submitted from host: <188.185.71.83:9618?addrs=188.185.71.83-9618+[2001-1458-d00-7--100-34d]-9618&alias=bigbird18.cern.ch&noUDP&sock=schedd_1990_8d8e>
...
040 (1616327.188.000) 07/08 09:33:17 Started transferring input files
	Transferring to host: <128.142.57.13:9618?addrs=128.142.57.13-9618+[2001-1458-301-7--100-c]-9618&alias=b7s02p5809.cern.ch&noUDP&sock=slot1_17_6654_1848_2464>
...
040 (1616327.188.000) 07/08 09:33:17 Finished transferring input files
...
001 (1616327.188.000) 07/08 09:33:18 Job executing on host: <128.142.57.13:9618?addrs=128.142.57.13-9618+[2001-1458-301-7--100-c]-9618&alias=b7s02p5809.cern.ch&noUDP&sock=startd_6191_16eb>
...
006 (1616327.188.000) 07/08 09:33:27 Image size of job updated: 176480
	140  -  MemoryUsage of job (MB)
	143336  -  ResidentSetSize of job (KB)
...
006 (1616327.188.000) 07/08 09:34:04 Image size of job updated: 559736
	140  -  MemoryUsage of job (MB)
	143336  -  ResidentSetSize of job (KB)
...
040 (1616327.188.000) 07/08 09:34:04 Started transferring output files
...
040 (1616327.188.000) 07/08 09:34:04 Finished transferring output files
...
005 (1616327.188.000) 07/08 09:34:05 Job terminated.
	(1) Normal termination (return value 0)
		Usr 0 00:00:37, Sys 0 00:00:01  -  Run Remote Usage
		Usr 0 00:00:00, Sys 0 00:00:00  -  Run Local Usage
		Usr 0 00:00:37, Sys 0 00:00:01  -  Total Remote Usage
		Usr 0 00:00:00, Sys 0 00:00:00  -  Total Local Usage
	11611  -  Run Bytes Sent By Job
	602122  -  Run Bytes Received By Job
	11611  -  Total Bytes Sent By Job
	602122  -  Total Bytes Received By Job
	Partitionable Resources :    Usage  Request Allocated 
	   Cpus                 :                 1         1 
	   Disk (KB)            :    43560      750   1264771 
	   Memory (MB)          :      140     2000      2000 

	Job terminated of its own accord at 2021-07-08T07:34:04Z.
...
