000 (1616327.064.000) 07/08 09:29:26 Job submitted from host: <188.185.71.83:9618?addrs=188.185.71.83-9618+[2001-1458-d00-7--100-34d]-9618&alias=bigbird18.cern.ch&noUDP&sock=schedd_1990_8d8e>
...
040 (1616327.064.000) 07/08 09:32:09 Started transferring input files
	Transferring to host: <128.142.80.58:9618?addrs=128.142.80.58-9618+[2001-1458-301-f5--100-54f]-9618&alias=b7s13n6501.cern.ch&noUDP&sock=slot1_7_32273_ff79_111253>
...
040 (1616327.064.000) 07/08 09:32:09 Finished transferring input files
...
001 (1616327.064.000) 07/08 09:32:10 Job executing on host: <128.142.80.58:9618?addrs=128.142.80.58-9618+[2001-1458-301-f5--100-54f]-9618&alias=b7s13n6501.cern.ch&noUDP&sock=startd_15620_9969>
...
006 (1616327.064.000) 07/08 09:32:19 Image size of job updated: 288724
	13  -  MemoryUsage of job (MB)
	12340  -  ResidentSetSize of job (KB)
...
006 (1616327.064.000) 07/08 09:37:20 Image size of job updated: 564788
	155  -  MemoryUsage of job (MB)
	158272  -  ResidentSetSize of job (KB)
...
006 (1616327.064.000) 07/08 09:42:20 Image size of job updated: 564788
	160  -  MemoryUsage of job (MB)
	163380  -  ResidentSetSize of job (KB)
...
040 (1616327.064.000) 07/08 09:45:36 Started transferring output files
...
040 (1616327.064.000) 07/08 09:45:37 Finished transferring output files
...
005 (1616327.064.000) 07/08 09:45:37 Job terminated.
	(1) Normal termination (return value 0)
		Usr 0 00:10:01, Sys 0 00:00:04  -  Run Remote Usage
		Usr 0 00:00:00, Sys 0 00:00:00  -  Run Local Usage
		Usr 0 00:10:01, Sys 0 00:00:04  -  Total Remote Usage
		Usr 0 00:00:00, Sys 0 00:00:00  -  Total Local Usage
	18515  -  Run Bytes Sent By Job
	601254  -  Run Bytes Received By Job
	18515  -  Total Bytes Sent By Job
	601254  -  Total Bytes Received By Job
	Partitionable Resources :    Usage  Request Allocated 
	   Cpus                 :     0.94        1         1 
	   Disk (KB)            : 43782         750    287123 
	   Memory (MB)          :   160        2000      2000 

	Job terminated of its own accord at 2021-07-08T07:45:35Z.
...
