000 (1616327.146.000) 07/08 09:29:26 Job submitted from host: <188.185.71.83:9618?addrs=188.185.71.83-9618+[2001-1458-d00-7--100-34d]-9618&alias=bigbird18.cern.ch&noUDP&sock=schedd_1990_8d8e>
...
040 (1616327.146.000) 07/08 09:32:48 Started transferring input files
	Transferring to host: <188.184.168.157:9618?addrs=188.184.168.157-9618+[2001-1458-301-c0--100-183]-9618&alias=b7g52n9732.cern.ch&noUDP&sock=slot1_11_12948_c988_112642>
...
040 (1616327.146.000) 07/08 09:32:48 Finished transferring input files
...
001 (1616327.146.000) 07/08 09:32:49 Job executing on host: <188.184.168.157:9618?addrs=188.184.168.157-9618+[2001-1458-301-c0--100-183]-9618&alias=b7g52n9732.cern.ch&noUDP&sock=startd_16853_55af>
...
006 (1616327.146.000) 07/08 09:32:57 Image size of job updated: 489608
	86  -  MemoryUsage of job (MB)
	87904  -  ResidentSetSize of job (KB)
...
006 (1616327.146.000) 07/08 09:37:46 Image size of job updated: 558728
	86  -  MemoryUsage of job (MB)
	87904  -  ResidentSetSize of job (KB)
...
040 (1616327.146.000) 07/08 09:37:46 Started transferring output files
...
040 (1616327.146.000) 07/08 09:37:47 Finished transferring output files
...
005 (1616327.146.000) 07/08 09:37:47 Job terminated.
	(1) Normal termination (return value 0)
		Usr 0 00:04:30, Sys 0 00:00:03  -  Run Remote Usage
		Usr 0 00:00:00, Sys 0 00:00:00  -  Run Local Usage
		Usr 0 00:04:30, Sys 0 00:00:03  -  Total Remote Usage
		Usr 0 00:00:00, Sys 0 00:00:00  -  Total Local Usage
	10056  -  Run Bytes Sent By Job
	601139  -  Run Bytes Received By Job
	10056  -  Total Bytes Sent By Job
	601139  -  Total Bytes Received By Job
	Partitionable Resources :    Usage  Request Allocated 
	   Cpus                 :                 1         1 
	   Disk (KB)            :    43557      750    274808 
	   Memory (MB)          :       86     2000      2000 

	Job terminated of its own accord at 2021-07-08T07:37:46Z.
...
