000 (1616327.160.000) 07/08 09:29:26 Job submitted from host: <188.185.71.83:9618?addrs=188.185.71.83-9618+[2001-1458-d00-7--100-34d]-9618&alias=bigbird18.cern.ch&noUDP&sock=schedd_1990_8d8e>
...
040 (1616327.160.000) 07/08 09:32:59 Started transferring input files
	Transferring to host: <188.184.168.157:9618?addrs=188.184.168.157-9618+[2001-1458-301-c0--100-183]-9618&alias=b7g52n9732.cern.ch&noUDP&sock=slot1_14_12948_c988_112645>
...
040 (1616327.160.000) 07/08 09:33:00 Finished transferring input files
...
001 (1616327.160.000) 07/08 09:33:00 Job executing on host: <188.184.168.157:9618?addrs=188.184.168.157-9618+[2001-1458-301-c0--100-183]-9618&alias=b7g52n9732.cern.ch&noUDP&sock=startd_16853_55af>
...
006 (1616327.160.000) 07/08 09:33:09 Image size of job updated: 509624
	106  -  MemoryUsage of job (MB)
	107680  -  ResidentSetSize of job (KB)
...
006 (1616327.160.000) 07/08 09:38:10 Image size of job updated: 561932
	139  -  MemoryUsage of job (MB)
	141688  -  ResidentSetSize of job (KB)
...
006 (1616327.160.000) 07/08 09:43:10 Image size of job updated: 561932
	139  -  MemoryUsage of job (MB)
	142156  -  ResidentSetSize of job (KB)
...
040 (1616327.160.000) 07/08 09:45:17 Started transferring output files
...
040 (1616327.160.000) 07/08 09:45:17 Finished transferring output files
...
005 (1616327.160.000) 07/08 09:45:18 Job terminated.
	(1) Normal termination (return value 0)
		Usr 0 00:11:14, Sys 0 00:00:05  -  Run Remote Usage
		Usr 0 00:00:00, Sys 0 00:00:00  -  Run Local Usage
		Usr 0 00:11:14, Sys 0 00:00:05  -  Total Remote Usage
		Usr 0 00:00:00, Sys 0 00:00:00  -  Total Local Usage
	10054  -  Run Bytes Sent By Job
	601138  -  Run Bytes Received By Job
	10054  -  Total Bytes Sent By Job
	601138  -  Total Bytes Received By Job
	Partitionable Resources :    Usage  Request Allocated 
	   Cpus                 :     1.00        1         1 
	   Disk (KB)            : 43820         750    274707 
	   Memory (MB)          :   139        2000      2000 

	Job terminated of its own accord at 2021-07-08T07:45:17Z.
...
