000 (1616327.045.000) 07/08 09:29:25 Job submitted from host: <188.185.71.83:9618?addrs=188.185.71.83-9618+[2001-1458-d00-7--100-34d]-9618&alias=bigbird18.cern.ch&noUDP&sock=schedd_1990_8d8e>
...
040 (1616327.045.000) 07/08 09:32:00 Started transferring input files
	Transferring to host: <128.142.57.98:9618?addrs=128.142.57.98-9618+[2001-1458-301-7--100-61]-9618&alias=b7s02p4710.cern.ch&noUDP&sock=slot1_5_6606_4646_2896>
...
040 (1616327.045.000) 07/08 09:32:00 Finished transferring input files
...
001 (1616327.045.000) 07/08 09:32:01 Job executing on host: <128.142.57.98:9618?addrs=128.142.57.98-9618+[2001-1458-301-7--100-61]-9618&alias=b7s02p4710.cern.ch&noUDP&sock=startd_6141_cb2f>
...
006 (1616327.045.000) 07/08 09:32:10 Image size of job updated: 154712
	100  -  MemoryUsage of job (MB)
	102080  -  ResidentSetSize of job (KB)
...
006 (1616327.045.000) 07/08 09:37:11 Image size of job updated: 556776
	156  -  MemoryUsage of job (MB)
	159548  -  ResidentSetSize of job (KB)
...
040 (1616327.045.000) 07/08 09:37:18 Started transferring output files
...
040 (1616327.045.000) 07/08 09:37:18 Finished transferring output files
...
005 (1616327.045.000) 07/08 09:37:18 Job terminated.
	(1) Normal termination (return value 0)
		Usr 0 00:03:52, Sys 0 00:00:03  -  Run Remote Usage
		Usr 0 00:00:00, Sys 0 00:00:00  -  Run Local Usage
		Usr 0 00:03:52, Sys 0 00:00:03  -  Total Remote Usage
		Usr 0 00:00:00, Sys 0 00:00:00  -  Total Local Usage
	10576  -  Run Bytes Sent By Job
	601669  -  Run Bytes Received By Job
	10576  -  Total Bytes Sent By Job
	601669  -  Total Bytes Received By Job
	Partitionable Resources :    Usage  Request Allocated 
	   Cpus                 :     1.00        1         1 
	   Disk (KB)            : 43922         750   1152672 
	   Memory (MB)          :   156        2000      2000 

	Job terminated of its own accord at 2021-07-08T07:37:18Z.
...
