000 (1616327.131.000) 07/08 09:29:26 Job submitted from host: <188.185.71.83:9618?addrs=188.185.71.83-9618+[2001-1458-d00-7--100-34d]-9618&alias=bigbird18.cern.ch&noUDP&sock=schedd_1990_8d8e>
...
040 (1616327.131.000) 07/08 09:32:41 Started transferring input files
	Transferring to host: <128.142.57.86:9618?addrs=128.142.57.86-9618+[2001-1458-301-7--100-55]-9618&alias=b7s02p3671.cern.ch&noUDP&sock=slot1_15_6635_b527_3693>
...
040 (1616327.131.000) 07/08 09:32:41 Finished transferring input files
...
001 (1616327.131.000) 07/08 09:32:42 Job executing on host: <128.142.57.86:9618?addrs=128.142.57.86-9618+[2001-1458-301-7--100-55]-9618&alias=b7s02p3671.cern.ch&noUDP&sock=startd_6169_ffd6>
...
006 (1616327.131.000) 07/08 09:32:51 Image size of job updated: 487532
	89  -  MemoryUsage of job (MB)
	90696  -  ResidentSetSize of job (KB)
...
006 (1616327.131.000) 07/08 09:36:59 Image size of job updated: 558496
	89  -  MemoryUsage of job (MB)
	90696  -  ResidentSetSize of job (KB)
...
040 (1616327.131.000) 07/08 09:36:59 Started transferring output files
...
040 (1616327.131.000) 07/08 09:36:59 Finished transferring output files
...
005 (1616327.131.000) 07/08 09:36:59 Job terminated.
	(1) Normal termination (return value 0)
		Usr 0 00:03:41, Sys 0 00:00:05  -  Run Remote Usage
		Usr 0 00:00:00, Sys 0 00:00:00  -  Run Local Usage
		Usr 0 00:03:41, Sys 0 00:00:05  -  Total Remote Usage
		Usr 0 00:00:00, Sys 0 00:00:00  -  Total Local Usage
	9700  -  Run Bytes Sent By Job
	601280  -  Run Bytes Received By Job
	9700  -  Total Bytes Sent By Job
	601280  -  Total Bytes Received By Job
	Partitionable Resources :    Usage  Request Allocated 
	   Cpus                 :     0.85        1         1 
	   Disk (KB)            : 43557         750   1299497 
	   Memory (MB)          :    89        2000      2000 

	Job terminated of its own accord at 2021-07-08T07:36:59Z.
...
