000 (1616327.039.000) 07/08 09:29:25 Job submitted from host: <188.185.71.83:9618?addrs=188.185.71.83-9618+[2001-1458-d00-7--100-34d]-9618&alias=bigbird18.cern.ch&noUDP&sock=schedd_1990_8d8e>
...
040 (1616327.039.000) 07/08 09:31:57 Started transferring input files
	Transferring to host: <128.142.56.87:9618?addrs=128.142.56.87-9618+[2001-1458-301-6--100-56]-9618&alias=b7s01p0440.cern.ch&noUDP&sock=slot1_19_61601_3a22_2656>
...
040 (1616327.039.000) 07/08 09:31:57 Finished transferring input files
...
001 (1616327.039.000) 07/08 09:31:58 Job executing on host: <128.142.56.87:9618?addrs=128.142.56.87-9618+[2001-1458-301-6--100-56]-9618&alias=b7s01p0440.cern.ch&noUDP&sock=startd_61556_dfdd>
...
006 (1616327.039.000) 07/08 09:32:06 Image size of job updated: 288716
	86  -  MemoryUsage of job (MB)
	87512  -  ResidentSetSize of job (KB)
...
006 (1616327.039.000) 07/08 09:37:06 Image size of job updated: 556960
	157  -  MemoryUsage of job (MB)
	160108  -  ResidentSetSize of job (KB)
...
040 (1616327.039.000) 07/08 09:37:20 Started transferring output files
...
040 (1616327.039.000) 07/08 09:37:20 Finished transferring output files
...
005 (1616327.039.000) 07/08 09:37:21 Job terminated.
	(1) Normal termination (return value 0)
		Usr 0 00:04:41, Sys 0 00:00:03  -  Run Remote Usage
		Usr 0 00:00:00, Sys 0 00:00:00  -  Run Local Usage
		Usr 0 00:04:41, Sys 0 00:00:03  -  Total Remote Usage
		Usr 0 00:00:00, Sys 0 00:00:00  -  Total Local Usage
	10580  -  Run Bytes Sent By Job
	601671  -  Run Bytes Received By Job
	10580  -  Total Bytes Sent By Job
	601671  -  Total Bytes Received By Job
	Partitionable Resources :    Usage  Request Allocated 
	   Cpus                 :     0.73        1         1 
	   Disk (KB)            : 43927         750   1262151 
	   Memory (MB)          :   157        2000      2000 

	Job terminated of its own accord at 2021-07-08T07:37:20Z.
...
