000 (1616327.067.000) 07/08 09:29:26 Job submitted from host: <188.185.71.83:9618?addrs=188.185.71.83-9618+[2001-1458-d00-7--100-34d]-9618&alias=bigbird18.cern.ch&noUDP&sock=schedd_1990_8d8e>
...
040 (1616327.067.000) 07/08 09:32:07 Started transferring input files
	Transferring to host: <128.142.57.139:9618?addrs=128.142.57.139-9618+[2001-1458-301-7--100-8a]-9618&alias=b7s02p4498.cern.ch&noUDP&sock=slot1_41_6693_92e9_2638>
...
040 (1616327.067.000) 07/08 09:32:07 Finished transferring input files
...
001 (1616327.067.000) 07/08 09:32:08 Job executing on host: <128.142.57.139:9618?addrs=128.142.57.139-9618+[2001-1458-301-7--100-8a]-9618&alias=b7s02p4498.cern.ch&noUDP&sock=startd_6230_d71d>
...
006 (1616327.067.000) 07/08 09:32:17 Image size of job updated: 434892
	162  -  MemoryUsage of job (MB)
	165656  -  ResidentSetSize of job (KB)
...
006 (1616327.067.000) 07/08 09:32:33 Image size of job updated: 634664
	163  -  MemoryUsage of job (MB)
	166868  -  ResidentSetSize of job (KB)
...
040 (1616327.067.000) 07/08 09:32:34 Started transferring output files
...
040 (1616327.067.000) 07/08 09:32:34 Finished transferring output files
...
005 (1616327.067.000) 07/08 09:32:34 Job terminated.
	(1) Normal termination (return value 0)
		Usr 0 00:00:17, Sys 0 00:00:01  -  Run Remote Usage
		Usr 0 00:00:00, Sys 0 00:00:00  -  Run Local Usage
		Usr 0 00:00:17, Sys 0 00:00:01  -  Total Remote Usage
		Usr 0 00:00:00, Sys 0 00:00:00  -  Total Local Usage
	34008  -  Run Bytes Sent By Job
	601834  -  Run Bytes Received By Job
	34008  -  Total Bytes Sent By Job
	601834  -  Total Bytes Received By Job
	Partitionable Resources :    Usage  Request Allocated 
	   Cpus                 :                 1         1 
	   Disk (KB)            :    43564      750   1324988 
	   Memory (MB)          :      163     2000      2000 

	Job terminated of its own accord at 2021-07-08T07:32:33Z.
...
