000 (1616327.046.000) 07/08 09:29:25 Job submitted from host: <188.185.71.83:9618?addrs=188.185.71.83-9618+[2001-1458-d00-7--100-34d]-9618&alias=bigbird18.cern.ch&noUDP&sock=schedd_1990_8d8e>
...
040 (1616327.046.000) 07/08 09:32:00 Started transferring input files
	Transferring to host: <128.142.56.106:9618?addrs=128.142.56.106-9618+[2001-1458-301-6--100-69]-9618&alias=b7s01p1580.cern.ch&noUDP&sock=slot1_12_52476_d6cf_2714>
...
040 (1616327.046.000) 07/08 09:32:00 Finished transferring input files
...
001 (1616327.046.000) 07/08 09:32:01 Job executing on host: <128.142.56.106:9618?addrs=128.142.56.106-9618+[2001-1458-301-6--100-69]-9618&alias=b7s01p1580.cern.ch&noUDP&sock=startd_49376_6855>
...
006 (1616327.046.000) 07/08 09:32:10 Image size of job updated: 1067536
	104  -  MemoryUsage of job (MB)
	106396  -  ResidentSetSize of job (KB)
...
006 (1616327.046.000) 07/08 09:37:11 Image size of job updated: 1067536
	157  -  MemoryUsage of job (MB)
	159824  -  ResidentSetSize of job (KB)
...
040 (1616327.046.000) 07/08 09:37:40 Started transferring output files
...
040 (1616327.046.000) 07/08 09:37:40 Finished transferring output files
...
005 (1616327.046.000) 07/08 09:37:41 Job terminated.
	(1) Normal termination (return value 0)
		Usr 0 00:04:47, Sys 0 00:00:03  -  Run Remote Usage
		Usr 0 00:00:00, Sys 0 00:00:00  -  Run Local Usage
		Usr 0 00:04:47, Sys 0 00:00:03  -  Total Remote Usage
		Usr 0 00:00:00, Sys 0 00:00:00  -  Total Local Usage
	10576  -  Run Bytes Sent By Job
	601669  -  Run Bytes Received By Job
	10576  -  Total Bytes Sent By Job
	601669  -  Total Bytes Received By Job
	Partitionable Resources :    Usage  Request Allocated 
	   Cpus                 :     0.92        1         1 
	   Disk (KB)            : 43930         750   1313619 
	   Memory (MB)          :   157        2000      2000 

	Job terminated of its own accord at 2021-07-08T07:37:40Z.
...
