000 (1616327.196.000) 07/08 09:29:26 Job submitted from host: <188.185.71.83:9618?addrs=188.185.71.83-9618+[2001-1458-d00-7--100-34d]-9618&alias=bigbird18.cern.ch&noUDP&sock=schedd_1990_8d8e>
...
040 (1616327.196.000) 07/08 09:33:32 Started transferring input files
	Transferring to host: <188.184.196.115:9618?addrs=188.184.196.115-9618+[2001-1458-301-102--100-87]-9618&alias=b7g24n0227.cern.ch&noUDP&sock=slot1_2_3680_a48f_67673>
...
040 (1616327.196.000) 07/08 09:33:32 Finished transferring input files
...
001 (1616327.196.000) 07/08 09:33:33 Job executing on host: <188.184.196.115:9618?addrs=188.184.196.115-9618+[2001-1458-301-102--100-87]-9618&alias=b7g24n0227.cern.ch&noUDP&sock=startd_3038_64cf>
...
006 (1616327.196.000) 07/08 09:33:42 Image size of job updated: 466292
	80  -  MemoryUsage of job (MB)
	81076  -  ResidentSetSize of job (KB)
...
006 (1616327.196.000) 07/08 09:35:04 Image size of job updated: 562328
	80  -  MemoryUsage of job (MB)
	81076  -  ResidentSetSize of job (KB)
...
040 (1616327.196.000) 07/08 09:35:04 Started transferring output files
...
040 (1616327.196.000) 07/08 09:35:04 Finished transferring output files
...
005 (1616327.196.000) 07/08 09:35:05 Job terminated.
	(1) Normal termination (return value 0)
		Usr 0 00:01:12, Sys 0 00:00:02  -  Run Remote Usage
		Usr 0 00:00:00, Sys 0 00:00:00  -  Run Local Usage
		Usr 0 00:01:12, Sys 0 00:00:02  -  Total Remote Usage
		Usr 0 00:00:00, Sys 0 00:00:00  -  Total Local Usage
	11497  -  Run Bytes Sent By Job
	602074  -  Run Bytes Received By Job
	11497  -  Total Bytes Sent By Job
	602074  -  Total Bytes Received By Job
	Partitionable Resources :    Usage  Request Allocated 
	   Cpus                 :                 1         1 
	   Disk (KB)            :    43559      750    301396 
	   Memory (MB)          :       80     2000      2000 

	Job terminated of its own accord at 2021-07-08T07:35:04Z.
...
