000 (1616327.181.000) 07/08 09:29:26 Job submitted from host: <188.185.71.83:9618?addrs=188.185.71.83-9618+[2001-1458-d00-7--100-34d]-9618&alias=bigbird18.cern.ch&noUDP&sock=schedd_1990_8d8e>
...
040 (1616327.181.000) 07/08 09:33:23 Started transferring input files
	Transferring to host: <128.142.84.239:9618?addrs=128.142.84.239-9618+[2001-1458-301-f6--100-2d8]-9618&alias=b7s14n9730.cern.ch&noUDP&sock=slot1_7_4763_b6db_63136>
...
040 (1616327.181.000) 07/08 09:33:23 Finished transferring input files
...
001 (1616327.181.000) 07/08 09:33:24 Job executing on host: <128.142.84.239:9618?addrs=128.142.84.239-9618+[2001-1458-301-f6--100-2d8]-9618&alias=b7s14n9730.cern.ch&noUDP&sock=startd_3837_70fa>
...
006 (1616327.181.000) 07/08 09:33:32 Image size of job updated: 288728
	13  -  MemoryUsage of job (MB)
	13292  -  ResidentSetSize of job (KB)
...
006 (1616327.181.000) 07/08 09:38:32 Image size of job updated: 562336
	141  -  MemoryUsage of job (MB)
	143772  -  ResidentSetSize of job (KB)
...
006 (1616327.181.000) 07/08 09:43:33 Image size of job updated: 562336
	141  -  MemoryUsage of job (MB)
	143780  -  ResidentSetSize of job (KB)
...
040 (1616327.181.000) 07/08 09:53:53 Started transferring output files
...
040 (1616327.181.000) 07/08 09:53:53 Finished transferring output files
...
005 (1616327.181.000) 07/08 09:53:53 Job terminated.
	(1) Normal termination (return value 0)
		Usr 0 00:16:42, Sys 0 00:00:08  -  Run Remote Usage
		Usr 0 00:00:00, Sys 0 00:00:00  -  Run Local Usage
		Usr 0 00:16:42, Sys 0 00:00:08  -  Total Remote Usage
		Usr 0 00:00:00, Sys 0 00:00:00  -  Total Local Usage
	10070  -  Run Bytes Sent By Job
	601140  -  Run Bytes Received By Job
	10070  -  Total Bytes Sent By Job
	601140  -  Total Bytes Received By Job
	Partitionable Resources :    Usage  Request Allocated 
	   Cpus                 :     0.94        1         1 
	   Disk (KB)            : 43952         750    244090 
	   Memory (MB)          :   141        2000      2000 

	Job terminated of its own accord at 2021-07-08T07:53:53Z.
...
