000 (1616327.092.000) 07/08 09:29:26 Job submitted from host: <188.185.71.83:9618?addrs=188.185.71.83-9618+[2001-1458-d00-7--100-34d]-9618&alias=bigbird18.cern.ch&noUDP&sock=schedd_1990_8d8e>
...
040 (1616327.092.000) 07/08 09:32:18 Started transferring input files
	Transferring to host: <188.184.211.192:9618?addrs=188.184.211.192-9618+[2001-1458-301-10b--100-556]-9618&alias=b7g23n1327.cern.ch&noUDP&sock=slot1_8_5146_928a_68930>
...
040 (1616327.092.000) 07/08 09:32:19 Finished transferring input files
...
001 (1616327.092.000) 07/08 09:32:20 Job executing on host: <188.184.211.192:9618?addrs=188.184.211.192-9618+[2001-1458-301-10b--100-556]-9618&alias=b7g23n1327.cern.ch&noUDP&sock=startd_4194_504a>
...
006 (1616327.092.000) 07/08 09:32:28 Image size of job updated: 95112
	47  -  MemoryUsage of job (MB)
	48128  -  ResidentSetSize of job (KB)
...
006 (1616327.092.000) 07/08 09:37:28 Image size of job updated: 563276
	155  -  MemoryUsage of job (MB)
	158308  -  ResidentSetSize of job (KB)
...
006 (1616327.092.000) 07/08 09:42:28 Image size of job updated: 565196
	161  -  MemoryUsage of job (MB)
	164400  -  ResidentSetSize of job (KB)
...
006 (1616327.092.000) 07/08 09:47:29 Image size of job updated: 565196
	162  -  MemoryUsage of job (MB)
	165020  -  ResidentSetSize of job (KB)
...
040 (1616327.092.000) 07/08 09:52:18 Started transferring output files
...
040 (1616327.092.000) 07/08 09:52:18 Finished transferring output files
...
005 (1616327.092.000) 07/08 09:52:20 Job terminated.
	(1) Normal termination (return value 0)
		Usr 0 00:15:40, Sys 0 00:00:08  -  Run Remote Usage
		Usr 0 00:00:00, Sys 0 00:00:00  -  Run Local Usage
		Usr 0 00:15:40, Sys 0 00:00:08  -  Total Remote Usage
		Usr 0 00:00:00, Sys 0 00:00:00  -  Total Local Usage
	30167  -  Run Bytes Sent By Job
	601698  -  Run Bytes Received By Job
	30167  -  Total Bytes Sent By Job
	601698  -  Total Bytes Received By Job
	Partitionable Resources :    Usage  Request Allocated 
	   Cpus                 :     1.00        1         1 
	   Disk (KB)            : 43802         750    359032 
	   Memory (MB)          :   162        2000      2000 

	Job terminated of its own accord at 2021-07-08T07:52:18Z.
...
