000 (1616327.142.000) 07/08 09:29:26 Job submitted from host: <188.185.71.83:9618?addrs=188.185.71.83-9618+[2001-1458-d00-7--100-34d]-9618&alias=bigbird18.cern.ch&noUDP&sock=schedd_1990_8d8e>
...
040 (1616327.142.000) 07/08 09:32:46 Started transferring input files
	Transferring to host: <128.142.57.86:9618?addrs=128.142.57.86-9618+[2001-1458-301-7--100-55]-9618&alias=b7s02p3671.cern.ch&noUDP&sock=slot1_37_6635_b527_3694>
...
040 (1616327.142.000) 07/08 09:32:47 Finished transferring input files
...
001 (1616327.142.000) 07/08 09:32:48 Job executing on host: <128.142.57.86:9618?addrs=128.142.57.86-9618+[2001-1458-301-7--100-55]-9618&alias=b7s02p3671.cern.ch&noUDP&sock=startd_6169_ffd6>
...
006 (1616327.142.000) 07/08 09:32:56 Image size of job updated: 434916
	47  -  MemoryUsage of job (MB)
	48124  -  ResidentSetSize of job (KB)
...
006 (1616327.142.000) 07/08 09:37:56 Image size of job updated: 560196
	141  -  MemoryUsage of job (MB)
	143936  -  ResidentSetSize of job (KB)
...
040 (1616327.142.000) 07/08 09:40:12 Started transferring output files
...
040 (1616327.142.000) 07/08 09:40:15 Finished transferring output files
...
005 (1616327.142.000) 07/08 09:40:17 Job terminated.
	(1) Normal termination (return value 0)
		Usr 0 00:06:02, Sys 0 00:00:07  -  Run Remote Usage
		Usr 0 00:00:00, Sys 0 00:00:00  -  Run Local Usage
		Usr 0 00:06:02, Sys 0 00:00:07  -  Total Remote Usage
		Usr 0 00:00:00, Sys 0 00:00:00  -  Total Local Usage
	10071  -  Run Bytes Sent By Job
	601142  -  Run Bytes Received By Job
	10071  -  Total Bytes Sent By Job
	601142  -  Total Bytes Received By Job
	Partitionable Resources :    Usage  Request Allocated 
	   Cpus                 :     0.89        1         1 
	   Disk (KB)            : 43958         750   1299436 
	   Memory (MB)          :   141        2000      2000 

	Job terminated of its own accord at 2021-07-08T07:40:12Z.
...
