000 (1616327.008.000) 07/08 09:29:25 Job submitted from host: <188.185.71.83:9618?addrs=188.185.71.83-9618+[2001-1458-d00-7--100-34d]-9618&alias=bigbird18.cern.ch&noUDP&sock=schedd_1990_8d8e>
...
040 (1616327.008.000) 07/08 09:31:42 Started transferring input files
	Transferring to host: <128.142.56.159:9618?addrs=128.142.56.159-9618+[2001-1458-301-6--100-9e]-9618&alias=b7s01p3537.cern.ch&noUDP&sock=slot1_10_48616_1eb2_2462>
...
040 (1616327.008.000) 07/08 09:31:42 Finished transferring input files
...
001 (1616327.008.000) 07/08 09:31:43 Job executing on host: <128.142.56.159:9618?addrs=128.142.56.159-9618+[2001-1458-301-6--100-9e]-9618&alias=b7s01p3537.cern.ch&noUDP&sock=startd_45534_1d78>
...
006 (1616327.008.000) 07/08 09:31:52 Image size of job updated: 104676
	63  -  MemoryUsage of job (MB)
	64368  -  ResidentSetSize of job (KB)
...
006 (1616327.008.000) 07/08 09:36:53 Image size of job updated: 555532
	156  -  MemoryUsage of job (MB)
	158764  -  ResidentSetSize of job (KB)
...
040 (1616327.008.000) 07/08 09:37:01 Started transferring output files
...
040 (1616327.008.000) 07/08 09:37:01 Finished transferring output files
...
005 (1616327.008.000) 07/08 09:37:01 Job terminated.
	(1) Normal termination (return value 0)
		Usr 0 00:04:01, Sys 0 00:00:03  -  Run Remote Usage
		Usr 0 00:00:00, Sys 0 00:00:00  -  Run Local Usage
		Usr 0 00:04:01, Sys 0 00:00:03  -  Total Remote Usage
		Usr 0 00:00:00, Sys 0 00:00:00  -  Total Local Usage
	10376  -  Run Bytes Sent By Job
	601599  -  Run Bytes Received By Job
	10376  -  Total Bytes Sent By Job
	601599  -  Total Bytes Received By Job
	Partitionable Resources :    Usage  Request Allocated 
	   Cpus                 :                 1         1 
	   Disk (KB)            :    43912      750   1346658 
	   Memory (MB)          :      156     2000      2000 

	Job terminated of its own accord at 2021-07-08T07:37:01Z.
...
