000 (1616327.081.000) 07/08 09:29:26 Job submitted from host: <188.185.71.83:9618?addrs=188.185.71.83-9618+[2001-1458-d00-7--100-34d]-9618&alias=bigbird18.cern.ch&noUDP&sock=schedd_1990_8d8e>
...
040 (1616327.081.000) 07/08 09:32:14 Started transferring input files
	Transferring to host: <128.142.56.106:9618?addrs=128.142.56.106-9618+[2001-1458-301-6--100-69]-9618&alias=b7s01p1580.cern.ch&noUDP&sock=slot1_16_52476_d6cf_2715>
...
040 (1616327.081.000) 07/08 09:32:14 Finished transferring input files
...
001 (1616327.081.000) 07/08 09:32:15 Job executing on host: <128.142.56.106:9618?addrs=128.142.56.106-9618+[2001-1458-301-6--100-69]-9618&alias=b7s01p1580.cern.ch&noUDP&sock=startd_49376_6855>
...
006 (1616327.081.000) 07/08 09:32:24 Image size of job updated: 299124
	147  -  MemoryUsage of job (MB)
	149732  -  ResidentSetSize of job (KB)
...
006 (1616327.081.000) 07/08 09:32:28 Image size of job updated: 536588
	147  -  MemoryUsage of job (MB)
	149732  -  ResidentSetSize of job (KB)
...
040 (1616327.081.000) 07/08 09:32:29 Started transferring output files
...
040 (1616327.081.000) 07/08 09:32:29 Finished transferring output files
...
005 (1616327.081.000) 07/08 09:32:30 Job terminated.
	(1) Normal termination (return value 0)
		Usr 0 00:00:05, Sys 0 00:00:01  -  Run Remote Usage
		Usr 0 00:00:00, Sys 0 00:00:00  -  Run Local Usage
		Usr 0 00:00:05, Sys 0 00:00:01  -  Total Remote Usage
		Usr 0 00:00:00, Sys 0 00:00:00  -  Total Local Usage
	23292  -  Run Bytes Sent By Job
	601815  -  Run Bytes Received By Job
	23292  -  Total Bytes Sent By Job
	601815  -  Total Bytes Received By Job
	Partitionable Resources :    Usage  Request Allocated 
	   Cpus                 :     0.01        1         1 
	   Disk (KB)            : 43680         750   1313463 
	   Memory (MB)          :   147        2000      2000 

	Job terminated of its own accord at 2021-07-08T07:32:28Z.
...
