000 (1616327.127.000) 07/08 09:29:26 Job submitted from host: <188.185.71.83:9618?addrs=188.185.71.83-9618+[2001-1458-d00-7--100-34d]-9618&alias=bigbird18.cern.ch&noUDP&sock=schedd_1990_8d8e>
...
040 (1616327.127.000) 07/08 09:32:40 Started transferring input files
	Transferring to host: <128.142.57.37:9618?addrs=128.142.57.37-9618+[2001-1458-301-7--100-24]-9618&alias=b7s02p5036.cern.ch&noUDP&sock=slot1_40_6664_2408_2743>
...
040 (1616327.127.000) 07/08 09:32:40 Finished transferring input files
...
001 (1616327.127.000) 07/08 09:32:41 Job executing on host: <128.142.57.37:9618?addrs=128.142.57.37-9618+[2001-1458-301-7--100-24]-9618&alias=b7s02p5036.cern.ch&noUDP&sock=startd_6194_25b4>
...
006 (1616327.127.000) 07/08 09:32:49 Image size of job updated: 416728
	90  -  MemoryUsage of job (MB)
	91260  -  ResidentSetSize of job (KB)
...
006 (1616327.127.000) 07/08 09:36:16 Image size of job updated: 559724
	90  -  MemoryUsage of job (MB)
	91260  -  ResidentSetSize of job (KB)
...
040 (1616327.127.000) 07/08 09:36:16 Started transferring output files
...
040 (1616327.127.000) 07/08 09:36:16 Finished transferring output files
...
005 (1616327.127.000) 07/08 09:36:17 Job terminated.
	(1) Normal termination (return value 0)
		Usr 0 00:03:14, Sys 0 00:00:03  -  Run Remote Usage
		Usr 0 00:00:00, Sys 0 00:00:00  -  Run Local Usage
		Usr 0 00:03:14, Sys 0 00:00:03  -  Total Remote Usage
		Usr 0 00:00:00, Sys 0 00:00:00  -  Total Local Usage
	9349  -  Run Bytes Sent By Job
	601118  -  Run Bytes Received By Job
	9349  -  Total Bytes Sent By Job
	601118  -  Total Bytes Received By Job
	Partitionable Resources :    Usage  Request Allocated 
	   Cpus                 :                 1         1 
	   Disk (KB)            :    43556      750   1348686 
	   Memory (MB)          :       90     2000      2000 

	Job terminated of its own accord at 2021-07-08T07:36:16Z.
...
