000 (1616327.053.000) 07/08 09:29:25 Job submitted from host: <188.185.71.83:9618?addrs=188.185.71.83-9618+[2001-1458-d00-7--100-34d]-9618&alias=bigbird18.cern.ch&noUDP&sock=schedd_1990_8d8e>
...
040 (1616327.053.000) 07/08 09:32:16 Started transferring input files
	Transferring to host: <128.142.57.86:9618?addrs=128.142.57.86-9618+[2001-1458-301-7--100-55]-9618&alias=b7s02p3671.cern.ch&noUDP&sock=slot1_5_6635_b527_3691>
...
040 (1616327.053.000) 07/08 09:32:16 Finished transferring input files
...
001 (1616327.053.000) 07/08 09:32:17 Job executing on host: <128.142.57.86:9618?addrs=128.142.57.86-9618+[2001-1458-301-7--100-55]-9618&alias=b7s02p3671.cern.ch&noUDP&sock=startd_6169_ffd6>
...
006 (1616327.053.000) 07/08 09:32:25 Image size of job updated: 331048
	100  -  MemoryUsage of job (MB)
	101736  -  ResidentSetSize of job (KB)
...
006 (1616327.053.000) 07/08 09:37:25 Image size of job updated: 558248
	158  -  MemoryUsage of job (MB)
	161476  -  ResidentSetSize of job (KB)
...
040 (1616327.053.000) 07/08 09:38:51 Started transferring output files
...
040 (1616327.053.000) 07/08 09:38:52 Finished transferring output files
...
005 (1616327.053.000) 07/08 09:38:52 Job terminated.
	(1) Normal termination (return value 0)
		Usr 0 00:05:39, Sys 0 00:00:03  -  Run Remote Usage
		Usr 0 00:00:00, Sys 0 00:00:00  -  Run Local Usage
		Usr 0 00:05:39, Sys 0 00:00:03  -  Total Remote Usage
		Usr 0 00:00:00, Sys 0 00:00:00  -  Total Local Usage
	11208  -  Run Bytes Sent By Job
	601951  -  Run Bytes Received By Job
	11208  -  Total Bytes Sent By Job
	601951  -  Total Bytes Received By Job
	Partitionable Resources :    Usage  Request Allocated 
	   Cpus                 :     0.89        1         1 
	   Disk (KB)            : 43934         750   1299665 
	   Memory (MB)          :   158        2000      2000 

	Job terminated of its own accord at 2021-07-08T07:38:51Z.
...
