000 (1616327.189.000) 07/08 09:29:26 Job submitted from host: <188.185.71.83:9618?addrs=188.185.71.83-9618+[2001-1458-d00-7--100-34d]-9618&alias=bigbird18.cern.ch&noUDP&sock=schedd_1990_8d8e>
...
040 (1616327.189.000) 07/08 09:33:18 Started transferring input files
	Transferring to host: <128.142.57.113:9618?addrs=128.142.57.113-9618+[2001-1458-301-7--100-70]-9618&alias=b7s02p4192.cern.ch&noUDP&sock=slot1_20_6532_2283_2561>
...
040 (1616327.189.000) 07/08 09:33:18 Finished transferring input files
...
001 (1616327.189.000) 07/08 09:33:19 Job executing on host: <128.142.57.113:9618?addrs=128.142.57.113-9618+[2001-1458-301-7--100-70]-9618&alias=b7s02p4192.cern.ch&noUDP&sock=startd_6070_17f5>
...
006 (1616327.189.000) 07/08 09:33:27 Image size of job updated: 95168
	47  -  MemoryUsage of job (MB)
	48120  -  ResidentSetSize of job (KB)
...
006 (1616327.189.000) 07/08 09:34:14 Image size of job updated: 559596
	47  -  MemoryUsage of job (MB)
	48120  -  ResidentSetSize of job (KB)
...
040 (1616327.189.000) 07/08 09:34:15 Started transferring output files
...
040 (1616327.189.000) 07/08 09:34:15 Finished transferring output files
...
005 (1616327.189.000) 07/08 09:34:16 Job terminated.
	(1) Normal termination (return value 0)
		Usr 0 00:00:34, Sys 0 00:00:01  -  Run Remote Usage
		Usr 0 00:00:00, Sys 0 00:00:00  -  Run Local Usage
		Usr 0 00:00:34, Sys 0 00:00:01  -  Total Remote Usage
		Usr 0 00:00:00, Sys 0 00:00:00  -  Total Local Usage
	11613  -  Run Bytes Sent By Job
	602118  -  Run Bytes Received By Job
	11613  -  Total Bytes Sent By Job
	602118  -  Total Bytes Received By Job
	Partitionable Resources :    Usage  Request Allocated 
	   Cpus                 :                 1         1 
	   Disk (KB)            :    43557      750   1345091 
	   Memory (MB)          :       47     2000      2000 

	Job terminated of its own accord at 2021-07-08T07:34:14Z.
...
