000 (1616327.013.000) 07/08 09:29:25 Job submitted from host: <188.185.71.83:9618?addrs=188.185.71.83-9618+[2001-1458-d00-7--100-34d]-9618&alias=bigbird18.cern.ch&noUDP&sock=schedd_1990_8d8e>
...
040 (1616327.013.000) 07/08 09:31:45 Started transferring input files
	Transferring to host: <128.142.56.63:9618?addrs=128.142.56.63-9618+[2001-1458-301-6--100-3e]-9618&alias=b7s01p2370.cern.ch&noUDP&sock=slot1_35_54526_3fe2_2760>
...
040 (1616327.013.000) 07/08 09:31:45 Finished transferring input files
...
001 (1616327.013.000) 07/08 09:31:46 Job executing on host: <128.142.56.63:9618?addrs=128.142.56.63-9618+[2001-1458-301-6--100-3e]-9618&alias=b7s01p2370.cern.ch&noUDP&sock=startd_51433_56a5>
...
006 (1616327.013.000) 07/08 09:31:55 Image size of job updated: 430132
	86  -  MemoryUsage of job (MB)
	87772  -  ResidentSetSize of job (KB)
...
006 (1616327.013.000) 07/08 09:36:56 Image size of job updated: 556540
	156  -  MemoryUsage of job (MB)
	159684  -  ResidentSetSize of job (KB)
...
040 (1616327.013.000) 07/08 09:39:02 Started transferring output files
...
040 (1616327.013.000) 07/08 09:39:02 Finished transferring output files
...
005 (1616327.013.000) 07/08 09:39:03 Job terminated.
	(1) Normal termination (return value 0)
		Usr 0 00:06:14, Sys 0 00:00:03  -  Run Remote Usage
		Usr 0 00:00:00, Sys 0 00:00:00  -  Run Local Usage
		Usr 0 00:06:14, Sys 0 00:00:03  -  Total Remote Usage
		Usr 0 00:00:00, Sys 0 00:00:00  -  Total Local Usage
	10375  -  Run Bytes Sent By Job
	601598  -  Run Bytes Received By Job
	10375  -  Total Bytes Sent By Job
	601598  -  Total Bytes Received By Job
	Partitionable Resources :    Usage  Request Allocated 
	   Cpus                 :                 1         1 
	   Disk (KB)            :    43931      750   1175287 
	   Memory (MB)          :      156     2000      2000 

	Job terminated of its own accord at 2021-07-08T07:39:02Z.
...
