000 (1616327.145.000) 07/08 09:29:26 Job submitted from host: <188.185.71.83:9618?addrs=188.185.71.83-9618+[2001-1458-d00-7--100-34d]-9618&alias=bigbird18.cern.ch&noUDP&sock=schedd_1990_8d8e>
...
040 (1616327.145.000) 07/08 09:32:50 Started transferring input files
	Transferring to host: <128.142.57.37:9618?addrs=128.142.57.37-9618+[2001-1458-301-7--100-24]-9618&alias=b7s02p5036.cern.ch&noUDP&sock=slot1_42_6664_2408_2745>
...
040 (1616327.145.000) 07/08 09:32:50 Finished transferring input files
...
001 (1616327.145.000) 07/08 09:32:51 Job executing on host: <128.142.57.37:9618?addrs=128.142.57.37-9618+[2001-1458-301-7--100-24]-9618&alias=b7s02p5036.cern.ch&noUDP&sock=startd_6194_25b4>
...
006 (1616327.145.000) 07/08 09:33:00 Image size of job updated: 484648
	86  -  MemoryUsage of job (MB)
	87628  -  ResidentSetSize of job (KB)
...
006 (1616327.145.000) 07/08 09:35:27 Image size of job updated: 557572
	86  -  MemoryUsage of job (MB)
	87628  -  ResidentSetSize of job (KB)
...
040 (1616327.145.000) 07/08 09:35:28 Started transferring output files
...
040 (1616327.145.000) 07/08 09:35:28 Finished transferring output files
...
005 (1616327.145.000) 07/08 09:35:29 Job terminated.
	(1) Normal termination (return value 0)
		Usr 0 00:02:12, Sys 0 00:00:02  -  Run Remote Usage
		Usr 0 00:00:00, Sys 0 00:00:00  -  Run Local Usage
		Usr 0 00:02:12, Sys 0 00:00:02  -  Total Remote Usage
		Usr 0 00:00:00, Sys 0 00:00:00  -  Total Local Usage
	10149  -  Run Bytes Sent By Job
	601138  -  Run Bytes Received By Job
	10149  -  Total Bytes Sent By Job
	601138  -  Total Bytes Received By Job
	Partitionable Resources :    Usage  Request Allocated 
	   Cpus                 :                 1         1 
	   Disk (KB)            :    43557      750   1348561 
	   Memory (MB)          :       86     2000      2000 

	Job terminated of its own accord at 2021-07-08T07:35:27Z.
...
