000 (1616327.117.000) 07/08 09:29:26 Job submitted from host: <188.185.71.83:9618?addrs=188.185.71.83-9618+[2001-1458-d00-7--100-34d]-9618&alias=bigbird18.cern.ch&noUDP&sock=schedd_1990_8d8e>
...
040 (1616327.117.000) 07/08 09:32:33 Started transferring input files
	Transferring to host: <128.142.84.239:9618?addrs=128.142.84.239-9618+[2001-1458-301-f6--100-2d8]-9618&alias=b7s14n9730.cern.ch&noUDP&sock=slot1_8_4763_b6db_63135>
...
040 (1616327.117.000) 07/08 09:32:34 Finished transferring input files
...
001 (1616327.117.000) 07/08 09:32:34 Job executing on host: <128.142.84.239:9618?addrs=128.142.84.239-9618+[2001-1458-301-f6--100-2d8]-9618&alias=b7s14n9730.cern.ch&noUDP&sock=startd_3837_70fa>
...
006 (1616327.117.000) 07/08 09:32:43 Image size of job updated: 428280
	72  -  MemoryUsage of job (MB)
	73184  -  ResidentSetSize of job (KB)
...
006 (1616327.117.000) 07/08 09:35:29 Image size of job updated: 561640
	73  -  MemoryUsage of job (MB)
	74472  -  ResidentSetSize of job (KB)
...
040 (1616327.117.000) 07/08 09:35:29 Started transferring output files
...
040 (1616327.117.000) 07/08 09:35:29 Finished transferring output files
...
005 (1616327.117.000) 07/08 09:35:29 Job terminated.
	(1) Normal termination (return value 0)
		Usr 0 00:02:16, Sys 0 00:00:02  -  Run Remote Usage
		Usr 0 00:00:00, Sys 0 00:00:00  -  Run Local Usage
		Usr 0 00:02:16, Sys 0 00:00:02  -  Total Remote Usage
		Usr 0 00:00:00, Sys 0 00:00:00  -  Total Local Usage
	9338  -  Run Bytes Sent By Job
	601118  -  Run Bytes Received By Job
	9338  -  Total Bytes Sent By Job
	601118  -  Total Bytes Received By Job
	Partitionable Resources :    Usage  Request Allocated 
	   Cpus                 :                 1         1 
	   Disk (KB)            :    43556      750    244139 
	   Memory (MB)          :       73     2000      2000 

	Job terminated of its own accord at 2021-07-08T07:35:29Z.
...
