000 (1616327.186.000) 07/08 09:29:26 Job submitted from host: <188.185.71.83:9618?addrs=188.185.71.83-9618+[2001-1458-d00-7--100-34d]-9618&alias=bigbird18.cern.ch&noUDP&sock=schedd_1990_8d8e>
...
040 (1616327.186.000) 07/08 09:33:18 Started transferring input files
	Transferring to host: <128.142.56.123:9618?addrs=128.142.56.123-9618+[2001-1458-301-6--100-7a]-9618&alias=b7s01p0177.cern.ch&noUDP&sock=slot1_28_51683_194f_2883>
...
040 (1616327.186.000) 07/08 09:33:18 Finished transferring input files
...
001 (1616327.186.000) 07/08 09:33:19 Job executing on host: <128.142.56.123:9618?addrs=128.142.56.123-9618+[2001-1458-301-6--100-7a]-9618&alias=b7s01p0177.cern.ch&noUDP&sock=startd_47330_0590>
...
006 (1616327.186.000) 07/08 09:33:27 Image size of job updated: 503224
	136  -  MemoryUsage of job (MB)
	139108  -  ResidentSetSize of job (KB)
...
006 (1616327.186.000) 07/08 09:34:34 Image size of job updated: 557460
	137  -  MemoryUsage of job (MB)
	139352  -  ResidentSetSize of job (KB)
...
040 (1616327.186.000) 07/08 09:34:34 Started transferring output files
...
040 (1616327.186.000) 07/08 09:34:34 Finished transferring output files
...
005 (1616327.186.000) 07/08 09:34:35 Job terminated.
	(1) Normal termination (return value 0)
		Usr 0 00:01:00, Sys 0 00:00:01  -  Run Remote Usage
		Usr 0 00:00:00, Sys 0 00:00:00  -  Run Local Usage
		Usr 0 00:01:00, Sys 0 00:00:01  -  Total Remote Usage
		Usr 0 00:00:00, Sys 0 00:00:00  -  Total Local Usage
	10541  -  Run Bytes Sent By Job
	601619  -  Run Bytes Received By Job
	10541  -  Total Bytes Sent By Job
	601619  -  Total Bytes Received By Job
	Partitionable Resources :    Usage  Request Allocated 
	   Cpus                 :                 1         1 
	   Disk (KB)            :    43559      750   1342604 
	   Memory (MB)          :      137     2000      2000 

	Job terminated of its own accord at 2021-07-08T07:34:34Z.
...
