000 (1616327.058.000) 07/08 09:29:25 Job submitted from host: <188.185.71.83:9618?addrs=188.185.71.83-9618+[2001-1458-d00-7--100-34d]-9618&alias=bigbird18.cern.ch&noUDP&sock=schedd_1990_8d8e>
...
040 (1616327.058.000) 07/08 09:32:03 Started transferring input files
	Transferring to host: <188.184.211.192:9618?addrs=188.184.211.192-9618+[2001-1458-301-10b--100-556]-9618&alias=b7g23n1327.cern.ch&noUDP&sock=slot1_2_5146_928a_68929>
...
040 (1616327.058.000) 07/08 09:32:03 Finished transferring input files
...
001 (1616327.058.000) 07/08 09:32:04 Job executing on host: <188.184.211.192:9618?addrs=188.184.211.192-9618+[2001-1458-301-10b--100-556]-9618&alias=b7g23n1327.cern.ch&noUDP&sock=startd_4194_504a>
...
006 (1616327.058.000) 07/08 09:32:13 Image size of job updated: 104536
	64  -  MemoryUsage of job (MB)
	64784  -  ResidentSetSize of job (KB)
...
006 (1616327.058.000) 07/08 09:37:14 Image size of job updated: 559104
	156  -  MemoryUsage of job (MB)
	159704  -  ResidentSetSize of job (KB)
...
040 (1616327.058.000) 07/08 09:40:54 Started transferring output files
...
040 (1616327.058.000) 07/08 09:40:54 Finished transferring output files
...
005 (1616327.058.000) 07/08 09:40:56 Job terminated.
	(1) Normal termination (return value 0)
		Usr 0 00:06:21, Sys 0 00:00:05  -  Run Remote Usage
		Usr 0 00:00:00, Sys 0 00:00:00  -  Run Local Usage
		Usr 0 00:06:21, Sys 0 00:00:05  -  Total Remote Usage
		Usr 0 00:00:00, Sys 0 00:00:00  -  Total Local Usage
	10645  -  Run Bytes Sent By Job
	601671  -  Run Bytes Received By Job
	10645  -  Total Bytes Sent By Job
	601671  -  Total Bytes Received By Job
	Partitionable Resources :    Usage  Request Allocated 
	   Cpus                 :     0.78        1         1 
	   Disk (KB)            : 43565         750    359087 
	   Memory (MB)          :   156        2000      2000 

	Job terminated of its own accord at 2021-07-08T07:40:54Z.
...
