000 (1616327.110.000) 07/08 09:29:26 Job submitted from host: <188.185.71.83:9618?addrs=188.185.71.83-9618+[2001-1458-d00-7--100-34d]-9618&alias=bigbird18.cern.ch&noUDP&sock=schedd_1990_8d8e>
...
040 (1616327.110.000) 07/08 09:32:27 Started transferring input files
	Transferring to host: <128.142.76.179:9618?addrs=128.142.76.179-9618+[2001-1458-301-f4--100-400]-9618&alias=b7s12n3275.cern.ch&noUDP&sock=slot1_10_5325_b1b2_62581>
...
040 (1616327.110.000) 07/08 09:32:27 Finished transferring input files
...
001 (1616327.110.000) 07/08 09:32:28 Job executing on host: <128.142.76.179:9618?addrs=128.142.76.179-9618+[2001-1458-301-f4--100-400]-9618&alias=b7s12n3275.cern.ch&noUDP&sock=startd_4217_16f7>
...
006 (1616327.110.000) 07/08 09:32:37 Image size of job updated: 155144
	102  -  MemoryUsage of job (MB)
	103908  -  ResidentSetSize of job (KB)
...
006 (1616327.110.000) 07/08 09:37:38 Image size of job updated: 561080
	157  -  MemoryUsage of job (MB)
	159748  -  ResidentSetSize of job (KB)
...
006 (1616327.110.000) 07/08 09:42:38 Image size of job updated: 563304
	158  -  MemoryUsage of job (MB)
	161588  -  ResidentSetSize of job (KB)
...
006 (1616327.110.000) 07/08 09:47:39 Image size of job updated: 563304
	158  -  MemoryUsage of job (MB)
	161728  -  ResidentSetSize of job (KB)
...
040 (1616327.110.000) 07/08 09:50:14 Started transferring output files
...
040 (1616327.110.000) 07/08 09:50:14 Finished transferring output files
...
005 (1616327.110.000) 07/08 09:50:15 Job terminated.
	(1) Normal termination (return value 0)
		Usr 0 00:14:24, Sys 0 00:00:06  -  Run Remote Usage
		Usr 0 00:00:00, Sys 0 00:00:00  -  Run Local Usage
		Usr 0 00:14:24, Sys 0 00:00:06  -  Total Remote Usage
		Usr 0 00:00:00, Sys 0 00:00:00  -  Total Local Usage
	11125  -  Run Bytes Sent By Job
	601919  -  Run Bytes Received By Job
	11125  -  Total Bytes Sent By Job
	601919  -  Total Bytes Received By Job
	Partitionable Resources :    Usage  Request Allocated 
	   Cpus                 :     1.00        1         1 
	   Disk (KB)            : 43733         750    258492 
	   Memory (MB)          :   158        2000      2000 

	Job terminated of its own accord at 2021-07-08T07:50:13Z.
...
