000 (1616327.094.000) 07/08 09:29:26 Job submitted from host: <188.185.71.83:9618?addrs=188.185.71.83-9618+[2001-1458-d00-7--100-34d]-9618&alias=bigbird18.cern.ch&noUDP&sock=schedd_1990_8d8e>
...
040 (1616327.094.000) 07/08 09:32:19 Started transferring input files
	Transferring to host: <128.142.76.92:9618?addrs=128.142.76.92-9618+[2001-1458-301-f4--100-475]-9618&alias=b7s12n3450.cern.ch&noUDP&sock=slot1_11_8523_f974_116214>
...
040 (1616327.094.000) 07/08 09:32:19 Finished transferring input files
...
001 (1616327.094.000) 07/08 09:32:20 Job executing on host: <128.142.76.92:9618?addrs=128.142.76.92-9618+[2001-1458-301-f4--100-475]-9618&alias=b7s12n3450.cern.ch&noUDP&sock=startd_16450_e904>
...
006 (1616327.094.000) 07/08 09:32:29 Image size of job updated: 164304
	111  -  MemoryUsage of job (MB)
	113084  -  ResidentSetSize of job (KB)
...
006 (1616327.094.000) 07/08 09:32:32 Image size of job updated: 631280
	111  -  MemoryUsage of job (MB)
	113084  -  ResidentSetSize of job (KB)
...
040 (1616327.094.000) 07/08 09:32:34 Started transferring output files
...
040 (1616327.094.000) 07/08 09:32:34 Finished transferring output files
...
005 (1616327.094.000) 07/08 09:32:34 Job terminated.
	(1) Normal termination (return value 0)
		Usr 0 00:00:07, Sys 0 00:00:02  -  Run Remote Usage
		Usr 0 00:00:00, Sys 0 00:00:00  -  Run Local Usage
		Usr 0 00:00:07, Sys 0 00:00:02  -  Total Remote Usage
		Usr 0 00:00:00, Sys 0 00:00:00  -  Total Local Usage
	18470  -  Run Bytes Sent By Job
	601246  -  Run Bytes Received By Job
	18470  -  Total Bytes Sent By Job
	601246  -  Total Bytes Received By Job
	Partitionable Resources :    Usage  Request Allocated 
	   Cpus                 :                 1         1 
	   Disk (KB)            :    43561      750    271755 
	   Memory (MB)          :      111     2000      2000 

	Job terminated of its own accord at 2021-07-08T07:32:32Z.
...
