000 (1616327.174.000) 07/08 09:29:26 Job submitted from host: <188.185.71.83:9618?addrs=188.185.71.83-9618+[2001-1458-d00-7--100-34d]-9618&alias=bigbird18.cern.ch&noUDP&sock=schedd_1990_8d8e>
...
040 (1616327.174.000) 07/08 09:33:13 Started transferring input files
	Transferring to host: <128.142.56.73:9618?addrs=128.142.56.73-9618+[2001-1458-301-6--100-48]-9618&alias=b7s01p3383.cern.ch&noUDP&sock=slot1_15_11881_fd3c_3009>
...
040 (1616327.174.000) 07/08 09:33:13 Finished transferring input files
...
001 (1616327.174.000) 07/08 09:33:14 Job executing on host: <128.142.56.73:9618?addrs=128.142.56.73-9618+[2001-1458-301-6--100-48]-9618&alias=b7s01p3383.cern.ch&noUDP&sock=startd_8771_c143>
...
006 (1616327.174.000) 07/08 09:33:22 Image size of job updated: 139152
	87  -  MemoryUsage of job (MB)
	88072  -  ResidentSetSize of job (KB)
...
006 (1616327.174.000) 07/08 09:36:17 Image size of job updated: 556860
	87  -  MemoryUsage of job (MB)
	88072  -  ResidentSetSize of job (KB)
...
040 (1616327.174.000) 07/08 09:36:18 Started transferring output files
...
040 (1616327.174.000) 07/08 09:36:18 Finished transferring output files
...
005 (1616327.174.000) 07/08 09:36:18 Job terminated.
	(1) Normal termination (return value 0)
		Usr 0 00:02:42, Sys 0 00:00:02  -  Run Remote Usage
		Usr 0 00:00:00, Sys 0 00:00:00  -  Run Local Usage
		Usr 0 00:02:42, Sys 0 00:00:02  -  Total Remote Usage
		Usr 0 00:00:00, Sys 0 00:00:00  -  Total Local Usage
	10066  -  Run Bytes Sent By Job
	601138  -  Run Bytes Received By Job
	10066  -  Total Bytes Sent By Job
	601138  -  Total Bytes Received By Job
	Partitionable Resources :    Usage  Request Allocated 
	   Cpus                 :                 1         1 
	   Disk (KB)            :    43557      750   1287236 
	   Memory (MB)          :       87     2000      2000 

	Job terminated of its own accord at 2021-07-08T07:36:17Z.
...
