000 (1616327.050.000) 07/08 09:29:25 Job submitted from host: <188.185.71.83:9618?addrs=188.185.71.83-9618+[2001-1458-d00-7--100-34d]-9618&alias=bigbird18.cern.ch&noUDP&sock=schedd_1990_8d8e>
...
040 (1616327.050.000) 07/08 09:32:01 Started transferring input files
	Transferring to host: <128.142.76.179:9618?addrs=128.142.76.179-9618+[2001-1458-301-f4--100-400]-9618&alias=b7s12n3275.cern.ch&noUDP&sock=slot1_1_5325_b1b2_62579>
...
040 (1616327.050.000) 07/08 09:32:01 Finished transferring input files
...
001 (1616327.050.000) 07/08 09:32:02 Job executing on host: <128.142.76.179:9618?addrs=128.142.76.179-9618+[2001-1458-301-f4--100-400]-9618&alias=b7s12n3275.cern.ch&noUDP&sock=startd_4217_16f7>
...
006 (1616327.050.000) 07/08 09:32:11 Image size of job updated: 72028
	32  -  MemoryUsage of job (MB)
	32284  -  ResidentSetSize of job (KB)
...
006 (1616327.050.000) 07/08 09:37:12 Image size of job updated: 559188
	156  -  MemoryUsage of job (MB)
	159312  -  ResidentSetSize of job (KB)
...
006 (1616327.050.000) 07/08 09:42:12 Image size of job updated: 559188
	157  -  MemoryUsage of job (MB)
	160164  -  ResidentSetSize of job (KB)
...
040 (1616327.050.000) 07/08 09:46:53 Started transferring output files
...
040 (1616327.050.000) 07/08 09:46:53 Finished transferring output files
...
005 (1616327.050.000) 07/08 09:46:54 Job terminated.
	(1) Normal termination (return value 0)
		Usr 0 00:12:23, Sys 0 00:00:06  -  Run Remote Usage
		Usr 0 00:00:00, Sys 0 00:00:00  -  Run Local Usage
		Usr 0 00:12:23, Sys 0 00:00:06  -  Total Remote Usage
		Usr 0 00:00:00, Sys 0 00:00:00  -  Total Local Usage
	10892  -  Run Bytes Sent By Job
	601809  -  Run Bytes Received By Job
	10892  -  Total Bytes Sent By Job
	601809  -  Total Bytes Received By Job
	Partitionable Resources :    Usage  Request Allocated 
	   Cpus                 :     0.87        1         1 
	   Disk (KB)            : 43934         750    258851 
	   Memory (MB)          :   157        2000      2000 

	Job terminated of its own accord at 2021-07-08T07:46:53Z.
...
