000 (1616327.166.000) 07/08 09:29:26 Job submitted from host: <188.185.71.83:9618?addrs=188.185.71.83-9618+[2001-1458-d00-7--100-34d]-9618&alias=bigbird18.cern.ch&noUDP&sock=schedd_1990_8d8e>
...
040 (1616327.166.000) 07/08 09:33:08 Started transferring input files
	Transferring to host: <128.142.56.138:9618?addrs=128.142.56.138-9618+[2001-1458-301-6--100-89]-9618&alias=b7s01p3429.cern.ch&noUDP&sock=slot1_25_51910_0a78_2593>
...
040 (1616327.166.000) 07/08 09:33:08 Finished transferring input files
...
001 (1616327.166.000) 07/08 09:33:09 Job executing on host: <128.142.56.138:9618?addrs=128.142.56.138-9618+[2001-1458-301-6--100-89]-9618&alias=b7s01p3429.cern.ch&noUDP&sock=startd_48826_273e>
...
006 (1616327.166.000) 07/08 09:33:17 Image size of job updated: 479464
	100  -  MemoryUsage of job (MB)
	101872  -  ResidentSetSize of job (KB)
...
006 (1616327.166.000) 07/08 09:38:17 Image size of job updated: 558424
	139  -  MemoryUsage of job (MB)
	141512  -  ResidentSetSize of job (KB)
...
040 (1616327.166.000) 07/08 09:39:40 Started transferring output files
...
040 (1616327.166.000) 07/08 09:39:40 Finished transferring output files
...
005 (1616327.166.000) 07/08 09:39:40 Job terminated.
	(1) Normal termination (return value 0)
		Usr 0 00:05:43, Sys 0 00:00:04  -  Run Remote Usage
		Usr 0 00:00:00, Sys 0 00:00:00  -  Run Local Usage
		Usr 0 00:05:43, Sys 0 00:00:04  -  Total Remote Usage
		Usr 0 00:00:00, Sys 0 00:00:00  -  Total Local Usage
	10074  -  Run Bytes Sent By Job
	601139  -  Run Bytes Received By Job
	10074  -  Total Bytes Sent By Job
	601139  -  Total Bytes Received By Job
	Partitionable Resources :    Usage  Request Allocated 
	   Cpus                 :     1.00        1         1 
	   Disk (KB)            : 43900         750   1177437 
	   Memory (MB)          :   139        2000      2000 

	Job terminated of its own accord at 2021-07-08T07:39:39Z.
...
