000 (1616327.170.000) 07/08 09:29:26 Job submitted from host: <188.185.71.83:9618?addrs=188.185.71.83-9618+[2001-1458-d00-7--100-34d]-9618&alias=bigbird18.cern.ch&noUDP&sock=schedd_1990_8d8e>
...
040 (1616327.170.000) 07/08 09:33:05 Started transferring input files
	Transferring to host: <128.142.57.139:9618?addrs=128.142.57.139-9618+[2001-1458-301-7--100-8a]-9618&alias=b7s02p4498.cern.ch&noUDP&sock=slot1_41_6693_92e9_2639>
...
040 (1616327.170.000) 07/08 09:33:05 Finished transferring input files
...
001 (1616327.170.000) 07/08 09:33:06 Job executing on host: <128.142.57.139:9618?addrs=128.142.57.139-9618+[2001-1458-301-7--100-8a]-9618&alias=b7s02p4498.cern.ch&noUDP&sock=startd_6230_d71d>
...
006 (1616327.170.000) 07/08 09:33:15 Image size of job updated: 553760
	134  -  MemoryUsage of job (MB)
	137212  -  ResidentSetSize of job (KB)
...
006 (1616327.170.000) 07/08 09:35:38 Image size of job updated: 557076
	135  -  MemoryUsage of job (MB)
	137456  -  ResidentSetSize of job (KB)
...
040 (1616327.170.000) 07/08 09:35:38 Started transferring output files
...
040 (1616327.170.000) 07/08 09:35:38 Finished transferring output files
...
005 (1616327.170.000) 07/08 09:35:38 Job terminated.
	(1) Normal termination (return value 0)
		Usr 0 00:02:13, Sys 0 00:00:02  -  Run Remote Usage
		Usr 0 00:00:00, Sys 0 00:00:00  -  Run Local Usage
		Usr 0 00:02:13, Sys 0 00:00:02  -  Total Remote Usage
		Usr 0 00:00:00, Sys 0 00:00:00  -  Total Local Usage
	10068  -  Run Bytes Sent By Job
	601139  -  Run Bytes Received By Job
	10068  -  Total Bytes Sent By Job
	601139  -  Total Bytes Received By Job
	Partitionable Resources :    Usage  Request Allocated 
	   Cpus                 :                 1         1 
	   Disk (KB)            :    43557      750   1324806 
	   Memory (MB)          :      135     2000      2000 

	Job terminated of its own accord at 2021-07-08T07:35:38Z.
...
