000 (1616327.090.000) 07/08 09:29:26 Job submitted from host: <188.185.71.83:9618?addrs=188.185.71.83-9618+[2001-1458-d00-7--100-34d]-9618&alias=bigbird18.cern.ch&noUDP&sock=schedd_1990_8d8e>
...
040 (1616327.090.000) 07/08 09:32:17 Started transferring input files
	Transferring to host: <188.184.138.108:9618?addrs=188.184.138.108-9618+[2001-1458-301-45--100-7b]-9618&alias=b7g42n0214.cern.ch&noUDP&sock=slot1_9_4885_aca0_55706>
...
040 (1616327.090.000) 07/08 09:32:17 Finished transferring input files
...
001 (1616327.090.000) 07/08 09:32:18 Job executing on host: <188.184.138.108:9618?addrs=188.184.138.108-9618+[2001-1458-301-45--100-7b]-9618&alias=b7g42n0214.cern.ch&noUDP&sock=startd_3877_e0c4>
...
006 (1616327.090.000) 07/08 09:32:27 Image size of job updated: 288736
	67  -  MemoryUsage of job (MB)
	68228  -  ResidentSetSize of job (KB)
...
006 (1616327.090.000) 07/08 09:37:28 Image size of job updated: 565244
	159  -  MemoryUsage of job (MB)
	162184  -  ResidentSetSize of job (KB)
...
006 (1616327.090.000) 07/08 09:42:28 Image size of job updated: 565252
	160  -  MemoryUsage of job (MB)
	163220  -  ResidentSetSize of job (KB)
...
006 (1616327.090.000) 07/08 09:47:30 Image size of job updated: 565260
	160  -  MemoryUsage of job (MB)
	163220  -  ResidentSetSize of job (KB)
...
040 (1616327.090.000) 07/08 09:51:53 Started transferring output files
...
040 (1616327.090.000) 07/08 09:51:53 Finished transferring output files
...
005 (1616327.090.000) 07/08 09:51:54 Job terminated.
	(1) Normal termination (return value 0)
		Usr 0 00:14:17, Sys 0 00:00:07  -  Run Remote Usage
		Usr 0 00:00:00, Sys 0 00:00:00  -  Run Local Usage
		Usr 0 00:14:17, Sys 0 00:00:07  -  Total Remote Usage
		Usr 0 00:00:00, Sys 0 00:00:00  -  Total Local Usage
	34063  -  Run Bytes Sent By Job
	601853  -  Run Bytes Received By Job
	34063  -  Total Bytes Sent By Job
	601853  -  Total Bytes Received By Job
	Partitionable Resources :    Usage  Request Allocated 
	   Cpus                 :     0.96        1         1 
	   Disk (KB)            : 43806         750    297229 
	   Memory (MB)          :   160        2000      2000 

	Job terminated of its own accord at 2021-07-08T07:51:53Z.
...
