000 (1616327.063.000) 07/08 09:29:26 Job submitted from host: <188.185.71.83:9618?addrs=188.185.71.83-9618+[2001-1458-d00-7--100-34d]-9618&alias=bigbird18.cern.ch&noUDP&sock=schedd_1990_8d8e>
...
040 (1616327.063.000) 07/08 09:32:06 Started transferring input files
	Transferring to host: <128.142.84.239:9618?addrs=128.142.84.239-9618+[2001-1458-301-f6--100-2d8]-9618&alias=b7s14n9730.cern.ch&noUDP&sock=slot1_6_4763_b6db_63133>
...
040 (1616327.063.000) 07/08 09:32:06 Finished transferring input files
...
001 (1616327.063.000) 07/08 09:32:07 Job executing on host: <128.142.84.239:9618?addrs=128.142.84.239-9618+[2001-1458-301-f6--100-2d8]-9618&alias=b7s14n9730.cern.ch&noUDP&sock=startd_3837_70fa>
...
006 (1616327.063.000) 07/08 09:32:15 Image size of job updated: 414876
	83  -  MemoryUsage of job (MB)
	84088  -  ResidentSetSize of job (KB)
...
006 (1616327.063.000) 07/08 09:37:15 Image size of job updated: 565324
	159  -  MemoryUsage of job (MB)
	162200  -  ResidentSetSize of job (KB)
...
006 (1616327.063.000) 07/08 09:42:16 Image size of job updated: 565324
	161  -  MemoryUsage of job (MB)
	163904  -  ResidentSetSize of job (KB)
...
006 (1616327.063.000) 07/08 09:47:16 Image size of job updated: 565324
	161  -  MemoryUsage of job (MB)
	163936  -  ResidentSetSize of job (KB)
...
040 (1616327.063.000) 07/08 09:57:18 Started transferring output files
...
040 (1616327.063.000) 07/08 09:57:18 Finished transferring output files
...
005 (1616327.063.000) 07/08 09:57:18 Job terminated.
	(1) Normal termination (return value 0)
		Usr 0 00:20:30, Sys 0 00:00:10  -  Run Remote Usage
		Usr 0 00:00:00, Sys 0 00:00:00  -  Run Local Usage
		Usr 0 00:20:30, Sys 0 00:00:10  -  Total Remote Usage
		Usr 0 00:00:00, Sys 0 00:00:00  -  Total Local Usage
	34053  -  Run Bytes Sent By Job
	601848  -  Run Bytes Received By Job
	34053  -  Total Bytes Sent By Job
	601848  -  Total Bytes Received By Job
	Partitionable Resources :    Usage  Request Allocated 
	   Cpus                 :     0.91        1         1 
	   Disk (KB)            : 44205         750    244280 
	   Memory (MB)          :   161        2000      2000 

	Job terminated of its own accord at 2021-07-08T07:57:17Z.
...
