000 (1616327.049.000) 07/08 09:29:25 Job submitted from host: <188.185.71.83:9618?addrs=188.185.71.83-9618+[2001-1458-d00-7--100-34d]-9618&alias=bigbird18.cern.ch&noUDP&sock=schedd_1990_8d8e>
...
040 (1616327.049.000) 07/08 09:32:01 Started transferring input files
	Transferring to host: <128.142.80.106:9618?addrs=128.142.80.106-9618+[2001-1458-301-f5--100-5b]-9618&alias=b7s13n7997.cern.ch&noUDP&sock=slot1_4_5555_bffb_61439>
...
040 (1616327.049.000) 07/08 09:32:01 Finished transferring input files
...
001 (1616327.049.000) 07/08 09:32:02 Job executing on host: <128.142.80.106:9618?addrs=128.142.80.106-9618+[2001-1458-301-f5--100-5b]-9618&alias=b7s13n7997.cern.ch&noUDP&sock=startd_4324_7b9a>
...
006 (1616327.049.000) 07/08 09:32:11 Image size of job updated: 18808
	3  -  MemoryUsage of job (MB)
	2444  -  ResidentSetSize of job (KB)
...
006 (1616327.049.000) 07/08 09:37:12 Image size of job updated: 559744
	157  -  MemoryUsage of job (MB)
	160524  -  ResidentSetSize of job (KB)
...
040 (1616327.049.000) 07/08 09:39:23 Started transferring output files
...
040 (1616327.049.000) 07/08 09:39:24 Finished transferring output files
...
005 (1616327.049.000) 07/08 09:39:26 Job terminated.
	(1) Normal termination (return value 0)
		Usr 0 00:05:31, Sys 0 00:00:04  -  Run Remote Usage
		Usr 0 00:00:00, Sys 0 00:00:00  -  Run Local Usage
		Usr 0 00:05:31, Sys 0 00:00:04  -  Total Remote Usage
		Usr 0 00:00:00, Sys 0 00:00:00  -  Total Local Usage
	10554  -  Run Bytes Sent By Job
	601670  -  Run Bytes Received By Job
	10554  -  Total Bytes Sent By Job
	601670  -  Total Bytes Received By Job
	Partitionable Resources :    Usage  Request Allocated 
	   Cpus                 :                 1         1 
	   Disk (KB)            :    43900      750    283836 
	   Memory (MB)          :      157     2000      2000 

	Job terminated of its own accord at 2021-07-08T07:39:20Z.
...
