000 (1616327.027.000) 07/08 09:29:25 Job submitted from host: <188.185.71.83:9618?addrs=188.185.71.83-9618+[2001-1458-d00-7--100-34d]-9618&alias=bigbird18.cern.ch&noUDP&sock=schedd_1990_8d8e>
...
040 (1616327.027.000) 07/08 09:31:52 Started transferring input files
	Transferring to host: <188.184.168.37:9618?addrs=188.184.168.37-9618+[2001-1458-301-c0--100-3bd]-9618&alias=b7g52n0387.cern.ch&noUDP&sock=slot1_1_27054_bd85_132539>
...
040 (1616327.027.000) 07/08 09:31:52 Finished transferring input files
...
001 (1616327.027.000) 07/08 09:31:53 Job executing on host: <188.184.168.37:9618?addrs=188.184.168.37-9618+[2001-1458-301-c0--100-3bd]-9618&alias=b7g52n0387.cern.ch&noUDP&sock=startd_16619_d485>
...
006 (1616327.027.000) 07/08 09:32:03 Image size of job updated: 432400
	49  -  MemoryUsage of job (MB)
	49248  -  ResidentSetSize of job (KB)
...
006 (1616327.027.000) 07/08 09:33:29 Image size of job updated: 562988
	49  -  MemoryUsage of job (MB)
	49272  -  ResidentSetSize of job (KB)
...
040 (1616327.027.000) 07/08 09:33:30 Started transferring output files
...
040 (1616327.027.000) 07/08 09:33:30 Finished transferring output files
...
005 (1616327.027.000) 07/08 09:33:30 Job terminated.
	(1) Normal termination (return value 0)
		Usr 0 00:01:08, Sys 0 00:00:02  -  Run Remote Usage
		Usr 0 00:00:00, Sys 0 00:00:00  -  Run Local Usage
		Usr 0 00:01:08, Sys 0 00:00:02  -  Total Remote Usage
		Usr 0 00:00:00, Sys 0 00:00:00  -  Total Local Usage
	10464  -  Run Bytes Sent By Job
	601631  -  Run Bytes Received By Job
	10464  -  Total Bytes Sent By Job
	601631  -  Total Bytes Received By Job
	Partitionable Resources :    Usage  Request Allocated 
	   Cpus                 :                 1         1 
	   Disk (KB)            :    43556      750    274018 
	   Memory (MB)          :       49     2000      2000 

	Job terminated of its own accord at 2021-07-08T07:33:29Z.
...
