000 (1616327.176.000) 07/08 09:29:26 Job submitted from host: <188.185.71.83:9618?addrs=188.185.71.83-9618+[2001-1458-d00-7--100-34d]-9618&alias=bigbird18.cern.ch&noUDP&sock=schedd_1990_8d8e>
...
040 (1616327.176.000) 07/08 09:33:10 Started transferring input files
	Transferring to host: <128.142.57.110:9618?addrs=128.142.57.110-9618+[2001-1458-301-7--100-6d]-9618&alias=b7s02p4788.cern.ch&noUDP&sock=slot1_31_4110_9de0_2233>
...
040 (1616327.176.000) 07/08 09:33:10 Finished transferring input files
...
001 (1616327.176.000) 07/08 09:33:11 Job executing on host: <128.142.57.110:9618?addrs=128.142.57.110-9618+[2001-1458-301-7--100-6d]-9618&alias=b7s02p4788.cern.ch&noUDP&sock=startd_3655_9abe>
...
006 (1616327.176.000) 07/08 09:33:20 Image size of job updated: 191488
	138  -  MemoryUsage of job (MB)
	140508  -  ResidentSetSize of job (KB)
...
006 (1616327.176.000) 07/08 09:33:32 Image size of job updated: 552120
	138  -  MemoryUsage of job (MB)
	140564  -  ResidentSetSize of job (KB)
...
040 (1616327.176.000) 07/08 09:33:32 Started transferring output files
...
040 (1616327.176.000) 07/08 09:33:32 Finished transferring output files
...
005 (1616327.176.000) 07/08 09:33:33 Job terminated.
	(1) Normal termination (return value 0)
		Usr 0 00:00:13, Sys 0 00:00:01  -  Run Remote Usage
		Usr 0 00:00:00, Sys 0 00:00:00  -  Run Local Usage
		Usr 0 00:00:13, Sys 0 00:00:01  -  Total Remote Usage
		Usr 0 00:00:00, Sys 0 00:00:00  -  Total Local Usage
	17798  -  Run Bytes Sent By Job
	604688  -  Run Bytes Received By Job
	17798  -  Total Bytes Sent By Job
	604688  -  Total Bytes Received By Job
	Partitionable Resources :    Usage  Request Allocated 
	   Cpus                 :                 1         1 
	   Disk (KB)            :    43568      750   1308475 
	   Memory (MB)          :      138     2000      2000 

	Job terminated of its own accord at 2021-07-08T07:33:32Z.
...
