000 (1616327.104.000) 07/08 09:29:26 Job submitted from host: <188.185.71.83:9618?addrs=188.185.71.83-9618+[2001-1458-d00-7--100-34d]-9618&alias=bigbird18.cern.ch&noUDP&sock=schedd_1990_8d8e>
...
040 (1616327.104.000) 07/08 09:32:25 Started transferring input files
	Transferring to host: <128.142.56.73:9618?addrs=128.142.56.73-9618+[2001-1458-301-6--100-48]-9618&alias=b7s01p3383.cern.ch&noUDP&sock=slot1_41_11881_fd3c_3007>
...
040 (1616327.104.000) 07/08 09:32:25 Finished transferring input files
...
001 (1616327.104.000) 07/08 09:32:26 Job executing on host: <128.142.56.73:9618?addrs=128.142.56.73-9618+[2001-1458-301-6--100-48]-9618&alias=b7s01p3383.cern.ch&noUDP&sock=startd_8771_c143>
...
006 (1616327.104.000) 07/08 09:32:35 Image size of job updated: 488440
	92  -  MemoryUsage of job (MB)
	93260  -  ResidentSetSize of job (KB)
...
006 (1616327.104.000) 07/08 09:37:11 Image size of job updated: 559316
	92  -  MemoryUsage of job (MB)
	93260  -  ResidentSetSize of job (KB)
...
040 (1616327.104.000) 07/08 09:37:12 Started transferring output files
...
040 (1616327.104.000) 07/08 09:37:12 Finished transferring output files
...
005 (1616327.104.000) 07/08 09:37:13 Job terminated.
	(1) Normal termination (return value 0)
		Usr 0 00:04:06, Sys 0 00:00:03  -  Run Remote Usage
		Usr 0 00:00:00, Sys 0 00:00:00  -  Run Local Usage
		Usr 0 00:04:06, Sys 0 00:00:03  -  Total Remote Usage
		Usr 0 00:00:00, Sys 0 00:00:00  -  Total Local Usage
	9456  -  Run Bytes Sent By Job
	601122  -  Run Bytes Received By Job
	9456  -  Total Bytes Sent By Job
	601122  -  Total Bytes Received By Job
	Partitionable Resources :    Usage  Request Allocated 
	   Cpus                 :                 1         1 
	   Disk (KB)            :    43556      750   1287652 
	   Memory (MB)          :       92     2000      2000 

	Job terminated of its own accord at 2021-07-08T07:37:11Z.
...
