000 (1616327.172.000) 07/08 09:29:26 Job submitted from host: <188.185.71.83:9618?addrs=188.185.71.83-9618+[2001-1458-d00-7--100-34d]-9618&alias=bigbird18.cern.ch&noUDP&sock=schedd_1990_8d8e>
...
040 (1616327.172.000) 07/08 09:33:06 Started transferring input files
	Transferring to host: <128.142.56.126:9618?addrs=128.142.56.126-9618+[2001-1458-301-6--100-7d]-9618&alias=b7s01p3334.cern.ch&noUDP&sock=slot1_45_49169_c229_2761>
...
040 (1616327.172.000) 07/08 09:33:06 Finished transferring input files
...
001 (1616327.172.000) 07/08 09:33:08 Job executing on host: <128.142.56.126:9618?addrs=128.142.56.126-9618+[2001-1458-301-6--100-7d]-9618&alias=b7s01p3334.cern.ch&noUDP&sock=startd_45963_5f99>
...
006 (1616327.172.000) 07/08 09:33:16 Image size of job updated: 100108
	60  -  MemoryUsage of job (MB)
	61128  -  ResidentSetSize of job (KB)
...
006 (1616327.172.000) 07/08 09:38:16 Image size of job updated: 558484
	139  -  MemoryUsage of job (MB)
	142004  -  ResidentSetSize of job (KB)
...
040 (1616327.172.000) 07/08 09:38:59 Started transferring output files
...
040 (1616327.172.000) 07/08 09:38:59 Finished transferring output files
...
005 (1616327.172.000) 07/08 09:38:59 Job terminated.
	(1) Normal termination (return value 0)
		Usr 0 00:05:04, Sys 0 00:00:03  -  Run Remote Usage
		Usr 0 00:00:00, Sys 0 00:00:00  -  Run Local Usage
		Usr 0 00:05:04, Sys 0 00:00:03  -  Total Remote Usage
		Usr 0 00:00:00, Sys 0 00:00:00  -  Total Local Usage
	10137  -  Run Bytes Sent By Job
	601138  -  Run Bytes Received By Job
	10137  -  Total Bytes Sent By Job
	601138  -  Total Bytes Received By Job
	Partitionable Resources :    Usage  Request Allocated 
	   Cpus                 :                 1         1 
	   Disk (KB)            :    43883      750   1317928 
	   Memory (MB)          :      139     2000      2000 

	Job terminated of its own accord at 2021-07-08T07:38:59Z.
...
