000 (1616327.148.000) 07/08 09:29:26 Job submitted from host: <188.185.71.83:9618?addrs=188.185.71.83-9618+[2001-1458-d00-7--100-34d]-9618&alias=bigbird18.cern.ch&noUDP&sock=schedd_1990_8d8e>
...
040 (1616327.148.000) 07/08 09:32:50 Started transferring input files
	Transferring to host: <128.142.77.205:9618?addrs=128.142.77.205-9618+[2001-1458-301-f4--100-2d5]-9618&alias=b7s12n3114.cern.ch&noUDP&sock=slot1_15_31717_3ee3_110738>
...
040 (1616327.148.000) 07/08 09:32:50 Finished transferring input files
...
001 (1616327.148.000) 07/08 09:32:51 Job executing on host: <128.142.77.205:9618?addrs=128.142.77.205-9618+[2001-1458-301-f4--100-2d5]-9618&alias=b7s12n3114.cern.ch&noUDP&sock=startd_16622_e34e>
...
006 (1616327.148.000) 07/08 09:32:59 Image size of job updated: 423884
	88  -  MemoryUsage of job (MB)
	89988  -  ResidentSetSize of job (KB)
...
006 (1616327.148.000) 07/08 09:37:59 Image size of job updated: 561240
	138  -  MemoryUsage of job (MB)
	140880  -  ResidentSetSize of job (KB)
...
040 (1616327.148.000) 07/08 09:39:31 Started transferring output files
...
040 (1616327.148.000) 07/08 09:39:31 Finished transferring output files
...
005 (1616327.148.000) 07/08 09:39:32 Job terminated.
	(1) Normal termination (return value 0)
		Usr 0 00:05:36, Sys 0 00:00:04  -  Run Remote Usage
		Usr 0 00:00:00, Sys 0 00:00:00  -  Run Local Usage
		Usr 0 00:05:36, Sys 0 00:00:04  -  Total Remote Usage
		Usr 0 00:00:00, Sys 0 00:00:00  -  Total Local Usage
	10059  -  Run Bytes Sent By Job
	601138  -  Run Bytes Received By Job
	10059  -  Total Bytes Sent By Job
	601138  -  Total Bytes Received By Job
	Partitionable Resources :    Usage  Request Allocated 
	   Cpus                 :     0.99        1         1 
	   Disk (KB)            : 43721         750    281108 
	   Memory (MB)          :   138        2000      2000 

	Job terminated of its own accord at 2021-07-08T07:39:31Z.
...
