000 (1616327.020.000) 07/08 09:29:25 Job submitted from host: <188.185.71.83:9618?addrs=188.185.71.83-9618+[2001-1458-d00-7--100-34d]-9618&alias=bigbird18.cern.ch&noUDP&sock=schedd_1990_8d8e>
...
040 (1616327.020.000) 07/08 09:31:48 Started transferring input files
	Transferring to host: <188.184.196.115:9618?addrs=188.184.196.115-9618+[2001-1458-301-102--100-87]-9618&alias=b7g24n0227.cern.ch&noUDP&sock=slot1_2_3680_a48f_67668>
...
040 (1616327.020.000) 07/08 09:31:48 Finished transferring input files
...
001 (1616327.020.000) 07/08 09:31:49 Job executing on host: <188.184.196.115:9618?addrs=188.184.196.115-9618+[2001-1458-301-102--100-87]-9618&alias=b7g24n0227.cern.ch&noUDP&sock=startd_3038_64cf>
...
006 (1616327.020.000) 07/08 09:31:58 Image size of job updated: 369088
	51  -  MemoryUsage of job (MB)
	52140  -  ResidentSetSize of job (KB)
...
006 (1616327.020.000) 07/08 09:33:28 Image size of job updated: 561540
	51  -  MemoryUsage of job (MB)
	52140  -  ResidentSetSize of job (KB)
...
040 (1616327.020.000) 07/08 09:33:28 Started transferring output files
...
040 (1616327.020.000) 07/08 09:33:28 Finished transferring output files
...
005 (1616327.020.000) 07/08 09:33:30 Job terminated.
	(1) Normal termination (return value 0)
		Usr 0 00:01:18, Sys 0 00:00:02  -  Run Remote Usage
		Usr 0 00:00:00, Sys 0 00:00:00  -  Run Local Usage
		Usr 0 00:01:18, Sys 0 00:00:02  -  Total Remote Usage
		Usr 0 00:00:00, Sys 0 00:00:00  -  Total Local Usage
	10450  -  Run Bytes Sent By Job
	601629  -  Run Bytes Received By Job
	10450  -  Total Bytes Sent By Job
	601629  -  Total Bytes Received By Job
	Partitionable Resources :    Usage  Request Allocated 
	   Cpus                 :                 1         1 
	   Disk (KB)            :    43556      750    301794 
	   Memory (MB)          :       51     2000      2000 

	Job terminated of its own accord at 2021-07-08T07:33:28Z.
...
