000 (1616327.074.000) 07/08 09:29:26 Job submitted from host: <188.185.71.83:9618?addrs=188.185.71.83-9618+[2001-1458-d00-7--100-34d]-9618&alias=bigbird18.cern.ch&noUDP&sock=schedd_1990_8d8e>
...
040 (1616327.074.000) 07/08 09:32:10 Started transferring input files
	Transferring to host: <128.142.56.87:9618?addrs=128.142.56.87-9618+[2001-1458-301-6--100-56]-9618&alias=b7s01p0440.cern.ch&noUDP&sock=slot1_26_61601_3a22_2657>
...
040 (1616327.074.000) 07/08 09:32:10 Finished transferring input files
...
001 (1616327.074.000) 07/08 09:32:11 Job executing on host: <128.142.56.87:9618?addrs=128.142.56.87-9618+[2001-1458-301-6--100-56]-9618&alias=b7s01p0440.cern.ch&noUDP&sock=startd_61556_dfdd>
...
006 (1616327.074.000) 07/08 09:32:19 Image size of job updated: 276560
	102  -  MemoryUsage of job (MB)
	103900  -  ResidentSetSize of job (KB)
...
006 (1616327.074.000) 07/08 09:36:14 Image size of job updated: 562312
	102  -  MemoryUsage of job (MB)
	103900  -  ResidentSetSize of job (KB)
...
040 (1616327.074.000) 07/08 09:36:14 Started transferring output files
...
040 (1616327.074.000) 07/08 09:36:14 Finished transferring output files
...
005 (1616327.074.000) 07/08 09:36:15 Job terminated.
	(1) Normal termination (return value 0)
		Usr 0 00:03:35, Sys 0 00:00:03  -  Run Remote Usage
		Usr 0 00:00:00, Sys 0 00:00:00  -  Run Local Usage
		Usr 0 00:03:35, Sys 0 00:00:03  -  Total Remote Usage
		Usr 0 00:00:00, Sys 0 00:00:00  -  Total Local Usage
	34026  -  Run Bytes Sent By Job
	601840  -  Run Bytes Received By Job
	34026  -  Total Bytes Sent By Job
	601840  -  Total Bytes Received By Job
	Partitionable Resources :    Usage  Request Allocated 
	   Cpus                 :     0.81        1         1 
	   Disk (KB)            : 43562         750   1262018 
	   Memory (MB)          :   102        2000      2000 

	Job terminated of its own accord at 2021-07-08T07:36:14Z.
...
