000 (1616327.113.000) 07/08 09:29:26 Job submitted from host: <188.185.71.83:9618?addrs=188.185.71.83-9618+[2001-1458-d00-7--100-34d]-9618&alias=bigbird18.cern.ch&noUDP&sock=schedd_1990_8d8e>
...
040 (1616327.113.000) 07/08 09:32:38 Started transferring input files
	Transferring to host: <188.184.168.157:9618?addrs=188.184.168.157-9618+[2001-1458-301-c0--100-183]-9618&alias=b7g52n9732.cern.ch&noUDP&sock=slot1_9_12948_c988_112640>
...
040 (1616327.113.000) 07/08 09:32:38 Finished transferring input files
...
001 (1616327.113.000) 07/08 09:32:39 Job executing on host: <188.184.168.157:9618?addrs=188.184.168.157-9618+[2001-1458-301-c0--100-183]-9618&alias=b7g52n9732.cern.ch&noUDP&sock=startd_16853_55af>
...
006 (1616327.113.000) 07/08 09:32:48 Image size of job updated: 1066248
	106  -  MemoryUsage of job (MB)
	107908  -  ResidentSetSize of job (KB)
...
006 (1616327.113.000) 07/08 09:37:49 Image size of job updated: 1066248
	158  -  MemoryUsage of job (MB)
	160772  -  ResidentSetSize of job (KB)
...
040 (1616327.113.000) 07/08 09:40:57 Started transferring output files
...
040 (1616327.113.000) 07/08 09:40:57 Finished transferring output files
...
005 (1616327.113.000) 07/08 09:40:58 Job terminated.
	(1) Normal termination (return value 0)
		Usr 0 00:07:36, Sys 0 00:00:04  -  Run Remote Usage
		Usr 0 00:00:00, Sys 0 00:00:00  -  Run Local Usage
		Usr 0 00:07:36, Sys 0 00:00:04  -  Total Remote Usage
		Usr 0 00:00:00, Sys 0 00:00:00  -  Total Local Usage
	10403  -  Run Bytes Sent By Job
	601595  -  Run Bytes Received By Job
	10403  -  Total Bytes Sent By Job
	601595  -  Total Bytes Received By Job
	Partitionable Resources :    Usage  Request Allocated 
	   Cpus                 :                 1         1 
	   Disk (KB)            :    43722      750    274910 
	   Memory (MB)          :      158     2000      2000 

	Job terminated of its own accord at 2021-07-08T07:40:57Z.
...
