000 (1616327.003.000) 07/08 09:29:25 Job submitted from host: <188.185.71.83:9618?addrs=188.185.71.83-9618+[2001-1458-d00-7--100-34d]-9618&alias=bigbird18.cern.ch&noUDP&sock=schedd_1990_8d8e>
...
040 (1616327.003.000) 07/08 09:31:38 Started transferring input files
	Transferring to host: <128.142.56.104:9618?addrs=128.142.56.104-9618+[2001-1458-301-6--100-67]-9618&alias=b7s01p0718.cern.ch&noUDP&sock=slot1_27_43289_c439_2417>
...
040 (1616327.003.000) 07/08 09:31:38 Finished transferring input files
...
001 (1616327.003.000) 07/08 09:31:39 Job executing on host: <128.142.56.104:9618?addrs=128.142.56.104-9618+[2001-1458-301-6--100-67]-9618&alias=b7s01p0718.cern.ch&noUDP&sock=startd_40179_07d0>
...
006 (1616327.003.000) 07/08 09:31:48 Image size of job updated: 321404
	14  -  MemoryUsage of job (MB)
	13428  -  ResidentSetSize of job (KB)
...
006 (1616327.003.000) 07/08 09:36:49 Image size of job updated: 556352
	156  -  MemoryUsage of job (MB)
	159456  -  ResidentSetSize of job (KB)
...
040 (1616327.003.000) 07/08 09:37:27 Started transferring output files
...
040 (1616327.003.000) 07/08 09:37:27 Finished transferring output files
...
005 (1616327.003.000) 07/08 09:37:28 Job terminated.
	(1) Normal termination (return value 0)
		Usr 0 00:04:22, Sys 0 00:00:03  -  Run Remote Usage
		Usr 0 00:00:00, Sys 0 00:00:00  -  Run Local Usage
		Usr 0 00:04:22, Sys 0 00:00:03  -  Total Remote Usage
		Usr 0 00:00:00, Sys 0 00:00:00  -  Total Local Usage
	10378  -  Run Bytes Sent By Job
	601597  -  Run Bytes Received By Job
	10378  -  Total Bytes Sent By Job
	601597  -  Total Bytes Received By Job
	Partitionable Resources :    Usage  Request Allocated 
	   Cpus                 :     0.97        1         1 
	   Disk (KB)            : 43920         750   1347349 
	   Memory (MB)          :   156        2000      2000 

	Job terminated of its own accord at 2021-07-08T07:37:27Z.
...
