000 (1616327.016.000) 07/08 09:29:25 Job submitted from host: <188.185.71.83:9618?addrs=188.185.71.83-9618+[2001-1458-d00-7--100-34d]-9618&alias=bigbird18.cern.ch&noUDP&sock=schedd_1990_8d8e>
...
040 (1616327.016.000) 07/08 09:31:47 Started transferring input files
	Transferring to host: <128.142.56.55:9618?addrs=128.142.56.55-9618+[2001-1458-301-6--100-36]-9618&alias=b7s01p1201.cern.ch&noUDP&sock=slot1_12_56275_9409_2918>
...
040 (1616327.016.000) 07/08 09:31:47 Finished transferring input files
...
001 (1616327.016.000) 07/08 09:31:48 Job executing on host: <128.142.56.55:9618?addrs=128.142.56.55-9618+[2001-1458-301-6--100-36]-9618&alias=b7s01p1201.cern.ch&noUDP&sock=startd_53180_a299>
...
006 (1616327.016.000) 07/08 09:31:57 Image size of job updated: 460700
	85  -  MemoryUsage of job (MB)
	86512  -  ResidentSetSize of job (KB)
...
006 (1616327.016.000) 07/08 09:32:51 Image size of job updated: 558500
	85  -  MemoryUsage of job (MB)
	86512  -  ResidentSetSize of job (KB)
...
040 (1616327.016.000) 07/08 09:32:51 Started transferring output files
...
040 (1616327.016.000) 07/08 09:32:51 Finished transferring output files
...
005 (1616327.016.000) 07/08 09:32:53 Job terminated.
	(1) Normal termination (return value 0)
		Usr 0 00:00:49, Sys 0 00:00:01  -  Run Remote Usage
		Usr 0 00:00:00, Sys 0 00:00:00  -  Run Local Usage
		Usr 0 00:00:49, Sys 0 00:00:01  -  Total Remote Usage
		Usr 0 00:00:00, Sys 0 00:00:00  -  Total Local Usage
	10460  -  Run Bytes Sent By Job
	601628  -  Run Bytes Received By Job
	10460  -  Total Bytes Sent By Job
	601628  -  Total Bytes Received By Job
	Partitionable Resources :    Usage  Request Allocated 
	   Cpus                 :                 1         1 
	   Disk (KB)            :    43558      750   1350516 
	   Memory (MB)          :       85     2000      2000 

	Job terminated of its own accord at 2021-07-08T07:32:51Z.
...
