000 (1616327.199.000) 07/08 09:29:26 Job submitted from host: <188.185.71.83:9618?addrs=188.185.71.83-9618+[2001-1458-d00-7--100-34d]-9618&alias=bigbird18.cern.ch&noUDP&sock=schedd_1990_8d8e>
...
040 (1616327.199.000) 07/08 09:33:40 Started transferring input files
	Transferring to host: <128.142.56.112:9618?addrs=128.142.56.112-9618+[2001-1458-301-6--100-6f]-9618&alias=b7s01p3738.cern.ch&noUDP&sock=slot1_15_54559_8044_2442>
...
040 (1616327.199.000) 07/08 09:33:40 Finished transferring input files
...
001 (1616327.199.000) 07/08 09:33:41 Job executing on host: <128.142.56.112:9618?addrs=128.142.56.112-9618+[2001-1458-301-6--100-6f]-9618&alias=b7s01p3738.cern.ch&noUDP&sock=startd_51470_b7a6>
...
006 (1616327.199.000) 07/08 09:33:50 Image size of job updated: 190836
	137  -  MemoryUsage of job (MB)
	139736  -  ResidentSetSize of job (KB)
...
006 (1616327.199.000) 07/08 09:34:27 Image size of job updated: 559468
	137  -  MemoryUsage of job (MB)
	139736  -  ResidentSetSize of job (KB)
...
040 (1616327.199.000) 07/08 09:34:27 Started transferring output files
...
040 (1616327.199.000) 07/08 09:34:27 Finished transferring output files
...
005 (1616327.199.000) 07/08 09:34:30 Job terminated.
	(1) Normal termination (return value 0)
		Usr 0 00:00:34, Sys 0 00:00:01  -  Run Remote Usage
		Usr 0 00:00:00, Sys 0 00:00:00  -  Run Local Usage
		Usr 0 00:00:34, Sys 0 00:00:01  -  Total Remote Usage
		Usr 0 00:00:00, Sys 0 00:00:00  -  Total Local Usage
	11498  -  Run Bytes Sent By Job
	602075  -  Run Bytes Received By Job
	11498  -  Total Bytes Sent By Job
	602075  -  Total Bytes Received By Job
	Partitionable Resources :    Usage  Request Allocated 
	   Cpus                 :                 1         1 
	   Disk (KB)            :    43560      750   1339189 
	   Memory (MB)          :      137     2000      2000 

	Job terminated of its own accord at 2021-07-08T07:34:27Z.
...
