000 (1616327.149.000) 07/08 09:29:26 Job submitted from host: <188.185.71.83:9618?addrs=188.185.71.83-9618+[2001-1458-d00-7--100-34d]-9618&alias=bigbird18.cern.ch&noUDP&sock=schedd_1990_8d8e>
...
040 (1616327.149.000) 07/08 09:32:52 Started transferring input files
	Transferring to host: <128.142.57.86:9618?addrs=128.142.57.86-9618+[2001-1458-301-7--100-55]-9618&alias=b7s02p3671.cern.ch&noUDP&sock=slot1_38_6635_b527_3695>
...
040 (1616327.149.000) 07/08 09:32:53 Finished transferring input files
...
001 (1616327.149.000) 07/08 09:32:53 Job executing on host: <128.142.57.86:9618?addrs=128.142.57.86-9618+[2001-1458-301-7--100-55]-9618&alias=b7s02p3671.cern.ch&noUDP&sock=startd_6169_ffd6>
...
006 (1616327.149.000) 07/08 09:33:02 Image size of job updated: 462348
	134  -  MemoryUsage of job (MB)
	137180  -  ResidentSetSize of job (KB)
...
006 (1616327.149.000) 07/08 09:34:35 Image size of job updated: 556392
	134  -  MemoryUsage of job (MB)
	137180  -  ResidentSetSize of job (KB)
...
040 (1616327.149.000) 07/08 09:34:35 Started transferring output files
...
040 (1616327.149.000) 07/08 09:34:35 Finished transferring output files
...
005 (1616327.149.000) 07/08 09:34:36 Job terminated.
	(1) Normal termination (return value 0)
		Usr 0 00:01:27, Sys 0 00:00:02  -  Run Remote Usage
		Usr 0 00:00:00, Sys 0 00:00:00  -  Run Local Usage
		Usr 0 00:01:27, Sys 0 00:00:02  -  Total Remote Usage
		Usr 0 00:00:00, Sys 0 00:00:00  -  Total Local Usage
	10055  -  Run Bytes Sent By Job
	601138  -  Run Bytes Received By Job
	10055  -  Total Bytes Sent By Job
	601138  -  Total Bytes Received By Job
	Partitionable Resources :    Usage  Request Allocated 
	   Cpus                 :                 1         1 
	   Disk (KB)            :    43556      750   1299365 
	   Memory (MB)          :      134     2000      2000 

	Job terminated of its own accord at 2021-07-08T07:34:35Z.
...
