000 (1616327.139.000) 07/08 09:29:26 Job submitted from host: <188.185.71.83:9618?addrs=188.185.71.83-9618+[2001-1458-d00-7--100-34d]-9618&alias=bigbird18.cern.ch&noUDP&sock=schedd_1990_8d8e>
...
040 (1616327.139.000) 07/08 09:32:42 Started transferring input files
	Transferring to host: <128.142.57.37:9618?addrs=128.142.57.37-9618+[2001-1458-301-7--100-24]-9618&alias=b7s02p5036.cern.ch&noUDP&sock=slot1_41_6664_2408_2744>
...
040 (1616327.139.000) 07/08 09:32:43 Finished transferring input files
...
001 (1616327.139.000) 07/08 09:32:44 Job executing on host: <128.142.57.37:9618?addrs=128.142.57.37-9618+[2001-1458-301-7--100-24]-9618&alias=b7s02p5036.cern.ch&noUDP&sock=startd_6194_25b4>
...
006 (1616327.139.000) 07/08 09:32:52 Image size of job updated: 491216
	93  -  MemoryUsage of job (MB)
	94700  -  ResidentSetSize of job (KB)
...
006 (1616327.139.000) 07/08 09:37:52 Image size of job updated: 561208
	141  -  MemoryUsage of job (MB)
	143960  -  ResidentSetSize of job (KB)
...
040 (1616327.139.000) 07/08 09:41:36 Started transferring output files
...
040 (1616327.139.000) 07/08 09:41:36 Finished transferring output files
...
005 (1616327.139.000) 07/08 09:41:36 Job terminated.
	(1) Normal termination (return value 0)
		Usr 0 00:07:59, Sys 0 00:00:04  -  Run Remote Usage
		Usr 0 00:00:00, Sys 0 00:00:00  -  Run Local Usage
		Usr 0 00:07:59, Sys 0 00:00:04  -  Total Remote Usage
		Usr 0 00:00:00, Sys 0 00:00:00  -  Total Local Usage
	10083  -  Run Bytes Sent By Job
	601142  -  Run Bytes Received By Job
	10083  -  Total Bytes Sent By Job
	601142  -  Total Bytes Received By Job
	Partitionable Resources :    Usage  Request Allocated 
	   Cpus                 :     0.90        1         1 
	   Disk (KB)            : 43973         750   1348629 
	   Memory (MB)          :   141        2000      2000 

	Job terminated of its own accord at 2021-07-08T07:41:35Z.
...
