000 (1616327.129.000) 07/08 09:29:26 Job submitted from host: <188.185.71.83:9618?addrs=188.185.71.83-9618+[2001-1458-d00-7--100-34d]-9618&alias=bigbird18.cern.ch&noUDP&sock=schedd_1990_8d8e>
...
040 (1616327.129.000) 07/08 09:32:39 Started transferring input files
	Transferring to host: <188.184.169.204:9618?addrs=188.184.169.204-9618+[2001-1458-301-c0--100-3c8]-9618&alias=b7g52n5787.cern.ch&noUDP&sock=slot1_12_6589_4be5_111395>
...
040 (1616327.129.000) 07/08 09:32:39 Finished transferring input files
...
001 (1616327.129.000) 07/08 09:32:41 Job executing on host: <188.184.169.204:9618?addrs=188.184.169.204-9618+[2001-1458-301-c0--100-3c8]-9618&alias=b7g52n5787.cern.ch&noUDP&sock=startd_17538_300e>
...
006 (1616327.129.000) 07/08 09:32:49 Image size of job updated: 1063956
	87  -  MemoryUsage of job (MB)
	89008  -  ResidentSetSize of job (KB)
...
006 (1616327.129.000) 07/08 09:37:49 Image size of job updated: 1063956
	140  -  MemoryUsage of job (MB)
	142492  -  ResidentSetSize of job (KB)
...
040 (1616327.129.000) 07/08 09:41:24 Started transferring output files
...
040 (1616327.129.000) 07/08 09:41:24 Finished transferring output files
...
005 (1616327.129.000) 07/08 09:41:25 Job terminated.
	(1) Normal termination (return value 0)
		Usr 0 00:07:50, Sys 0 00:00:03  -  Run Remote Usage
		Usr 0 00:00:00, Sys 0 00:00:00  -  Run Local Usage
		Usr 0 00:07:50, Sys 0 00:00:03  -  Total Remote Usage
		Usr 0 00:00:00, Sys 0 00:00:00  -  Total Local Usage
	9349  -  Run Bytes Sent By Job
	601118  -  Run Bytes Received By Job
	9349  -  Total Bytes Sent By Job
	601118  -  Total Bytes Received By Job
	Partitionable Resources :    Usage  Request Allocated 
	   Cpus                 :     1.00        1         1 
	   Disk (KB)            : 43865         750    281162 
	   Memory (MB)          :   140        2000      2000 

	Job terminated of its own accord at 2021-07-08T07:41:24Z.
...
