000 (1616327.085.000) 07/08 09:29:26 Job submitted from host: <188.185.71.83:9618?addrs=188.185.71.83-9618+[2001-1458-d00-7--100-34d]-9618&alias=bigbird18.cern.ch&noUDP&sock=schedd_1990_8d8e>
...
040 (1616327.085.000) 07/08 09:32:17 Started transferring input files
	Transferring to host: <188.184.169.204:9618?addrs=188.184.169.204-9618+[2001-1458-301-c0--100-3c8]-9618&alias=b7g52n5787.cern.ch&noUDP&sock=slot1_10_6589_4be5_111393>
...
040 (1616327.085.000) 07/08 09:32:17 Finished transferring input files
...
001 (1616327.085.000) 07/08 09:32:18 Job executing on host: <188.184.169.204:9618?addrs=188.184.169.204-9618+[2001-1458-301-c0--100-3c8]-9618&alias=b7g52n5787.cern.ch&noUDP&sock=startd_17538_300e>
...
006 (1616327.085.000) 07/08 09:32:27 Image size of job updated: 288728
	43  -  MemoryUsage of job (MB)
	43824  -  ResidentSetSize of job (KB)
...
006 (1616327.085.000) 07/08 09:37:27 Image size of job updated: 567184
	158  -  MemoryUsage of job (MB)
	161644  -  ResidentSetSize of job (KB)
...
006 (1616327.085.000) 07/08 09:47:29 Image size of job updated: 567184
	161  -  MemoryUsage of job (MB)
	164636  -  ResidentSetSize of job (KB)
...
040 (1616327.085.000) 07/08 09:50:53 Started transferring output files
...
040 (1616327.085.000) 07/08 09:50:53 Finished transferring output files
...
005 (1616327.085.000) 07/08 09:50:53 Job terminated.
	(1) Normal termination (return value 0)
		Usr 0 00:17:00, Sys 0 00:00:06  -  Run Remote Usage
		Usr 0 00:00:00, Sys 0 00:00:00  -  Run Local Usage
		Usr 0 00:17:00, Sys 0 00:00:06  -  Total Remote Usage
		Usr 0 00:00:00, Sys 0 00:00:00  -  Total Local Usage
	34026  -  Run Bytes Sent By Job
	601840  -  Run Bytes Received By Job
	34026  -  Total Bytes Sent By Job
	601840  -  Total Bytes Received By Job
	Partitionable Resources :    Usage  Request Allocated 
	   Cpus                 :     1.00        1         1 
	   Disk (KB)            : 43818         750    281597 
	   Memory (MB)          :   161        2000      2000 

	Job terminated of its own accord at 2021-07-08T07:50:53Z.
...
