000 (1616327.134.000) 07/08 09:29:26 Job submitted from host: <188.185.71.83:9618?addrs=188.185.71.83-9618+[2001-1458-d00-7--100-34d]-9618&alias=bigbird18.cern.ch&noUDP&sock=schedd_1990_8d8e>
...
040 (1616327.134.000) 07/08 09:32:40 Started transferring input files
	Transferring to host: <128.142.56.106:9618?addrs=128.142.56.106-9618+[2001-1458-301-6--100-69]-9618&alias=b7s01p1580.cern.ch&noUDP&sock=slot1_32_52476_d6cf_2718>
...
040 (1616327.134.000) 07/08 09:32:40 Finished transferring input files
...
001 (1616327.134.000) 07/08 09:32:41 Job executing on host: <128.142.56.106:9618?addrs=128.142.56.106-9618+[2001-1458-301-6--100-69]-9618&alias=b7s01p1580.cern.ch&noUDP&sock=startd_49376_6855>
...
006 (1616327.134.000) 07/08 09:32:50 Image size of job updated: 491864
	119  -  MemoryUsage of job (MB)
	121272  -  ResidentSetSize of job (KB)
...
006 (1616327.134.000) 07/08 09:37:51 Image size of job updated: 560572
	140  -  MemoryUsage of job (MB)
	143108  -  ResidentSetSize of job (KB)
...
040 (1616327.134.000) 07/08 09:39:45 Started transferring output files
...
040 (1616327.134.000) 07/08 09:39:45 Finished transferring output files
...
005 (1616327.134.000) 07/08 09:39:46 Job terminated.
	(1) Normal termination (return value 0)
		Usr 0 00:05:45, Sys 0 00:00:04  -  Run Remote Usage
		Usr 0 00:00:00, Sys 0 00:00:00  -  Run Local Usage
		Usr 0 00:05:45, Sys 0 00:00:04  -  Total Remote Usage
		Usr 0 00:00:00, Sys 0 00:00:00  -  Total Local Usage
	9359  -  Run Bytes Sent By Job
	601120  -  Run Bytes Received By Job
	9359  -  Total Bytes Sent By Job
	601120  -  Total Bytes Received By Job
	Partitionable Resources :    Usage  Request Allocated 
	   Cpus                 :                 1         1 
	   Disk (KB)            :    43927      750   1313183 
	   Memory (MB)          :      140     2000      2000 

	Job terminated of its own accord at 2021-07-08T07:39:45Z.
...
