000 (1616327.115.000) 07/08 09:29:26 Job submitted from host: <188.185.71.83:9618?addrs=188.185.71.83-9618+[2001-1458-d00-7--100-34d]-9618&alias=bigbird18.cern.ch&noUDP&sock=schedd_1990_8d8e>
...
040 (1616327.115.000) 07/08 09:32:32 Started transferring input files
	Transferring to host: <128.142.76.92:9618?addrs=128.142.76.92-9618+[2001-1458-301-f4--100-475]-9618&alias=b7s12n3450.cern.ch&noUDP&sock=slot1_12_8523_f974_116215>
...
040 (1616327.115.000) 07/08 09:32:32 Finished transferring input files
...
001 (1616327.115.000) 07/08 09:32:33 Job executing on host: <128.142.76.92:9618?addrs=128.142.76.92-9618+[2001-1458-301-f4--100-475]-9618&alias=b7s12n3450.cern.ch&noUDP&sock=startd_16450_e904>
...
006 (1616327.115.000) 07/08 09:32:41 Image size of job updated: 547564
	87  -  MemoryUsage of job (MB)
	88340  -  ResidentSetSize of job (KB)
...
006 (1616327.115.000) 07/08 09:37:41 Image size of job updated: 560976
	139  -  MemoryUsage of job (MB)
	141452  -  ResidentSetSize of job (KB)
...
040 (1616327.115.000) 07/08 09:38:52 Started transferring output files
...
040 (1616327.115.000) 07/08 09:38:52 Finished transferring output files
...
005 (1616327.115.000) 07/08 09:38:52 Job terminated.
	(1) Normal termination (return value 0)
		Usr 0 00:05:35, Sys 0 00:00:04  -  Run Remote Usage
		Usr 0 00:00:00, Sys 0 00:00:00  -  Run Local Usage
		Usr 0 00:05:35, Sys 0 00:00:04  -  Total Remote Usage
		Usr 0 00:00:00, Sys 0 00:00:00  -  Total Local Usage
	9348  -  Run Bytes Sent By Job
	601118  -  Run Bytes Received By Job
	9348  -  Total Bytes Sent By Job
	601118  -  Total Bytes Received By Job
	Partitionable Resources :    Usage  Request Allocated 
	   Cpus                 :     1.00        1         1 
	   Disk (KB)            : 43768         750    271699 
	   Memory (MB)          :   139        2000      2000 

	Job terminated of its own accord at 2021-07-08T07:38:51Z.
...
