000 (1616327.207.000) 07/08 09:29:26 Job submitted from host: <188.185.71.83:9618?addrs=188.185.71.83-9618+[2001-1458-d00-7--100-34d]-9618&alias=bigbird18.cern.ch&noUDP&sock=schedd_1990_8d8e>
...
040 (1616327.207.000) 07/08 09:33:59 Started transferring input files
	Transferring to host: <188.184.211.192:9618?addrs=188.184.211.192-9618+[2001-1458-301-10b--100-556]-9618&alias=b7g23n1327.cern.ch&noUDP&sock=slot1_1_5146_928a_68931>
...
040 (1616327.207.000) 07/08 09:33:59 Finished transferring input files
...
001 (1616327.207.000) 07/08 09:34:00 Job executing on host: <188.184.211.192:9618?addrs=188.184.211.192-9618+[2001-1458-301-10b--100-556]-9618&alias=b7g23n1327.cern.ch&noUDP&sock=startd_4194_504a>
...
006 (1616327.207.000) 07/08 09:34:09 Image size of job updated: 1066520
	25  -  MemoryUsage of job (MB)
	25500  -  ResidentSetSize of job (KB)
...
006 (1616327.207.000) 07/08 09:37:58 Image size of job updated: 1066520
	26  -  MemoryUsage of job (MB)
	25692  -  ResidentSetSize of job (KB)
...
040 (1616327.207.000) 07/08 09:37:59 Started transferring output files
...
040 (1616327.207.000) 07/08 09:37:59 Finished transferring output files
...
005 (1616327.207.000) 07/08 09:37:59 Job terminated.
	(1) Normal termination (return value 0)
		Usr 0 00:02:54, Sys 0 00:00:04  -  Run Remote Usage
		Usr 0 00:00:00, Sys 0 00:00:00  -  Run Local Usage
		Usr 0 00:02:54, Sys 0 00:00:04  -  Total Remote Usage
		Usr 0 00:00:00, Sys 0 00:00:00  -  Total Local Usage
	9748  -  Run Bytes Sent By Job
	601297  -  Run Bytes Received By Job
	9748  -  Total Bytes Sent By Job
	601297  -  Total Bytes Received By Job
	Partitionable Resources :    Usage  Request Allocated 
	   Cpus                 :     0.99        1         1 
	   Disk (KB)            : 43557         750    359044 
	   Memory (MB)          :    26        2000      2000 

	Job terminated of its own accord at 2021-07-08T07:37:58Z.
...
