000 (1616327.147.000) 07/08 09:29:26 Job submitted from host: <188.185.71.83:9618?addrs=188.185.71.83-9618+[2001-1458-d00-7--100-34d]-9618&alias=bigbird18.cern.ch&noUDP&sock=schedd_1990_8d8e>
...
040 (1616327.147.000) 07/08 09:32:50 Started transferring input files
	Transferring to host: <128.142.80.106:9618?addrs=128.142.80.106-9618+[2001-1458-301-f5--100-5b]-9618&alias=b7s13n7997.cern.ch&noUDP&sock=slot1_14_5555_bffb_61444>
...
040 (1616327.147.000) 07/08 09:32:50 Finished transferring input files
...
001 (1616327.147.000) 07/08 09:32:51 Job executing on host: <128.142.80.106:9618?addrs=128.142.80.106-9618+[2001-1458-301-f5--100-5b]-9618&alias=b7s13n7997.cern.ch&noUDP&sock=startd_4324_7b9a>
...
006 (1616327.147.000) 07/08 09:32:59 Image size of job updated: 403144
	42  -  MemoryUsage of job (MB)
	42200  -  ResidentSetSize of job (KB)
...
006 (1616327.147.000) 07/08 09:37:59 Image size of job updated: 561044
	138  -  MemoryUsage of job (MB)
	141076  -  ResidentSetSize of job (KB)
...
040 (1616327.147.000) 07/08 09:39:23 Started transferring output files
...
040 (1616327.147.000) 07/08 09:39:24 Finished transferring output files
...
005 (1616327.147.000) 07/08 09:39:26 Job terminated.
	(1) Normal termination (return value 0)
		Usr 0 00:05:16, Sys 0 00:00:04  -  Run Remote Usage
		Usr 0 00:00:00, Sys 0 00:00:00  -  Run Local Usage
		Usr 0 00:05:16, Sys 0 00:00:04  -  Total Remote Usage
		Usr 0 00:00:00, Sys 0 00:00:00  -  Total Local Usage
	10125  -  Run Bytes Sent By Job
	601138  -  Run Bytes Received By Job
	10125  -  Total Bytes Sent By Job
	601138  -  Total Bytes Received By Job
	Partitionable Resources :    Usage  Request Allocated 
	   Cpus                 :                 1         1 
	   Disk (KB)            :    43715      750    283145 
	   Memory (MB)          :      138     2000      2000 

	Job terminated of its own accord at 2021-07-08T07:39:21Z.
...
