000 (1616327.082.000) 07/08 09:29:26 Job submitted from host: <188.185.71.83:9618?addrs=188.185.71.83-9618+[2001-1458-d00-7--100-34d]-9618&alias=bigbird18.cern.ch&noUDP&sock=schedd_1990_8d8e>
...
040 (1616327.082.000) 07/08 09:32:14 Started transferring input files
	Transferring to host: <128.142.77.205:9618?addrs=128.142.77.205-9618+[2001-1458-301-f4--100-2d5]-9618&alias=b7s12n3114.cern.ch&noUDP&sock=slot1_8_31717_3ee3_110733>
...
040 (1616327.082.000) 07/08 09:32:14 Finished transferring input files
...
001 (1616327.082.000) 07/08 09:32:15 Job executing on host: <128.142.77.205:9618?addrs=128.142.77.205-9618+[2001-1458-301-f4--100-2d5]-9618&alias=b7s12n3114.cern.ch&noUDP&sock=startd_16622_e34e>
...
006 (1616327.082.000) 07/08 09:32:24 Image size of job updated: 455968
	147  -  MemoryUsage of job (MB)
	150196  -  ResidentSetSize of job (KB)
...
040 (1616327.082.000) 07/08 09:32:27 Started transferring output files
...
040 (1616327.082.000) 07/08 09:32:27 Finished transferring output files
...
005 (1616327.082.000) 07/08 09:32:28 Job terminated.
	(1) Normal termination (return value 0)
		Usr 0 00:00:07, Sys 0 00:00:01  -  Run Remote Usage
		Usr 0 00:00:00, Sys 0 00:00:00  -  Run Local Usage
		Usr 0 00:00:07, Sys 0 00:00:01  -  Total Remote Usage
		Usr 0 00:00:00, Sys 0 00:00:00  -  Total Local Usage
	23280  -  Run Bytes Sent By Job
	601811  -  Run Bytes Received By Job
	23280  -  Total Bytes Sent By Job
	601811  -  Total Bytes Received By Job
	Partitionable Resources :    Usage  Request Allocated 
	   Cpus                 :                 1         1 
	   Disk (KB)            :    43678      750    281341 
	   Memory (MB)          :      147     2000      2000 

	Job terminated of its own accord at 2021-07-08T07:32:27Z.
...
