000 (1616327.073.000) 07/08 09:29:26 Job submitted from host: <188.185.71.83:9618?addrs=188.185.71.83-9618+[2001-1458-d00-7--100-34d]-9618&alias=bigbird18.cern.ch&noUDP&sock=schedd_1990_8d8e>
...
040 (1616327.073.000) 07/08 09:32:12 Started transferring input files
	Transferring to host: <128.142.75.51:9618?addrs=128.142.75.51-9618+[2001-1458-301-75--100-4c7]-9618&alias=b7s11n9674.cern.ch&noUDP&sock=slot1_9_12038_9c23_117214>
...
040 (1616327.073.000) 07/08 09:32:12 Finished transferring input files
...
001 (1616327.073.000) 07/08 09:32:13 Job executing on host: <128.142.75.51:9618?addrs=128.142.75.51-9618+[2001-1458-301-75--100-4c7]-9618&alias=b7s11n9674.cern.ch&noUDP&sock=startd_16467_9220>
...
006 (1616327.073.000) 07/08 09:32:21 Image size of job updated: 411672
	25  -  MemoryUsage of job (MB)
	25204  -  ResidentSetSize of job (KB)
...
006 (1616327.073.000) 07/08 09:37:21 Image size of job updated: 564444
	160  -  MemoryUsage of job (MB)
	163608  -  ResidentSetSize of job (KB)
...
040 (1616327.073.000) 07/08 09:39:08 Started transferring output files
...
040 (1616327.073.000) 07/08 09:39:08 Finished transferring output files
...
005 (1616327.073.000) 07/08 09:39:08 Job terminated.
	(1) Normal termination (return value 0)
		Usr 0 00:06:05, Sys 0 00:00:03  -  Run Remote Usage
		Usr 0 00:00:00, Sys 0 00:00:00  -  Run Local Usage
		Usr 0 00:06:05, Sys 0 00:00:03  -  Total Remote Usage
		Usr 0 00:00:00, Sys 0 00:00:00  -  Total Local Usage
	34024  -  Run Bytes Sent By Job
	601841  -  Run Bytes Received By Job
	34024  -  Total Bytes Sent By Job
	601841  -  Total Bytes Received By Job
	Partitionable Resources :    Usage  Request Allocated 
	   Cpus                 :     1.00        1         1 
	   Disk (KB)            : 43749         750    281322 
	   Memory (MB)          :   160        2000      2000 

	Job terminated of its own accord at 2021-07-08T07:39:08Z.
...
