000 (1616327.033.000) 07/08 09:29:25 Job submitted from host: <188.185.71.83:9618?addrs=188.185.71.83-9618+[2001-1458-d00-7--100-34d]-9618&alias=bigbird18.cern.ch&noUDP&sock=schedd_1990_8d8e>
...
040 (1616327.033.000) 07/08 09:31:54 Started transferring input files
	Transferring to host: <128.142.56.68:9618?addrs=128.142.56.68-9618+[2001-1458-301-6--100-43]-9618&alias=b7s01p2709.cern.ch&noUDP&sock=slot1_10_50481_2e5e_2704>
...
040 (1616327.033.000) 07/08 09:31:54 Finished transferring input files
...
001 (1616327.033.000) 07/08 09:31:55 Job executing on host: <128.142.56.68:9618?addrs=128.142.56.68-9618+[2001-1458-301-6--100-43]-9618&alias=b7s01p2709.cern.ch&noUDP&sock=startd_47390_2d3f>
...
006 (1616327.033.000) 07/08 09:32:04 Image size of job updated: 450412
	85  -  MemoryUsage of job (MB)
	86496  -  ResidentSetSize of job (KB)
...
006 (1616327.033.000) 07/08 09:32:43 Image size of job updated: 558928
	85  -  MemoryUsage of job (MB)
	86716  -  ResidentSetSize of job (KB)
...
040 (1616327.033.000) 07/08 09:32:44 Started transferring output files
...
040 (1616327.033.000) 07/08 09:32:44 Finished transferring output files
...
005 (1616327.033.000) 07/08 09:32:44 Job terminated.
	(1) Normal termination (return value 0)
		Usr 0 00:00:35, Sys 0 00:00:01  -  Run Remote Usage
		Usr 0 00:00:00, Sys 0 00:00:00  -  Run Local Usage
		Usr 0 00:00:35, Sys 0 00:00:01  -  Total Remote Usage
		Usr 0 00:00:00, Sys 0 00:00:00  -  Total Local Usage
	10455  -  Run Bytes Sent By Job
	601629  -  Run Bytes Received By Job
	10455  -  Total Bytes Sent By Job
	601629  -  Total Bytes Received By Job
	Partitionable Resources :    Usage  Request Allocated 
	   Cpus                 :                 1         1 
	   Disk (KB)            :    43558      750   1286520 
	   Memory (MB)          :       85     2000      2000 

	Job terminated of its own accord at 2021-07-08T07:32:43Z.
...
