000 (1616327.056.000) 07/08 09:29:25 Job submitted from host: <188.185.71.83:9618?addrs=188.185.71.83-9618+[2001-1458-d00-7--100-34d]-9618&alias=bigbird18.cern.ch&noUDP&sock=schedd_1990_8d8e>
...
040 (1616327.056.000) 07/08 09:32:03 Started transferring input files
	Transferring to host: <188.184.138.108:9618?addrs=188.184.138.108-9618+[2001-1458-301-45--100-7b]-9618&alias=b7g42n0214.cern.ch&noUDP&sock=slot1_7_4885_aca0_55705>
...
040 (1616327.056.000) 07/08 09:32:03 Finished transferring input files
...
001 (1616327.056.000) 07/08 09:32:04 Job executing on host: <188.184.138.108:9618?addrs=188.184.138.108-9618+[2001-1458-301-45--100-7b]-9618&alias=b7g42n0214.cern.ch&noUDP&sock=startd_3877_e0c4>
...
006 (1616327.056.000) 07/08 09:32:13 Image size of job updated: 132000
	80  -  MemoryUsage of job (MB)
	81500  -  ResidentSetSize of job (KB)
...
006 (1616327.056.000) 07/08 09:37:14 Image size of job updated: 558992
	156  -  MemoryUsage of job (MB)
	159140  -  ResidentSetSize of job (KB)
...
040 (1616327.056.000) 07/08 09:38:23 Started transferring output files
...
040 (1616327.056.000) 07/08 09:38:23 Finished transferring output files
...
005 (1616327.056.000) 07/08 09:38:23 Job terminated.
	(1) Normal termination (return value 0)
		Usr 0 00:04:54, Sys 0 00:00:04  -  Run Remote Usage
		Usr 0 00:00:00, Sys 0 00:00:00  -  Run Local Usage
		Usr 0 00:04:54, Sys 0 00:00:04  -  Total Remote Usage
		Usr 0 00:00:00, Sys 0 00:00:00  -  Total Local Usage
	10572  -  Run Bytes Sent By Job
	601671  -  Run Bytes Received By Job
	10572  -  Total Bytes Sent By Job
	601671  -  Total Bytes Received By Job
	Partitionable Resources :    Usage  Request Allocated 
	   Cpus                 :                 1         1 
	   Disk (KB)            :    43897      750    297286 
	   Memory (MB)          :      156     2000      2000 

	Job terminated of its own accord at 2021-07-08T07:38:23Z.
...
