000 (1616327.156.000) 07/08 09:29:26 Job submitted from host: <188.185.71.83:9618?addrs=188.185.71.83-9618+[2001-1458-d00-7--100-34d]-9618&alias=bigbird18.cern.ch&noUDP&sock=schedd_1990_8d8e>
...
040 (1616327.156.000) 07/08 09:32:56 Started transferring input files
	Transferring to host: <188.184.169.204:9618?addrs=188.184.169.204-9618+[2001-1458-301-c0--100-3c8]-9618&alias=b7g52n5787.cern.ch&noUDP&sock=slot1_16_6589_4be5_111399>
...
001 (1616327.156.000) 07/08 09:32:57 Job executing on host: <188.184.169.204:9618?addrs=188.184.169.204-9618+[2001-1458-301-c0--100-3c8]-9618&alias=b7g52n5787.cern.ch&noUDP&sock=startd_17538_300e>
...
040 (1616327.156.000) 07/08 09:32:57 Finished transferring input files
...
006 (1616327.156.000) 07/08 09:33:05 Image size of job updated: 176332
	123  -  MemoryUsage of job (MB)
	125344  -  ResidentSetSize of job (KB)
...
006 (1616327.156.000) 07/08 09:38:05 Image size of job updated: 564244
	140  -  MemoryUsage of job (MB)
	142456  -  ResidentSetSize of job (KB)
...
006 (1616327.156.000) 07/08 09:43:06 Image size of job updated: 564244
	140  -  MemoryUsage of job (MB)
	142484  -  ResidentSetSize of job (KB)
...
040 (1616327.156.000) 07/08 09:45:33 Started transferring output files
...
040 (1616327.156.000) 07/08 09:45:33 Finished transferring output files
...
005 (1616327.156.000) 07/08 09:45:34 Job terminated.
	(1) Normal termination (return value 0)
		Usr 0 00:11:36, Sys 0 00:00:05  -  Run Remote Usage
		Usr 0 00:00:00, Sys 0 00:00:00  -  Run Local Usage
		Usr 0 00:11:36, Sys 0 00:00:05  -  Total Remote Usage
		Usr 0 00:00:00, Sys 0 00:00:00  -  Total Local Usage
	10066  -  Run Bytes Sent By Job
	601140  -  Run Bytes Received By Job
	10066  -  Total Bytes Sent By Job
	601140  -  Total Bytes Received By Job
	Partitionable Resources :    Usage  Request Allocated 
	   Cpus                 :     0.94        1         1 
	   Disk (KB)            : 43953         750    280955 
	   Memory (MB)          :   140        2000      2000 

	Job terminated of its own accord at 2021-07-08T07:45:33Z.
...
