000 (1616327.112.000) 07/08 09:29:26 Job submitted from host: <188.185.71.83:9618?addrs=188.185.71.83-9618+[2001-1458-d00-7--100-34d]-9618&alias=bigbird18.cern.ch&noUDP&sock=schedd_1990_8d8e>
...
040 (1616327.112.000) 07/08 09:32:30 Started transferring input files
	Transferring to host: <128.142.80.106:9618?addrs=128.142.80.106-9618+[2001-1458-301-f5--100-5b]-9618&alias=b7s13n7997.cern.ch&noUDP&sock=slot1_11_5555_bffb_61441>
...
040 (1616327.112.000) 07/08 09:32:30 Finished transferring input files
...
001 (1616327.112.000) 07/08 09:32:31 Job executing on host: <128.142.80.106:9618?addrs=128.142.80.106-9618+[2001-1458-301-f5--100-5b]-9618&alias=b7s13n7997.cern.ch&noUDP&sock=startd_4324_7b9a>
...
006 (1616327.112.000) 07/08 09:32:40 Image size of job updated: 487096
	92  -  MemoryUsage of job (MB)
	93592  -  ResidentSetSize of job (KB)
...
006 (1616327.112.000) 07/08 09:37:41 Image size of job updated: 563500
	158  -  MemoryUsage of job (MB)
	161628  -  ResidentSetSize of job (KB)
...
006 (1616327.112.000) 07/08 09:42:41 Image size of job updated: 563500
	159  -  MemoryUsage of job (MB)
	161984  -  ResidentSetSize of job (KB)
...
040 (1616327.112.000) 07/08 09:46:40 Started transferring output files
...
040 (1616327.112.000) 07/08 09:46:40 Finished transferring output files
...
005 (1616327.112.000) 07/08 09:46:41 Job terminated.
	(1) Normal termination (return value 0)
		Usr 0 00:10:44, Sys 0 00:00:05  -  Run Remote Usage
		Usr 0 00:00:00, Sys 0 00:00:00  -  Run Local Usage
		Usr 0 00:10:44, Sys 0 00:00:05  -  Total Remote Usage
		Usr 0 00:00:00, Sys 0 00:00:00  -  Total Local Usage
	11116  -  Run Bytes Sent By Job
	601917  -  Run Bytes Received By Job
	11116  -  Total Bytes Sent By Job
	601917  -  Total Bytes Received By Job
	Partitionable Resources :    Usage  Request Allocated 
	   Cpus                 :     0.90        1         1 
	   Disk (KB)            : 43726         750    283307 
	   Memory (MB)          :   159        2000      2000 

	Job terminated of its own accord at 2021-07-08T07:46:40Z.
...
