000 (1616327.042.000) 07/08 09:29:25 Job submitted from host: <188.185.71.83:9618?addrs=188.185.71.83-9618+[2001-1458-d00-7--100-34d]-9618&alias=bigbird18.cern.ch&noUDP&sock=schedd_1990_8d8e>
...
040 (1616327.042.000) 07/08 09:31:57 Started transferring input files
	Transferring to host: <128.142.56.163:9618?addrs=128.142.56.163-9618+[2001-1458-301-6--100-a2]-9618&alias=b7s01p3622.cern.ch&noUDP&sock=slot1_31_42570_2a7c_2641>
...
040 (1616327.042.000) 07/08 09:31:58 Finished transferring input files
...
001 (1616327.042.000) 07/08 09:31:58 Job executing on host: <128.142.56.163:9618?addrs=128.142.56.163-9618+[2001-1458-301-6--100-a2]-9618&alias=b7s01p3622.cern.ch&noUDP&sock=startd_39478_33ed>
...
006 (1616327.042.000) 07/08 09:32:07 Image size of job updated: 460088
	86  -  MemoryUsage of job (MB)
	87304  -  ResidentSetSize of job (KB)
...
006 (1616327.042.000) 07/08 09:37:07 Image size of job updated: 556848
	157  -  MemoryUsage of job (MB)
	160068  -  ResidentSetSize of job (KB)
...
040 (1616327.042.000) 07/08 09:37:27 Started transferring output files
...
040 (1616327.042.000) 07/08 09:37:27 Finished transferring output files
...
005 (1616327.042.000) 07/08 09:37:28 Job terminated.
	(1) Normal termination (return value 0)
		Usr 0 00:04:32, Sys 0 00:00:03  -  Run Remote Usage
		Usr 0 00:00:00, Sys 0 00:00:00  -  Run Local Usage
		Usr 0 00:04:32, Sys 0 00:00:03  -  Total Remote Usage
		Usr 0 00:00:00, Sys 0 00:00:00  -  Total Local Usage
	10576  -  Run Bytes Sent By Job
	601669  -  Run Bytes Received By Job
	10576  -  Total Bytes Sent By Job
	601669  -  Total Bytes Received By Job
	Partitionable Resources :    Usage  Request Allocated 
	   Cpus                 :                 1         1 
	   Disk (KB)            :    43922      750   1335501 
	   Memory (MB)          :      157     2000      2000 

	Job terminated of its own accord at 2021-07-08T07:37:27Z.
...
