000 (1616327.133.000) 07/08 09:29:26 Job submitted from host: <188.185.71.83:9618?addrs=188.185.71.83-9618+[2001-1458-d00-7--100-34d]-9618&alias=bigbird18.cern.ch&noUDP&sock=schedd_1990_8d8e>
...
040 (1616327.133.000) 07/08 09:32:40 Started transferring input files
	Transferring to host: <128.142.56.163:9618?addrs=128.142.56.163-9618+[2001-1458-301-6--100-a2]-9618&alias=b7s01p3622.cern.ch&noUDP&sock=slot1_46_42570_2a7c_2645>
...
040 (1616327.133.000) 07/08 09:32:40 Finished transferring input files
...
001 (1616327.133.000) 07/08 09:32:41 Job executing on host: <128.142.56.163:9618?addrs=128.142.56.163-9618+[2001-1458-301-6--100-a2]-9618&alias=b7s01p3622.cern.ch&noUDP&sock=startd_39478_33ed>
...
006 (1616327.133.000) 07/08 09:32:50 Image size of job updated: 486772
	88  -  MemoryUsage of job (MB)
	89928  -  ResidentSetSize of job (KB)
...
006 (1616327.133.000) 07/08 09:37:51 Image size of job updated: 560020
	140  -  MemoryUsage of job (MB)
	143068  -  ResidentSetSize of job (KB)
...
040 (1616327.133.000) 07/08 09:39:11 Started transferring output files
...
040 (1616327.133.000) 07/08 09:39:11 Finished transferring output files
...
005 (1616327.133.000) 07/08 09:39:12 Job terminated.
	(1) Normal termination (return value 0)
		Usr 0 00:05:35, Sys 0 00:00:04  -  Run Remote Usage
		Usr 0 00:00:00, Sys 0 00:00:00  -  Run Local Usage
		Usr 0 00:05:35, Sys 0 00:00:04  -  Total Remote Usage
		Usr 0 00:00:00, Sys 0 00:00:00  -  Total Local Usage
	9359  -  Run Bytes Sent By Job
	601120  -  Run Bytes Received By Job
	9359  -  Total Bytes Sent By Job
	601120  -  Total Bytes Received By Job
	Partitionable Resources :    Usage  Request Allocated 
	   Cpus                 :                 1         1 
	   Disk (KB)            :    43925      750   1335216 
	   Memory (MB)          :      140     2000      2000 

	Job terminated of its own accord at 2021-07-08T07:39:11Z.
...
