000 (1616327.150.000) 07/08 09:29:26 Job submitted from host: <188.185.71.83:9618?addrs=188.185.71.83-9618+[2001-1458-d00-7--100-34d]-9618&alias=bigbird18.cern.ch&noUDP&sock=schedd_1990_8d8e>
...
040 (1616327.150.000) 07/08 09:32:51 Started transferring input files
	Transferring to host: <128.142.76.179:9618?addrs=128.142.76.179-9618+[2001-1458-301-f4--100-400]-9618&alias=b7s12n3275.cern.ch&noUDP&sock=slot1_14_5325_b1b2_62585>
...
040 (1616327.150.000) 07/08 09:32:51 Finished transferring input files
...
001 (1616327.150.000) 07/08 09:32:52 Job executing on host: <128.142.76.179:9618?addrs=128.142.76.179-9618+[2001-1458-301-f4--100-400]-9618&alias=b7s12n3275.cern.ch&noUDP&sock=startd_4217_16f7>
...
006 (1616327.150.000) 07/08 09:33:01 Image size of job updated: 421444
	85  -  MemoryUsage of job (MB)
	87016  -  ResidentSetSize of job (KB)
...
006 (1616327.150.000) 07/08 09:38:02 Image size of job updated: 559260
	138  -  MemoryUsage of job (MB)
	140652  -  ResidentSetSize of job (KB)
...
040 (1616327.150.000) 07/08 09:39:11 Started transferring output files
...
040 (1616327.150.000) 07/08 09:39:11 Finished transferring output files
...
005 (1616327.150.000) 07/08 09:39:12 Job terminated.
	(1) Normal termination (return value 0)
		Usr 0 00:05:01, Sys 0 00:00:03  -  Run Remote Usage
		Usr 0 00:00:00, Sys 0 00:00:00  -  Run Local Usage
		Usr 0 00:05:01, Sys 0 00:00:03  -  Total Remote Usage
		Usr 0 00:00:00, Sys 0 00:00:00  -  Total Local Usage
	10047  -  Run Bytes Sent By Job
	601138  -  Run Bytes Received By Job
	10047  -  Total Bytes Sent By Job
	601138  -  Total Bytes Received By Job
	Partitionable Resources :    Usage  Request Allocated 
	   Cpus                 :     0.93        1         1 
	   Disk (KB)            : 43732         750    258262 
	   Memory (MB)          :   138        2000      2000 

	Job terminated of its own accord at 2021-07-08T07:39:11Z.
...
