000 (1616327.023.000) 07/08 09:29:25 Job submitted from host: <188.185.71.83:9618?addrs=188.185.71.83-9618+[2001-1458-d00-7--100-34d]-9618&alias=bigbird18.cern.ch&noUDP&sock=schedd_1990_8d8e>
...
040 (1616327.023.000) 07/08 09:31:51 Started transferring input files
	Transferring to host: <188.184.211.192:9618?addrs=188.184.211.192-9618+[2001-1458-301-10b--100-556]-9618&alias=b7g23n1327.cern.ch&noUDP&sock=slot1_1_5146_928a_68928>
...
040 (1616327.023.000) 07/08 09:31:51 Finished transferring input files
...
001 (1616327.023.000) 07/08 09:31:52 Job executing on host: <188.184.211.192:9618?addrs=188.184.211.192-9618+[2001-1458-301-10b--100-556]-9618&alias=b7g23n1327.cern.ch&noUDP&sock=startd_4194_504a>
...
006 (1616327.023.000) 07/08 09:32:00 Image size of job updated: 44316
	25  -  MemoryUsage of job (MB)
	25184  -  ResidentSetSize of job (KB)
...
006 (1616327.023.000) 07/08 09:33:57 Image size of job updated: 563316
	25  -  MemoryUsage of job (MB)
	25184  -  ResidentSetSize of job (KB)
...
040 (1616327.023.000) 07/08 09:33:57 Started transferring output files
...
040 (1616327.023.000) 07/08 09:33:57 Finished transferring output files
...
005 (1616327.023.000) 07/08 09:33:58 Job terminated.
	(1) Normal termination (return value 0)
		Usr 0 00:01:15, Sys 0 00:00:03  -  Run Remote Usage
		Usr 0 00:00:00, Sys 0 00:00:00  -  Run Local Usage
		Usr 0 00:01:15, Sys 0 00:00:03  -  Total Remote Usage
		Usr 0 00:00:00, Sys 0 00:00:00  -  Total Local Usage
	10549  -  Run Bytes Sent By Job
	601631  -  Run Bytes Received By Job
	10549  -  Total Bytes Sent By Job
	601631  -  Total Bytes Received By Job
	Partitionable Resources :    Usage  Request Allocated 
	   Cpus                 :                 1         1 
	   Disk (KB)            :    43556      750    359362 
	   Memory (MB)          :       25     2000      2000 

	Job terminated of its own accord at 2021-07-08T07:33:57Z.
...
