000 (1616327.101.000) 07/08 09:29:26 Job submitted from host: <188.185.71.83:9618?addrs=188.185.71.83-9618+[2001-1458-d00-7--100-34d]-9618&alias=bigbird18.cern.ch&noUDP&sock=schedd_1990_8d8e>
...
040 (1616327.101.000) 07/08 09:32:22 Started transferring input files
	Transferring to host: <128.142.56.126:9618?addrs=128.142.56.126-9618+[2001-1458-301-6--100-7d]-9618&alias=b7s01p3334.cern.ch&noUDP&sock=slot1_45_49169_c229_2760>
...
040 (1616327.101.000) 07/08 09:32:22 Finished transferring input files
...
001 (1616327.101.000) 07/08 09:32:23 Job executing on host: <128.142.56.126:9618?addrs=128.142.56.126-9618+[2001-1458-301-6--100-7d]-9618&alias=b7s01p3334.cern.ch&noUDP&sock=startd_45963_5f99>
...
006 (1616327.101.000) 07/08 09:32:33 Image size of job updated: 192984
	139  -  MemoryUsage of job (MB)
	141640  -  ResidentSetSize of job (KB)
...
040 (1616327.101.000) 07/08 09:32:34 Started transferring output files
...
040 (1616327.101.000) 07/08 09:32:34 Finished transferring output files
...
005 (1616327.101.000) 07/08 09:32:36 Job terminated.
	(1) Normal termination (return value 0)
		Usr 0 00:00:05, Sys 0 00:00:01  -  Run Remote Usage
		Usr 0 00:00:00, Sys 0 00:00:00  -  Run Local Usage
		Usr 0 00:00:05, Sys 0 00:00:01  -  Total Remote Usage
		Usr 0 00:00:00, Sys 0 00:00:00  -  Total Local Usage
	9351  -  Run Bytes Sent By Job
	601118  -  Run Bytes Received By Job
	9351  -  Total Bytes Sent By Job
	601118  -  Total Bytes Received By Job
	Partitionable Resources :    Usage  Request Allocated 
	   Cpus                 :                 1         1 
	   Disk (KB)            :    43679      750   1315491 
	   Memory (MB)          :      139     2000      2000 

	Job terminated of its own accord at 2021-07-08T07:32:34Z.
...
