000 (1616327.163.000) 07/08 09:29:26 Job submitted from host: <188.185.71.83:9618?addrs=188.185.71.83-9618+[2001-1458-d00-7--100-34d]-9618&alias=bigbird18.cern.ch&noUDP&sock=schedd_1990_8d8e>
...
040 (1616327.163.000) 07/08 09:33:03 Started transferring input files
	Transferring to host: <128.142.80.106:9618?addrs=128.142.80.106-9618+[2001-1458-301-f5--100-5b]-9618&alias=b7s13n7997.cern.ch&noUDP&sock=slot1_10_5555_bffb_61447>
...
040 (1616327.163.000) 07/08 09:33:03 Finished transferring input files
...
001 (1616327.163.000) 07/08 09:33:04 Job executing on host: <128.142.80.106:9618?addrs=128.142.80.106-9618+[2001-1458-301-f5--100-5b]-9618&alias=b7s13n7997.cern.ch&noUDP&sock=startd_4324_7b9a>
...
006 (1616327.163.000) 07/08 09:33:13 Image size of job updated: 497136
	60  -  MemoryUsage of job (MB)
	61012  -  ResidentSetSize of job (KB)
...
006 (1616327.163.000) 07/08 09:34:42 Image size of job updated: 557944
	60  -  MemoryUsage of job (MB)
	61096  -  ResidentSetSize of job (KB)
...
040 (1616327.163.000) 07/08 09:34:42 Started transferring output files
...
040 (1616327.163.000) 07/08 09:34:43 Finished transferring output files
...
005 (1616327.163.000) 07/08 09:34:44 Job terminated.
	(1) Normal termination (return value 0)
		Usr 0 00:01:05, Sys 0 00:00:02  -  Run Remote Usage
		Usr 0 00:00:00, Sys 0 00:00:00  -  Run Local Usage
		Usr 0 00:01:05, Sys 0 00:00:02  -  Total Remote Usage
		Usr 0 00:00:00, Sys 0 00:00:00  -  Total Local Usage
	13581  -  Run Bytes Sent By Job
	602757  -  Run Bytes Received By Job
	13581  -  Total Bytes Sent By Job
	602757  -  Total Bytes Received By Job
	Partitionable Resources :    Usage  Request Allocated 
	   Cpus                 :                 1         1 
	   Disk (KB)            :    43558      750    282957 
	   Memory (MB)          :       60     2000      2000 

	Job terminated of its own accord at 2021-07-08T07:34:42Z.
...
