000 (1616327.021.000) 07/08 09:29:25 Job submitted from host: <188.185.71.83:9618?addrs=188.185.71.83-9618+[2001-1458-d00-7--100-34d]-9618&alias=bigbird18.cern.ch&noUDP&sock=schedd_1990_8d8e>
...
040 (1616327.021.000) 07/08 09:31:50 Started transferring input files
	Transferring to host: <188.184.138.108:9618?addrs=188.184.138.108-9618+[2001-1458-301-45--100-7b]-9618&alias=b7g42n0214.cern.ch&noUDP&sock=slot1_4_4885_aca0_55704>
...
040 (1616327.021.000) 07/08 09:31:50 Finished transferring input files
...
001 (1616327.021.000) 07/08 09:31:51 Job executing on host: <188.184.138.108:9618?addrs=188.184.138.108-9618+[2001-1458-301-45--100-7b]-9618&alias=b7g42n0214.cern.ch&noUDP&sock=startd_3877_e0c4>
...
006 (1616327.021.000) 07/08 09:32:00 Image size of job updated: 45204
	25  -  MemoryUsage of job (MB)
	25224  -  ResidentSetSize of job (KB)
...
006 (1616327.021.000) 07/08 09:34:09 Image size of job updated: 562044
	25  -  MemoryUsage of job (MB)
	25224  -  ResidentSetSize of job (KB)
...
040 (1616327.021.000) 07/08 09:34:10 Started transferring output files
...
040 (1616327.021.000) 07/08 09:34:10 Finished transferring output files
...
005 (1616327.021.000) 07/08 09:34:11 Job terminated.
	(1) Normal termination (return value 0)
		Usr 0 00:01:31, Sys 0 00:00:03  -  Run Remote Usage
		Usr 0 00:00:00, Sys 0 00:00:00  -  Run Local Usage
		Usr 0 00:01:31, Sys 0 00:00:03  -  Total Remote Usage
		Usr 0 00:00:00, Sys 0 00:00:00  -  Total Local Usage
	10542  -  Run Bytes Sent By Job
	601628  -  Run Bytes Received By Job
	10542  -  Total Bytes Sent By Job
	601628  -  Total Bytes Received By Job
	Partitionable Resources :    Usage  Request Allocated 
	   Cpus                 :                 1         1 
	   Disk (KB)            :    43556      750    297560 
	   Memory (MB)          :       25     2000      2000 

	Job terminated of its own accord at 2021-07-08T07:34:09Z.
...
