000 (1616327.069.000) 07/08 09:29:26 Job submitted from host: <188.185.71.83:9618?addrs=188.185.71.83-9618+[2001-1458-d00-7--100-34d]-9618&alias=bigbird18.cern.ch&noUDP&sock=schedd_1990_8d8e>
...
040 (1616327.069.000) 07/08 09:32:08 Started transferring input files
	Transferring to host: <128.142.57.113:9618?addrs=128.142.57.113-9618+[2001-1458-301-7--100-70]-9618&alias=b7s02p4192.cern.ch&noUDP&sock=slot1_28_6532_2283_2559>
...
040 (1616327.069.000) 07/08 09:32:08 Finished transferring input files
...
001 (1616327.069.000) 07/08 09:32:09 Job executing on host: <128.142.57.113:9618?addrs=128.142.57.113-9618+[2001-1458-301-7--100-70]-9618&alias=b7s02p4192.cern.ch&noUDP&sock=startd_6070_17f5>
...
006 (1616327.069.000) 07/08 09:32:18 Image size of job updated: 469096
	70  -  MemoryUsage of job (MB)
	71472  -  ResidentSetSize of job (KB)
...
006 (1616327.069.000) 07/08 09:35:04 Image size of job updated: 560972
	70  -  MemoryUsage of job (MB)
	71472  -  ResidentSetSize of job (KB)
...
040 (1616327.069.000) 07/08 09:35:04 Started transferring output files
...
040 (1616327.069.000) 07/08 09:35:04 Finished transferring output files
...
005 (1616327.069.000) 07/08 09:35:05 Job terminated.
	(1) Normal termination (return value 0)
		Usr 0 00:02:24, Sys 0 00:00:02  -  Run Remote Usage
		Usr 0 00:00:00, Sys 0 00:00:00  -  Run Local Usage
		Usr 0 00:02:24, Sys 0 00:00:02  -  Total Remote Usage
		Usr 0 00:00:00, Sys 0 00:00:00  -  Total Local Usage
	34037  -  Run Bytes Sent By Job
	601840  -  Run Bytes Received By Job
	34037  -  Total Bytes Sent By Job
	601840  -  Total Bytes Received By Job
	Partitionable Resources :    Usage  Request Allocated 
	   Cpus                 :                 1         1 
	   Disk (KB)            :    43556      750   1345170 
	   Memory (MB)          :       70     2000      2000 

	Job terminated of its own accord at 2021-07-08T07:35:04Z.
...
