Starting job on  Thu Jul 8 09:33:12 CEST 2021
Running on: Linux b7s02p4788.cern.ch 3.10.0-1160.31.1.el7.x86_64 #1 SMP Thu Jun 10 13:32:12 UTC 2021 x86_64 x86_64 x86_64 GNU/Linux
System software: CentOS Linux release 7.9.2009 (Core) 
PWD: /pool/condor/dir_63568
Resetting caches
Done: ProjectRename
Arjun_skim.py
Condor_Job_Submit_UL_NANO_BkG.jdl
Condor_Job_UL_NANO_BkG.sh
DataUL17_Analyzer_NANO_AOD_with_LepJetClean.C
DataUL17_Analyzer_NANO_AOD_with_LepJetClean.h
Data_Condor_Job_Submit_UL_NANO_BkG.jdl
Data_Condor_Job_UL_NANO_BkG.sh
Data_jobsubmit_script
Generate_PileUp_File_Using_TTbar.C
MC_Analyzer_NANO_AOD.C
MC_Analyzer_NANO_AOD.h
MC_Condor_Job_Submit_UL_NANO_BkG.jdl
MC_Condor_Job_UL_NANO_BkG.sh
MC_jobsubmit_script
NANOV2_GenPart_UL17_Analyzer.C
NANO_AOD_Ntuple_Analyzer.h
NewPT.txt
PUPPI.exe
PileUp_ScalefactorsUL2017_16Mar21.root
PileUp_ScalefactorsUL2017_24Mar21.root
PileUp_ScalefactorsUL2017_24Mar21_66.root
PileUp_ScalefactorsUL2017_24Mar21_724.root
Sample_Header.h
TTbar_UL16_test.txt
TTbar_test.txt
UL17_Analyzer_NANO_AOD.C
UL17_Analyzer_NANO_AOD.h
UL17_Analyzer_NANO_AOD_with_LepJetClean.h
UL17_Analyzer_NANO_AOD_with_LepJetClean_v1.h
achhetri.cc
crab.log
jobsubmit_script
out
output_log
run_cmnd
============================================
 FileName =/eos/user/a/achhetri/Tprime_v5_NANo_AOD_106X/DYJetsToLL_M-50_HT-70to100_TuneCP5_PSweights_13TeV-madgraphMLM-pythia8/DYJetsToLL_M-50_HT-70to100_v2/210628_140913/0000/tree_1.root , Events= 138  file= /eos/user/a/achhetri/Tprime_v5_NANo_AOD_106X/DYJetsToLL_M-50_HT-70to100_TuneCP5_PSweights_13TeV-madgraphMLM-pythia8/DYJetsToLL_M-50_HT-70to100_v2/210628_140913/0000/tree_1.root
 FileName =/eos/user/a/achhetri/Tprime_v5_NANo_AOD_106X/DYJetsToLL_M-50_HT-70to100_TuneCP5_PSweights_13TeV-madgraphMLM-pythia8/DYJetsToLL_M-50_HT-70to100_v2/210628_140913/0000/tree_10.root , Events= 753  file= /eos/user/a/achhetri/Tprime_v5_NANo_AOD_106X/DYJetsToLL_M-50_HT-70to100_TuneCP5_PSweights_13TeV-madgraphMLM-pythia8/DYJetsToLL_M-50_HT-70to100_v2/210628_140913/0000/tree_10.root
 FileName =/eos/user/a/achhetri/Tprime_v5_NANo_AOD_106X/DYJetsToLL_M-50_HT-70to100_TuneCP5_PSweights_13TeV-madgraphMLM-pythia8/DYJetsToLL_M-50_HT-70to100_v2/210628_140913/0000/tree_11.root , Events= 1371  file= /eos/user/a/achhetri/Tprime_v5_NANo_AOD_106X/DYJetsToLL_M-50_HT-70to100_TuneCP5_PSweights_13TeV-madgraphMLM-pythia8/DYJetsToLL_M-50_HT-70to100_v2/210628_140913/0000/tree_11.root
 FileName =/eos/user/a/achhetri/Tprime_v5_NANo_AOD_106X/DYJetsToLL_M-50_HT-70to100_TuneCP5_PSweights_13TeV-madgraphMLM-pythia8/DYJetsToLL_M-50_HT-70to100_v2/210628_140913/0000/tree_12.root , Events= 1990  file= /eos/user/a/achhetri/Tprime_v5_NANo_AOD_106X/DYJetsToLL_M-50_HT-70to100_TuneCP5_PSweights_13TeV-madgraphMLM-pythia8/DYJetsToLL_M-50_HT-70to100_v2/210628_140913/0000/tree_12.root
 FileName =/eos/user/a/achhetri/Tprime_v5_NANo_AOD_106X/DYJetsToLL_M-50_HT-70to100_TuneCP5_PSweights_13TeV-madgraphMLM-pythia8/DYJetsToLL_M-50_HT-70to100_v2/210628_140913/0000/tree_13.root , Events= 2075  file= /eos/user/a/achhetri/Tprime_v5_NANo_AOD_106X/DYJetsToLL_M-50_HT-70to100_TuneCP5_PSweights_13TeV-madgraphMLM-pythia8/DYJetsToLL_M-50_HT-70to100_v2/210628_140913/0000/tree_13.root
 FileName =/eos/user/a/achhetri/Tprime_v5_NANo_AOD_106X/DYJetsToLL_M-50_HT-70to100_TuneCP5_PSweights_13TeV-madgraphMLM-pythia8/DYJetsToLL_M-50_HT-70to100_v2/210628_140913/0000/tree_14.root , Events= 2224  file= /eos/user/a/achhetri/Tprime_v5_NANo_AOD_106X/DYJetsToLL_M-50_HT-70to100_TuneCP5_PSweights_13TeV-madgraphMLM-pythia8/DYJetsToLL_M-50_HT-70to100_v2/210628_140913/0000/tree_14.root
 FileName =/eos/user/a/achhetri/Tprime_v5_NANo_AOD_106X/DYJetsToLL_M-50_HT-70to100_TuneCP5_PSweights_13TeV-madgraphMLM-pythia8/DYJetsToLL_M-50_HT-70to100_v2/210628_140913/0000/tree_15.root , Events= 2877  file= /eos/user/a/achhetri/Tprime_v5_NANo_AOD_106X/DYJetsToLL_M-50_HT-70to100_TuneCP5_PSweights_13TeV-madgraphMLM-pythia8/DYJetsToLL_M-50_HT-70to100_v2/210628_140913/0000/tree_15.root
 FileName =/eos/user/a/achhetri/Tprime_v5_NANo_AOD_106X/DYJetsToLL_M-50_HT-70to100_TuneCP5_PSweights_13TeV-madgraphMLM-pythia8/DYJetsToLL_M-50_HT-70to100_v2/210628_140913/0000/tree_16.root , Events= 2921  file= /eos/user/a/achhetri/Tprime_v5_NANo_AOD_106X/DYJetsToLL_M-50_HT-70to100_TuneCP5_PSweights_13TeV-madgraphMLM-pythia8/DYJetsToLL_M-50_HT-70to100_v2/210628_140913/0000/tree_16.root
 FileName =/eos/user/a/achhetri/Tprime_v5_NANo_AOD_106X/DYJetsToLL_M-50_HT-70to100_TuneCP5_PSweights_13TeV-madgraphMLM-pythia8/DYJetsToLL_M-50_HT-70to100_v2/210628_140913/0000/tree_17.root , Events= 3547  file= /eos/user/a/achhetri/Tprime_v5_NANo_AOD_106X/DYJetsToLL_M-50_HT-70to100_TuneCP5_PSweights_13TeV-madgraphMLM-pythia8/DYJetsToLL_M-50_HT-70to100_v2/210628_140913/0000/tree_17.root
 FileName =/eos/user/a/achhetri/Tprime_v5_NANo_AOD_106X/DYJetsToLL_M-50_HT-70to100_TuneCP5_PSweights_13TeV-madgraphMLM-pythia8/DYJetsToLL_M-50_HT-70to100_v2/210628_140913/0000/tree_18.root , Events= 3731  file= /eos/user/a/achhetri/Tprime_v5_NANo_AOD_106X/DYJetsToLL_M-50_HT-70to100_TuneCP5_PSweights_13TeV-madgraphMLM-pythia8/DYJetsToLL_M-50_HT-70to100_v2/210628_140913/0000/tree_18.root
 FileName =/eos/user/a/achhetri/Tprime_v5_NANo_AOD_106X/DYJetsToLL_M-50_HT-70to100_TuneCP5_PSweights_13TeV-madgraphMLM-pythia8/DYJetsToLL_M-50_HT-70to100_v2/210628_140913/0000/tree_19.root , Events= 3788  file= /eos/user/a/achhetri/Tprime_v5_NANo_AOD_106X/DYJetsToLL_M-50_HT-70to100_TuneCP5_PSweights_13TeV-madgraphMLM-pythia8/DYJetsToLL_M-50_HT-70to100_v2/210628_140913/0000/tree_19.root
 FileName =/eos/user/a/achhetri/Tprime_v5_NANo_AOD_106X/DYJetsToLL_M-50_HT-70to100_TuneCP5_PSweights_13TeV-madgraphMLM-pythia8/DYJetsToLL_M-50_HT-70to100_v2/210628_140913/0000/tree_2.root , Events= 3791  file= /eos/user/a/achhetri/Tprime_v5_NANo_AOD_106X/DYJetsToLL_M-50_HT-70to100_TuneCP5_PSweights_13TeV-madgraphMLM-pythia8/DYJetsToLL_M-50_HT-70to100_v2/210628_140913/0000/tree_2.root
 FileName =/eos/user/a/achhetri/Tprime_v5_NANo_AOD_106X/DYJetsToLL_M-50_HT-70to100_TuneCP5_PSweights_13TeV-madgraphMLM-pythia8/DYJetsToLL_M-50_HT-70to100_v2/210628_140913/0000/tree_20.root , Events= 4155  file= /eos/user/a/achhetri/Tprime_v5_NANo_AOD_106X/DYJetsToLL_M-50_HT-70to100_TuneCP5_PSweights_13TeV-madgraphMLM-pythia8/DYJetsToLL_M-50_HT-70to100_v2/210628_140913/0000/tree_20.root
 FileName =/eos/user/a/achhetri/Tprime_v5_NANo_AOD_106X/DYJetsToLL_M-50_HT-70to100_TuneCP5_PSweights_13TeV-madgraphMLM-pythia8/DYJetsToLL_M-50_HT-70to100_v2/210628_140913/0000/tree_21.root , Events= 4185  file= /eos/user/a/achhetri/Tprime_v5_NANo_AOD_106X/DYJetsToLL_M-50_HT-70to100_TuneCP5_PSweights_13TeV-madgraphMLM-pythia8/DYJetsToLL_M-50_HT-70to100_v2/210628_140913/0000/tree_21.root
 FileName =/eos/user/a/achhetri/Tprime_v5_NANo_AOD_106X/DYJetsToLL_M-50_HT-70to100_TuneCP5_PSweights_13TeV-madgraphMLM-pythia8/DYJetsToLL_M-50_HT-70to100_v2/210628_140913/0000/tree_3.root , Events= 4191  file= /eos/user/a/achhetri/Tprime_v5_NANo_AOD_106X/DYJetsToLL_M-50_HT-70to100_TuneCP5_PSweights_13TeV-madgraphMLM-pythia8/DYJetsToLL_M-50_HT-70to100_v2/210628_140913/0000/tree_3.root
 FileName =/eos/user/a/achhetri/Tprime_v5_NANo_AOD_106X/DYJetsToLL_M-50_HT-70to100_TuneCP5_PSweights_13TeV-madgraphMLM-pythia8/DYJetsToLL_M-50_HT-70to100_v2/210628_140913/0000/tree_4.root , Events= 4199  file= /eos/user/a/achhetri/Tprime_v5_NANo_AOD_106X/DYJetsToLL_M-50_HT-70to100_TuneCP5_PSweights_13TeV-madgraphMLM-pythia8/DYJetsToLL_M-50_HT-70to100_v2/210628_140913/0000/tree_4.root
 FileName =/eos/user/a/achhetri/Tprime_v5_NANo_AOD_106X/DYJetsToLL_M-50_HT-70to100_TuneCP5_PSweights_13TeV-madgraphMLM-pythia8/DYJetsToLL_M-50_HT-70to100_v2/210628_140913/0000/tree_5.root , Events= 4251  file= /eos/user/a/achhetri/Tprime_v5_NANo_AOD_106X/DYJetsToLL_M-50_HT-70to100_TuneCP5_PSweights_13TeV-madgraphMLM-pythia8/DYJetsToLL_M-50_HT-70to100_v2/210628_140913/0000/tree_5.root
 FileName =/eos/user/a/achhetri/Tprime_v5_NANo_AOD_106X/DYJetsToLL_M-50_HT-70to100_TuneCP5_PSweights_13TeV-madgraphMLM-pythia8/DYJetsToLL_M-50_HT-70to100_v2/210628_140913/0000/tree_6.root , Events= 4267  file= /eos/user/a/achhetri/Tprime_v5_NANo_AOD_106X/DYJetsToLL_M-50_HT-70to100_TuneCP5_PSweights_13TeV-madgraphMLM-pythia8/DYJetsToLL_M-50_HT-70to100_v2/210628_140913/0000/tree_6.root
 FileName =/eos/user/a/achhetri/Tprime_v5_NANo_AOD_106X/DYJetsToLL_M-50_HT-70to100_TuneCP5_PSweights_13TeV-madgraphMLM-pythia8/DYJetsToLL_M-50_HT-70to100_v2/210628_140913/0000/tree_7.root , Events= 4275  file= /eos/user/a/achhetri/Tprime_v5_NANo_AOD_106X/DYJetsToLL_M-50_HT-70to100_TuneCP5_PSweights_13TeV-madgraphMLM-pythia8/DYJetsToLL_M-50_HT-70to100_v2/210628_140913/0000/tree_7.root
 FileName =/eos/user/a/achhetri/Tprime_v5_NANo_AOD_106X/DYJetsToLL_M-50_HT-70to100_TuneCP5_PSweights_13TeV-madgraphMLM-pythia8/DYJetsToLL_M-50_HT-70to100_v2/210628_140913/0000/tree_8.root , Events= 4275  file= /eos/user/a/achhetri/Tprime_v5_NANo_AOD_106X/DYJetsToLL_M-50_HT-70to100_TuneCP5_PSweights_13TeV-madgraphMLM-pythia8/DYJetsToLL_M-50_HT-70to100_v2/210628_140913/0000/tree_8.root
 FileName =/eos/user/a/achhetri/Tprime_v5_NANo_AOD_106X/DYJetsToLL_M-50_HT-70to100_TuneCP5_PSweights_13TeV-madgraphMLM-pythia8/DYJetsToLL_M-50_HT-70to100_v2/210628_140913/0000/tree_9.root , Events= 4277  file= /eos/user/a/achhetri/Tprime_v5_NANo_AOD_106X/DYJetsToLL_M-50_HT-70to100_TuneCP5_PSweights_13TeV-madgraphMLM-pythia8/DYJetsToLL_M-50_HT-70to100_v2/210628_140913/0000/tree_9.root

 For Sample = DYJetsToLL
 For Sample = DYJetsToLL_M-50_HT-70To100   Xsections = 146500 && Events = 1.19616e+07

 Factor for ../Analyzed_Files_Nano_AOD/UL17_Bkg/root_file_list/DYJetsToLL_M-50_HT-70To100_UL17_v2 is = 0.508638
 Yo man It works
 For Sample = DYJetsToLL
 For Sample = DYJetsToLL_M-50_HT-70To100   Xsections = 146500 && Events = 1.19616e+07

 Factor for ../Analyzed_Files_Nano_AOD/UL17_Bkg/root_file_list/DYJetsToLL_M-50_HT-70To100_UL17_v2 is = 0.508638
 Yo man It worksPWD: /pool/condor/dir_63568/CMSSW_10_6_8/src/Phase_III_Analysis_with_NanoAOD/NANO_AOD_Analyzer
====> List output files : 
Thu Jul  8 09:33:32 CEST 2021
