000 (1616327.075.000) 07/08 09:29:26 Job submitted from host: <188.185.71.83:9618?addrs=188.185.71.83-9618+[2001-1458-d00-7--100-34d]-9618&alias=bigbird18.cern.ch&noUDP&sock=schedd_1990_8d8e>
...
040 (1616327.075.000) 07/08 09:32:11 Started transferring input files
	Transferring to host: <128.142.56.126:9618?addrs=128.142.56.126-9618+[2001-1458-301-6--100-7d]-9618&alias=b7s01p3334.cern.ch&noUDP&sock=slot1_22_49169_c229_2759>
...
040 (1616327.075.000) 07/08 09:32:11 Finished transferring input files
...
001 (1616327.075.000) 07/08 09:32:12 Job executing on host: <128.142.56.126:9618?addrs=128.142.56.126-9618+[2001-1458-301-6--100-7d]-9618&alias=b7s01p3334.cern.ch&noUDP&sock=startd_45963_5f99>
...
006 (1616327.075.000) 07/08 09:32:20 Image size of job updated: 131580
	80  -  MemoryUsage of job (MB)
	81320  -  ResidentSetSize of job (KB)
...
006 (1616327.075.000) 07/08 09:36:13 Image size of job updated: 562328
	80  -  MemoryUsage of job (MB)
	81320  -  ResidentSetSize of job (KB)
...
040 (1616327.075.000) 07/08 09:36:13 Started transferring output files
...
040 (1616327.075.000) 07/08 09:36:13 Finished transferring output files
...
005 (1616327.075.000) 07/08 09:36:14 Job terminated.
	(1) Normal termination (return value 0)
		Usr 0 00:03:13, Sys 0 00:00:03  -  Run Remote Usage
		Usr 0 00:00:00, Sys 0 00:00:00  -  Run Local Usage
		Usr 0 00:03:13, Sys 0 00:00:03  -  Total Remote Usage
		Usr 0 00:00:00, Sys 0 00:00:00  -  Total Local Usage
	34120  -  Run Bytes Sent By Job
	601839  -  Run Bytes Received By Job
	34120  -  Total Bytes Sent By Job
	601839  -  Total Bytes Received By Job
	Partitionable Resources :    Usage  Request Allocated 
	   Cpus                 :                 1         1 
	   Disk (KB)            :    43558      750   1315597 
	   Memory (MB)          :       80     2000      2000 

	Job terminated of its own accord at 2021-07-08T07:36:13Z.
...
