000 (1616327.194.000) 07/08 09:29:26 Job submitted from host: <188.185.71.83:9618?addrs=188.185.71.83-9618+[2001-1458-d00-7--100-34d]-9618&alias=bigbird18.cern.ch&noUDP&sock=schedd_1990_8d8e>
...
040 (1616327.194.000) 07/08 09:33:27 Started transferring input files
	Transferring to host: <128.142.75.51:9618?addrs=128.142.75.51-9618+[2001-1458-301-75--100-4c7]-9618&alias=b7s11n9674.cern.ch&noUDP&sock=slot1_12_12038_9c23_117218>
...
040 (1616327.194.000) 07/08 09:33:27 Finished transferring input files
...
001 (1616327.194.000) 07/08 09:33:28 Job executing on host: <128.142.75.51:9618?addrs=128.142.75.51-9618+[2001-1458-301-75--100-4c7]-9618&alias=b7s11n9674.cern.ch&noUDP&sock=startd_16467_9220>
...
006 (1616327.194.000) 07/08 09:33:36 Image size of job updated: 111616
	69  -  MemoryUsage of job (MB)
	70052  -  ResidentSetSize of job (KB)
...
006 (1616327.194.000) 07/08 09:34:03 Image size of job updated: 561976
	69  -  MemoryUsage of job (MB)
	70608  -  ResidentSetSize of job (KB)
...
040 (1616327.194.000) 07/08 09:34:03 Started transferring output files
...
040 (1616327.194.000) 07/08 09:34:03 Finished transferring output files
...
005 (1616327.194.000) 07/08 09:34:03 Job terminated.
	(1) Normal termination (return value 0)
		Usr 0 00:00:26, Sys 0 00:00:02  -  Run Remote Usage
		Usr 0 00:00:00, Sys 0 00:00:00  -  Run Local Usage
		Usr 0 00:00:26, Sys 0 00:00:02  -  Total Remote Usage
		Usr 0 00:00:00, Sys 0 00:00:00  -  Total Local Usage
	11492  -  Run Bytes Sent By Job
	602074  -  Run Bytes Received By Job
	11492  -  Total Bytes Sent By Job
	602074  -  Total Bytes Received By Job
	Partitionable Resources :    Usage  Request Allocated 
	   Cpus                 :                 1         1 
	   Disk (KB)            :    43557      750    280655 
	   Memory (MB)          :       69     2000      2000 

	Job terminated of its own accord at 2021-07-08T07:34:03Z.
...
