000 (1616327.162.000) 07/08 09:29:26 Job submitted from host: <188.185.71.83:9618?addrs=188.185.71.83-9618+[2001-1458-d00-7--100-34d]-9618&alias=bigbird18.cern.ch&noUDP&sock=schedd_1990_8d8e>
...
040 (1616327.162.000) 07/08 09:33:00 Started transferring input files
	Transferring to host: <128.142.57.97:9618?addrs=128.142.57.97-9618+[2001-1458-301-7--100-60]-9618&alias=b7s02p6766.cern.ch&noUDP&sock=slot1_24_6650_46c7_2763>
...
040 (1616327.162.000) 07/08 09:33:01 Finished transferring input files
...
001 (1616327.162.000) 07/08 09:33:02 Job executing on host: <128.142.57.97:9618?addrs=128.142.57.97-9618+[2001-1458-301-7--100-60]-9618&alias=b7s02p6766.cern.ch&noUDP&sock=startd_6168_503d>
...
006 (1616327.162.000) 07/08 09:33:10 Image size of job updated: 1061708
	138  -  MemoryUsage of job (MB)
	141264  -  ResidentSetSize of job (KB)
...
006 (1616327.162.000) 07/08 09:38:10 Image size of job updated: 1061708
	140  -  MemoryUsage of job (MB)
	143204  -  ResidentSetSize of job (KB)
...
040 (1616327.162.000) 07/08 09:39:52 Started transferring output files
...
040 (1616327.162.000) 07/08 09:39:52 Finished transferring output files
...
005 (1616327.162.000) 07/08 09:39:52 Job terminated.
	(1) Normal termination (return value 0)
		Usr 0 00:06:17, Sys 0 00:00:03  -  Run Remote Usage
		Usr 0 00:00:00, Sys 0 00:00:00  -  Run Local Usage
		Usr 0 00:06:17, Sys 0 00:00:03  -  Total Remote Usage
		Usr 0 00:00:00, Sys 0 00:00:00  -  Total Local Usage
	10060  -  Run Bytes Sent By Job
	601138  -  Run Bytes Received By Job
	10060  -  Total Bytes Sent By Job
	601138  -  Total Bytes Received By Job
	Partitionable Resources :    Usage  Request Allocated 
	   Cpus                 :                 1         1 
	   Disk (KB)            :    43823      750   1375559 
	   Memory (MB)          :      140     2000      2000 

	Job terminated of its own accord at 2021-07-08T07:39:51Z.
...
