000 (1616327.062.000) 07/08 09:29:25 Job submitted from host: <188.185.71.83:9618?addrs=188.185.71.83-9618+[2001-1458-d00-7--100-34d]-9618&alias=bigbird18.cern.ch&noUDP&sock=schedd_1990_8d8e>
...
040 (1616327.062.000) 07/08 09:32:04 Started transferring input files
	Transferring to host: <188.184.168.37:9618?addrs=188.184.168.37-9618+[2001-1458-301-c0--100-3bd]-9618&alias=b7g52n0387.cern.ch&noUDP&sock=slot1_12_27054_bd85_132540>
...
040 (1616327.062.000) 07/08 09:32:04 Finished transferring input files
...
001 (1616327.062.000) 07/08 09:32:05 Job executing on host: <188.184.168.37:9618?addrs=188.184.168.37-9618+[2001-1458-301-c0--100-3bd]-9618&alias=b7g52n0387.cern.ch&noUDP&sock=startd_16619_d485>
...
006 (1616327.062.000) 07/08 09:32:14 Image size of job updated: 155796
	103  -  MemoryUsage of job (MB)
	104708  -  ResidentSetSize of job (KB)
...
006 (1616327.062.000) 07/08 09:37:15 Image size of job updated: 564508
	159  -  MemoryUsage of job (MB)
	162368  -  ResidentSetSize of job (KB)
...
006 (1616327.062.000) 07/08 09:42:15 Image size of job updated: 564508
	162  -  MemoryUsage of job (MB)
	165120  -  ResidentSetSize of job (KB)
...
006 (1616327.062.000) 07/08 09:47:15 Image size of job updated: 564508
	162  -  MemoryUsage of job (MB)
	165144  -  ResidentSetSize of job (KB)
...
040 (1616327.062.000) 07/08 09:49:39 Started transferring output files
...
040 (1616327.062.000) 07/08 09:49:39 Finished transferring output files
...
005 (1616327.062.000) 07/08 09:49:40 Job terminated.
	(1) Normal termination (return value 0)
		Usr 0 00:16:10, Sys 0 00:00:07  -  Run Remote Usage
		Usr 0 00:00:00, Sys 0 00:00:00  -  Run Local Usage
		Usr 0 00:16:10, Sys 0 00:00:07  -  Total Remote Usage
		Usr 0 00:00:00, Sys 0 00:00:00  -  Total Local Usage
	34057  -  Run Bytes Sent By Job
	601852  -  Run Bytes Received By Job
	34057  -  Total Bytes Sent By Job
	601852  -  Total Bytes Received By Job
	Partitionable Resources :    Usage  Request Allocated 
	   Cpus                 :     1.00        1         1 
	   Disk (KB)            : 43813         750    273739 
	   Memory (MB)          :   162        2000      2000 

	Job terminated of its own accord at 2021-07-08T07:49:39Z.
...
