000 (1616327.136.000) 07/08 09:29:26 Job submitted from host: <188.185.71.83:9618?addrs=188.185.71.83-9618+[2001-1458-d00-7--100-34d]-9618&alias=bigbird18.cern.ch&noUDP&sock=schedd_1990_8d8e>
...
040 (1616327.136.000) 07/08 09:32:42 Started transferring input files
	Transferring to host: <188.184.168.157:9618?addrs=188.184.168.157-9618+[2001-1458-301-c0--100-183]-9618&alias=b7g52n9732.cern.ch&noUDP&sock=slot1_10_12948_c988_112641>
...
040 (1616327.136.000) 07/08 09:32:43 Finished transferring input files
...
001 (1616327.136.000) 07/08 09:32:44 Job executing on host: <188.184.168.157:9618?addrs=188.184.168.157-9618+[2001-1458-301-c0--100-183]-9618&alias=b7g52n9732.cern.ch&noUDP&sock=startd_16853_55af>
...
006 (1616327.136.000) 07/08 09:32:52 Image size of job updated: 450656
	87  -  MemoryUsage of job (MB)
	88452  -  ResidentSetSize of job (KB)
...
006 (1616327.136.000) 07/08 09:34:26 Image size of job updated: 562840
	87  -  MemoryUsage of job (MB)
	88468  -  ResidentSetSize of job (KB)
...
040 (1616327.136.000) 07/08 09:34:27 Started transferring output files
...
040 (1616327.136.000) 07/08 09:34:27 Finished transferring output files
...
005 (1616327.136.000) 07/08 09:34:30 Job terminated.
	(1) Normal termination (return value 0)
		Usr 0 00:01:23, Sys 0 00:00:02  -  Run Remote Usage
		Usr 0 00:00:00, Sys 0 00:00:00  -  Run Local Usage
		Usr 0 00:01:23, Sys 0 00:00:02  -  Total Remote Usage
		Usr 0 00:00:00, Sys 0 00:00:00  -  Total Local Usage
	12025  -  Run Bytes Sent By Job
	602038  -  Run Bytes Received By Job
	12025  -  Total Bytes Sent By Job
	602038  -  Total Bytes Received By Job
	Partitionable Resources :    Usage  Request Allocated 
	   Cpus                 :                 1         1 
	   Disk (KB)            :    43559      750    274859 
	   Memory (MB)          :       87     2000      2000 

	Job terminated of its own accord at 2021-07-08T07:34:26Z.
...
