Starting job on  Thu Jul 8 09:32:05 CEST 2021
Running on: Linux b7g52n0387.cern.ch 3.10.0-1160.2.2.el7.x86_64 #1 SMP Tue Oct 20 16:53:08 UTC 2020 x86_64 x86_64 x86_64 GNU/Linux
System software: CentOS Linux release 7.9.2009 (Core) 
PWD: /pool/condor/dir_24416
Resetting caches
Done: ProjectRename
Arjun_skim.py
Condor_Job_Submit_UL_NANO_BkG.jdl
Condor_Job_UL_NANO_BkG.sh
DataUL17_Analyzer_NANO_AOD_with_LepJetClean.C
DataUL17_Analyzer_NANO_AOD_with_LepJetClean.h
Data_Condor_Job_Submit_UL_NANO_BkG.jdl
Data_Condor_Job_UL_NANO_BkG.sh
Data_jobsubmit_script
Generate_PileUp_File_Using_TTbar.C
MC_Analyzer_NANO_AOD.C
MC_Analyzer_NANO_AOD.h
MC_Condor_Job_Submit_UL_NANO_BkG.jdl
MC_Condor_Job_UL_NANO_BkG.sh
MC_jobsubmit_script
NANOV2_GenPart_UL17_Analyzer.C
NANO_AOD_Ntuple_Analyzer.h
NewPT.txt
PUPPI.exe
PileUp_ScalefactorsUL2017_16Mar21.root
PileUp_ScalefactorsUL2017_24Mar21.root
PileUp_ScalefactorsUL2017_24Mar21_66.root
PileUp_ScalefactorsUL2017_24Mar21_724.root
Sample_Header.h
TTbar_UL16_test.txt
TTbar_test.txt
UL17_Analyzer_NANO_AOD.C
UL17_Analyzer_NANO_AOD.h
UL17_Analyzer_NANO_AOD_with_LepJetClean.h
UL17_Analyzer_NANO_AOD_with_LepJetClean_v1.h
achhetri.cc
crab.log
jobsubmit_script
out
output_log
run_cmnd
============================================
 FileName =/eos/user/a/achhetri/Tprime_v5_NANo_AOD_106X/QCD_Pt-1000toInf_MuEnrichedPt5_TuneCP5_13TeV_pythia8/QCD_Pt1000toInf_v2/210310_180619/0000/tree_15.root , Events= 136060  file= /eos/user/a/achhetri/Tprime_v5_NANo_AOD_106X/QCD_Pt-1000toInf_MuEnrichedPt5_TuneCP5_13TeV_pythia8/QCD_Pt1000toInf_v2/210310_180619/0000/tree_15.root
 FileName =/eos/user/a/achhetri/Tprime_v5_NANo_AOD_106X/QCD_Pt-1000toInf_MuEnrichedPt5_TuneCP5_13TeV_pythia8/QCD_Pt1000toInf_v2/210310_180619/0000/tree_17.root , Events= 272239  file= /eos/user/a/achhetri/Tprime_v5_NANo_AOD_106X/QCD_Pt-1000toInf_MuEnrichedPt5_TuneCP5_13TeV_pythia8/QCD_Pt1000toInf_v2/210310_180619/0000/tree_17.root
 FileName =/eos/user/a/achhetri/Tprime_v5_NANo_AOD_106X/QCD_Pt-1000toInf_MuEnrichedPt5_TuneCP5_13TeV_pythia8/QCD_Pt1000toInf_v2/210310_180619/0000/tree_18.root , Events= 477225  file= /eos/user/a/achhetri/Tprime_v5_NANo_AOD_106X/QCD_Pt-1000toInf_MuEnrichedPt5_TuneCP5_13TeV_pythia8/QCD_Pt1000toInf_v2/210310_180619/0000/tree_18.root
 FileName =/eos/user/a/achhetri/Tprime_v5_NANo_AOD_106X/QCD_Pt-1000toInf_MuEnrichedPt5_TuneCP5_13TeV_pythia8/QCD_Pt1000toInf_v2/210310_180619/0000/tree_19.root , Events= 713155  file= /eos/user/a/achhetri/Tprime_v5_NANo_AOD_106X/QCD_Pt-1000toInf_MuEnrichedPt5_TuneCP5_13TeV_pythia8/QCD_Pt1000toInf_v2/210310_180619/0000/tree_19.root
 FileName =/eos/user/a/achhetri/Tprime_v5_NANo_AOD_106X/QCD_Pt-1000toInf_MuEnrichedPt5_TuneCP5_13TeV_pythia8/QCD_Pt1000toInf_v2/210310_180619/0000/tree_2.root , Events= 747197  file= /eos/user/a/achhetri/Tprime_v5_NANo_AOD_106X/QCD_Pt-1000toInf_MuEnrichedPt5_TuneCP5_13TeV_pythia8/QCD_Pt1000toInf_v2/210310_180619/0000/tree_2.root
 FileName =/eos/user/a/achhetri/Tprime_v5_NANo_AOD_106X/QCD_Pt-1000toInf_MuEnrichedPt5_TuneCP5_13TeV_pythia8/QCD_Pt1000toInf_v2/210310_180619/0000/tree_20.root , Events= 831698  file= /eos/user/a/achhetri/Tprime_v5_NANo_AOD_106X/QCD_Pt-1000toInf_MuEnrichedPt5_TuneCP5_13TeV_pythia8/QCD_Pt1000toInf_v2/210310_180619/0000/tree_20.root

 For Sample = QCD_Pt-1000_MuEnr   Xsections = 1094 && Events = 1.47514e+07

 Factor for ../Analyzed_Files_Nano_AOD/UL17_Bkg/root_file_list/QCD_Pt-1000_MuEnr_UL17_v2_2 is = 0.00307997
 Yo man It works
 For Sample = QCD_Pt-1000_MuEnr   Xsections = 1094 && Events = 1.47514e+07

 Factor for ../Analyzed_Files_Nano_AOD/UL17_Bkg/root_file_list/QCD_Pt-1000_MuEnr_UL17_v2_2 is = 0.00307997
 Yo man It worksPWD: /pool/condor/dir_24416/CMSSW_10_6_8/src/Phase_III_Analysis_with_NanoAOD/NANO_AOD_Analyzer
====> List output files : 
Thu Jul  8 09:49:39 CEST 2021
