000 (1616327.051.000) 07/08 09:29:25 Job submitted from host: <188.185.71.83:9618?addrs=188.185.71.83-9618+[2001-1458-d00-7--100-34d]-9618&alias=bigbird18.cern.ch&noUDP&sock=schedd_1990_8d8e>
...
040 (1616327.051.000) 07/08 09:32:18 Started transferring input files
	Transferring to host: <188.184.169.204:9618?addrs=188.184.169.204-9618+[2001-1458-301-c0--100-3c8]-9618&alias=b7g52n5787.cern.ch&noUDP&sock=slot1_1_6589_4be5_111392>
...
040 (1616327.051.000) 07/08 09:32:18 Finished transferring input files
...
001 (1616327.051.000) 07/08 09:32:19 Job executing on host: <188.184.169.204:9618?addrs=188.184.169.204-9618+[2001-1458-301-c0--100-3c8]-9618&alias=b7g52n5787.cern.ch&noUDP&sock=startd_17538_300e>
...
006 (1616327.051.000) 07/08 09:32:28 Image size of job updated: 163508
	63  -  MemoryUsage of job (MB)
	63556  -  ResidentSetSize of job (KB)
...
006 (1616327.051.000) 07/08 09:37:28 Image size of job updated: 559672
	156  -  MemoryUsage of job (MB)
	159696  -  ResidentSetSize of job (KB)
...
040 (1616327.051.000) 07/08 09:42:17 Started transferring output files
...
040 (1616327.051.000) 07/08 09:42:17 Finished transferring output files
...
005 (1616327.051.000) 07/08 09:42:18 Job terminated.
	(1) Normal termination (return value 0)
		Usr 0 00:08:53, Sys 0 00:00:04  -  Run Remote Usage
		Usr 0 00:00:00, Sys 0 00:00:00  -  Run Local Usage
		Usr 0 00:08:53, Sys 0 00:00:04  -  Total Remote Usage
		Usr 0 00:00:00, Sys 0 00:00:00  -  Total Local Usage
	10574  -  Run Bytes Sent By Job
	601668  -  Run Bytes Received By Job
	10574  -  Total Bytes Sent By Job
	601668  -  Total Bytes Received By Job
	Partitionable Resources :    Usage  Request Allocated 
	   Cpus                 :     0.99        1         1 
	   Disk (KB)            : 43558         750    281641 
	   Memory (MB)          :   156        2000      2000 

	Job terminated of its own accord at 2021-07-08T07:42:17Z.
...
