000 (1616327.203.000) 07/08 09:29:26 Job submitted from host: <188.185.71.83:9618?addrs=188.185.71.83-9618+[2001-1458-d00-7--100-34d]-9618&alias=bigbird18.cern.ch&noUDP&sock=schedd_1990_8d8e>
...
040 (1616327.203.000) 07/08 09:33:56 Started transferring input files
	Transferring to host: <128.142.57.86:9618?addrs=128.142.57.86-9618+[2001-1458-301-7--100-55]-9618&alias=b7s02p3671.cern.ch&noUDP&sock=slot1_40_6635_b527_3698>
...
040 (1616327.203.000) 07/08 09:33:56 Finished transferring input files
...
001 (1616327.203.000) 07/08 09:33:57 Job executing on host: <128.142.57.86:9618?addrs=128.142.57.86-9618+[2001-1458-301-7--100-55]-9618&alias=b7s02p3671.cern.ch&noUDP&sock=startd_6169_ffd6>
...
006 (1616327.203.000) 07/08 09:34:06 Image size of job updated: 394400
	57  -  MemoryUsage of job (MB)
	57484  -  ResidentSetSize of job (KB)
...
006 (1616327.203.000) 07/08 09:37:52 Image size of job updated: 555792
	58  -  MemoryUsage of job (MB)
	58396  -  ResidentSetSize of job (KB)
...
040 (1616327.203.000) 07/08 09:37:54 Started transferring output files
...
040 (1616327.203.000) 07/08 09:37:56 Finished transferring output files
...
005 (1616327.203.000) 07/08 09:37:56 Job terminated.
	(1) Normal termination (return value 0)
		Usr 0 00:03:17, Sys 0 00:00:03  -  Run Remote Usage
		Usr 0 00:00:00, Sys 0 00:00:00  -  Run Local Usage
		Usr 0 00:03:17, Sys 0 00:00:03  -  Total Remote Usage
		Usr 0 00:00:00, Sys 0 00:00:00  -  Total Local Usage
	11533  -  Run Bytes Sent By Job
	602022  -  Run Bytes Received By Job
	11533  -  Total Bytes Sent By Job
	602022  -  Total Bytes Received By Job
	Partitionable Resources :    Usage  Request Allocated 
	   Cpus                 :     0.49        1         1 
	   Disk (KB)            : 43557         750   1299175 
	   Memory (MB)          :    58        2000      2000 

	Job terminated of its own accord at 2021-07-08T07:37:52Z.
...
