Starting job on  Thu Jul 8 09:31:54 CEST 2021
Running on: Linux b7s14n9730.cern.ch 3.10.0-1160.24.1.el7.x86_64 #1 SMP Thu Apr 8 19:51:47 UTC 2021 x86_64 x86_64 x86_64 GNU/Linux
System software: CentOS Linux release 7.9.2009 (Core) 
PWD: /pool/condor/dir_32620
Resetting caches
Done: ProjectRename
Arjun_skim.py
Condor_Job_Submit_UL_NANO_BkG.jdl
Condor_Job_UL_NANO_BkG.sh
DataUL17_Analyzer_NANO_AOD_with_LepJetClean.C
DataUL17_Analyzer_NANO_AOD_with_LepJetClean.h
Data_Condor_Job_Submit_UL_NANO_BkG.jdl
Data_Condor_Job_UL_NANO_BkG.sh
Data_jobsubmit_script
Generate_PileUp_File_Using_TTbar.C
MC_Analyzer_NANO_AOD.C
MC_Analyzer_NANO_AOD.h
MC_Condor_Job_Submit_UL_NANO_BkG.jdl
MC_Condor_Job_UL_NANO_BkG.sh
MC_jobsubmit_script
NANOV2_GenPart_UL17_Analyzer.C
NANO_AOD_Ntuple_Analyzer.h
NewPT.txt
PUPPI.exe
PileUp_ScalefactorsUL2017_16Mar21.root
PileUp_ScalefactorsUL2017_24Mar21.root
PileUp_ScalefactorsUL2017_24Mar21_66.root
PileUp_ScalefactorsUL2017_24Mar21_724.root
Sample_Header.h
TTbar_UL16_test.txt
TTbar_test.txt
UL17_Analyzer_NANO_AOD.C
UL17_Analyzer_NANO_AOD.h
UL17_Analyzer_NANO_AOD_with_LepJetClean.h
UL17_Analyzer_NANO_AOD_with_LepJetClean_v1.h
achhetri.cc
crab.log
jobsubmit_script
out
output_log
run_cmnd
============================================
 FileName =/eos/user/a/achhetri/Tprime_v5_NANo_AOD_106X/TTToHadronic_TuneCP5_13TeV-powheg-pythia8/TT_to_Hadronic/210310_180242/0000/tree_63.root , Events= 9076  file= /eos/user/a/achhetri/Tprime_v5_NANo_AOD_106X/TTToHadronic_TuneCP5_13TeV-powheg-pythia8/TT_to_Hadronic/210310_180242/0000/tree_63.root
 FileName =/eos/user/a/achhetri/Tprime_v5_NANo_AOD_106X/TTToHadronic_TuneCP5_13TeV-powheg-pythia8/TT_to_Hadronic/210310_180242/0000/tree_38.root , Events= 20824  file= /eos/user/a/achhetri/Tprime_v5_NANo_AOD_106X/TTToHadronic_TuneCP5_13TeV-powheg-pythia8/TT_to_Hadronic/210310_180242/0000/tree_38.root
 FileName =/eos/user/a/achhetri/Tprime_v5_NANo_AOD_106X/TTToHadronic_TuneCP5_13TeV-powheg-pythia8/TT_to_Hadronic/210310_180242/0000/tree_87.root , Events= 32881  file= /eos/user/a/achhetri/Tprime_v5_NANo_AOD_106X/TTToHadronic_TuneCP5_13TeV-powheg-pythia8/TT_to_Hadronic/210310_180242/0000/tree_87.root
 FileName =/eos/user/a/achhetri/Tprime_v5_NANo_AOD_106X/TTToHadronic_TuneCP5_13TeV-powheg-pythia8/TT_to_Hadronic/210310_180242/0000/tree_12.root , Events= 39433  file= /eos/user/a/achhetri/Tprime_v5_NANo_AOD_106X/TTToHadronic_TuneCP5_13TeV-powheg-pythia8/TT_to_Hadronic/210310_180242/0000/tree_12.root
 FileName =/eos/user/a/achhetri/Tprime_v5_NANo_AOD_106X/TTToHadronic_TuneCP5_13TeV-powheg-pythia8/TT_to_Hadronic/210310_180242/0000/tree_93.root , Events= 51517  file= /eos/user/a/achhetri/Tprime_v5_NANo_AOD_106X/TTToHadronic_TuneCP5_13TeV-powheg-pythia8/TT_to_Hadronic/210310_180242/0000/tree_93.root

 For Sample = TTbar
 For Sample = TT_to_Hadronic   Xsections = 377900 && Events = 1.29065e+08

 Factor for ../Analyzed_Files_Nano_AOD/UL_TTbar/root_text_files_list/TT_to_Hadronic_UL17_v2_21 is = 0.121599
 Yo man It works
 For Sample = TTbar
 For Sample = TT_to_Hadronic   Xsections = 377900 && Events = 1.29065e+08

 Factor for ../Analyzed_Files_Nano_AOD/UL_TTbar/root_text_files_list/TT_to_Hadronic_UL17_v2_21 is = 0.121599
 Yo man It worksPWD: /pool/condor/dir_32620/CMSSW_10_6_8/src/Phase_III_Analysis_with_NanoAOD/NANO_AOD_Analyzer
====> List output files : 
Thu Jul  8 09:33:43 CEST 2021
