000 (1616327.159.000) 07/08 09:29:26 Job submitted from host: <188.185.71.83:9618?addrs=188.185.71.83-9618+[2001-1458-d00-7--100-34d]-9618&alias=bigbird18.cern.ch&noUDP&sock=schedd_1990_8d8e>
...
040 (1616327.159.000) 07/08 09:32:59 Started transferring input files
	Transferring to host: <128.142.80.106:9618?addrs=128.142.80.106-9618+[2001-1458-301-f5--100-5b]-9618&alias=b7s13n7997.cern.ch&noUDP&sock=slot1_16_5555_bffb_61446>
...
040 (1616327.159.000) 07/08 09:33:00 Finished transferring input files
...
001 (1616327.159.000) 07/08 09:33:00 Job executing on host: <128.142.80.106:9618?addrs=128.142.80.106-9618+[2001-1458-301-f5--100-5b]-9618&alias=b7s13n7997.cern.ch&noUDP&sock=startd_4324_7b9a>
...
006 (1616327.159.000) 07/08 09:33:09 Image size of job updated: 424544
	50  -  MemoryUsage of job (MB)
	51188  -  ResidentSetSize of job (KB)
...
006 (1616327.159.000) 07/08 09:38:10 Image size of job updated: 560624
	140  -  MemoryUsage of job (MB)
	142484  -  ResidentSetSize of job (KB)
...
006 (1616327.159.000) 07/08 09:43:10 Image size of job updated: 560624
	140  -  MemoryUsage of job (MB)
	142832  -  ResidentSetSize of job (KB)
...
006 (1616327.159.000) 07/08 09:48:11 Image size of job updated: 563900
	140  -  MemoryUsage of job (MB)
	143036  -  ResidentSetSize of job (KB)
...
040 (1616327.159.000) 07/08 09:53:41 Started transferring output files
...
040 (1616327.159.000) 07/08 09:53:41 Finished transferring output files
...
005 (1616327.159.000) 07/08 09:53:42 Job terminated.
	(1) Normal termination (return value 0)
		Usr 0 00:15:50, Sys 0 00:00:07  -  Run Remote Usage
		Usr 0 00:00:00, Sys 0 00:00:00  -  Run Local Usage
		Usr 0 00:15:50, Sys 0 00:00:07  -  Total Remote Usage
		Usr 0 00:00:00, Sys 0 00:00:00  -  Total Local Usage
	10042  -  Run Bytes Sent By Job
	601138  -  Run Bytes Received By Job
	10042  -  Total Bytes Sent By Job
	601138  -  Total Bytes Received By Job
	Partitionable Resources :    Usage  Request Allocated 
	   Cpus                 :     1.00        1         1 
	   Disk (KB)            : 43834         750    283019 
	   Memory (MB)          :   140        2000      2000 

	Job terminated of its own accord at 2021-07-08T07:53:41Z.
...
