000 (1616327.035.000) 07/08 09:29:25 Job submitted from host: <188.185.71.83:9618?addrs=188.185.71.83-9618+[2001-1458-d00-7--100-34d]-9618&alias=bigbird18.cern.ch&noUDP&sock=schedd_1990_8d8e>
...
040 (1616327.035.000) 07/08 09:31:55 Started transferring input files
	Transferring to host: <128.142.56.22:9618?addrs=128.142.56.22-9618+[2001-1458-301-6--100-15]-9618&alias=b7s01p3011.cern.ch&noUDP&sock=slot1_18_53677_0d60_2500>
...
040 (1616327.035.000) 07/08 09:31:55 Finished transferring input files
...
001 (1616327.035.000) 07/08 09:31:56 Job executing on host: <128.142.56.22:9618?addrs=128.142.56.22-9618+[2001-1458-301-6--100-15]-9618&alias=b7s01p3011.cern.ch&noUDP&sock=startd_50574_22cb>
...
006 (1616327.035.000) 07/08 09:32:05 Image size of job updated: 477836
	137  -  MemoryUsage of job (MB)
	139632  -  ResidentSetSize of job (KB)
...
006 (1616327.035.000) 07/08 09:32:47 Image size of job updated: 559088
	137  -  MemoryUsage of job (MB)
	139632  -  ResidentSetSize of job (KB)
...
040 (1616327.035.000) 07/08 09:32:47 Started transferring output files
...
040 (1616327.035.000) 07/08 09:32:47 Finished transferring output files
...
005 (1616327.035.000) 07/08 09:32:49 Job terminated.
	(1) Normal termination (return value 0)
		Usr 0 00:00:39, Sys 0 00:00:01  -  Run Remote Usage
		Usr 0 00:00:00, Sys 0 00:00:00  -  Run Local Usage
		Usr 0 00:00:39, Sys 0 00:00:01  -  Total Remote Usage
		Usr 0 00:00:00, Sys 0 00:00:00  -  Total Local Usage
	10535  -  Run Bytes Sent By Job
	601629  -  Run Bytes Received By Job
	10535  -  Total Bytes Sent By Job
	601629  -  Total Bytes Received By Job
	Partitionable Resources :    Usage  Request Allocated 
	   Cpus                 :                 1         1 
	   Disk (KB)            :    43558      750   1367503 
	   Memory (MB)          :      137     2000      2000 

	Job terminated of its own accord at 2021-07-08T07:32:47Z.
...
