000 (1616327.072.000) 07/08 09:29:26 Job submitted from host: <188.185.71.83:9618?addrs=188.185.71.83-9618+[2001-1458-d00-7--100-34d]-9618&alias=bigbird18.cern.ch&noUDP&sock=schedd_1990_8d8e>
...
040 (1616327.072.000) 07/08 09:32:09 Started transferring input files
	Transferring to host: <128.142.57.13:9618?addrs=128.142.57.13-9618+[2001-1458-301-7--100-c]-9618&alias=b7s02p5809.cern.ch&noUDP&sock=slot1_20_6654_1848_2461>
...
040 (1616327.072.000) 07/08 09:32:09 Finished transferring input files
...
001 (1616327.072.000) 07/08 09:32:10 Job executing on host: <128.142.57.13:9618?addrs=128.142.57.13-9618+[2001-1458-301-7--100-c]-9618&alias=b7s02p5809.cern.ch&noUDP&sock=startd_6191_16eb>
...
006 (1616327.072.000) 07/08 09:32:19 Image size of job updated: 143648
	80  -  MemoryUsage of job (MB)
	81184  -  ResidentSetSize of job (KB)
...
006 (1616327.072.000) 07/08 09:35:26 Image size of job updated: 561928
	80  -  MemoryUsage of job (MB)
	81184  -  ResidentSetSize of job (KB)
...
040 (1616327.072.000) 07/08 09:35:26 Started transferring output files
...
040 (1616327.072.000) 07/08 09:35:26 Finished transferring output files
...
005 (1616327.072.000) 07/08 09:35:28 Job terminated.
	(1) Normal termination (return value 0)
		Usr 0 00:02:48, Sys 0 00:00:02  -  Run Remote Usage
		Usr 0 00:00:00, Sys 0 00:00:00  -  Run Local Usage
		Usr 0 00:02:48, Sys 0 00:00:02  -  Total Remote Usage
		Usr 0 00:00:00, Sys 0 00:00:00  -  Total Local Usage
	34039  -  Run Bytes Sent By Job
	601840  -  Run Bytes Received By Job
	34039  -  Total Bytes Sent By Job
	601840  -  Total Bytes Received By Job
	Partitionable Resources :    Usage  Request Allocated 
	   Cpus                 :     0.95        1         1 
	   Disk (KB)            : 43557         750   1271769 
	   Memory (MB)          :    80        2000      2000 

	Job terminated of its own accord at 2021-07-08T07:35:26Z.
...
