000 (1616327.109.000) 07/08 09:29:26 Job submitted from host: <188.185.71.83:9618?addrs=188.185.71.83-9618+[2001-1458-d00-7--100-34d]-9618&alias=bigbird18.cern.ch&noUDP&sock=schedd_1990_8d8e>
...
040 (1616327.109.000) 07/08 09:32:30 Started transferring input files
	Transferring to host: <128.142.57.86:9618?addrs=128.142.57.86-9618+[2001-1458-301-7--100-55]-9618&alias=b7s02p3671.cern.ch&noUDP&sock=slot1_6_6635_b527_3692>
...
040 (1616327.109.000) 07/08 09:32:30 Finished transferring input files
...
001 (1616327.109.000) 07/08 09:32:31 Job executing on host: <128.142.57.86:9618?addrs=128.142.57.86-9618+[2001-1458-301-7--100-55]-9618&alias=b7s02p3671.cern.ch&noUDP&sock=startd_6169_ffd6>
...
006 (1616327.109.000) 07/08 09:32:40 Image size of job updated: 1067568
	120  -  MemoryUsage of job (MB)
	122272  -  ResidentSetSize of job (KB)
...
006 (1616327.109.000) 07/08 09:37:41 Image size of job updated: 1067568
	158  -  MemoryUsage of job (MB)
	161724  -  ResidentSetSize of job (KB)
...
040 (1616327.109.000) 07/08 09:40:28 Started transferring output files
...
040 (1616327.109.000) 07/08 09:40:28 Finished transferring output files
...
005 (1616327.109.000) 07/08 09:40:28 Job terminated.
	(1) Normal termination (return value 0)
		Usr 0 00:06:58, Sys 0 00:00:04  -  Run Remote Usage
		Usr 0 00:00:00, Sys 0 00:00:00  -  Run Local Usage
		Usr 0 00:06:58, Sys 0 00:00:04  -  Total Remote Usage
		Usr 0 00:00:00, Sys 0 00:00:00  -  Total Local Usage
	11120  -  Run Bytes Sent By Job
	601918  -  Run Bytes Received By Job
	11120  -  Total Bytes Sent By Job
	601918  -  Total Bytes Received By Job
	Partitionable Resources :    Usage  Request Allocated 
	   Cpus                 :     0.94        1         1 
	   Disk (KB)            : 43736         750   1299577 
	   Memory (MB)          :   158        2000      2000 

	Job terminated of its own accord at 2021-07-08T07:40:27Z.
...
