000 (1616327.000.000) 07/08 09:29:25 Job submitted from host: <188.185.71.83:9618?addrs=188.185.71.83-9618+[2001-1458-d00-7--100-34d]-9618&alias=bigbird18.cern.ch&noUDP&sock=schedd_1990_8d8e>
...
040 (1616327.000.000) 07/08 09:31:35 Started transferring input files
	Transferring to host: <128.142.56.123:9618?addrs=128.142.56.123-9618+[2001-1458-301-6--100-7a]-9618&alias=b7s01p0177.cern.ch&noUDP&sock=slot1_28_51683_194f_2882>
...
040 (1616327.000.000) 07/08 09:31:36 Finished transferring input files
...
001 (1616327.000.000) 07/08 09:31:36 Job executing on host: <128.142.56.123:9618?addrs=128.142.56.123-9618+[2001-1458-301-6--100-7a]-9618&alias=b7s01p0177.cern.ch&noUDP&sock=startd_47330_0590>
...
006 (1616327.000.000) 07/08 09:31:45 Image size of job updated: 276824
	136  -  MemoryUsage of job (MB)
	138260  -  ResidentSetSize of job (KB)
...
006 (1616327.000.000) 07/08 09:32:55 Image size of job updated: 554640
	136  -  MemoryUsage of job (MB)
	138260  -  ResidentSetSize of job (KB)
...
040 (1616327.000.000) 07/08 09:32:58 Started transferring output files
...
040 (1616327.000.000) 07/08 09:32:59 Finished transferring output files
...
005 (1616327.000.000) 07/08 09:33:01 Job terminated.
	(1) Normal termination (return value 0)
		Usr 0 00:00:57, Sys 0 00:00:01  -  Run Remote Usage
		Usr 0 00:00:00, Sys 0 00:00:00  -  Run Local Usage
		Usr 0 00:00:57, Sys 0 00:00:01  -  Total Remote Usage
		Usr 0 00:00:00, Sys 0 00:00:00  -  Total Local Usage
	10370  -  Run Bytes Sent By Job
	601598  -  Run Bytes Received By Job
	10370  -  Total Bytes Sent By Job
	601598  -  Total Bytes Received By Job
	Partitionable Resources :    Usage  Request Allocated 
	   Cpus                 :                 1         1 
	   Disk (KB)            :    43558      750   1342891 
	   Memory (MB)          :      136     2000      2000 

	Job terminated of its own accord at 2021-07-08T07:32:55Z.
...
