000 (1616327.028.000) 07/08 09:29:25 Job submitted from host: <188.185.71.83:9618?addrs=188.185.71.83-9618+[2001-1458-d00-7--100-34d]-9618&alias=bigbird18.cern.ch&noUDP&sock=schedd_1990_8d8e>
...
040 (1616327.028.000) 07/08 09:31:53 Started transferring input files
	Transferring to host: <128.142.84.239:9618?addrs=128.142.84.239-9618+[2001-1458-301-f6--100-2d8]-9618&alias=b7s14n9730.cern.ch&noUDP&sock=slot1_4_4763_b6db_63132>
...
040 (1616327.028.000) 07/08 09:31:53 Finished transferring input files
...
001 (1616327.028.000) 07/08 09:31:54 Job executing on host: <128.142.84.239:9618?addrs=128.142.84.239-9618+[2001-1458-301-f6--100-2d8]-9618&alias=b7s14n9730.cern.ch&noUDP&sock=startd_3837_70fa>
...
006 (1616327.028.000) 07/08 09:32:02 Image size of job updated: 419732
	25  -  MemoryUsage of job (MB)
	25180  -  ResidentSetSize of job (KB)
...
006 (1616327.028.000) 07/08 09:33:43 Image size of job updated: 562892
	25  -  MemoryUsage of job (MB)
	25180  -  ResidentSetSize of job (KB)
...
040 (1616327.028.000) 07/08 09:33:43 Started transferring output files
...
040 (1616327.028.000) 07/08 09:33:43 Finished transferring output files
...
005 (1616327.028.000) 07/08 09:33:45 Job terminated.
	(1) Normal termination (return value 0)
		Usr 0 00:01:17, Sys 0 00:00:02  -  Run Remote Usage
		Usr 0 00:00:00, Sys 0 00:00:00  -  Run Local Usage
		Usr 0 00:01:17, Sys 0 00:00:02  -  Total Remote Usage
		Usr 0 00:00:00, Sys 0 00:00:00  -  Total Local Usage
	10460  -  Run Bytes Sent By Job
	601629  -  Run Bytes Received By Job
	10460  -  Total Bytes Sent By Job
	601629  -  Total Bytes Received By Job
	Partitionable Resources :    Usage  Request Allocated 
	   Cpus                 :                 1         1 
	   Disk (KB)            :    43556      750    244558 
	   Memory (MB)          :       25     2000      2000 

	Job terminated of its own accord at 2021-07-08T07:33:43Z.
...
