000 (1616327.002.000) 07/08 09:29:25 Job submitted from host: <188.185.71.83:9618?addrs=188.185.71.83-9618+[2001-1458-d00-7--100-34d]-9618&alias=bigbird18.cern.ch&noUDP&sock=schedd_1990_8d8e>
...
040 (1616327.002.000) 07/08 09:31:35 Started transferring input files
	Transferring to host: <128.142.57.137:9618?addrs=128.142.57.137-9618+[2001-1458-301-7--100-88]-9618&alias=b7s02p6080.cern.ch&noUDP&sock=slot1_24_6697_6469_2625>
...
040 (1616327.002.000) 07/08 09:31:36 Finished transferring input files
...
001 (1616327.002.000) 07/08 09:31:36 Job executing on host: <128.142.57.137:9618?addrs=128.142.57.137-9618+[2001-1458-301-7--100-88]-9618&alias=b7s02p6080.cern.ch&noUDP&sock=startd_6234_957e>
...
006 (1616327.002.000) 07/08 09:31:45 Image size of job updated: 764168
	46  -  MemoryUsage of job (MB)
	46284  -  ResidentSetSize of job (KB)
...
006 (1616327.002.000) 07/08 09:36:07 Image size of job updated: 764168
	46  -  MemoryUsage of job (MB)
	47040  -  ResidentSetSize of job (KB)
...
040 (1616327.002.000) 07/08 09:36:07 Started transferring output files
...
040 (1616327.002.000) 07/08 09:36:07 Finished transferring output files
...
005 (1616327.002.000) 07/08 09:36:07 Job terminated.
	(1) Normal termination (return value 0)
		Usr 0 00:03:53, Sys 0 00:00:03  -  Run Remote Usage
		Usr 0 00:00:00, Sys 0 00:00:00  -  Run Local Usage
		Usr 0 00:03:53, Sys 0 00:00:03  -  Total Remote Usage
		Usr 0 00:00:00, Sys 0 00:00:00  -  Total Local Usage
	10544  -  Run Bytes Sent By Job
	601599  -  Run Bytes Received By Job
	10544  -  Total Bytes Sent By Job
	601599  -  Total Bytes Received By Job
	Partitionable Resources :    Usage  Request Allocated 
	   Cpus                 :     0.83        1         1 
	   Disk (KB)            : 43556         750   1313521 
	   Memory (MB)          :    46        2000      2000 

	Job terminated of its own accord at 2021-07-08T07:36:07Z.
...
