000 (1616327.012.000) 07/08 09:29:25 Job submitted from host: <188.185.71.83:9618?addrs=188.185.71.83-9618+[2001-1458-d00-7--100-34d]-9618&alias=bigbird18.cern.ch&noUDP&sock=schedd_1990_8d8e>
...
040 (1616327.012.000) 07/08 09:31:45 Started transferring input files
	Transferring to host: <128.142.57.82:9618?addrs=128.142.57.82-9618+[2001-1458-301-7--100-51]-9618&alias=b7s02p4002.cern.ch&noUDP&sock=slot1_9_4168_7ba3_2593>
...
040 (1616327.012.000) 07/08 09:31:45 Finished transferring input files
...
001 (1616327.012.000) 07/08 09:31:46 Job executing on host: <128.142.57.82:9618?addrs=128.142.57.82-9618+[2001-1458-301-7--100-51]-9618&alias=b7s02p4002.cern.ch&noUDP&sock=startd_3715_c26d>
...
006 (1616327.012.000) 07/08 09:31:55 Image size of job updated: 431580
	60  -  MemoryUsage of job (MB)
	61132  -  ResidentSetSize of job (KB)
...
006 (1616327.012.000) 07/08 09:36:56 Image size of job updated: 555440
	155  -  MemoryUsage of job (MB)
	158676  -  ResidentSetSize of job (KB)
...
040 (1616327.012.000) 07/08 09:38:45 Entered queue to transfer output files
...
040 (1616327.012.000) 07/08 09:38:48 Started transferring output files
...
040 (1616327.012.000) 07/08 09:38:51 Finished transferring output files
...
005 (1616327.012.000) 07/08 09:38:52 Job terminated.
	(1) Normal termination (return value 0)
		Usr 0 00:05:55, Sys 0 00:00:04  -  Run Remote Usage
		Usr 0 00:00:00, Sys 0 00:00:00  -  Run Local Usage
		Usr 0 00:05:55, Sys 0 00:00:04  -  Total Remote Usage
		Usr 0 00:00:00, Sys 0 00:00:00  -  Total Local Usage
	10373  -  Run Bytes Sent By Job
	601599  -  Run Bytes Received By Job
	10373  -  Total Bytes Sent By Job
	601599  -  Total Bytes Received By Job
	Partitionable Resources :    Usage  Request Allocated 
	   Cpus                 :                 1         1 
	   Disk (KB)            :    43927      750   1301057 
	   Memory (MB)          :      155     2000      2000 

	Job terminated of its own accord at 2021-07-08T07:38:40Z.
...
