000 (1616327.105.000) 07/08 09:29:26 Job submitted from host: <188.185.71.83:9618?addrs=188.185.71.83-9618+[2001-1458-d00-7--100-34d]-9618&alias=bigbird18.cern.ch&noUDP&sock=schedd_1990_8d8e>
...
040 (1616327.105.000) 07/08 09:32:26 Started transferring input files
	Transferring to host: <128.142.57.153:9618?addrs=128.142.57.153-9618+[2001-1458-301-7--100-98]-9618&alias=b7s02p4354.cern.ch&noUDP&sock=slot1_18_6661_06e8_2388>
...
040 (1616327.105.000) 07/08 09:32:26 Finished transferring input files
...
001 (1616327.105.000) 07/08 09:32:27 Job executing on host: <128.142.57.153:9618?addrs=128.142.57.153-9618+[2001-1458-301-7--100-98]-9618&alias=b7s02p4354.cern.ch&noUDP&sock=startd_6200_4345>
...
006 (1616327.105.000) 07/08 09:32:35 Image size of job updated: 486364
	89  -  MemoryUsage of job (MB)
	90572  -  ResidentSetSize of job (KB)
...
006 (1616327.105.000) 07/08 09:36:58 Image size of job updated: 558808
	89  -  MemoryUsage of job (MB)
	90572  -  ResidentSetSize of job (KB)
...
040 (1616327.105.000) 07/08 09:36:58 Started transferring output files
...
040 (1616327.105.000) 07/08 09:36:58 Finished transferring output files
...
005 (1616327.105.000) 07/08 09:36:58 Job terminated.
	(1) Normal termination (return value 0)
		Usr 0 00:03:50, Sys 0 00:00:02  -  Run Remote Usage
		Usr 0 00:00:00, Sys 0 00:00:00  -  Run Local Usage
		Usr 0 00:03:50, Sys 0 00:00:02  -  Total Remote Usage
		Usr 0 00:00:00, Sys 0 00:00:00  -  Total Local Usage
	9373  -  Run Bytes Sent By Job
	601122  -  Run Bytes Received By Job
	9373  -  Total Bytes Sent By Job
	601122  -  Total Bytes Received By Job
	Partitionable Resources :    Usage  Request Allocated 
	   Cpus                 :                 1         1 
	   Disk (KB)            :    43556      750   1160492 
	   Memory (MB)          :       89     2000      2000 

	Job terminated of its own accord at 2021-07-08T07:36:58Z.
...
