000 (1616327.185.000) 07/08 09:29:26 Job submitted from host: <188.185.71.83:9618?addrs=188.185.71.83-9618+[2001-1458-d00-7--100-34d]-9618&alias=bigbird18.cern.ch&noUDP&sock=schedd_1990_8d8e>
...
040 (1616327.185.000) 07/08 09:33:16 Started transferring input files
	Transferring to host: <128.142.57.13:9618?addrs=128.142.57.13-9618+[2001-1458-301-7--100-c]-9618&alias=b7s02p5809.cern.ch&noUDP&sock=slot1_24_6654_1848_2463>
...
040 (1616327.185.000) 07/08 09:33:16 Finished transferring input files
...
001 (1616327.185.000) 07/08 09:33:17 Job executing on host: <128.142.57.13:9618?addrs=128.142.57.13-9618+[2001-1458-301-7--100-c]-9618&alias=b7s02p5809.cern.ch&noUDP&sock=startd_6191_16eb>
...
006 (1616327.185.000) 07/08 09:33:26 Image size of job updated: 402200
	126  -  MemoryUsage of job (MB)
	128292  -  ResidentSetSize of job (KB)
...
006 (1616327.185.000) 07/08 09:34:26 Image size of job updated: 558072
	126  -  MemoryUsage of job (MB)
	128292  -  ResidentSetSize of job (KB)
...
040 (1616327.185.000) 07/08 09:34:27 Started transferring output files
...
040 (1616327.185.000) 07/08 09:34:27 Finished transferring output files
...
005 (1616327.185.000) 07/08 09:34:31 Job terminated.
	(1) Normal termination (return value 0)
		Usr 0 00:00:57, Sys 0 00:00:01  -  Run Remote Usage
		Usr 0 00:00:00, Sys 0 00:00:00  -  Run Local Usage
		Usr 0 00:00:57, Sys 0 00:00:01  -  Total Remote Usage
		Usr 0 00:00:00, Sys 0 00:00:00  -  Total Local Usage
	11179  -  Run Bytes Sent By Job
	601952  -  Run Bytes Received By Job
	11179  -  Total Bytes Sent By Job
	601952  -  Total Bytes Received By Job
	Partitionable Resources :    Usage  Request Allocated 
	   Cpus                 :                 1         1 
	   Disk (KB)            :    43559      750   1264867 
	   Memory (MB)          :      126     2000      2000 

	Job terminated of its own accord at 2021-07-08T07:34:26Z.
...
