000 (1616327.141.000) 07/08 09:29:26 Job submitted from host: <188.185.71.83:9618?addrs=188.185.71.83-9618+[2001-1458-d00-7--100-34d]-9618&alias=bigbird18.cern.ch&noUDP&sock=schedd_1990_8d8e>
...
040 (1616327.141.000) 07/08 09:32:44 Started transferring input files
	Transferring to host: <128.142.77.205:9618?addrs=128.142.77.205-9618+[2001-1458-301-f4--100-2d5]-9618&alias=b7s12n3114.cern.ch&noUDP&sock=slot1_13_31717_3ee3_110737>
...
001 (1616327.141.000) 07/08 09:32:45 Job executing on host: <128.142.77.205:9618?addrs=128.142.77.205-9618+[2001-1458-301-f4--100-2d5]-9618&alias=b7s12n3114.cern.ch&noUDP&sock=startd_16622_e34e>
...
040 (1616327.141.000) 07/08 09:32:45 Finished transferring input files
...
006 (1616327.141.000) 07/08 09:32:54 Image size of job updated: 478716
	90  -  MemoryUsage of job (MB)
	92052  -  ResidentSetSize of job (KB)
...
006 (1616327.141.000) 07/08 09:37:54 Image size of job updated: 561716
	141  -  MemoryUsage of job (MB)
	143508  -  ResidentSetSize of job (KB)
...
006 (1616327.141.000) 07/08 09:42:54 Image size of job updated: 561716
	141  -  MemoryUsage of job (MB)
	143720  -  ResidentSetSize of job (KB)
...
006 (1616327.141.000) 07/08 09:47:55 Image size of job updated: 561716
	141  -  MemoryUsage of job (MB)
	144116  -  ResidentSetSize of job (KB)
...
040 (1616327.141.000) 07/08 09:53:43 Started transferring output files
...
040 (1616327.141.000) 07/08 09:53:43 Finished transferring output files
...
005 (1616327.141.000) 07/08 09:53:43 Job terminated.
	(1) Normal termination (return value 0)
		Usr 0 00:18:53, Sys 0 00:00:10  -  Run Remote Usage
		Usr 0 00:00:00, Sys 0 00:00:00  -  Run Local Usage
		Usr 0 00:18:53, Sys 0 00:00:10  -  Total Remote Usage
		Usr 0 00:00:00, Sys 0 00:00:00  -  Total Local Usage
	10087  -  Run Bytes Sent By Job
	601142  -  Run Bytes Received By Job
	10087  -  Total Bytes Sent By Job
	601142  -  Total Bytes Received By Job
	Partitionable Resources :    Usage  Request Allocated 
	   Cpus                 :     1.00        1         1 
	   Disk (KB)            : 43973         750    281133 
	   Memory (MB)          :   141        2000      2000 

	Job terminated of its own accord at 2021-07-08T07:53:43Z.
...
