000 (1616327.125.000) 07/08 09:29:26 Job submitted from host: <188.185.71.83:9618?addrs=188.185.71.83-9618+[2001-1458-d00-7--100-34d]-9618&alias=bigbird18.cern.ch&noUDP&sock=schedd_1990_8d8e>
...
040 (1616327.125.000) 07/08 09:32:37 Started transferring input files
	Transferring to host: <128.142.56.106:9618?addrs=128.142.56.106-9618+[2001-1458-301-6--100-69]-9618&alias=b7s01p1580.cern.ch&noUDP&sock=slot1_22_52476_d6cf_2717>
...
040 (1616327.125.000) 07/08 09:32:37 Finished transferring input files
...
001 (1616327.125.000) 07/08 09:32:38 Job executing on host: <128.142.56.106:9618?addrs=128.142.56.106-9618+[2001-1458-301-6--100-69]-9618&alias=b7s01p1580.cern.ch&noUDP&sock=startd_49376_6855>
...
006 (1616327.125.000) 07/08 09:32:47 Image size of job updated: 421840
	98  -  MemoryUsage of job (MB)
	100168  -  ResidentSetSize of job (KB)
...
006 (1616327.125.000) 07/08 09:36:13 Image size of job updated: 558408
	98  -  MemoryUsage of job (MB)
	100168  -  ResidentSetSize of job (KB)
...
040 (1616327.125.000) 07/08 09:36:13 Started transferring output files
...
040 (1616327.125.000) 07/08 09:36:13 Finished transferring output files
...
005 (1616327.125.000) 07/08 09:36:13 Job terminated.
	(1) Normal termination (return value 0)
		Usr 0 00:03:02, Sys 0 00:00:02  -  Run Remote Usage
		Usr 0 00:00:00, Sys 0 00:00:00  -  Run Local Usage
		Usr 0 00:03:02, Sys 0 00:00:02  -  Total Remote Usage
		Usr 0 00:00:00, Sys 0 00:00:00  -  Total Local Usage
	9349  -  Run Bytes Sent By Job
	601118  -  Run Bytes Received By Job
	9349  -  Total Bytes Sent By Job
	601118  -  Total Bytes Received By Job
	Partitionable Resources :    Usage  Request Allocated 
	   Cpus                 :                 1         1 
	   Disk (KB)            :    43556      750   1313257 
	   Memory (MB)          :       98     2000      2000 

	Job terminated of its own accord at 2021-07-08T07:36:13Z.
...
