000 (1616327.205.000) 07/08 09:29:26 Job submitted from host: <188.185.71.83:9618?addrs=188.185.71.83-9618+[2001-1458-d00-7--100-34d]-9618&alias=bigbird18.cern.ch&noUDP&sock=schedd_1990_8d8e>
...
040 (1616327.205.000) 07/08 09:33:46 Started transferring input files
	Transferring to host: <128.142.57.153:9618?addrs=128.142.57.153-9618+[2001-1458-301-7--100-98]-9618&alias=b7s02p4354.cern.ch&noUDP&sock=slot1_15_6661_06e8_2393>
...
040 (1616327.205.000) 07/08 09:33:46 Finished transferring input files
...
001 (1616327.205.000) 07/08 09:33:47 Job executing on host: <128.142.57.153:9618?addrs=128.142.57.153-9618+[2001-1458-301-7--100-98]-9618&alias=b7s02p4354.cern.ch&noUDP&sock=startd_6200_4345>
...
006 (1616327.205.000) 07/08 09:33:56 Image size of job updated: 189408
	136  -  MemoryUsage of job (MB)
	138340  -  ResidentSetSize of job (KB)
...
006 (1616327.205.000) 07/08 09:36:42 Image size of job updated: 555700
	136  -  MemoryUsage of job (MB)
	138340  -  ResidentSetSize of job (KB)
...
040 (1616327.205.000) 07/08 09:36:43 Started transferring output files
...
040 (1616327.205.000) 07/08 09:36:43 Finished transferring output files
...
005 (1616327.205.000) 07/08 09:36:44 Job terminated.
	(1) Normal termination (return value 0)
		Usr 0 00:02:30, Sys 0 00:00:02  -  Run Remote Usage
		Usr 0 00:00:00, Sys 0 00:00:00  -  Run Local Usage
		Usr 0 00:02:30, Sys 0 00:00:02  -  Total Remote Usage
		Usr 0 00:00:00, Sys 0 00:00:00  -  Total Local Usage
	11247  -  Run Bytes Sent By Job
	601978  -  Run Bytes Received By Job
	11247  -  Total Bytes Sent By Job
	601978  -  Total Bytes Received By Job
	Partitionable Resources :    Usage  Request Allocated 
	   Cpus                 :                 1         1 
	   Disk (KB)            :    43559      750   1159885 
	   Memory (MB)          :      136     2000      2000 

	Job terminated of its own accord at 2021-07-08T07:36:42Z.
...
