000 (1616327.100.000) 07/08 09:29:26 Job submitted from host: <188.185.71.83:9618?addrs=188.185.71.83-9618+[2001-1458-d00-7--100-34d]-9618&alias=bigbird18.cern.ch&noUDP&sock=schedd_1990_8d8e>
...
040 (1616327.100.000) 07/08 09:32:22 Started transferring input files
	Transferring to host: <128.142.56.87:9618?addrs=128.142.56.87-9618+[2001-1458-301-6--100-56]-9618&alias=b7s01p0440.cern.ch&noUDP&sock=slot1_33_61601_3a22_2658>
...
040 (1616327.100.000) 07/08 09:32:22 Finished transferring input files
...
001 (1616327.100.000) 07/08 09:32:23 Job executing on host: <128.142.56.87:9618?addrs=128.142.56.87-9618+[2001-1458-301-6--100-56]-9618&alias=b7s01p0440.cern.ch&noUDP&sock=startd_61556_dfdd>
...
006 (1616327.100.000) 07/08 09:32:31 Image size of job updated: 452576
	80  -  MemoryUsage of job (MB)
	81008  -  ResidentSetSize of job (KB)
...
006 (1616327.100.000) 07/08 09:32:52 Image size of job updated: 559008
	80  -  MemoryUsage of job (MB)
	81008  -  ResidentSetSize of job (KB)
...
040 (1616327.100.000) 07/08 09:32:53 Started transferring output files
...
040 (1616327.100.000) 07/08 09:32:54 Finished transferring output files
...
005 (1616327.100.000) 07/08 09:32:55 Job terminated.
	(1) Normal termination (return value 0)
		Usr 0 00:00:17, Sys 0 00:00:01  -  Run Remote Usage
		Usr 0 00:00:00, Sys 0 00:00:00  -  Run Local Usage
		Usr 0 00:00:17, Sys 0 00:00:01  -  Total Remote Usage
		Usr 0 00:00:00, Sys 0 00:00:00  -  Total Local Usage
	11111  -  Run Bytes Sent By Job
	601914  -  Run Bytes Received By Job
	11111  -  Total Bytes Sent By Job
	601914  -  Total Bytes Received By Job
	Partitionable Resources :    Usage  Request Allocated 
	   Cpus                 :                 1         1 
	   Disk (KB)            :    43557      750   1261897 
	   Memory (MB)          :       80     2000      2000 

	Job terminated of its own accord at 2021-07-08T07:32:52Z.
...
