000 (1616327.197.000) 07/08 09:29:26 Job submitted from host: <188.185.71.83:9618?addrs=188.185.71.83-9618+[2001-1458-d00-7--100-34d]-9618&alias=bigbird18.cern.ch&noUDP&sock=schedd_1990_8d8e>
...
040 (1616327.197.000) 07/08 09:33:32 Started transferring input files
	Transferring to host: <128.142.72.114:9618?addrs=128.142.72.114-9618+[2001-1458-301-75--100-6c0]-9618&alias=b7s11n6422.cern.ch&noUDP&sock=slot1_7_5265_6b2f_69794>
...
040 (1616327.197.000) 07/08 09:33:32 Finished transferring input files
...
001 (1616327.197.000) 07/08 09:33:33 Job executing on host: <128.142.72.114:9618?addrs=128.142.72.114-9618+[2001-1458-301-75--100-6c0]-9618&alias=b7s11n6422.cern.ch&noUDP&sock=startd_4118_2f17>
...
006 (1616327.197.000) 07/08 09:33:42 Image size of job updated: 323532
	80  -  MemoryUsage of job (MB)
	81072  -  ResidentSetSize of job (KB)
...
006 (1616327.197.000) 07/08 09:35:57 Image size of job updated: 563468
	80  -  MemoryUsage of job (MB)
	81072  -  ResidentSetSize of job (KB)
...
040 (1616327.197.000) 07/08 09:35:57 Started transferring output files
...
040 (1616327.197.000) 07/08 09:35:57 Finished transferring output files
...
005 (1616327.197.000) 07/08 09:35:57 Job terminated.
	(1) Normal termination (return value 0)
		Usr 0 00:01:47, Sys 0 00:00:02  -  Run Remote Usage
		Usr 0 00:00:00, Sys 0 00:00:00  -  Run Local Usage
		Usr 0 00:01:47, Sys 0 00:00:02  -  Total Remote Usage
		Usr 0 00:00:00, Sys 0 00:00:00  -  Total Local Usage
	11582  -  Run Bytes Sent By Job
	602075  -  Run Bytes Received By Job
	11582  -  Total Bytes Sent By Job
	602075  -  Total Bytes Received By Job
	Partitionable Resources :    Usage  Request Allocated 
	   Cpus                 :                 1         1 
	   Disk (KB)            :    43558      750    290111 
	   Memory (MB)          :       80     2000      2000 

	Job terminated of its own accord at 2021-07-08T07:35:57Z.
...
