000 (1616327.057.000) 07/08 09:29:25 Job submitted from host: <188.185.71.83:9618?addrs=188.185.71.83-9618+[2001-1458-d00-7--100-34d]-9618&alias=bigbird18.cern.ch&noUDP&sock=schedd_1990_8d8e>
...
040 (1616327.057.000) 07/08 09:32:03 Started transferring input files
	Transferring to host: <188.184.183.160:9618?addrs=188.184.183.160-9618&alias=b7g41n7895.cern.ch&noUDP&sock=slot1_6_3992_799b_54852>
...
040 (1616327.057.000) 07/08 09:32:03 Finished transferring input files
...
001 (1616327.057.000) 07/08 09:32:04 Job executing on host: <188.184.183.160:9618?addrs=188.184.183.160-9618&alias=b7g41n7895.cern.ch&noUDP&sock=startd_3482_f0db>
...
006 (1616327.057.000) 07/08 09:32:13 Image size of job updated: 101036
	61  -  MemoryUsage of job (MB)
	61856  -  ResidentSetSize of job (KB)
...
006 (1616327.057.000) 07/08 09:37:14 Image size of job updated: 559784
	153  -  MemoryUsage of job (MB)
	156448  -  ResidentSetSize of job (KB)
...
006 (1616327.057.000) 07/08 09:42:14 Image size of job updated: 561572
	156  -  MemoryUsage of job (MB)
	158904  -  ResidentSetSize of job (KB)
...
040 (1616327.057.000) 07/08 09:44:47 Started transferring output files
...
040 (1616327.057.000) 07/08 09:44:48 Finished transferring output files
...
005 (1616327.057.000) 07/08 09:44:48 Job terminated.
	(1) Normal termination (return value 0)
		Usr 0 00:06:19, Sys 0 00:00:05  -  Run Remote Usage
		Usr 0 00:00:00, Sys 0 00:00:00  -  Run Local Usage
		Usr 0 00:06:19, Sys 0 00:00:05  -  Total Remote Usage
		Usr 0 00:00:00, Sys 0 00:00:00  -  Total Local Usage
	10569  -  Run Bytes Sent By Job
	601669  -  Run Bytes Received By Job
	10569  -  Total Bytes Sent By Job
	601669  -  Total Bytes Received By Job
	Partitionable Resources :    Usage  Request Allocated 
	   Cpus                 :     0.34        1         1 
	   Disk (KB)            : 43918         750    340984 
	   Memory (MB)          :   156        2000      2000 

	Job terminated of its own accord at 2021-07-08T07:44:47Z.
...
