000 (1616327.201.000) 07/08 09:29:26 Job submitted from host: <188.185.71.83:9618?addrs=188.185.71.83-9618+[2001-1458-d00-7--100-34d]-9618&alias=bigbird18.cern.ch&noUDP&sock=schedd_1990_8d8e>
...
040 (1616327.201.000) 07/08 09:33:34 Started transferring input files
	Transferring to host: <188.184.168.37:9618?addrs=188.184.168.37-9618+[2001-1458-301-c0--100-3bd]-9618&alias=b7g52n0387.cern.ch&noUDP&sock=slot1_1_27054_bd85_132544>
...
040 (1616327.201.000) 07/08 09:33:34 Finished transferring input files
...
001 (1616327.201.000) 07/08 09:33:35 Job executing on host: <188.184.168.37:9618?addrs=188.184.168.37-9618+[2001-1458-301-c0--100-3bd]-9618&alias=b7g52n0387.cern.ch&noUDP&sock=startd_16619_d485>
...
006 (1616327.201.000) 07/08 09:33:43 Image size of job updated: 137400
	85  -  MemoryUsage of job (MB)
	86528  -  ResidentSetSize of job (KB)
...
006 (1616327.201.000) 07/08 09:34:59 Image size of job updated: 562260
	85  -  MemoryUsage of job (MB)
	86528  -  ResidentSetSize of job (KB)
...
040 (1616327.201.000) 07/08 09:34:59 Started transferring output files
...
040 (1616327.201.000) 07/08 09:34:59 Finished transferring output files
...
005 (1616327.201.000) 07/08 09:35:00 Job terminated.
	(1) Normal termination (return value 0)
		Usr 0 00:01:10, Sys 0 00:00:02  -  Run Remote Usage
		Usr 0 00:00:00, Sys 0 00:00:00  -  Run Local Usage
		Usr 0 00:01:10, Sys 0 00:00:02  -  Total Remote Usage
		Usr 0 00:00:00, Sys 0 00:00:00  -  Total Local Usage
	11485  -  Run Bytes Sent By Job
	602075  -  Run Bytes Received By Job
	11485  -  Total Bytes Sent By Job
	602075  -  Total Bytes Received By Job
	Partitionable Resources :    Usage  Request Allocated 
	   Cpus                 :                 1         1 
	   Disk (KB)            :    43560      750    273587 
	   Memory (MB)          :       85     2000      2000 

	Job terminated of its own accord at 2021-07-08T07:34:59Z.
...
