000 (1616327.006.000) 07/08 09:29:25 Job submitted from host: <188.185.71.83:9618?addrs=188.185.71.83-9618+[2001-1458-d00-7--100-34d]-9618&alias=bigbird18.cern.ch&noUDP&sock=schedd_1990_8d8e>
...
040 (1616327.006.000) 07/08 09:31:42 Started transferring input files
	Transferring to host: <128.142.57.43:9618?addrs=128.142.57.43-9618+[2001-1458-301-7--100-2a]-9618&alias=b7s02p5497.cern.ch&noUDP&sock=slot1_49_7101_0bfa_2905>
...
040 (1616327.006.000) 07/08 09:31:42 Finished transferring input files
...
001 (1616327.006.000) 07/08 09:31:43 Job executing on host: <128.142.57.43:9618?addrs=128.142.57.43-9618+[2001-1458-301-7--100-2a]-9618&alias=b7s02p5497.cern.ch&noUDP&sock=startd_6646_2e82>
...
006 (1616327.006.000) 07/08 09:31:49 Image size of job updated: 25156
	0  -  MemoryUsage of job (MB)
	0  -  ResidentSetSize of job (KB)
...
040 (1616327.006.000) 07/08 09:31:49 Started transferring output files
...
040 (1616327.006.000) 07/08 09:31:49 Finished transferring output files
...
005 (1616327.006.000) 07/08 09:31:50 Job terminated.
	(1) Normal termination (return value 0)
		Usr 0 00:00:01, Sys 0 00:00:01  -  Run Remote Usage
		Usr 0 00:00:00, Sys 0 00:00:00  -  Run Local Usage
		Usr 0 00:00:01, Sys 0 00:00:01  -  Total Remote Usage
		Usr 0 00:00:00, Sys 0 00:00:00  -  Total Local Usage
	8928  -  Run Bytes Sent By Job
	600959  -  Run Bytes Received By Job
	8928  -  Total Bytes Sent By Job
	600959  -  Total Bytes Received By Job
	Partitionable Resources :    Usage  Request Allocated 
	   Cpus                 :                 1         1 
	   Disk (KB)            :      610      750   1291151 
	   Memory (MB)          :        0     2000      2000 

	Job terminated of its own accord at 2021-07-08T07:31:49Z.
...
