000 (1616327.010.000) 07/08 09:29:25 Job submitted from host: <188.185.71.83:9618?addrs=188.185.71.83-9618+[2001-1458-d00-7--100-34d]-9618&alias=bigbird18.cern.ch&noUDP&sock=schedd_1990_8d8e>
...
040 (1616327.010.000) 07/08 09:31:44 Started transferring input files
	Transferring to host: <128.142.56.107:9618?addrs=128.142.56.107-9618+[2001-1458-301-6--100-6a]-9618&alias=b7s01p1962.cern.ch&noUDP&sock=slot1_25_45487_74d3_2413>
...
040 (1616327.010.000) 07/08 09:31:44 Finished transferring input files
...
001 (1616327.010.000) 07/08 09:31:45 Job executing on host: <128.142.56.107:9618?addrs=128.142.56.107-9618+[2001-1458-301-6--100-6a]-9618&alias=b7s01p1962.cern.ch&noUDP&sock=startd_42374_9e32>
...
006 (1616327.010.000) 07/08 09:31:54 Image size of job updated: 484196
	86  -  MemoryUsage of job (MB)
	87364  -  ResidentSetSize of job (KB)
...
006 (1616327.010.000) 07/08 09:36:55 Image size of job updated: 556772
	157  -  MemoryUsage of job (MB)
	160028  -  ResidentSetSize of job (KB)
...
040 (1616327.010.000) 07/08 09:37:37 Started transferring output files
...
040 (1616327.010.000) 07/08 09:37:38 Finished transferring output files
...
005 (1616327.010.000) 07/08 09:37:38 Job terminated.
	(1) Normal termination (return value 0)
		Usr 0 00:05:09, Sys 0 00:00:04  -  Run Remote Usage
		Usr 0 00:00:00, Sys 0 00:00:00  -  Run Local Usage
		Usr 0 00:05:09, Sys 0 00:00:04  -  Total Remote Usage
		Usr 0 00:00:00, Sys 0 00:00:00  -  Total Local Usage
	10372  -  Run Bytes Sent By Job
	601599  -  Run Bytes Received By Job
	10372  -  Total Bytes Sent By Job
	601599  -  Total Bytes Received By Job
	Partitionable Resources :    Usage  Request Allocated 
	   Cpus                 :     0.89        1         1 
	   Disk (KB)            : 43929         750   1297261 
	   Memory (MB)          :   157        2000      2000 

	Job terminated of its own accord at 2021-07-08T07:37:37Z.
...
