000 (1616327.152.000) 07/08 09:29:26 Job submitted from host: <188.185.71.83:9618?addrs=188.185.71.83-9618+[2001-1458-d00-7--100-34d]-9618&alias=bigbird18.cern.ch&noUDP&sock=schedd_1990_8d8e>
...
040 (1616327.152.000) 07/08 09:32:53 Started transferring input files
	Transferring to host: <188.184.168.157:9618?addrs=188.184.168.157-9618+[2001-1458-301-c0--100-183]-9618&alias=b7g52n9732.cern.ch&noUDP&sock=slot1_12_12948_c988_112643>
...
040 (1616327.152.000) 07/08 09:32:54 Finished transferring input files
...
001 (1616327.152.000) 07/08 09:32:54 Job executing on host: <188.184.168.157:9618?addrs=188.184.168.157-9618+[2001-1458-301-c0--100-183]-9618&alias=b7g52n9732.cern.ch&noUDP&sock=startd_16853_55af>
...
006 (1616327.152.000) 07/08 09:33:03 Image size of job updated: 1066124
	94  -  MemoryUsage of job (MB)
	95496  -  ResidentSetSize of job (KB)
...
006 (1616327.152.000) 07/08 09:34:42 Image size of job updated: 1066124
	94  -  MemoryUsage of job (MB)
	96148  -  ResidentSetSize of job (KB)
...
040 (1616327.152.000) 07/08 09:34:42 Started transferring output files
...
040 (1616327.152.000) 07/08 09:34:43 Finished transferring output files
...
005 (1616327.152.000) 07/08 09:34:43 Job terminated.
	(1) Normal termination (return value 0)
		Usr 0 00:01:30, Sys 0 00:00:02  -  Run Remote Usage
		Usr 0 00:00:00, Sys 0 00:00:00  -  Run Local Usage
		Usr 0 00:01:30, Sys 0 00:00:02  -  Total Remote Usage
		Usr 0 00:00:00, Sys 0 00:00:00  -  Total Local Usage
	10053  -  Run Bytes Sent By Job
	601138  -  Run Bytes Received By Job
	10053  -  Total Bytes Sent By Job
	601138  -  Total Bytes Received By Job
	Partitionable Resources :    Usage  Request Allocated 
	   Cpus                 :                 1         1 
	   Disk (KB)            :    43557      750    274758 
	   Memory (MB)          :       94     2000      2000 

	Job terminated of its own accord at 2021-07-08T07:34:42Z.
...
