000 (1616327.126.000) 07/08 09:29:26 Job submitted from host: <188.185.71.83:9618?addrs=188.185.71.83-9618+[2001-1458-d00-7--100-34d]-9618&alias=bigbird18.cern.ch&noUDP&sock=schedd_1990_8d8e>
...
040 (1616327.126.000) 07/08 09:32:38 Started transferring input files
	Transferring to host: <128.142.77.205:9618?addrs=128.142.77.205-9618+[2001-1458-301-f4--100-2d5]-9618&alias=b7s12n3114.cern.ch&noUDP&sock=slot1_10_31717_3ee3_110735>
...
040 (1616327.126.000) 07/08 09:32:38 Finished transferring input files
...
001 (1616327.126.000) 07/08 09:32:39 Job executing on host: <128.142.77.205:9618?addrs=128.142.77.205-9618+[2001-1458-301-f4--100-2d5]-9618&alias=b7s12n3114.cern.ch&noUDP&sock=startd_16622_e34e>
...
006 (1616327.126.000) 07/08 09:32:47 Image size of job updated: 466284
	87  -  MemoryUsage of job (MB)
	88540  -  ResidentSetSize of job (KB)
...
006 (1616327.126.000) 07/08 09:37:47 Image size of job updated: 558948
	138  -  MemoryUsage of job (MB)
	141164  -  ResidentSetSize of job (KB)
...
040 (1616327.126.000) 07/08 09:41:53 Started transferring output files
...
040 (1616327.126.000) 07/08 09:41:53 Finished transferring output files
...
005 (1616327.126.000) 07/08 09:41:54 Job terminated.
	(1) Normal termination (return value 0)
		Usr 0 00:08:06, Sys 0 00:00:04  -  Run Remote Usage
		Usr 0 00:00:00, Sys 0 00:00:00  -  Run Local Usage
		Usr 0 00:08:06, Sys 0 00:00:04  -  Total Remote Usage
		Usr 0 00:00:00, Sys 0 00:00:00  -  Total Local Usage
	9348  -  Run Bytes Sent By Job
	601118  -  Run Bytes Received By Job
	9348  -  Total Bytes Sent By Job
	601118  -  Total Bytes Received By Job
	Partitionable Resources :    Usage  Request Allocated 
	   Cpus                 :     1.00        1         1 
	   Disk (KB)            : 43556         750    281257 
	   Memory (MB)          :   138        2000      2000 

	Job terminated of its own accord at 2021-07-08T07:41:53Z.
...
