000 (1616327.018.000) 07/08 09:29:25 Job submitted from host: <188.185.71.83:9618?addrs=188.185.71.83-9618+[2001-1458-d00-7--100-34d]-9618&alias=bigbird18.cern.ch&noUDP&sock=schedd_1990_8d8e>
...
040 (1616327.018.000) 07/08 09:31:47 Started transferring input files
	Transferring to host: <128.142.56.158:9618?addrs=128.142.56.158-9618+[2001-1458-301-6--100-9d]-9618&alias=b7s01p2846.cern.ch&noUDP&sock=slot1_24_48935_e25f_2651>
...
040 (1616327.018.000) 07/08 09:31:47 Finished transferring input files
...
001 (1616327.018.000) 07/08 09:31:48 Job executing on host: <128.142.56.158:9618?addrs=128.142.56.158-9618+[2001-1458-301-6--100-9d]-9618&alias=b7s01p2846.cern.ch&noUDP&sock=startd_45847_ce9d>
...
006 (1616327.018.000) 07/08 09:31:57 Image size of job updated: 434912
	89  -  MemoryUsage of job (MB)
	90284  -  ResidentSetSize of job (KB)
...
006 (1616327.018.000) 07/08 09:32:46 Image size of job updated: 558516
	90  -  MemoryUsage of job (MB)
	91280  -  ResidentSetSize of job (KB)
...
040 (1616327.018.000) 07/08 09:32:47 Started transferring output files
...
040 (1616327.018.000) 07/08 09:32:47 Finished transferring output files
...
005 (1616327.018.000) 07/08 09:32:48 Job terminated.
	(1) Normal termination (return value 0)
		Usr 0 00:00:47, Sys 0 00:00:01  -  Run Remote Usage
		Usr 0 00:00:00, Sys 0 00:00:00  -  Run Local Usage
		Usr 0 00:00:47, Sys 0 00:00:01  -  Total Remote Usage
		Usr 0 00:00:00, Sys 0 00:00:00  -  Total Local Usage
	10460  -  Run Bytes Sent By Job
	601628  -  Run Bytes Received By Job
	10460  -  Total Bytes Sent By Job
	601628  -  Total Bytes Received By Job
	Partitionable Resources :    Usage  Request Allocated 
	   Cpus                 :                 1         1 
	   Disk (KB)            :    43558      750   1330892 
	   Memory (MB)          :       90     2000      2000 

	Job terminated of its own accord at 2021-07-08T07:32:46Z.
...
