000 (1616327.184.000) 07/08 09:29:26 Job submitted from host: <188.185.71.83:9618?addrs=188.185.71.83-9618+[2001-1458-d00-7--100-34d]-9618&alias=bigbird18.cern.ch&noUDP&sock=schedd_1990_8d8e>
...
040 (1616327.184.000) 07/08 09:33:15 Started transferring input files
	Transferring to host: <128.142.57.139:9618?addrs=128.142.57.139-9618+[2001-1458-301-7--100-8a]-9618&alias=b7s02p4498.cern.ch&noUDP&sock=slot1_28_6693_92e9_2640>
...
040 (1616327.184.000) 07/08 09:33:16 Finished transferring input files
...
001 (1616327.184.000) 07/08 09:33:16 Job executing on host: <128.142.57.139:9618?addrs=128.142.57.139-9618+[2001-1458-301-7--100-8a]-9618&alias=b7s02p4498.cern.ch&noUDP&sock=startd_6230_d71d>
...
006 (1616327.184.000) 07/08 09:33:25 Image size of job updated: 160664
	108  -  MemoryUsage of job (MB)
	109644  -  ResidentSetSize of job (KB)
...
006 (1616327.184.000) 07/08 09:35:34 Image size of job updated: 558472
	108  -  MemoryUsage of job (MB)
	110292  -  ResidentSetSize of job (KB)
...
040 (1616327.184.000) 07/08 09:35:34 Started transferring output files
...
040 (1616327.184.000) 07/08 09:35:34 Finished transferring output files
...
005 (1616327.184.000) 07/08 09:35:35 Job terminated.
	(1) Normal termination (return value 0)
		Usr 0 00:01:55, Sys 0 00:00:02  -  Run Remote Usage
		Usr 0 00:00:00, Sys 0 00:00:00  -  Run Local Usage
		Usr 0 00:01:55, Sys 0 00:00:02  -  Total Remote Usage
		Usr 0 00:00:00, Sys 0 00:00:00  -  Total Local Usage
	11198  -  Run Bytes Sent By Job
	601954  -  Run Bytes Received By Job
	11198  -  Total Bytes Sent By Job
	601954  -  Total Bytes Received By Job
	Partitionable Resources :    Usage  Request Allocated 
	   Cpus                 :                 1         1 
	   Disk (KB)            :    43559      750   1324714 
	   Memory (MB)          :      108     2000      2000 

	Job terminated of its own accord at 2021-07-08T07:35:34Z.
...
