000 (1616327.001.000) 07/08 09:29:25 Job submitted from host: <188.185.71.83:9618?addrs=188.185.71.83-9618+[2001-1458-d00-7--100-34d]-9618&alias=bigbird18.cern.ch&noUDP&sock=schedd_1990_8d8e>
...
040 (1616327.001.000) 07/08 09:31:38 Started transferring input files
	Transferring to host: <128.142.57.38:9618?addrs=128.142.57.38-9618+[2001-1458-301-7--100-25]-9618&alias=b7s02p3644.cern.ch&noUDP&sock=slot1_10_4190_fbe3_2219>
...
040 (1616327.001.000) 07/08 09:31:38 Finished transferring input files
...
001 (1616327.001.000) 07/08 09:31:39 Job executing on host: <128.142.57.38:9618?addrs=128.142.57.38-9618+[2001-1458-301-7--100-25]-9618&alias=b7s02p3644.cern.ch&noUDP&sock=startd_3735_7a51>
...
006 (1616327.001.000) 07/08 09:31:48 Image size of job updated: 547544
	50  -  MemoryUsage of job (MB)
	50424  -  ResidentSetSize of job (KB)
...
006 (1616327.001.000) 07/08 09:36:49 Image size of job updated: 555880
	156  -  MemoryUsage of job (MB)
	159024  -  ResidentSetSize of job (KB)
...
040 (1616327.001.000) 07/08 09:39:01 Started transferring output files
...
040 (1616327.001.000) 07/08 09:39:01 Finished transferring output files
...
005 (1616327.001.000) 07/08 09:39:01 Job terminated.
	(1) Normal termination (return value 0)
		Usr 0 00:06:28, Sys 0 00:00:04  -  Run Remote Usage
		Usr 0 00:00:00, Sys 0 00:00:00  -  Run Local Usage
		Usr 0 00:06:28, Sys 0 00:00:04  -  Total Remote Usage
		Usr 0 00:00:00, Sys 0 00:00:00  -  Total Local Usage
	10383  -  Run Bytes Sent By Job
	601599  -  Run Bytes Received By Job
	10383  -  Total Bytes Sent By Job
	601599  -  Total Bytes Received By Job
	Partitionable Resources :    Usage  Request Allocated 
	   Cpus                 :                 1         1 
	   Disk (KB)            :    43931      750   1342801 
	   Memory (MB)          :      156     2000      2000 

	Job terminated of its own accord at 2021-07-08T07:39:01Z.
...
