000 (1616327.096.000) 07/08 09:29:26 Job submitted from host: <188.185.71.83:9618?addrs=188.185.71.83-9618+[2001-1458-d00-7--100-34d]-9618&alias=bigbird18.cern.ch&noUDP&sock=schedd_1990_8d8e>
...
040 (1616327.096.000) 07/08 09:32:20 Started transferring input files
	Transferring to host: <128.142.84.239:9618?addrs=128.142.84.239-9618+[2001-1458-301-f6--100-2d8]-9618&alias=b7s14n9730.cern.ch&noUDP&sock=slot1_7_4763_b6db_63134>
...
040 (1616327.096.000) 07/08 09:32:20 Finished transferring input files
...
001 (1616327.096.000) 07/08 09:32:21 Job executing on host: <128.142.84.239:9618?addrs=128.142.84.239-9618+[2001-1458-301-f6--100-2d8]-9618&alias=b7s14n9730.cern.ch&noUDP&sock=startd_3837_70fa>
...
006 (1616327.096.000) 07/08 09:32:30 Image size of job updated: 1058200
	80  -  MemoryUsage of job (MB)
	81016  -  ResidentSetSize of job (KB)
...
040 (1616327.096.000) 07/08 09:33:13 Started transferring output files
...
040 (1616327.096.000) 07/08 09:33:13 Finished transferring output files
...
005 (1616327.096.000) 07/08 09:33:14 Job terminated.
	(1) Normal termination (return value 0)
		Usr 0 00:00:36, Sys 0 00:00:02  -  Run Remote Usage
		Usr 0 00:00:00, Sys 0 00:00:00  -  Run Local Usage
		Usr 0 00:00:36, Sys 0 00:00:02  -  Total Remote Usage
		Usr 0 00:00:00, Sys 0 00:00:00  -  Total Local Usage
	11115  -  Run Bytes Sent By Job
	601918  -  Run Bytes Received By Job
	11115  -  Total Bytes Sent By Job
	601918  -  Total Bytes Received By Job
	Partitionable Resources :    Usage  Request Allocated 
	   Cpus                 :                 1         1 
	   Disk (KB)            :    43558      750    244195 
	   Memory (MB)          :       80     2000      2000 

	Job terminated of its own accord at 2021-07-08T07:33:12Z.
...
