000 (1616327.132.000) 07/08 09:29:26 Job submitted from host: <188.185.71.83:9618?addrs=188.185.71.83-9618+[2001-1458-d00-7--100-34d]-9618&alias=bigbird18.cern.ch&noUDP&sock=schedd_1990_8d8e>
...
040 (1616327.132.000) 07/08 09:32:40 Started transferring input files
	Transferring to host: <128.142.75.51:9618?addrs=128.142.75.51-9618+[2001-1458-301-75--100-4c7]-9618&alias=b7s11n9674.cern.ch&noUDP&sock=slot1_16_12038_9c23_117217>
...
040 (1616327.132.000) 07/08 09:32:40 Finished transferring input files
...
001 (1616327.132.000) 07/08 09:32:41 Job executing on host: <128.142.75.51:9618?addrs=128.142.75.51-9618+[2001-1458-301-75--100-4c7]-9618&alias=b7s11n9674.cern.ch&noUDP&sock=startd_16467_9220>
...
006 (1616327.132.000) 07/08 09:32:50 Image size of job updated: 393428
	98  -  MemoryUsage of job (MB)
	99952  -  ResidentSetSize of job (KB)
...
006 (1616327.132.000) 07/08 09:37:52 Image size of job updated: 560820
	140  -  MemoryUsage of job (MB)
	142432  -  ResidentSetSize of job (KB)
...
006 (1616327.132.000) 07/08 09:42:52 Image size of job updated: 560820
	140  -  MemoryUsage of job (MB)
	142488  -  ResidentSetSize of job (KB)
...
040 (1616327.132.000) 07/08 09:46:11 Started transferring output files
...
040 (1616327.132.000) 07/08 09:46:11 Finished transferring output files
...
005 (1616327.132.000) 07/08 09:46:11 Job terminated.
	(1) Normal termination (return value 0)
		Usr 0 00:12:00, Sys 0 00:00:05  -  Run Remote Usage
		Usr 0 00:00:00, Sys 0 00:00:00  -  Run Local Usage
		Usr 0 00:12:00, Sys 0 00:00:05  -  Total Remote Usage
		Usr 0 00:00:00, Sys 0 00:00:00  -  Total Local Usage
	9358  -  Run Bytes Sent By Job
	601120  -  Run Bytes Received By Job
	9358  -  Total Bytes Sent By Job
	601120  -  Total Bytes Received By Job
	Partitionable Resources :    Usage  Request Allocated 
	   Cpus                 :     0.93        1         1 
	   Disk (KB)            : 43935         750    280700 
	   Memory (MB)          :   140        2000      2000 

	Job terminated of its own accord at 2021-07-08T07:46:11Z.
...
