000 (1616327.102.000) 07/08 09:29:26 Job submitted from host: <188.185.71.83:9618?addrs=188.185.71.83-9618+[2001-1458-d00-7--100-34d]-9618&alias=bigbird18.cern.ch&noUDP&sock=schedd_1990_8d8e>
...
040 (1616327.102.000) 07/08 09:32:24 Started transferring input files
	Transferring to host: <128.142.57.127:9618?addrs=128.142.57.127-9618+[2001-1458-301-7--100-7e]-9618&alias=b7s02p6294.cern.ch&noUDP&sock=slot1_23_6752_250c_2604>
...
040 (1616327.102.000) 07/08 09:32:24 Finished transferring input files
...
001 (1616327.102.000) 07/08 09:32:25 Job executing on host: <128.142.57.127:9618?addrs=128.142.57.127-9618+[2001-1458-301-7--100-7e]-9618&alias=b7s02p6294.cern.ch&noUDP&sock=startd_6261_1a8c>
...
006 (1616327.102.000) 07/08 09:32:34 Image size of job updated: 456108
	87  -  MemoryUsage of job (MB)
	88424  -  ResidentSetSize of job (KB)
...
006 (1616327.102.000) 07/08 09:36:21 Image size of job updated: 558368
	87  -  MemoryUsage of job (MB)
	88424  -  ResidentSetSize of job (KB)
...
040 (1616327.102.000) 07/08 09:36:22 Started transferring output files
...
040 (1616327.102.000) 07/08 09:36:22 Finished transferring output files
...
005 (1616327.102.000) 07/08 09:36:23 Job terminated.
	(1) Normal termination (return value 0)
		Usr 0 00:03:12, Sys 0 00:00:02  -  Run Remote Usage
		Usr 0 00:00:00, Sys 0 00:00:00  -  Run Local Usage
		Usr 0 00:03:12, Sys 0 00:00:02  -  Total Remote Usage
		Usr 0 00:00:00, Sys 0 00:00:00  -  Total Local Usage
	9369  -  Run Bytes Sent By Job
	601122  -  Run Bytes Received By Job
	9369  -  Total Bytes Sent By Job
	601122  -  Total Bytes Received By Job
	Partitionable Resources :    Usage  Request Allocated 
	   Cpus                 :     1.00        1         1 
	   Disk (KB)            : 43556         750   1353518 
	   Memory (MB)          :    87        2000      2000 

	Job terminated of its own accord at 2021-07-08T07:36:21Z.
...
