000 (1616327.179.000) 07/08 09:29:26 Job submitted from host: <188.185.71.83:9618?addrs=188.185.71.83-9618+[2001-1458-d00-7--100-34d]-9618&alias=bigbird18.cern.ch&noUDP&sock=schedd_1990_8d8e>
...
040 (1616327.179.000) 07/08 09:33:18 Started transferring input files
	Transferring to host: <128.142.56.66:9618?addrs=128.142.56.66-9618&alias=b7s01p1980.cern.ch&noUDP&sock=slot1_16_3257_99de_861>
...
040 (1616327.179.000) 07/08 09:33:18 Finished transferring input files
...
001 (1616327.179.000) 07/08 09:33:19 Job executing on host: <128.142.56.66:9618?addrs=128.142.56.66-9618&alias=b7s01p1980.cern.ch&noUDP&sock=startd_2721_f549>
...
006 (1616327.179.000) 07/08 09:33:28 Image size of job updated: 288716
	2  -  MemoryUsage of job (MB)
	1164  -  ResidentSetSize of job (KB)
...
006 (1616327.179.000) 07/08 09:38:29 Image size of job updated: 561324
	142  -  MemoryUsage of job (MB)
	144568  -  ResidentSetSize of job (KB)
...
006 (1616327.179.000) 07/08 09:43:30 Image size of job updated: 561324
	142  -  MemoryUsage of job (MB)
	144572  -  ResidentSetSize of job (KB)
...
040 (1616327.179.000) 07/08 09:43:54 Started transferring output files
...
040 (1616327.179.000) 07/08 09:43:54 Finished transferring output files
...
005 (1616327.179.000) 07/08 09:43:54 Job terminated.
	(1) Normal termination (return value 0)
		Usr 0 00:08:50, Sys 0 00:00:04  -  Run Remote Usage
		Usr 0 00:00:00, Sys 0 00:00:00  -  Run Local Usage
		Usr 0 00:08:50, Sys 0 00:00:04  -  Total Remote Usage
		Usr 0 00:00:00, Sys 0 00:00:00  -  Total Local Usage
	10159  -  Run Bytes Sent By Job
	601140  -  Run Bytes Received By Job
	10159  -  Total Bytes Sent By Job
	601140  -  Total Bytes Received By Job
	Partitionable Resources :    Usage  Request Allocated 
	   Cpus                 :     0.99        1         1 
	   Disk (KB)            : 43956         750   1359591 
	   Memory (MB)          :   142        2000      2000 

	Job terminated of its own accord at 2021-07-08T07:43:54Z.
...
