000 (1616327.114.000) 07/08 09:29:26 Job submitted from host: <188.185.71.83:9618?addrs=188.185.71.83-9618+[2001-1458-d00-7--100-34d]-9618&alias=bigbird18.cern.ch&noUDP&sock=schedd_1990_8d8e>
...
040 (1616327.114.000) 07/08 09:32:32 Started transferring input files
	Transferring to host: <128.142.72.114:9618?addrs=128.142.72.114-9618+[2001-1458-301-75--100-6c0]-9618&alias=b7s11n6422.cern.ch&noUDP&sock=slot1_10_5265_6b2f_69792>
...
040 (1616327.114.000) 07/08 09:32:32 Finished transferring input files
...
001 (1616327.114.000) 07/08 09:32:33 Job executing on host: <128.142.72.114:9618?addrs=128.142.72.114-9618+[2001-1458-301-75--100-6c0]-9618&alias=b7s11n6422.cern.ch&noUDP&sock=startd_4118_2f17>
...
006 (1616327.114.000) 07/08 09:32:41 Image size of job updated: 251380
	44  -  MemoryUsage of job (MB)
	44312  -  ResidentSetSize of job (KB)
...
006 (1616327.114.000) 07/08 09:37:41 Image size of job updated: 561332
	140  -  MemoryUsage of job (MB)
	142664  -  ResidentSetSize of job (KB)
...
040 (1616327.114.000) 07/08 09:38:53 Started transferring output files
...
040 (1616327.114.000) 07/08 09:38:53 Finished transferring output files
...
005 (1616327.114.000) 07/08 09:38:54 Job terminated.
	(1) Normal termination (return value 0)
		Usr 0 00:04:53, Sys 0 00:00:03  -  Run Remote Usage
		Usr 0 00:00:00, Sys 0 00:00:00  -  Run Local Usage
		Usr 0 00:04:53, Sys 0 00:00:03  -  Total Remote Usage
		Usr 0 00:00:00, Sys 0 00:00:00  -  Total Local Usage
	9343  -  Run Bytes Sent By Job
	601118  -  Run Bytes Received By Job
	9343  -  Total Bytes Sent By Job
	601118  -  Total Bytes Received By Job
	Partitionable Resources :    Usage  Request Allocated 
	   Cpus                 :     1.00        1         1 
	   Disk (KB)            : 43772         750    290128 
	   Memory (MB)          :   140        2000      2000 

	Job terminated of its own accord at 2021-07-08T07:38:53Z.
...
