000 (1616327.048.000) 07/08 09:29:25 Job submitted from host: <188.185.71.83:9618?addrs=188.185.71.83-9618+[2001-1458-d00-7--100-34d]-9618&alias=bigbird18.cern.ch&noUDP&sock=schedd_1990_8d8e>
...
040 (1616327.048.000) 07/08 09:32:00 Started transferring input files
	Transferring to host: <128.142.77.205:9618?addrs=128.142.77.205-9618+[2001-1458-301-f4--100-2d5]-9618&alias=b7s12n3114.cern.ch&noUDP&sock=slot1_1_31717_3ee3_110732>
...
040 (1616327.048.000) 07/08 09:32:00 Finished transferring input files
...
001 (1616327.048.000) 07/08 09:32:01 Job executing on host: <128.142.77.205:9618?addrs=128.142.77.205-9618+[2001-1458-301-f4--100-2d5]-9618&alias=b7s12n3114.cern.ch&noUDP&sock=startd_16622_e34e>
...
006 (1616327.048.000) 07/08 09:32:10 Image size of job updated: 288728
	7  -  MemoryUsage of job (MB)
	6632  -  ResidentSetSize of job (KB)
...
006 (1616327.048.000) 07/08 09:37:10 Image size of job updated: 559420
	156  -  MemoryUsage of job (MB)
	159012  -  ResidentSetSize of job (KB)
...
006 (1616327.048.000) 07/08 09:42:10 Image size of job updated: 559420
	157  -  MemoryUsage of job (MB)
	159760  -  ResidentSetSize of job (KB)
...
040 (1616327.048.000) 07/08 09:45:00 Started transferring output files
...
040 (1616327.048.000) 07/08 09:45:00 Finished transferring output files
...
005 (1616327.048.000) 07/08 09:45:00 Job terminated.
	(1) Normal termination (return value 0)
		Usr 0 00:11:12, Sys 0 00:00:06  -  Run Remote Usage
		Usr 0 00:00:00, Sys 0 00:00:00  -  Run Local Usage
		Usr 0 00:11:12, Sys 0 00:00:06  -  Total Remote Usage
		Usr 0 00:00:00, Sys 0 00:00:00  -  Total Local Usage
	10561  -  Run Bytes Sent By Job
	601670  -  Run Bytes Received By Job
	10561  -  Total Bytes Sent By Job
	601670  -  Total Bytes Received By Job
	Partitionable Resources :    Usage  Request Allocated 
	   Cpus                 :     0.94        1         1 
	   Disk (KB)            : 43934         750    281831 
	   Memory (MB)          :   157        2000      2000 

	Job terminated of its own accord at 2021-07-08T07:45:00Z.
...
