000 (1616327.190.000) 07/08 09:29:26 Job submitted from host: <188.185.71.83:9618?addrs=188.185.71.83-9618+[2001-1458-d00-7--100-34d]-9618&alias=bigbird18.cern.ch&noUDP&sock=schedd_1990_8d8e>
...
040 (1616327.190.000) 07/08 09:33:18 Started transferring input files
	Transferring to host: <128.142.56.112:9618?addrs=128.142.56.112-9618+[2001-1458-301-6--100-6f]-9618&alias=b7s01p3738.cern.ch&noUDP&sock=slot1_15_54559_8044_2441>
...
040 (1616327.190.000) 07/08 09:33:18 Finished transferring input files
...
001 (1616327.190.000) 07/08 09:33:19 Job executing on host: <128.142.56.112:9618?addrs=128.142.56.112-9618+[2001-1458-301-6--100-6f]-9618&alias=b7s01p3738.cern.ch&noUDP&sock=startd_51470_b7a6>
...
006 (1616327.190.000) 07/08 09:33:27 Image size of job updated: 426256
	98  -  MemoryUsage of job (MB)
	100316  -  ResidentSetSize of job (KB)
...
006 (1616327.190.000) 07/08 09:33:37 Image size of job updated: 426256
	99  -  MemoryUsage of job (MB)
	101028  -  ResidentSetSize of job (KB)
...
040 (1616327.190.000) 07/08 09:33:38 Started transferring output files
...
040 (1616327.190.000) 07/08 09:33:38 Finished transferring output files
...
005 (1616327.190.000) 07/08 09:33:39 Job terminated.
	(1) Normal termination (return value 0)
		Usr 0 00:00:11, Sys 0 00:00:01  -  Run Remote Usage
		Usr 0 00:00:00, Sys 0 00:00:00  -  Run Local Usage
		Usr 0 00:00:11, Sys 0 00:00:01  -  Total Remote Usage
		Usr 0 00:00:00, Sys 0 00:00:00  -  Total Local Usage
	9513  -  Run Bytes Sent By Job
	601152  -  Run Bytes Received By Job
	9513  -  Total Bytes Sent By Job
	601152  -  Total Bytes Received By Job
	Partitionable Resources :    Usage  Request Allocated 
	   Cpus                 :                 1         1 
	   Disk (KB)            :    43557      750   1339209 
	   Memory (MB)          :       99     2000      2000 

	Job terminated of its own accord at 2021-07-08T07:33:37Z.
...
