[8MB/29.36MB][ 27%][=============>                                    ][8MB/s]  [29.36MB/29.36MB][100%][==================================================][29.36MB/s]  [29.36MB/29.36MB][100%][==================================================][29.36MB/s]  
Error in <TChain::SetBranchAddress>: unknown branch -> LHEWeight_originalXWGTUP
Error in <TChain::SetBranchAddress>: unknown branch -> nLHEPdfWeight
Error in <TChain::SetBranchAddress>: unknown branch -> LHEPdfWeight
Error in <TChain::SetBranchAddress>: unknown branch -> nLHEReweightingWeight
Error in <TChain::SetBranchAddress>: unknown branch -> LHEReweightingWeight
Error in <TChain::SetBranchAddress>: unknown branch -> nLHEScaleWeight
Error in <TChain::SetBranchAddress>: unknown branch -> LHEScaleWeight
Error in <TChain::SetBranchAddress>: unknown branch -> LHE_HT
Error in <TChain::SetBranchAddress>: unknown branch -> LHE_HTIncoming
Error in <TChain::SetBranchAddress>: unknown branch -> LHE_Vpt
Error in <TChain::SetBranchAddress>: unknown branch -> LHE_AlphaS
Error in <TChain::SetBranchAddress>: unknown branch -> LHE_Njets
Error in <TChain::SetBranchAddress>: unknown branch -> LHE_Nb
Error in <TChain::SetBranchAddress>: unknown branch -> LHE_Nc
Error in <TChain::SetBranchAddress>: unknown branch -> LHE_Nuds
Error in <TChain::SetBranchAddress>: unknown branch -> LHE_Nglu
Error in <TChain::SetBranchAddress>: unknown branch -> LHE_NpNLO
Error in <TChain::SetBranchAddress>: unknown branch -> LHE_NpLO
Error in <TChain::SetBranchAddress>: unknown branch -> nLHEPart
Error in <TChain::SetBranchAddress>: unknown branch -> LHEPart_pt
Error in <TChain::SetBranchAddress>: unknown branch -> LHEPart_eta
Error in <TChain::SetBranchAddress>: unknown branch -> LHEPart_phi
Error in <TChain::SetBranchAddress>: unknown branch -> LHEPart_mass
Error in <TChain::SetBranchAddress>: unknown branch -> LHEPart_incomingpz
Error in <TChain::SetBranchAddress>: unknown branch -> LHEPart_pdgId
Error in <TChain::SetBranchAddress>: unknown branch -> LHEPart_status
Error in <TChain::SetBranchAddress>: unknown branch -> LHEPart_spin
Error in <TTree::SetBranchStatus>: unknown branch -> LHEWeight_originalXWGTUP
Error in <TTree::SetBranchStatus>: unknown branch -> nLHEPdfWeight
Error in <TTree::SetBranchStatus>: unknown branch -> LHEPdfWeight
Error in <TTree::SetBranchStatus>: unknown branch -> nLHEReweightingWeight
Error in <TTree::SetBranchStatus>: unknown branch -> LHEReweightingWeight
Error in <TTree::SetBranchStatus>: unknown branch -> nLHEScaleWeight
Error in <TTree::SetBranchStatus>: unknown branch -> LHEScaleWeight
Error in <TTree::SetBranchStatus>: unknown branch -> LHE_HT
Error in <TTree::SetBranchStatus>: unknown branch -> LHE_HTIncoming
Error in <TTree::SetBranchStatus>: unknown branch -> LHE_Vpt
Error in <TTree::SetBranchStatus>: unknown branch -> LHE_AlphaS
Error in <TTree::SetBranchStatus>: unknown branch -> LHE_Njets
Error in <TTree::SetBranchStatus>: unknown branch -> LHE_Nb
Error in <TTree::SetBranchStatus>: unknown branch -> LHE_Nc
Error in <TTree::SetBranchStatus>: unknown branch -> LHE_Nuds
Error in <TTree::SetBranchStatus>: unknown branch -> LHE_Nglu
Error in <TTree::SetBranchStatus>: unknown branch -> LHE_NpNLO
Error in <TTree::SetBranchStatus>: unknown branch -> LHE_NpLO
Error in <TTree::SetBranchStatus>: unknown branch -> nLHEPart
Error in <TTree::SetBranchStatus>: unknown branch -> LHEPart_pt
Error in <TTree::SetBranchStatus>: unknown branch -> LHEPart_eta
Error in <TTree::SetBranchStatus>: unknown branch -> LHEPart_phi
Error in <TTree::SetBranchStatus>: unknown branch -> LHEPart_mass
Error in <TTree::SetBranchStatus>: unknown branch -> LHEPart_incomingpz
Error in <TTree::SetBranchStatus>: unknown branch -> LHEPart_pdgId
Error in <TTree::SetBranchStatus>: unknown branch -> LHEPart_status
Error in <TTree::SetBranchStatus>: unknown branch -> LHEPart_spin
Error in <TTree::SetBranchStatus>: unknown branch -> LHEWeight_originalXWGTUP
Error in <TTree::SetBranchStatus>: unknown branch -> nLHEPdfWeight
Error in <TTree::SetBranchStatus>: unknown branch -> LHEPdfWeight
Error in <TTree::SetBranchStatus>: unknown branch -> nLHEReweightingWeight
Error in <TTree::SetBranchStatus>: unknown branch -> LHEReweightingWeight
Error in <TTree::SetBranchStatus>: unknown branch -> nLHEScaleWeight
Error in <TTree::SetBranchStatus>: unknown branch -> LHEScaleWeight
Error in <TTree::SetBranchStatus>: unknown branch -> LHE_HT
Error in <TTree::SetBranchStatus>: unknown branch -> LHE_HTIncoming
Error in <TTree::SetBranchStatus>: unknown branch -> LHE_Vpt
Error in <TTree::SetBranchStatus>: unknown branch -> LHE_AlphaS
Error in <TTree::SetBranchStatus>: unknown branch -> LHE_Njets
Error in <TTree::SetBranchStatus>: unknown branch -> LHE_Nb
Error in <TTree::SetBranchStatus>: unknown branch -> LHE_Nc
Error in <TTree::SetBranchStatus>: unknown branch -> LHE_Nuds
Error in <TTree::SetBranchStatus>: unknown branch -> LHE_Nglu
Error in <TTree::SetBranchStatus>: unknown branch -> LHE_NpNLO
Error in <TTree::SetBranchStatus>: unknown branch -> LHE_NpLO
Error in <TTree::SetBranchStatus>: unknown branch -> nLHEPart
Error in <TTree::SetBranchStatus>: unknown branch -> LHEPart_pt
Error in <TTree::SetBranchStatus>: unknown branch -> LHEPart_eta
Error in <TTree::SetBranchStatus>: unknown branch -> LHEPart_phi
Error in <TTree::SetBranchStatus>: unknown branch -> LHEPart_mass
Error in <TTree::SetBranchStatus>: unknown branch -> LHEPart_incomingpz
Error in <TTree::SetBranchStatus>: unknown branch -> LHEPart_pdgId
Error in <TTree::SetBranchStatus>: unknown branch -> LHEPart_status
Error in <TTree::SetBranchStatus>: unknown branch -> LHEPart_spin
Error in <TTree::SetBranchStatus>: unknown branch -> LHEWeight_originalXWGTUP
Error in <TTree::SetBranchStatus>: unknown branch -> nLHEPdfWeight
Error in <TTree::SetBranchStatus>: unknown branch -> LHEPdfWeight
Error in <TTree::SetBranchStatus>: unknown branch -> nLHEReweightingWeight
Error in <TTree::SetBranchStatus>: unknown branch -> LHEReweightingWeight
Error in <TTree::SetBranchStatus>: unknown branch -> nLHEScaleWeight
Error in <TTree::SetBranchStatus>: unknown branch -> LHEScaleWeight
Error in <TTree::SetBranchStatus>: unknown branch -> LHE_HT
Error in <TTree::SetBranchStatus>: unknown branch -> LHE_HTIncoming
Error in <TTree::SetBranchStatus>: unknown branch -> LHE_Vpt
Error in <TTree::SetBranchStatus>: unknown branch -> LHE_AlphaS
Error in <TTree::SetBranchStatus>: unknown branch -> LHE_Njets
Error in <TTree::SetBranchStatus>: unknown branch -> LHE_Nb
Error in <TTree::SetBranchStatus>: unknown branch -> LHE_Nc
Error in <TTree::SetBranchStatus>: unknown branch -> LHE_Nuds
Error in <TTree::SetBranchStatus>: unknown branch -> LHE_Nglu
Error in <TTree::SetBranchStatus>: unknown branch -> LHE_NpNLO
Error in <TTree::SetBranchStatus>: unknown branch -> LHE_NpLO
Error in <TTree::SetBranchStatus>: unknown branch -> nLHEPart
Error in <TTree::SetBranchStatus>: unknown branch -> LHEPart_pt
Error in <TTree::SetBranchStatus>: unknown branch -> LHEPart_eta
Error in <TTree::SetBranchStatus>: unknown branch -> LHEPart_phi
Error in <TTree::SetBranchStatus>: unknown branch -> LHEPart_mass
Error in <TTree::SetBranchStatus>: unknown branch -> LHEPart_incomingpz
Error in <TTree::SetBranchStatus>: unknown branch -> LHEPart_pdgId
Error in <TTree::SetBranchStatus>: unknown branch -> LHEPart_status
Error in <TTree::SetBranchStatus>: unknown branch -> LHEPart_spin
Error in <TTree::SetBranchStatus>: unknown branch -> LHEWeight_originalXWGTUP
Error in <TTree::SetBranchStatus>: unknown branch -> nLHEPdfWeight
Error in <TTree::SetBranchStatus>: unknown branch -> LHEPdfWeight
Error in <TTree::SetBranchStatus>: unknown branch -> nLHEReweightingWeight
Error in <TTree::SetBranchStatus>: unknown branch -> LHEReweightingWeight
Error in <TTree::SetBranchStatus>: unknown branch -> nLHEScaleWeight
Error in <TTree::SetBranchStatus>: unknown branch -> LHEScaleWeight
Error in <TTree::SetBranchStatus>: unknown branch -> LHE_HT
Error in <TTree::SetBranchStatus>: unknown branch -> LHE_HTIncoming
Error in <TTree::SetBranchStatus>: unknown branch -> LHE_Vpt
Error in <TTree::SetBranchStatus>: unknown branch -> LHE_AlphaS
Error in <TTree::SetBranchStatus>: unknown branch -> LHE_Njets
Error in <TTree::SetBranchStatus>: unknown branch -> LHE_Nb
Error in <TTree::SetBranchStatus>: unknown branch -> LHE_Nc
Error in <TTree::SetBranchStatus>: unknown branch -> LHE_Nuds
Error in <TTree::SetBranchStatus>: unknown branch -> LHE_Nglu
Error in <TTree::SetBranchStatus>: unknown branch -> LHE_NpNLO
Error in <TTree::SetBranchStatus>: unknown branch -> LHE_NpLO
Error in <TTree::SetBranchStatus>: unknown branch -> nLHEPart
Error in <TTree::SetBranchStatus>: unknown branch -> LHEPart_pt
Error in <TTree::SetBranchStatus>: unknown branch -> LHEPart_eta
Error in <TTree::SetBranchStatus>: unknown branch -> LHEPart_phi
Error in <TTree::SetBranchStatus>: unknown branch -> LHEPart_mass
Error in <TTree::SetBranchStatus>: unknown branch -> LHEPart_incomingpz
Error in <TTree::SetBranchStatus>: unknown branch -> LHEPart_pdgId
Error in <TTree::SetBranchStatus>: unknown branch -> LHEPart_status
Error in <TTree::SetBranchStatus>: unknown branch -> LHEPart_spin
xrdcp: No such file or directory processing ../Analyzed_Files_Nano_AOD/UL_TTbar/root_text_files_list/TT*.root
Job: 1/2
Source: file://localhost/pool/condor/dir_7699/CMSSW_10_6_8/src/Phase_III_Analysis_with_NanoAOD/NANO_AOD_Analyzer/../Analyzed_Files_Nano_AOD/UL17_Bkg/root_file_list/QCD_Pt-1000_MuEnr_UL17_v2_4_Electronic_HiggsDeepMD_2DLepIso__EvntW_14-Jun-21.root
Target: root://eosuser.cern.ch:1094//eos/user/a/achhetri/Tprime_PhaseIII/Analyzed_NANO_file_via_Condor/Background_Samples_UL17/UL17_QCD_MuEnr_Files//QCD_Pt-1000_MuEnr_UL17_v2_4_Electronic_HiggsDeepMD_2DLepIso__EvntW_14-Jun-21.root
[210.4kB/210.4kB][100%][==================================================][210.4kB/s]  [210.4kB/210.4kB][100%][==================================================][210.4kB/s]  
Job: 2/2
Source: file://localhost/pool/condor/dir_7699/CMSSW_10_6_8/src/Phase_III_Analysis_with_NanoAOD/NANO_AOD_Analyzer/../Analyzed_Files_Nano_AOD/UL17_Bkg/root_file_list/QCD_Pt-1000_MuEnr_UL17_v2_4_Muonic_HiggsDeepMD_2DLepIso__EvntW_14-Jun-21.root
Target: root://eosuser.cern.ch:1094//eos/user/a/achhetri/Tprime_PhaseIII/Analyzed_NANO_file_via_Condor/Background_Samples_UL17/UL17_QCD_MuEnr_Files//QCD_Pt-1000_MuEnr_UL17_v2_4_Muonic_HiggsDeepMD_2DLepIso__EvntW_14-Jun-21.root
[344.9kB/344.9kB][100%][==================================================][344.9kB/s]  [344.9kB/344.9kB][100%][==================================================][344.9kB/s]  
xrdcp: No such file or directory processing ../Analyzed_Files_Nano_AOD/UL17_Bkg/root_file_list/WJets_LNu_HT*.root
[482B/482B][100%][==================================================][482B/s]  [482B/482B][100%][==================================================][482B/s]  
xrdcp: No such file or directory processing ../Analyzed_Files_Nano_AOD/UL17_Bkg/root_file_list/ST_*.root
