000 (1616327.055.000) 07/08 09:29:25 Job submitted from host: <188.185.71.83:9618?addrs=188.185.71.83-9618+[2001-1458-d00-7--100-34d]-9618&alias=bigbird18.cern.ch&noUDP&sock=schedd_1990_8d8e>
...
040 (1616327.055.000) 07/08 09:32:02 Started transferring input files
	Transferring to host: <188.184.196.115:9618?addrs=188.184.196.115-9618+[2001-1458-301-102--100-87]-9618&alias=b7g24n0227.cern.ch&noUDP&sock=slot1_4_3680_a48f_67669>
...
040 (1616327.055.000) 07/08 09:32:02 Finished transferring input files
...
001 (1616327.055.000) 07/08 09:32:03 Job executing on host: <188.184.196.115:9618?addrs=188.184.196.115-9618+[2001-1458-301-102--100-87]-9618&alias=b7g24n0227.cern.ch&noUDP&sock=startd_3038_64cf>
...
006 (1616327.055.000) 07/08 09:32:12 Image size of job updated: 481336
	85  -  MemoryUsage of job (MB)
	86844  -  ResidentSetSize of job (KB)
...
006 (1616327.055.000) 07/08 09:37:12 Image size of job updated: 559464
	156  -  MemoryUsage of job (MB)
	159548  -  ResidentSetSize of job (KB)
...
040 (1616327.055.000) 07/08 09:39:32 Started transferring output files
...
040 (1616327.055.000) 07/08 09:39:32 Finished transferring output files
...
005 (1616327.055.000) 07/08 09:39:32 Job terminated.
	(1) Normal termination (return value 0)
		Usr 0 00:06:26, Sys 0 00:00:05  -  Run Remote Usage
		Usr 0 00:00:00, Sys 0 00:00:00  -  Run Local Usage
		Usr 0 00:06:26, Sys 0 00:00:05  -  Total Remote Usage
		Usr 0 00:00:00, Sys 0 00:00:00  -  Total Local Usage
	10572  -  Run Bytes Sent By Job
	601670  -  Run Bytes Received By Job
	10572  -  Total Bytes Sent By Job
	601670  -  Total Bytes Received By Job
	Partitionable Resources :    Usage  Request Allocated 
	   Cpus                 :     0.90        1         1 
	   Disk (KB)            : 43920         750    301515 
	   Memory (MB)          :   156        2000      2000 

	Job terminated of its own accord at 2021-07-08T07:39:32Z.
...
