000 (1616327.144.000) 07/08 09:29:26 Job submitted from host: <188.185.71.83:9618?addrs=188.185.71.83-9618+[2001-1458-d00-7--100-34d]-9618&alias=bigbird18.cern.ch&noUDP&sock=schedd_1990_8d8e>
...
040 (1616327.144.000) 07/08 09:32:47 Started transferring input files
	Transferring to host: <188.184.169.204:9618?addrs=188.184.169.204-9618+[2001-1458-301-c0--100-3c8]-9618&alias=b7g52n5787.cern.ch&noUDP&sock=slot1_14_6589_4be5_111397>
...
040 (1616327.144.000) 07/08 09:32:47 Finished transferring input files
...
001 (1616327.144.000) 07/08 09:32:48 Job executing on host: <188.184.169.204:9618?addrs=188.184.169.204-9618+[2001-1458-301-c0--100-3c8]-9618&alias=b7g52n5787.cern.ch&noUDP&sock=startd_17538_300e>
...
006 (1616327.144.000) 07/08 09:32:57 Image size of job updated: 557196
	136  -  MemoryUsage of job (MB)
	138604  -  ResidentSetSize of job (KB)
...
006 (1616327.144.000) 07/08 09:37:35 Image size of job updated: 557196
	136  -  MemoryUsage of job (MB)
	138672  -  ResidentSetSize of job (KB)
...
040 (1616327.144.000) 07/08 09:37:35 Started transferring output files
...
040 (1616327.144.000) 07/08 09:37:35 Finished transferring output files
...
005 (1616327.144.000) 07/08 09:37:36 Job terminated.
	(1) Normal termination (return value 0)
		Usr 0 00:04:18, Sys 0 00:00:02  -  Run Remote Usage
		Usr 0 00:00:00, Sys 0 00:00:00  -  Run Local Usage
		Usr 0 00:04:18, Sys 0 00:00:02  -  Total Remote Usage
		Usr 0 00:00:00, Sys 0 00:00:00  -  Total Local Usage
	10060  -  Run Bytes Sent By Job
	601138  -  Run Bytes Received By Job
	10060  -  Total Bytes Sent By Job
	601138  -  Total Bytes Received By Job
	Partitionable Resources :    Usage  Request Allocated 
	   Cpus                 :                 1         1 
	   Disk (KB)            :    43557      750    281059 
	   Memory (MB)          :      136     2000      2000 

	Job terminated of its own accord at 2021-07-08T07:37:35Z.
...
