000 (1616327.029.000) 07/08 09:29:25 Job submitted from host: <188.185.71.83:9618?addrs=188.185.71.83-9618+[2001-1458-d00-7--100-34d]-9618&alias=bigbird18.cern.ch&noUDP&sock=schedd_1990_8d8e>
...
040 (1616327.029.000) 07/08 09:32:09 Started transferring input files
	Transferring to host: <128.142.80.58:9618?addrs=128.142.80.58-9618+[2001-1458-301-f5--100-54f]-9618&alias=b7s13n6501.cern.ch&noUDP&sock=slot1_1_32273_ff79_111252>
...
040 (1616327.029.000) 07/08 09:32:09 Finished transferring input files
...
001 (1616327.029.000) 07/08 09:32:10 Job executing on host: <128.142.80.58:9618?addrs=128.142.80.58-9618+[2001-1458-301-f5--100-54f]-9618&alias=b7s13n6501.cern.ch&noUDP&sock=startd_15620_9969>
...
006 (1616327.029.000) 07/08 09:32:19 Image size of job updated: 288724
	13  -  MemoryUsage of job (MB)
	12316  -  ResidentSetSize of job (KB)
...
006 (1616327.029.000) 07/08 09:34:51 Image size of job updated: 562048
	13  -  MemoryUsage of job (MB)
	12324  -  ResidentSetSize of job (KB)
...
040 (1616327.029.000) 07/08 09:34:51 Started transferring output files
...
040 (1616327.029.000) 07/08 09:34:51 Finished transferring output files
...
005 (1616327.029.000) 07/08 09:34:52 Job terminated.
	(1) Normal termination (return value 0)
		Usr 0 00:01:18, Sys 0 00:00:02  -  Run Remote Usage
		Usr 0 00:00:00, Sys 0 00:00:00  -  Run Local Usage
		Usr 0 00:01:18, Sys 0 00:00:02  -  Total Remote Usage
		Usr 0 00:00:00, Sys 0 00:00:00  -  Total Local Usage
	10436  -  Run Bytes Sent By Job
	601625  -  Run Bytes Received By Job
	10436  -  Total Bytes Sent By Job
	601625  -  Total Bytes Received By Job
	Partitionable Resources :    Usage  Request Allocated 
	   Cpus                 :     0.62        1         1 
	   Disk (KB)            : 43555         750    287163 
	   Memory (MB)          :    13        2000      2000 

	Job terminated of its own accord at 2021-07-08T07:34:51Z.
...
