000 (1616327.180.000) 07/08 09:29:26 Job submitted from host: <188.185.71.83:9618?addrs=188.185.71.83-9618+[2001-1458-d00-7--100-34d]-9618&alias=bigbird18.cern.ch&noUDP&sock=schedd_1990_8d8e>
...
040 (1616327.180.000) 07/08 09:33:15 Started transferring input files
	Transferring to host: <128.142.56.55:9618?addrs=128.142.56.55-9618+[2001-1458-301-6--100-36]-9618&alias=b7s01p1201.cern.ch&noUDP&sock=slot1_12_56275_9409_2919>
...
040 (1616327.180.000) 07/08 09:33:15 Finished transferring input files
...
001 (1616327.180.000) 07/08 09:33:16 Job executing on host: <128.142.56.55:9618?addrs=128.142.56.55-9618+[2001-1458-301-6--100-36]-9618&alias=b7s01p1201.cern.ch&noUDP&sock=startd_53180_a299>
...
006 (1616327.180.000) 07/08 09:33:25 Image size of job updated: 69620
	31  -  MemoryUsage of job (MB)
	30864  -  ResidentSetSize of job (KB)
...
006 (1616327.180.000) 07/08 09:38:26 Image size of job updated: 562000
	142  -  MemoryUsage of job (MB)
	145284  -  ResidentSetSize of job (KB)
...
006 (1616327.180.000) 07/08 09:43:27 Image size of job updated: 562000
	142  -  MemoryUsage of job (MB)
	145304  -  ResidentSetSize of job (KB)
...
040 (1616327.180.000) 07/08 09:45:41 Started transferring output files
...
040 (1616327.180.000) 07/08 09:45:41 Finished transferring output files
...
005 (1616327.180.000) 07/08 09:45:41 Job terminated.
	(1) Normal termination (return value 0)
		Usr 0 00:09:04, Sys 0 00:00:04  -  Run Remote Usage
		Usr 0 00:00:00, Sys 0 00:00:00  -  Run Local Usage
		Usr 0 00:09:04, Sys 0 00:00:04  -  Total Remote Usage
		Usr 0 00:00:00, Sys 0 00:00:00  -  Total Local Usage
	10076  -  Run Bytes Sent By Job
	601140  -  Run Bytes Received By Job
	10076  -  Total Bytes Sent By Job
	601140  -  Total Bytes Received By Job
	Partitionable Resources :    Usage  Request Allocated 
	   Cpus                 :     0.62        1         1 
	   Disk (KB)            : 43954         750   1349774 
	   Memory (MB)          :   142        2000      2000 

	Job terminated of its own accord at 2021-07-08T07:45:41Z.
...
