000 (1616327.068.000) 07/08 09:29:26 Job submitted from host: <188.185.71.83:9618?addrs=188.185.71.83-9618+[2001-1458-d00-7--100-34d]-9618&alias=bigbird18.cern.ch&noUDP&sock=schedd_1990_8d8e>
...
040 (1616327.068.000) 07/08 09:32:07 Started transferring input files
	Transferring to host: <128.142.56.68:9618?addrs=128.142.56.68-9618+[2001-1458-301-6--100-43]-9618&alias=b7s01p2709.cern.ch&noUDP&sock=slot1_16_50481_2e5e_2705>
...
040 (1616327.068.000) 07/08 09:32:07 Finished transferring input files
...
001 (1616327.068.000) 07/08 09:32:08 Job executing on host: <128.142.56.68:9618?addrs=128.142.56.68-9618+[2001-1458-301-6--100-43]-9618&alias=b7s01p2709.cern.ch&noUDP&sock=startd_47390_2d3f>
...
006 (1616327.068.000) 07/08 09:32:17 Image size of job updated: 570744
	173  -  MemoryUsage of job (MB)
	176704  -  ResidentSetSize of job (KB)
...
006 (1616327.068.000) 07/08 09:33:41 Image size of job updated: 635228
	174  -  MemoryUsage of job (MB)
	177276  -  ResidentSetSize of job (KB)
...
040 (1616327.068.000) 07/08 09:33:41 Started transferring output files
...
040 (1616327.068.000) 07/08 09:33:41 Finished transferring output files
...
005 (1616327.068.000) 07/08 09:33:41 Job terminated.
	(1) Normal termination (return value 0)
		Usr 0 00:01:19, Sys 0 00:00:02  -  Run Remote Usage
		Usr 0 00:00:00, Sys 0 00:00:00  -  Run Local Usage
		Usr 0 00:01:19, Sys 0 00:00:02  -  Total Remote Usage
		Usr 0 00:00:00, Sys 0 00:00:00  -  Total Local Usage
	30145  -  Run Bytes Sent By Job
	601688  -  Run Bytes Received By Job
	30145  -  Total Bytes Sent By Job
	601688  -  Total Bytes Received By Job
	Partitionable Resources :    Usage  Request Allocated 
	   Cpus                 :                 1         1 
	   Disk (KB)            :    43562      750   1286407 
	   Memory (MB)          :      174     2000      2000 

	Job terminated of its own accord at 2021-07-08T07:33:41Z.
...
