000 (1616327.155.000) 07/08 09:29:26 Job submitted from host: <188.185.71.83:9618?addrs=188.185.71.83-9618+[2001-1458-d00-7--100-34d]-9618&alias=bigbird18.cern.ch&noUDP&sock=schedd_1990_8d8e>
...
040 (1616327.155.000) 07/08 09:32:55 Started transferring input files
	Transferring to host: <128.142.76.179:9618?addrs=128.142.76.179-9618+[2001-1458-301-f4--100-400]-9618&alias=b7s12n3275.cern.ch&noUDP&sock=slot1_15_5325_b1b2_62586>
...
040 (1616327.155.000) 07/08 09:32:56 Finished transferring input files
...
001 (1616327.155.000) 07/08 09:32:57 Job executing on host: <128.142.76.179:9618?addrs=128.142.76.179-9618+[2001-1458-301-f4--100-400]-9618&alias=b7s12n3275.cern.ch&noUDP&sock=startd_4217_16f7>
...
006 (1616327.155.000) 07/08 09:33:05 Image size of job updated: 288728
	83  -  MemoryUsage of job (MB)
	84836  -  ResidentSetSize of job (KB)
...
006 (1616327.155.000) 07/08 09:36:02 Image size of job updated: 558344
	84  -  MemoryUsage of job (MB)
	85640  -  ResidentSetSize of job (KB)
...
040 (1616327.155.000) 07/08 09:36:02 Started transferring output files
...
040 (1616327.155.000) 07/08 09:36:02 Finished transferring output files
...
005 (1616327.155.000) 07/08 09:36:02 Job terminated.
	(1) Normal termination (return value 0)
		Usr 0 00:02:23, Sys 0 00:00:02  -  Run Remote Usage
		Usr 0 00:00:00, Sys 0 00:00:00  -  Run Local Usage
		Usr 0 00:02:23, Sys 0 00:00:02  -  Total Remote Usage
		Usr 0 00:00:00, Sys 0 00:00:00  -  Total Local Usage
	10472  -  Run Bytes Sent By Job
	601320  -  Run Bytes Received By Job
	10472  -  Total Bytes Sent By Job
	601320  -  Total Bytes Received By Job
	Partitionable Resources :    Usage  Request Allocated 
	   Cpus                 :                 1         1 
	   Disk (KB)            :    43557      750    258183 
	   Memory (MB)          :       84     2000      2000 

	Job terminated of its own accord at 2021-07-08T07:36:02Z.
...
