000 (1616327.135.000) 07/08 09:29:26 Job submitted from host: <188.185.71.83:9618?addrs=188.185.71.83-9618+[2001-1458-d00-7--100-34d]-9618&alias=bigbird18.cern.ch&noUDP&sock=schedd_1990_8d8e>
...
040 (1616327.135.000) 07/08 09:32:41 Started transferring input files
	Transferring to host: <128.142.77.205:9618?addrs=128.142.77.205-9618+[2001-1458-301-f4--100-2d5]-9618&alias=b7s12n3114.cern.ch&noUDP&sock=slot1_11_31717_3ee3_110736>
...
040 (1616327.135.000) 07/08 09:32:41 Finished transferring input files
...
001 (1616327.135.000) 07/08 09:32:42 Job executing on host: <128.142.77.205:9618?addrs=128.142.77.205-9618+[2001-1458-301-f4--100-2d5]-9618&alias=b7s12n3114.cern.ch&noUDP&sock=startd_16622_e34e>
...
006 (1616327.135.000) 07/08 09:32:51 Image size of job updated: 488748
	88  -  MemoryUsage of job (MB)
	89644  -  ResidentSetSize of job (KB)
...
006 (1616327.135.000) 07/08 09:37:52 Image size of job updated: 559472
	139  -  MemoryUsage of job (MB)
	141460  -  ResidentSetSize of job (KB)
...
006 (1616327.135.000) 07/08 09:42:52 Image size of job updated: 564148
	139  -  MemoryUsage of job (MB)
	142080  -  ResidentSetSize of job (KB)
...
040 (1616327.135.000) 07/08 09:45:23 Started transferring output files
...
040 (1616327.135.000) 07/08 09:45:23 Finished transferring output files
...
005 (1616327.135.000) 07/08 09:45:23 Job terminated.
	(1) Normal termination (return value 0)
		Usr 0 00:11:06, Sys 0 00:00:07  -  Run Remote Usage
		Usr 0 00:00:00, Sys 0 00:00:00  -  Run Local Usage
		Usr 0 00:11:06, Sys 0 00:00:07  -  Total Remote Usage
		Usr 0 00:00:00, Sys 0 00:00:00  -  Total Local Usage
	9358  -  Run Bytes Sent By Job
	601120  -  Run Bytes Received By Job
	9358  -  Total Bytes Sent By Job
	601120  -  Total Bytes Received By Job
	Partitionable Resources :    Usage  Request Allocated 
	   Cpus                 :     0.92        1         1 
	   Disk (KB)            : 43925         750    281207 
	   Memory (MB)          :   139        2000      2000 

	Job terminated of its own accord at 2021-07-08T07:45:23Z.
...
