000 (1616327.015.000) 07/08 09:29:25 Job submitted from host: <188.185.71.83:9618?addrs=188.185.71.83-9618+[2001-1458-d00-7--100-34d]-9618&alias=bigbird18.cern.ch&noUDP&sock=schedd_1990_8d8e>
...
040 (1616327.015.000) 07/08 09:31:47 Started transferring input files
	Transferring to host: <128.142.57.97:9618?addrs=128.142.57.97-9618+[2001-1458-301-7--100-60]-9618&alias=b7s02p6766.cern.ch&noUDP&sock=slot1_24_6650_46c7_2762>
...
040 (1616327.015.000) 07/08 09:31:47 Finished transferring input files
...
001 (1616327.015.000) 07/08 09:31:48 Job executing on host: <128.142.57.97:9618?addrs=128.142.57.97-9618+[2001-1458-301-7--100-60]-9618&alias=b7s02p6766.cern.ch&noUDP&sock=startd_6168_503d>
...
006 (1616327.015.000) 07/08 09:31:56 Image size of job updated: 193852
	138  -  MemoryUsage of job (MB)
	141128  -  ResidentSetSize of job (KB)
...
006 (1616327.015.000) 07/08 09:32:09 Image size of job updated: 558000
	138  -  MemoryUsage of job (MB)
	141128  -  ResidentSetSize of job (KB)
...
040 (1616327.015.000) 07/08 09:32:10 Started transferring output files
...
040 (1616327.015.000) 07/08 09:32:10 Finished transferring output files
...
005 (1616327.015.000) 07/08 09:32:11 Job terminated.
	(1) Normal termination (return value 0)
		Usr 0 00:00:14, Sys 0 00:00:01  -  Run Remote Usage
		Usr 0 00:00:00, Sys 0 00:00:00  -  Run Local Usage
		Usr 0 00:00:14, Sys 0 00:00:01  -  Total Remote Usage
		Usr 0 00:00:00, Sys 0 00:00:00  -  Total Local Usage
	10454  -  Run Bytes Sent By Job
	601631  -  Run Bytes Received By Job
	10454  -  Total Bytes Sent By Job
	601631  -  Total Bytes Received By Job
	Partitionable Resources :    Usage  Request Allocated 
	   Cpus                 :                 1         1 
	   Disk (KB)            :    43558      750   1375625 
	   Memory (MB)          :      138     2000      2000 

	Job terminated of its own accord at 2021-07-08T07:32:09Z.
...
