000 (1616327.091.000) 07/08 09:29:26 Job submitted from host: <188.185.71.83:9618?addrs=188.185.71.83-9618+[2001-1458-d00-7--100-34d]-9618&alias=bigbird18.cern.ch&noUDP&sock=schedd_1990_8d8e>
...
040 (1616327.091.000) 07/08 09:32:17 Started transferring input files
	Transferring to host: <188.184.183.160:9618?addrs=188.184.183.160-9618&alias=b7g41n7895.cern.ch&noUDP&sock=slot1_11_3992_799b_54853>
...
040 (1616327.091.000) 07/08 09:32:17 Finished transferring input files
...
001 (1616327.091.000) 07/08 09:32:18 Job executing on host: <188.184.183.160:9618?addrs=188.184.183.160-9618&alias=b7g41n7895.cern.ch&noUDP&sock=startd_3482_f0db>
...
006 (1616327.091.000) 07/08 09:32:27 Image size of job updated: 88012
	44  -  MemoryUsage of job (MB)
	44780  -  ResidentSetSize of job (KB)
...
006 (1616327.091.000) 07/08 09:37:27 Image size of job updated: 566024
	157  -  MemoryUsage of job (MB)
	159820  -  ResidentSetSize of job (KB)
...
006 (1616327.091.000) 07/08 09:42:28 Image size of job updated: 566024
	161  -  MemoryUsage of job (MB)
	164404  -  ResidentSetSize of job (KB)
...
006 (1616327.091.000) 07/08 09:47:29 Image size of job updated: 566024
	163  -  MemoryUsage of job (MB)
	166764  -  ResidentSetSize of job (KB)
...
006 (1616327.091.000) 07/08 09:52:30 Image size of job updated: 566024
	163  -  MemoryUsage of job (MB)
	166840  -  ResidentSetSize of job (KB)
...
040 (1616327.091.000) 07/08 09:54:14 Started transferring output files
...
040 (1616327.091.000) 07/08 09:54:14 Finished transferring output files
...
005 (1616327.091.000) 07/08 09:54:15 Job terminated.
	(1) Normal termination (return value 0)
		Usr 0 00:11:13, Sys 0 00:00:07  -  Run Remote Usage
		Usr 0 00:00:00, Sys 0 00:00:00  -  Run Local Usage
		Usr 0 00:11:13, Sys 0 00:00:07  -  Total Remote Usage
		Usr 0 00:00:00, Sys 0 00:00:00  -  Total Local Usage
	34057  -  Run Bytes Sent By Job
	601851  -  Run Bytes Received By Job
	34057  -  Total Bytes Sent By Job
	601851  -  Total Bytes Received By Job
	Partitionable Resources :    Usage  Request Allocated 
	   Cpus                 :     0.70        1         1 
	   Disk (KB)            : 43803         750    340920 
	   Memory (MB)          :   163        2000      2000 

	Job terminated of its own accord at 2021-07-08T07:54:14Z.
...
