000 (1616327.014.000) 07/08 09:29:25 Job submitted from host: <188.185.71.83:9618?addrs=188.185.71.83-9618+[2001-1458-d00-7--100-34d]-9618&alias=bigbird18.cern.ch&noUDP&sock=schedd_1990_8d8e>
...
040 (1616327.014.000) 07/08 09:31:45 Started transferring input files
	Transferring to host: <128.142.56.121:9618?addrs=128.142.56.121-9618+[2001-1458-301-6--100-78]-9618&alias=b7s01p1273.cern.ch&noUDP&sock=slot1_2_18636_7f6f_2313>
...
040 (1616327.014.000) 07/08 09:31:46 Finished transferring input files
...
001 (1616327.014.000) 07/08 09:31:46 Job executing on host: <128.142.56.121:9618?addrs=128.142.56.121-9618+[2001-1458-301-6--100-78]-9618&alias=b7s01p1273.cern.ch&noUDP&sock=startd_15535_4bdc>
...
006 (1616327.014.000) 07/08 09:31:55 Image size of job updated: 143648
	31  -  MemoryUsage of job (MB)
	30868  -  ResidentSetSize of job (KB)
...
006 (1616327.014.000) 07/08 09:36:55 Image size of job updated: 555816
	153  -  MemoryUsage of job (MB)
	156380  -  ResidentSetSize of job (KB)
...
040 (1616327.014.000) 07/08 09:41:08 Started transferring output files
...
040 (1616327.014.000) 07/08 09:41:08 Finished transferring output files
...
005 (1616327.014.000) 07/08 09:41:10 Job terminated.
	(1) Normal termination (return value 0)
		Usr 0 00:06:39, Sys 0 00:00:03  -  Run Remote Usage
		Usr 0 00:00:00, Sys 0 00:00:00  -  Run Local Usage
		Usr 0 00:06:39, Sys 0 00:00:03  -  Total Remote Usage
		Usr 0 00:00:00, Sys 0 00:00:00  -  Total Local Usage
	10377  -  Run Bytes Sent By Job
	601599  -  Run Bytes Received By Job
	10377  -  Total Bytes Sent By Job
	601599  -  Total Bytes Received By Job
	Partitionable Resources :    Usage  Request Allocated 
	   Cpus                 :                 1         1 
	   Disk (KB)            :    43558      750   1335360 
	   Memory (MB)          :      153     2000      2000 

	Job terminated of its own accord at 2021-07-08T07:41:08Z.
...
