000 (1616327.098.000) 07/08 09:29:26 Job submitted from host: <188.185.71.83:9618?addrs=188.185.71.83-9618+[2001-1458-d00-7--100-34d]-9618&alias=bigbird18.cern.ch&noUDP&sock=schedd_1990_8d8e>
...
040 (1616327.098.000) 07/08 09:32:20 Started transferring input files
	Transferring to host: <128.142.57.13:9618?addrs=128.142.57.13-9618+[2001-1458-301-7--100-c]-9618&alias=b7s02p5809.cern.ch&noUDP&sock=slot1_24_6654_1848_2462>
...
040 (1616327.098.000) 07/08 09:32:21 Finished transferring input files
...
001 (1616327.098.000) 07/08 09:32:22 Job executing on host: <128.142.57.13:9618?addrs=128.142.57.13-9618+[2001-1458-301-7--100-c]-9618&alias=b7s02p5809.cern.ch&noUDP&sock=startd_6191_16eb>
...
006 (1616327.098.000) 07/08 09:32:30 Image size of job updated: 525896
	137  -  MemoryUsage of job (MB)
	139356  -  ResidentSetSize of job (KB)
...
006 (1616327.098.000) 07/08 09:32:53 Image size of job updated: 559156
	137  -  MemoryUsage of job (MB)
	139960  -  ResidentSetSize of job (KB)
...
040 (1616327.098.000) 07/08 09:32:54 Started transferring output files
...
040 (1616327.098.000) 07/08 09:32:55 Finished transferring output files
...
005 (1616327.098.000) 07/08 09:32:57 Job terminated.
	(1) Normal termination (return value 0)
		Usr 0 00:00:23, Sys 0 00:00:01  -  Run Remote Usage
		Usr 0 00:00:00, Sys 0 00:00:00  -  Run Local Usage
		Usr 0 00:00:23, Sys 0 00:00:01  -  Total Remote Usage
		Usr 0 00:00:00, Sys 0 00:00:00  -  Total Local Usage
	11123  -  Run Bytes Sent By Job
	601919  -  Run Bytes Received By Job
	11123  -  Total Bytes Sent By Job
	601919  -  Total Bytes Received By Job
	Partitionable Resources :    Usage  Request Allocated 
	   Cpus                 :                 1         1 
	   Disk (KB)            :    43559      750   1270171 
	   Memory (MB)          :      137     2000      2000 

	Job terminated of its own accord at 2021-07-08T07:32:53Z.
...
