000 (1616327.182.000) 07/08 09:29:26 Job submitted from host: <188.185.71.83:9618?addrs=188.185.71.83-9618+[2001-1458-d00-7--100-34d]-9618&alias=bigbird18.cern.ch&noUDP&sock=schedd_1990_8d8e>
...
040 (1616327.182.000) 07/08 09:33:15 Started transferring input files
	Transferring to host: <128.142.57.70:9618?addrs=128.142.57.70-9618+[2001-1458-301-7--100-45]-9618&alias=b7s02p6883.cern.ch&noUDP&sock=slot1_23_7050_1cd8_2754>
...
040 (1616327.182.000) 07/08 09:33:15 Finished transferring input files
...
001 (1616327.182.000) 07/08 09:33:16 Job executing on host: <128.142.57.70:9618?addrs=128.142.57.70-9618+[2001-1458-301-7--100-45]-9618&alias=b7s02p6883.cern.ch&noUDP&sock=startd_6599_f18f>
...
006 (1616327.182.000) 07/08 09:33:25 Image size of job updated: 143108
	90  -  MemoryUsage of job (MB)
	92080  -  ResidentSetSize of job (KB)
...
006 (1616327.182.000) 07/08 09:38:26 Image size of job updated: 559856
	141  -  MemoryUsage of job (MB)
	143584  -  ResidentSetSize of job (KB)
...
006 (1616327.182.000) 07/08 09:43:27 Image size of job updated: 560568
	141  -  MemoryUsage of job (MB)
	143584  -  ResidentSetSize of job (KB)
...
040 (1616327.182.000) 07/08 09:44:44 Started transferring output files
...
040 (1616327.182.000) 07/08 09:44:44 Finished transferring output files
...
005 (1616327.182.000) 07/08 09:44:44 Job terminated.
	(1) Normal termination (return value 0)
		Usr 0 00:08:31, Sys 0 00:00:05  -  Run Remote Usage
		Usr 0 00:00:00, Sys 0 00:00:00  -  Run Local Usage
		Usr 0 00:08:31, Sys 0 00:00:05  -  Total Remote Usage
		Usr 0 00:00:00, Sys 0 00:00:00  -  Total Local Usage
	10159  -  Run Bytes Sent By Job
	601140  -  Run Bytes Received By Job
	10159  -  Total Bytes Sent By Job
	601140  -  Total Bytes Received By Job
	Partitionable Resources :    Usage  Request Allocated 
	   Cpus                 :     0.97        1         1 
	   Disk (KB)            : 43953         750   1284866 
	   Memory (MB)          :   141        2000      2000 

	Job terminated of its own accord at 2021-07-08T07:44:44Z.
...
