000 (1616327.060.000) 07/08 09:29:25 Job submitted from host: <188.185.71.83:9618?addrs=188.185.71.83-9618+[2001-1458-d00-7--100-34d]-9618&alias=bigbird18.cern.ch&noUDP&sock=schedd_1990_8d8e>
...
040 (1616327.060.000) 07/08 09:32:04 Started transferring input files
	Transferring to host: <128.142.72.114:9618?addrs=128.142.72.114-9618+[2001-1458-301-75--100-6c0]-9618&alias=b7s11n6422.cern.ch&noUDP&sock=slot1_8_5265_6b2f_69789>
...
040 (1616327.060.000) 07/08 09:32:04 Finished transferring input files
...
001 (1616327.060.000) 07/08 09:32:05 Job executing on host: <128.142.72.114:9618?addrs=128.142.72.114-9618+[2001-1458-301-75--100-6c0]-9618&alias=b7s11n6422.cern.ch&noUDP&sock=startd_4118_2f17>
...
006 (1616327.060.000) 07/08 09:32:14 Image size of job updated: 138384
	86  -  MemoryUsage of job (MB)
	87128  -  ResidentSetSize of job (KB)
...
006 (1616327.060.000) 07/08 09:37:15 Image size of job updated: 558468
	157  -  MemoryUsage of job (MB)
	159748  -  ResidentSetSize of job (KB)
...
040 (1616327.060.000) 07/08 09:41:11 Started transferring output files
...
040 (1616327.060.000) 07/08 09:41:11 Finished transferring output files
...
005 (1616327.060.000) 07/08 09:41:12 Job terminated.
	(1) Normal termination (return value 0)
		Usr 0 00:07:37, Sys 0 00:00:04  -  Run Remote Usage
		Usr 0 00:00:00, Sys 0 00:00:00  -  Run Local Usage
		Usr 0 00:07:37, Sys 0 00:00:04  -  Total Remote Usage
		Usr 0 00:00:00, Sys 0 00:00:00  -  Total Local Usage
	10570  -  Run Bytes Sent By Job
	601669  -  Run Bytes Received By Job
	10570  -  Total Bytes Sent By Job
	601669  -  Total Bytes Received By Job
	Partitionable Resources :    Usage  Request Allocated 
	   Cpus                 :     1.00        1         1 
	   Disk (KB)            : 43558         750    290229 
	   Memory (MB)          :   157        2000      2000 

	Job terminated of its own accord at 2021-07-08T07:41:09Z.
...
