000 (1616327.093.000) 07/08 09:29:26 Job submitted from host: <188.185.71.83:9618?addrs=188.185.71.83-9618+[2001-1458-d00-7--100-34d]-9618&alias=bigbird18.cern.ch&noUDP&sock=schedd_1990_8d8e>
...
040 (1616327.093.000) 07/08 09:32:19 Started transferring input files
	Transferring to host: <128.142.72.114:9618?addrs=128.142.72.114-9618+[2001-1458-301-75--100-6c0]-9618&alias=b7s11n6422.cern.ch&noUDP&sock=slot1_9_5265_6b2f_69791>
...
040 (1616327.093.000) 07/08 09:32:19 Finished transferring input files
...
001 (1616327.093.000) 07/08 09:32:20 Job executing on host: <128.142.72.114:9618?addrs=128.142.72.114-9618+[2001-1458-301-75--100-6c0]-9618&alias=b7s11n6422.cern.ch&noUDP&sock=startd_4118_2f17>
...
006 (1616327.093.000) 07/08 09:32:28 Image size of job updated: 134724
	83  -  MemoryUsage of job (MB)
	84436  -  ResidentSetSize of job (KB)
...
006 (1616327.093.000) 07/08 09:32:43 Image size of job updated: 632444
	83  -  MemoryUsage of job (MB)
	84436  -  ResidentSetSize of job (KB)
...
040 (1616327.093.000) 07/08 09:32:44 Started transferring output files
...
040 (1616327.093.000) 07/08 09:32:44 Finished transferring output files
...
005 (1616327.093.000) 07/08 09:32:47 Job terminated.
	(1) Normal termination (return value 0)
		Usr 0 00:00:15, Sys 0 00:00:02  -  Run Remote Usage
		Usr 0 00:00:00, Sys 0 00:00:00  -  Run Local Usage
		Usr 0 00:00:15, Sys 0 00:00:02  -  Total Remote Usage
		Usr 0 00:00:00, Sys 0 00:00:00  -  Total Local Usage
	33979  -  Run Bytes Sent By Job
	601823  -  Run Bytes Received By Job
	33979  -  Total Bytes Sent By Job
	601823  -  Total Bytes Received By Job
	Partitionable Resources :    Usage  Request Allocated 
	   Cpus                 :                 1         1 
	   Disk (KB)            :    43557      750    290177 
	   Memory (MB)          :       83     2000      2000 

	Job terminated of its own accord at 2021-07-08T07:32:43Z.
...
