000 (1616327.206.000) 07/08 09:29:26 Job submitted from host: <188.185.71.83:9618?addrs=188.185.71.83-9618+[2001-1458-d00-7--100-34d]-9618&alias=bigbird18.cern.ch&noUDP&sock=schedd_1990_8d8e>
...
040 (1616327.206.000) 07/08 09:33:46 Started transferring input files
	Transferring to host: <128.142.84.239:9618?addrs=128.142.84.239-9618+[2001-1458-301-f6--100-2d8]-9618&alias=b7s14n9730.cern.ch&noUDP&sock=slot1_4_4763_b6db_63138>
...
040 (1616327.206.000) 07/08 09:33:46 Finished transferring input files
...
001 (1616327.206.000) 07/08 09:33:47 Job executing on host: <128.142.84.239:9618?addrs=128.142.84.239-9618+[2001-1458-301-f6--100-2d8]-9618&alias=b7s14n9730.cern.ch&noUDP&sock=startd_3837_70fa>
...
006 (1616327.206.000) 07/08 09:33:56 Image size of job updated: 435296
	49  -  MemoryUsage of job (MB)
	49172  -  ResidentSetSize of job (KB)
...
006 (1616327.206.000) 07/08 09:38:57 Image size of job updated: 559108
	156  -  MemoryUsage of job (MB)
	159476  -  ResidentSetSize of job (KB)
...
040 (1616327.206.000) 07/08 09:42:36 Started transferring output files
...
040 (1616327.206.000) 07/08 09:42:37 Finished transferring output files
...
005 (1616327.206.000) 07/08 09:42:39 Job terminated.
	(1) Normal termination (return value 0)
		Usr 0 00:07:14, Sys 0 00:00:04  -  Run Remote Usage
		Usr 0 00:00:00, Sys 0 00:00:00  -  Run Local Usage
		Usr 0 00:07:14, Sys 0 00:00:04  -  Total Remote Usage
		Usr 0 00:00:00, Sys 0 00:00:00  -  Total Local Usage
	11316  -  Run Bytes Sent By Job
	601973  -  Run Bytes Received By Job
	11316  -  Total Bytes Sent By Job
	601973  -  Total Bytes Received By Job
	Partitionable Resources :    Usage  Request Allocated 
	   Cpus                 :     0.85        1         1 
	   Disk (KB)            : 43567         750    244070 
	   Memory (MB)          :   156        2000      2000 

	Job terminated of its own accord at 2021-07-08T07:42:34Z.
...
