000 (1616327.119.000) 07/08 09:29:26 Job submitted from host: <188.185.71.83:9618?addrs=188.185.71.83-9618+[2001-1458-d00-7--100-34d]-9618&alias=bigbird18.cern.ch&noUDP&sock=schedd_1990_8d8e>
...
040 (1616327.119.000) 07/08 09:32:34 Started transferring input files
	Transferring to host: <128.142.75.51:9618?addrs=128.142.75.51-9618+[2001-1458-301-75--100-4c7]-9618&alias=b7s11n9674.cern.ch&noUDP&sock=slot1_13_12038_9c23_117216>
...
040 (1616327.119.000) 07/08 09:32:34 Finished transferring input files
...
001 (1616327.119.000) 07/08 09:32:35 Job executing on host: <128.142.75.51:9618?addrs=128.142.75.51-9618+[2001-1458-301-75--100-4c7]-9618&alias=b7s11n9674.cern.ch&noUDP&sock=startd_16467_9220>
...
006 (1616327.119.000) 07/08 09:32:44 Image size of job updated: 478172
	88  -  MemoryUsage of job (MB)
	89536  -  ResidentSetSize of job (KB)
...
006 (1616327.119.000) 07/08 09:37:45 Image size of job updated: 560836
	139  -  MemoryUsage of job (MB)
	141888  -  ResidentSetSize of job (KB)
...
040 (1616327.119.000) 07/08 09:38:28 Started transferring output files
...
040 (1616327.119.000) 07/08 09:38:28 Finished transferring output files
...
005 (1616327.119.000) 07/08 09:38:28 Job terminated.
	(1) Normal termination (return value 0)
		Usr 0 00:05:06, Sys 0 00:00:03  -  Run Remote Usage
		Usr 0 00:00:00, Sys 0 00:00:00  -  Run Local Usage
		Usr 0 00:05:06, Sys 0 00:00:03  -  Total Remote Usage
		Usr 0 00:00:00, Sys 0 00:00:00  -  Total Local Usage
	9338  -  Run Bytes Sent By Job
	601118  -  Run Bytes Received By Job
	9338  -  Total Bytes Sent By Job
	601118  -  Total Bytes Received By Job
	Partitionable Resources :    Usage  Request Allocated 
	   Cpus                 :     1.00        1         1 
	   Disk (KB)            : 43768         750    280753 
	   Memory (MB)          :   139        2000      2000 

	Job terminated of its own accord at 2021-07-08T07:38:27Z.
...
