000 (1616327.043.000) 07/08 09:29:25 Job submitted from host: <188.185.71.83:9618?addrs=188.185.71.83-9618+[2001-1458-d00-7--100-34d]-9618&alias=bigbird18.cern.ch&noUDP&sock=schedd_1990_8d8e>
...
040 (1616327.043.000) 07/08 09:31:58 Started transferring input files
	Transferring to host: <128.142.56.73:9618?addrs=128.142.56.73-9618+[2001-1458-301-6--100-48]-9618&alias=b7s01p3383.cern.ch&noUDP&sock=slot1_14_11881_fd3c_3005>
...
040 (1616327.043.000) 07/08 09:31:59 Finished transferring input files
...
001 (1616327.043.000) 07/08 09:31:59 Job executing on host: <128.142.56.73:9618?addrs=128.142.56.73-9618+[2001-1458-301-6--100-48]-9618&alias=b7s01p3383.cern.ch&noUDP&sock=startd_8771_c143>
...
006 (1616327.043.000) 07/08 09:32:08 Image size of job updated: 192368
	137  -  MemoryUsage of job (MB)
	139604  -  ResidentSetSize of job (KB)
...
006 (1616327.043.000) 07/08 09:37:09 Image size of job updated: 557316
	157  -  MemoryUsage of job (MB)
	160396  -  ResidentSetSize of job (KB)
...
040 (1616327.043.000) 07/08 09:37:41 Started transferring output files
...
040 (1616327.043.000) 07/08 09:37:41 Finished transferring output files
...
005 (1616327.043.000) 07/08 09:37:41 Job terminated.
	(1) Normal termination (return value 0)
		Usr 0 00:05:01, Sys 0 00:00:03  -  Run Remote Usage
		Usr 0 00:00:00, Sys 0 00:00:00  -  Run Local Usage
		Usr 0 00:05:01, Sys 0 00:00:03  -  Total Remote Usage
		Usr 0 00:00:00, Sys 0 00:00:00  -  Total Local Usage
	10566  -  Run Bytes Sent By Job
	601670  -  Run Bytes Received By Job
	10566  -  Total Bytes Sent By Job
	601670  -  Total Bytes Received By Job
	Partitionable Resources :    Usage  Request Allocated 
	   Cpus                 :     0.99        1         1 
	   Disk (KB)            : 43924         750   1288042 
	   Memory (MB)          :   157        2000      2000 

	Job terminated of its own accord at 2021-07-08T07:37:41Z.
...
