Starting job on  Thu Jul 8 09:32:20 CEST 2021
Running on: Linux b7g52n5787.cern.ch 3.10.0-1127.19.1.el7.x86_64 #1 SMP Tue Aug 25 17:23:54 UTC 2020 x86_64 x86_64 x86_64 GNU/Linux
System software: CentOS Linux release 7.9.2009 (Core) 
PWD: /pool/condor/dir_13299
Resetting caches
Done: ProjectRename
Arjun_skim.py
Condor_Job_Submit_UL_NANO_BkG.jdl
Condor_Job_UL_NANO_BkG.sh
DataUL17_Analyzer_NANO_AOD_with_LepJetClean.C
DataUL17_Analyzer_NANO_AOD_with_LepJetClean.h
Data_Condor_Job_Submit_UL_NANO_BkG.jdl
Data_Condor_Job_UL_NANO_BkG.sh
Data_jobsubmit_script
Generate_PileUp_File_Using_TTbar.C
MC_Analyzer_NANO_AOD.C
MC_Analyzer_NANO_AOD.h
MC_Condor_Job_Submit_UL_NANO_BkG.jdl
MC_Condor_Job_UL_NANO_BkG.sh
MC_jobsubmit_script
NANOV2_GenPart_UL17_Analyzer.C
NANO_AOD_Ntuple_Analyzer.h
NewPT.txt
PUPPI.exe
PileUp_ScalefactorsUL2017_16Mar21.root
PileUp_ScalefactorsUL2017_24Mar21.root
PileUp_ScalefactorsUL2017_24Mar21_66.root
PileUp_ScalefactorsUL2017_24Mar21_724.root
Sample_Header.h
TTbar_UL16_test.txt
TTbar_test.txt
UL17_Analyzer_NANO_AOD.C
UL17_Analyzer_NANO_AOD.h
UL17_Analyzer_NANO_AOD_with_LepJetClean.h
UL17_Analyzer_NANO_AOD_with_LepJetClean_v1.h
achhetri.cc
crab.log
jobsubmit_script
out
output_log
run_cmnd
============================================
 FileName =/eos/user/a/achhetri/Tprime_v5_NANo_AOD_106X/TTToSemiLeptonic_TuneCP5_13TeV-powheg-pythia8/TT_to_SemiLeptonic/210310_180146/0000/tree_41.root , Events= 99455  file= /eos/user/a/achhetri/Tprime_v5_NANo_AOD_106X/TTToSemiLeptonic_TuneCP5_13TeV-powheg-pythia8/TT_to_SemiLeptonic/210310_180146/0000/tree_41.root
 FileName =/eos/user/a/achhetri/Tprime_v5_NANo_AOD_106X/TTToSemiLeptonic_TuneCP5_13TeV-powheg-pythia8/TT_to_SemiLeptonic/210310_180146/0000/tree_55.root , Events= 169754  file= /eos/user/a/achhetri/Tprime_v5_NANo_AOD_106X/TTToSemiLeptonic_TuneCP5_13TeV-powheg-pythia8/TT_to_SemiLeptonic/210310_180146/0000/tree_55.root
 FileName =/eos/user/a/achhetri/Tprime_v5_NANo_AOD_106X/TTToSemiLeptonic_TuneCP5_13TeV-powheg-pythia8/TT_to_SemiLeptonic/210310_180146/0000/tree_49.root , Events= 243351  file= /eos/user/a/achhetri/Tprime_v5_NANo_AOD_106X/TTToSemiLeptonic_TuneCP5_13TeV-powheg-pythia8/TT_to_SemiLeptonic/210310_180146/0000/tree_49.root
 FileName =/eos/user/a/achhetri/Tprime_v5_NANo_AOD_106X/TTToSemiLeptonic_TuneCP5_13TeV-powheg-pythia8/TT_to_SemiLeptonic/210310_180146/0000/tree_1.root , Events= 325741  file= /eos/user/a/achhetri/Tprime_v5_NANo_AOD_106X/TTToSemiLeptonic_TuneCP5_13TeV-powheg-pythia8/TT_to_SemiLeptonic/210310_180146/0000/tree_1.root
 FileName =/eos/user/a/achhetri/Tprime_v5_NANo_AOD_106X/TTToSemiLeptonic_TuneCP5_13TeV-powheg-pythia8/TT_to_SemiLeptonic/210310_180146/0000/tree_79.root , Events= 427174  file= /eos/user/a/achhetri/Tprime_v5_NANo_AOD_106X/TTToSemiLeptonic_TuneCP5_13TeV-powheg-pythia8/TT_to_SemiLeptonic/210310_180146/0000/tree_79.root

 For Sample = TTbar
 For Sample = TT_to_SemiLeptonic   Xsections = 365300 && Events = 1.14058e+08

 Factor for ../Analyzed_Files_Nano_AOD/UL_TTbar/root_text_files_list/TT_to_SemiLeptonic_UL17_v2_21 is = 0.13301
 Yo man It works
 For Sample = TTbar
 For Sample = TT_to_SemiLeptonic   Xsections = 365300 && Events = 1.14058e+08

 Factor for ../Analyzed_Files_Nano_AOD/UL_TTbar/root_text_files_list/TT_to_SemiLeptonic_UL17_v2_21 is = 0.13301
 Yo man It worksPWD: /pool/condor/dir_13299/CMSSW_10_6_8/src/Phase_III_Analysis_with_NanoAOD/NANO_AOD_Analyzer
====> List output files : 
Thu Jul  8 09:42:17 CEST 2021
