000 (1616327.143.000) 07/08 09:29:26 Job submitted from host: <188.185.71.83:9618?addrs=188.185.71.83-9618+[2001-1458-d00-7--100-34d]-9618&alias=bigbird18.cern.ch&noUDP&sock=schedd_1990_8d8e>
...
040 (1616327.143.000) 07/08 09:32:46 Started transferring input files
	Transferring to host: <128.142.76.179:9618?addrs=128.142.76.179-9618+[2001-1458-301-f4--100-400]-9618&alias=b7s12n3275.cern.ch&noUDP&sock=slot1_13_5325_b1b2_62584>
...
040 (1616327.143.000) 07/08 09:32:47 Finished transferring input files
...
001 (1616327.143.000) 07/08 09:32:48 Job executing on host: <128.142.76.179:9618?addrs=128.142.76.179-9618+[2001-1458-301-f4--100-400]-9618&alias=b7s12n3275.cern.ch&noUDP&sock=startd_4217_16f7>
...
006 (1616327.143.000) 07/08 09:32:56 Image size of job updated: 450492
	91  -  MemoryUsage of job (MB)
	92352  -  ResidentSetSize of job (KB)
...
006 (1616327.143.000) 07/08 09:37:56 Image size of job updated: 561436
	141  -  MemoryUsage of job (MB)
	143672  -  ResidentSetSize of job (KB)
...
006 (1616327.143.000) 07/08 09:42:56 Image size of job updated: 561436
	141  -  MemoryUsage of job (MB)
	144052  -  ResidentSetSize of job (KB)
...
006 (1616327.143.000) 07/08 09:47:57 Image size of job updated: 564748
	141  -  MemoryUsage of job (MB)
	144052  -  ResidentSetSize of job (KB)
...
040 (1616327.143.000) 07/08 09:54:24 Started transferring output files
...
040 (1616327.143.000) 07/08 09:54:24 Finished transferring output files
...
005 (1616327.143.000) 07/08 09:54:24 Job terminated.
	(1) Normal termination (return value 0)
		Usr 0 00:17:24, Sys 0 00:00:08  -  Run Remote Usage
		Usr 0 00:00:00, Sys 0 00:00:00  -  Run Local Usage
		Usr 0 00:17:24, Sys 0 00:00:08  -  Total Remote Usage
		Usr 0 00:00:00, Sys 0 00:00:00  -  Total Local Usage
	10087  -  Run Bytes Sent By Job
	601142  -  Run Bytes Received By Job
	10087  -  Total Bytes Sent By Job
	601142  -  Total Bytes Received By Job
	Partitionable Resources :    Usage  Request Allocated 
	   Cpus                 :     0.97        1         1 
	   Disk (KB)            : 43973         750    258319 
	   Memory (MB)          :   141        2000      2000 

	Job terminated of its own accord at 2021-07-08T07:54:24Z.
...
