000 (1616327.169.000) 07/08 09:29:26 Job submitted from host: <188.185.71.83:9618?addrs=188.185.71.83-9618+[2001-1458-d00-7--100-34d]-9618&alias=bigbird18.cern.ch&noUDP&sock=schedd_1990_8d8e>
...
040 (1616327.169.000) 07/08 09:33:12 Started transferring input files
	Transferring to host: <128.142.56.158:9618?addrs=128.142.56.158-9618+[2001-1458-301-6--100-9d]-9618&alias=b7s01p2846.cern.ch&noUDP&sock=slot1_24_48935_e25f_2652>
...
040 (1616327.169.000) 07/08 09:33:12 Finished transferring input files
...
001 (1616327.169.000) 07/08 09:33:13 Job executing on host: <128.142.56.158:9618?addrs=128.142.56.158-9618+[2001-1458-301-6--100-9d]-9618&alias=b7s01p2846.cern.ch&noUDP&sock=startd_45847_ce9d>
...
006 (1616327.169.000) 07/08 09:33:21 Image size of job updated: 188428
	133  -  MemoryUsage of job (MB)
	135864  -  ResidentSetSize of job (KB)
...
006 (1616327.169.000) 07/08 09:34:50 Image size of job updated: 555200
	133  -  MemoryUsage of job (MB)
	135988  -  ResidentSetSize of job (KB)
...
040 (1616327.169.000) 07/08 09:34:50 Started transferring output files
...
040 (1616327.169.000) 07/08 09:34:50 Finished transferring output files
...
005 (1616327.169.000) 07/08 09:34:51 Job terminated.
	(1) Normal termination (return value 0)
		Usr 0 00:01:21, Sys 0 00:00:02  -  Run Remote Usage
		Usr 0 00:00:00, Sys 0 00:00:00  -  Run Local Usage
		Usr 0 00:01:21, Sys 0 00:00:02  -  Total Remote Usage
		Usr 0 00:00:00, Sys 0 00:00:00  -  Total Local Usage
	10054  -  Run Bytes Sent By Job
	601138  -  Run Bytes Received By Job
	10054  -  Total Bytes Sent By Job
	601138  -  Total Bytes Received By Job
	Partitionable Resources :    Usage  Request Allocated 
	   Cpus                 :     0.91        1         1 
	   Disk (KB)            : 43557         750   1329580 
	   Memory (MB)          :   133        2000      2000 

	Job terminated of its own accord at 2021-07-08T07:34:50Z.
...
