000 (1616327.036.000) 07/08 09:29:25 Job submitted from host: <188.185.71.83:9618?addrs=188.185.71.83-9618+[2001-1458-d00-7--100-34d]-9618&alias=bigbird18.cern.ch&noUDP&sock=schedd_1990_8d8e>
...
040 (1616327.036.000) 07/08 09:31:56 Started transferring input files
	Transferring to host: <128.142.56.112:9618?addrs=128.142.56.112-9618+[2001-1458-301-6--100-6f]-9618&alias=b7s01p3738.cern.ch&noUDP&sock=slot1_15_54559_8044_2439>
...
040 (1616327.036.000) 07/08 09:31:56 Finished transferring input files
...
001 (1616327.036.000) 07/08 09:31:57 Job executing on host: <128.142.56.112:9618?addrs=128.142.56.112-9618+[2001-1458-301-6--100-6f]-9618&alias=b7s01p3738.cern.ch&noUDP&sock=startd_51470_b7a6>
...
006 (1616327.036.000) 07/08 09:32:06 Image size of job updated: 502456
	51  -  MemoryUsage of job (MB)
	52136  -  ResidentSetSize of job (KB)
...
006 (1616327.036.000) 07/08 09:32:57 Image size of job updated: 560076
	51  -  MemoryUsage of job (MB)
	52136  -  ResidentSetSize of job (KB)
...
040 (1616327.036.000) 07/08 09:32:59 Started transferring output files
...
040 (1616327.036.000) 07/08 09:33:00 Finished transferring output files
...
005 (1616327.036.000) 07/08 09:33:01 Job terminated.
	(1) Normal termination (return value 0)
		Usr 0 00:00:44, Sys 0 00:00:01  -  Run Remote Usage
		Usr 0 00:00:00, Sys 0 00:00:00  -  Run Local Usage
		Usr 0 00:00:44, Sys 0 00:00:01  -  Total Remote Usage
		Usr 0 00:00:00, Sys 0 00:00:00  -  Total Local Usage
	10460  -  Run Bytes Sent By Job
	601631  -  Run Bytes Received By Job
	10460  -  Total Bytes Sent By Job
	601631  -  Total Bytes Received By Job
	Partitionable Resources :    Usage  Request Allocated 
	   Cpus                 :                 1         1 
	   Disk (KB)            :    43556      750   1339385 
	   Memory (MB)          :       51     2000      2000 

	Job terminated of its own accord at 2021-07-08T07:32:57Z.
...
