Starting job on  Thu Jul 8 09:32:44 CEST 2021
Running on: Linux b7g52n9732.cern.ch 3.10.0-1160.2.2.el7.x86_64 #1 SMP Tue Oct 20 16:53:08 UTC 2020 x86_64 x86_64 x86_64 GNU/Linux
System software: CentOS Linux release 7.9.2009 (Core) 
PWD: /pool/condor/dir_3609
Resetting caches
Done: ProjectRename
Arjun_skim.py
Condor_Job_Submit_UL_NANO_BkG.jdl
Condor_Job_UL_NANO_BkG.sh
DataUL17_Analyzer_NANO_AOD_with_LepJetClean.C
DataUL17_Analyzer_NANO_AOD_with_LepJetClean.h
Data_Condor_Job_Submit_UL_NANO_BkG.jdl
Data_Condor_Job_UL_NANO_BkG.sh
Data_jobsubmit_script
Generate_PileUp_File_Using_TTbar.C
MC_Analyzer_NANO_AOD.C
MC_Analyzer_NANO_AOD.h
MC_Condor_Job_Submit_UL_NANO_BkG.jdl
MC_Condor_Job_UL_NANO_BkG.sh
MC_jobsubmit_script
NANOV2_GenPart_UL17_Analyzer.C
NANO_AOD_Ntuple_Analyzer.h
NewPT.txt
PUPPI.exe
PileUp_ScalefactorsUL2017_16Mar21.root
PileUp_ScalefactorsUL2017_24Mar21.root
PileUp_ScalefactorsUL2017_24Mar21_66.root
PileUp_ScalefactorsUL2017_24Mar21_724.root
Sample_Header.h
TTbar_UL16_test.txt
TTbar_test.txt
UL17_Analyzer_NANO_AOD.C
UL17_Analyzer_NANO_AOD.h
UL17_Analyzer_NANO_AOD_with_LepJetClean.h
UL17_Analyzer_NANO_AOD_with_LepJetClean_v1.h
achhetri.cc
crab.log
jobsubmit_script
out
output_log
run_cmnd
============================================
 FileName =/eos/user/a/achhetri/Tprime_v5_NANo_AOD_106X/DYJetsToLL_M-50_HT-100to200_TuneCP5_PSweights_13TeV-madgraphMLM-pythia8/DYJetsToLL_M-50_HT-100to200_v2/210616_131858/0000/tree_1.root , Events= 10446  file= /eos/user/a/achhetri/Tprime_v5_NANo_AOD_106X/DYJetsToLL_M-50_HT-100to200_TuneCP5_PSweights_13TeV-madgraphMLM-pythia8/DYJetsToLL_M-50_HT-100to200_v2/210616_131858/0000/tree_1.root
 FileName =/eos/user/a/achhetri/Tprime_v5_NANo_AOD_106X/DYJetsToLL_M-50_HT-100to200_TuneCP5_PSweights_13TeV-madgraphMLM-pythia8/DYJetsToLL_M-50_HT-100to200_v2/210616_131858/0000/tree_10.root , Events= 13940  file= /eos/user/a/achhetri/Tprime_v5_NANo_AOD_106X/DYJetsToLL_M-50_HT-100to200_TuneCP5_PSweights_13TeV-madgraphMLM-pythia8/DYJetsToLL_M-50_HT-100to200_v2/210616_131858/0000/tree_10.root
 FileName =/eos/user/a/achhetri/Tprime_v5_NANo_AOD_106X/DYJetsToLL_M-50_HT-100to200_TuneCP5_PSweights_13TeV-madgraphMLM-pythia8/DYJetsToLL_M-50_HT-100to200_v2/210616_131858/0000/tree_11.root , Events= 28706  file= /eos/user/a/achhetri/Tprime_v5_NANo_AOD_106X/DYJetsToLL_M-50_HT-100to200_TuneCP5_PSweights_13TeV-madgraphMLM-pythia8/DYJetsToLL_M-50_HT-100to200_v2/210616_131858/0000/tree_11.root
 FileName =/eos/user/a/achhetri/Tprime_v5_NANo_AOD_106X/DYJetsToLL_M-50_HT-100to200_TuneCP5_PSweights_13TeV-madgraphMLM-pythia8/DYJetsToLL_M-50_HT-100to200_v2/210616_131858/0000/tree_12.root , Events= 43045  file= /eos/user/a/achhetri/Tprime_v5_NANo_AOD_106X/DYJetsToLL_M-50_HT-100to200_TuneCP5_PSweights_13TeV-madgraphMLM-pythia8/DYJetsToLL_M-50_HT-100to200_v2/210616_131858/0000/tree_12.root
 FileName =/eos/user/a/achhetri/Tprime_v5_NANo_AOD_106X/DYJetsToLL_M-50_HT-100to200_TuneCP5_PSweights_13TeV-madgraphMLM-pythia8/DYJetsToLL_M-50_HT-100to200_v2/210616_131858/0000/tree_13.root , Events= 57576  file= /eos/user/a/achhetri/Tprime_v5_NANo_AOD_106X/DYJetsToLL_M-50_HT-100to200_TuneCP5_PSweights_13TeV-madgraphMLM-pythia8/DYJetsToLL_M-50_HT-100to200_v2/210616_131858/0000/tree_13.root
 FileName =/eos/user/a/achhetri/Tprime_v5_NANo_AOD_106X/DYJetsToLL_M-50_HT-100to200_TuneCP5_PSweights_13TeV-madgraphMLM-pythia8/DYJetsToLL_M-50_HT-100to200_v2/210616_131858/0000/tree_14.root , Events= 71662  file= /eos/user/a/achhetri/Tprime_v5_NANo_AOD_106X/DYJetsToLL_M-50_HT-100to200_TuneCP5_PSweights_13TeV-madgraphMLM-pythia8/DYJetsToLL_M-50_HT-100to200_v2/210616_131858/0000/tree_14.root

 For Sample = DYJetsToLL
 For Sample = DYJetsToLL_M-50_HT-100To200   Xsections = 160700 && Events = 2.00431e+07

 Factor for ../Analyzed_Files_Nano_AOD/UL17_Bkg/root_file_list/DYJetsToLL_M-50_HT-100To200_UL17_v2_1 is = 0.332975
 Yo man It works
 For Sample = DYJetsToLL
 For Sample = DYJetsToLL_M-50_HT-100To200   Xsections = 160700 && Events = 2.00431e+07

 Factor for ../Analyzed_Files_Nano_AOD/UL17_Bkg/root_file_list/DYJetsToLL_M-50_HT-100To200_UL17_v2_1 is = 0.332975
 Yo man It worksPWD: /pool/condor/dir_3609/CMSSW_10_6_8/src/Phase_III_Analysis_with_NanoAOD/NANO_AOD_Analyzer
====> List output files : 
Thu Jul  8 09:34:26 CEST 2021
