000 (1616327.007.000) 07/08 09:29:25 Job submitted from host: <188.185.71.83:9618?addrs=188.185.71.83-9618+[2001-1458-d00-7--100-34d]-9618&alias=bigbird18.cern.ch&noUDP&sock=schedd_1990_8d8e>
...
040 (1616327.007.000) 07/08 09:31:42 Started transferring input files
	Transferring to host: <128.142.56.52:9618?addrs=128.142.56.52-9618+[2001-1458-301-6--100-33]-9618&alias=b7s01p0520.cern.ch&noUDP&sock=slot1_10_47881_3ef4_2668>
...
040 (1616327.007.000) 07/08 09:31:42 Finished transferring input files
...
001 (1616327.007.000) 07/08 09:31:43 Job executing on host: <128.142.56.52:9618?addrs=128.142.56.52-9618+[2001-1458-301-6--100-33]-9618&alias=b7s01p0520.cern.ch&noUDP&sock=startd_44788_6bd1>
...
006 (1616327.007.000) 07/08 09:31:52 Image size of job updated: 127456
	7  -  MemoryUsage of job (MB)
	6164  -  ResidentSetSize of job (KB)
...
006 (1616327.007.000) 07/08 09:34:48 Image size of job updated: 555148
	7  -  MemoryUsage of job (MB)
	6188  -  ResidentSetSize of job (KB)
...
040 (1616327.007.000) 07/08 09:34:49 Started transferring output files
...
040 (1616327.007.000) 07/08 09:34:49 Finished transferring output files
...
005 (1616327.007.000) 07/08 09:34:50 Job terminated.
	(1) Normal termination (return value 0)
		Usr 0 00:02:20, Sys 0 00:00:02  -  Run Remote Usage
		Usr 0 00:00:00, Sys 0 00:00:00  -  Run Local Usage
		Usr 0 00:02:20, Sys 0 00:00:02  -  Total Remote Usage
		Usr 0 00:00:00, Sys 0 00:00:00  -  Total Local Usage
	10372  -  Run Bytes Sent By Job
	601598  -  Run Bytes Received By Job
	10372  -  Total Bytes Sent By Job
	601598  -  Total Bytes Received By Job
	Partitionable Resources :    Usage  Request Allocated 
	   Cpus                 :                 1         1 
	   Disk (KB)            :    43556      750   1296168 
	   Memory (MB)          :        7     2000      2000 

	Job terminated of its own accord at 2021-07-08T07:34:48Z.
...
