000 (1616327.168.000) 07/08 09:29:26 Job submitted from host: <188.185.71.83:9618?addrs=188.185.71.83-9618+[2001-1458-d00-7--100-34d]-9618&alias=bigbird18.cern.ch&noUDP&sock=schedd_1990_8d8e>
...
040 (1616327.168.000) 07/08 09:33:04 Started transferring input files
	Transferring to host: <128.142.56.106:9618?addrs=128.142.56.106-9618+[2001-1458-301-6--100-69]-9618&alias=b7s01p1580.cern.ch&noUDP&sock=slot1_16_52476_d6cf_2719>
...
040 (1616327.168.000) 07/08 09:33:04 Finished transferring input files
...
001 (1616327.168.000) 07/08 09:33:05 Job executing on host: <128.142.56.106:9618?addrs=128.142.56.106-9618+[2001-1458-301-6--100-69]-9618&alias=b7s01p1580.cern.ch&noUDP&sock=startd_49376_6855>
...
006 (1616327.168.000) 07/08 09:33:14 Image size of job updated: 139028
	86  -  MemoryUsage of job (MB)
	88036  -  ResidentSetSize of job (KB)
...
006 (1616327.168.000) 07/08 09:36:38 Image size of job updated: 556048
	87  -  MemoryUsage of job (MB)
	88184  -  ResidentSetSize of job (KB)
...
040 (1616327.168.000) 07/08 09:36:38 Started transferring output files
...
040 (1616327.168.000) 07/08 09:36:38 Finished transferring output files
...
005 (1616327.168.000) 07/08 09:36:39 Job terminated.
	(1) Normal termination (return value 0)
		Usr 0 00:02:47, Sys 0 00:00:03  -  Run Remote Usage
		Usr 0 00:00:00, Sys 0 00:00:00  -  Run Local Usage
		Usr 0 00:02:47, Sys 0 00:00:03  -  Total Remote Usage
		Usr 0 00:00:00, Sys 0 00:00:00  -  Total Local Usage
	10066  -  Run Bytes Sent By Job
	601138  -  Run Bytes Received By Job
	10066  -  Total Bytes Sent By Job
	601138  -  Total Bytes Received By Job
	Partitionable Resources :    Usage  Request Allocated 
	   Cpus                 :                 1         1 
	   Disk (KB)            :    43557      750   1312967 
	   Memory (MB)          :       87     2000      2000 

	Job terminated of its own accord at 2021-07-08T07:36:38Z.
...
